PREHOOK: query: create table t_bad (id integer,str integer)
        row format delimited FIELDS TERMINATED BY '\u0009'
        stored as textfile
        TBLPROPERTIES('transactional'='false')
PREHOOK: type: CREATETABLE
PREHOOK: Output: database:default
PREHOOK: Output: default@t_bad
POSTHOOK: query: create table t_bad (id integer,str integer)
        row format delimited FIELDS TERMINATED BY '\u0009'
        stored as textfile
        TBLPROPERTIES('transactional'='false')
POSTHOOK: type: CREATETABLE
POSTHOOK: Output: database:default
POSTHOOK: Output: default@t_bad
PREHOOK: query: create table t_good (id integer,str integer)
        row format delimited FIELDS TERMINATED BY '\u0009'
        stored as textfile
        TBLPROPERTIES('transactional'='false')
PREHOOK: type: CREATETABLE
PREHOOK: Output: database:default
PREHOOK: Output: default@t_good
POSTHOOK: query: create table t_good (id integer,str integer)
        row format delimited FIELDS TERMINATED BY '\u0009'
        stored as textfile
        TBLPROPERTIES('transactional'='false')
POSTHOOK: type: CREATETABLE
POSTHOOK: Output: database:default
POSTHOOK: Output: default@t_good
PREHOOK: query: LOAD DATA LOCAL INPATH '../../data/files/I100M.data.txt' INTO TABLE t_bad
PREHOOK: type: LOAD
#### A masked pattern was here ####
PREHOOK: Output: default@t_bad
POSTHOOK: query: LOAD DATA LOCAL INPATH '../../data/files/I100M.data.txt' INTO TABLE t_bad
POSTHOOK: type: LOAD
#### A masked pattern was here ####
POSTHOOK: Output: default@t_bad
PREHOOK: query: LOAD DATA LOCAL INPATH '../../data/files/I100M.data.txt' INTO TABLE t_good
PREHOOK: type: LOAD
#### A masked pattern was here ####
PREHOOK: Output: default@t_good
POSTHOOK: query: LOAD DATA LOCAL INPATH '../../data/files/I100M.data.txt' INTO TABLE t_good
POSTHOOK: type: LOAD
#### A masked pattern was here ####
POSTHOOK: Output: default@t_good
PREHOOK: query: analyze table t_bad compute statistics for columns
PREHOOK: type: ANALYZE_TABLE
PREHOOK: Input: default@t_bad
PREHOOK: Output: default@t_bad
#### A masked pattern was here ####
POSTHOOK: query: analyze table t_bad compute statistics for columns
POSTHOOK: type: ANALYZE_TABLE
POSTHOOK: Input: default@t_bad
POSTHOOK: Output: default@t_bad
#### A masked pattern was here ####
PREHOOK: query: analyze table t_good compute statistics for columns
PREHOOK: type: ANALYZE_TABLE
PREHOOK: Input: default@t_good
PREHOOK: Output: default@t_good
#### A masked pattern was here ####
POSTHOOK: query: analyze table t_good compute statistics for columns
POSTHOOK: type: ANALYZE_TABLE
POSTHOOK: Input: default@t_good
POSTHOOK: Output: default@t_good
#### A masked pattern was here ####
PREHOOK: query: explain
select sum(length(l.str||l.id||r.id||r.str)) from t_bad l join t_good r on (l.id=r.id)
PREHOOK: type: QUERY
POSTHOOK: query: explain
select sum(length(l.str||l.id||r.id||r.str)) from t_bad l join t_good r on (l.id=r.id)
POSTHOOK: type: QUERY
STAGE DEPENDENCIES:
  Stage-1 is a root stage
  Stage-0 depends on stages: Stage-1

STAGE PLANS:
  Stage: Stage-1
    Tez
#### A masked pattern was here ####
      Edges:
        Map 1 <- Map 3 (BROADCAST_EDGE)
        Reducer 2 <- Map 1 (CUSTOM_SIMPLE_EDGE)
#### A masked pattern was here ####
      Vertices:
        Map 1 
            Map Operator Tree:
                TableScan
                  alias: l
                  Statistics: Num rows: 6500000 Data size: 52000000 Basic stats: COMPLETE Column stats: COMPLETE
                  Filter Operator
                    predicate: id is not null (type: boolean)
                    Statistics: Num rows: 6500000 Data size: 52000000 Basic stats: COMPLETE Column stats: COMPLETE
                    Select Operator
                      expressions: id (type: int), str (type: int)
                      outputColumnNames: _col0, _col1
                      Statistics: Num rows: 6500000 Data size: 52000000 Basic stats: COMPLETE Column stats: COMPLETE
                      Map Join Operator
                        condition map:
                             Inner Join 0 to 1
                        keys:
                          0 _col0 (type: int)
                          1 _col0 (type: int)
                        outputColumnNames: _col0, _col1, _col2, _col3
                        input vertices:
                          1 Map 3
                        Statistics: Num rows: 6559755 Data size: 104956080 Basic stats: COMPLETE Column stats: COMPLETE
                        Select Operator
                          expressions: length(concat(concat(concat(_col1, _col0), _col2), _col3)) (type: int)
                          outputColumnNames: _col0
                          Statistics: Num rows: 6559755 Data size: 104956080 Basic stats: COMPLETE Column stats: COMPLETE
                          Group By Operator
                            aggregations: sum(_col0)
                            mode: hash
                            outputColumnNames: _col0
                            Statistics: Num rows: 1 Data size: 8 Basic stats: COMPLETE Column stats: COMPLETE
                            Reduce Output Operator
                              sort order: 
                              Statistics: Num rows: 1 Data size: 8 Basic stats: COMPLETE Column stats: COMPLETE
                              value expressions: _col0 (type: bigint)
            Execution mode: vectorized, llap
            LLAP IO: no inputs
        Map 3 
            Map Operator Tree:
                TableScan
                  alias: r
                  Statistics: Num rows: 6500000 Data size: 52000000 Basic stats: COMPLETE Column stats: COMPLETE
                  Filter Operator
                    predicate: id is not null (type: boolean)
                    Statistics: Num rows: 6500000 Data size: 52000000 Basic stats: COMPLETE Column stats: COMPLETE
                    Select Operator
                      expressions: id (type: int), str (type: int)
                      outputColumnNames: _col0, _col1
                      Statistics: Num rows: 6500000 Data size: 52000000 Basic stats: COMPLETE Column stats: COMPLETE
                      Reduce Output Operator
                        key expressions: _col0 (type: int)
                        sort order: +
                        Map-reduce partition columns: _col0 (type: int)
                        Statistics: Num rows: 6500000 Data size: 52000000 Basic stats: COMPLETE Column stats: COMPLETE
                        value expressions: _col1 (type: int)
            Execution mode: vectorized, llap
            LLAP IO: no inputs
        Reducer 2 
            Execution mode: vectorized, llap
            Reduce Operator Tree:
              Group By Operator
                aggregations: sum(VALUE._col0)
                mode: mergepartial
                outputColumnNames: _col0
                Statistics: Num rows: 1 Data size: 8 Basic stats: COMPLETE Column stats: COMPLETE
                File Output Operator
                  compressed: false
                  Statistics: Num rows: 1 Data size: 8 Basic stats: COMPLETE Column stats: COMPLETE
                  table:
                      input format: org.apache.hadoop.mapred.SequenceFileInputFormat
                      output format: org.apache.hadoop.hive.ql.io.HiveSequenceFileOutputFormat
                      serde: org.apache.hadoop.hive.serde2.lazy.LazySimpleSerDe

  Stage: Stage-0
    Fetch Operator
      limit: -1
      Processor Tree:
        ListSink

PREHOOK: query: select sum(length(l.str||l.id||r.id||r.str)),count(*) from t_bad l join t_good r on (l.id=r.id)
PREHOOK: type: QUERY
PREHOOK: Input: default@t_bad
PREHOOK: Input: default@t_good
#### A masked pattern was here ####
POSTHOOK: query: select sum(length(l.str||l.id||r.id||r.str)),count(*) from t_bad l join t_good r on (l.id=r.id)
POSTHOOK: type: QUERY
POSTHOOK: Input: default@t_bad
POSTHOOK: Input: default@t_good
#### A masked pattern was here ####
177555584	6500000
