PREHOOK: query: CREATE EXTERNAL TABLE header_footer_table_1 (name string, message string, id int) ROW FORMAT DELIMITED FIELDS TERMINATED BY '\t' tblproperties ("skip.header.line.count"="1", "skip.footer.line.count"="2")
PREHOOK: type: CREATETABLE
PREHOOK: Output: database:default
PREHOOK: Output: default@header_footer_table_1
POSTHOOK: query: CREATE EXTERNAL TABLE header_footer_table_1 (name string, message string, id int) ROW FORMAT DELIMITED FIELDS TERMINATED BY '\t' tblproperties ("skip.header.line.count"="1", "skip.footer.line.count"="2")
POSTHOOK: type: CREATETABLE
POSTHOOK: Output: database:default
POSTHOOK: Output: default@header_footer_table_1
PREHOOK: query: LOAD DATA LOCAL INPATH '../../data/files/header_footer_table_1' OVERWRITE INTO TABLE header_footer_table_1
PREHOOK: type: LOAD
#### A masked pattern was here ####
PREHOOK: Output: default@header_footer_table_1
POSTHOOK: query: LOAD DATA LOCAL INPATH '../../data/files/header_footer_table_1' OVERWRITE INTO TABLE header_footer_table_1
POSTHOOK: type: LOAD
#### A masked pattern was here ####
POSTHOOK: Output: default@header_footer_table_1
PREHOOK: query: SELECT * FROM header_footer_table_1
PREHOOK: type: QUERY
PREHOOK: Input: default@header_footer_table_1
#### A masked pattern was here ####
POSTHOOK: query: SELECT * FROM header_footer_table_1
POSTHOOK: type: QUERY
POSTHOOK: Input: default@header_footer_table_1
#### A masked pattern was here ####
steven	hive	1
dave	oozie	2
xifa	phd	3
chuan	hadoop	4
shanyu	senior	5
steven2	hive	11
dave2	oozie	12
xifa2	phd	13
chuan2	hadoop	14
shanyu2	senior	15
david3	oozie	22
PREHOOK: query: SELECT name,count(*) FROM header_footer_table_1 group by name
PREHOOK: type: QUERY
PREHOOK: Input: default@header_footer_table_1
#### A masked pattern was here ####
POSTHOOK: query: SELECT name,count(*) FROM header_footer_table_1 group by name
POSTHOOK: type: QUERY
POSTHOOK: Input: default@header_footer_table_1
#### A masked pattern was here ####
chuan	1
footer2	3
shanyu2	1
dave	1
david3	1
footer1	3
xifa	1
xifa2	1
chuan2	1
dave2	1
shanyu	1
steven	1
name	3
steven2	1
PREHOOK: query: explain
SELECT count(distinct name) FROM header_footer_table_1
PREHOOK: type: QUERY
POSTHOOK: query: explain
SELECT count(distinct name) FROM header_footer_table_1
POSTHOOK: type: QUERY
STAGE DEPENDENCIES:
  Stage-1 is a root stage
  Stage-0 depends on stages: Stage-1

STAGE PLANS:
  Stage: Stage-1
    Tez
#### A masked pattern was here ####
      Edges:
        Reducer 2 <- Map 1 (SIMPLE_EDGE)
        Reducer 3 <- Reducer 2 (CUSTOM_SIMPLE_EDGE)
#### A masked pattern was here ####
      Vertices:
        Map 1 
            Map Operator Tree:
                TableScan
                  alias: header_footer_table_1
                  Statistics: Num rows: 1 Data size: 184 Basic stats: COMPLETE Column stats: NONE
                  Select Operator
                    expressions: name (type: string)
                    outputColumnNames: name
                    Statistics: Num rows: 1 Data size: 184 Basic stats: COMPLETE Column stats: NONE
                    Group By Operator
                      keys: name (type: string)
                      mode: hash
                      outputColumnNames: _col0
                      Statistics: Num rows: 1 Data size: 184 Basic stats: COMPLETE Column stats: NONE
                      Reduce Output Operator
                        key expressions: _col0 (type: string)
                        sort order: +
                        Map-reduce partition columns: _col0 (type: string)
                        Statistics: Num rows: 1 Data size: 184 Basic stats: COMPLETE Column stats: NONE
            Execution mode: vectorized, llap
            LLAP IO: no inputs
        Reducer 2 
            Execution mode: vectorized, llap
            Reduce Operator Tree:
              Group By Operator
                keys: KEY._col0 (type: string)
                mode: mergepartial
                outputColumnNames: _col0
                Statistics: Num rows: 1 Data size: 184 Basic stats: COMPLETE Column stats: NONE
                Group By Operator
                  aggregations: count(_col0)
                  mode: hash
                  outputColumnNames: _col0
                  Statistics: Num rows: 1 Data size: 192 Basic stats: COMPLETE Column stats: NONE
                  Reduce Output Operator
                    sort order: 
                    Statistics: Num rows: 1 Data size: 192 Basic stats: COMPLETE Column stats: NONE
                    value expressions: _col0 (type: bigint)
        Reducer 3 
            Execution mode: vectorized, llap
            Reduce Operator Tree:
              Group By Operator
                aggregations: count(VALUE._col0)
                mode: mergepartial
                outputColumnNames: _col0
                Statistics: Num rows: 1 Data size: 192 Basic stats: COMPLETE Column stats: NONE
                File Output Operator
                  compressed: false
                  Statistics: Num rows: 1 Data size: 192 Basic stats: COMPLETE Column stats: NONE
                  table:
                      input format: org.apache.hadoop.mapred.SequenceFileInputFormat
                      output format: org.apache.hadoop.hive.ql.io.HiveSequenceFileOutputFormat
                      serde: org.apache.hadoop.hive.serde2.lazy.LazySimpleSerDe

  Stage: Stage-0
    Fetch Operator
      limit: -1
      Processor Tree:
        ListSink

PREHOOK: query: SELECT count(distinct name) FROM header_footer_table_1
PREHOOK: type: QUERY
PREHOOK: Input: default@header_footer_table_1
#### A masked pattern was here ####
POSTHOOK: query: SELECT count(distinct name) FROM header_footer_table_1
POSTHOOK: type: QUERY
POSTHOOK: Input: default@header_footer_table_1
#### A masked pattern was here ####
14
