Warning: Shuffle Join MERGEJOIN[36][tables = [$hdt$_0, $hdt$_1, $hdt$_2]] in Stage 'Reducer 3' is a cross product
PREHOOK: query: explain
select key, value from src1
where key not in (select key+18 from src1) order by key
PREHOOK: type: QUERY
PREHOOK: Input: default@src1
#### A masked pattern was here ####
STAGE DEPENDENCIES:
  Stage-1 is a root stage
  Stage-0 depends on stages: Stage-1

STAGE PLANS:
  Stage: Stage-1
    Tez
#### A masked pattern was here ####
      Edges:
        Reducer 2 <- Map 1 (SIMPLE_EDGE), Reducer 6 (ONE_TO_ONE_EDGE)
        Reducer 3 <- Reducer 2 (XPROD_EDGE), Reducer 7 (XPROD_EDGE)
        Reducer 4 <- Reducer 3 (SIMPLE_EDGE)
        Reducer 6 <- Map 5 (SIMPLE_EDGE)
        Reducer 7 <- Map 5 (CUSTOM_SIMPLE_EDGE)
#### A masked pattern was here ####
      Vertices:
        Map 1 
            Map Operator Tree:
                TableScan
                  alias: src1
                  Statistics: Num rows: 25 Data size: 4375 Basic stats: COMPLETE Column stats: COMPLETE
                  Select Operator
                    expressions: key (type: string), value (type: string)
                    outputColumnNames: _col0, _col1
                    Statistics: Num rows: 25 Data size: 4375 Basic stats: COMPLETE Column stats: COMPLETE
                    Reduce Output Operator
                      key expressions: UDFToDouble(_col0) (type: double)
                      sort order: +
                      Map-reduce partition columns: UDFToDouble(_col0) (type: double)
                      Statistics: Num rows: 25 Data size: 4375 Basic stats: COMPLETE Column stats: COMPLETE
                      value expressions: _col0 (type: string), _col1 (type: string)
            Execution mode: llap
            LLAP IO: no inputs
        Map 5 
            Map Operator Tree:
                TableScan
                  alias: src1
                  Statistics: Num rows: 25 Data size: 2150 Basic stats: COMPLETE Column stats: COMPLETE
                  Select Operator
                    expressions: (UDFToDouble(key) + 18.0D) (type: double)
                    outputColumnNames: _col0
                    Statistics: Num rows: 25 Data size: 2150 Basic stats: COMPLETE Column stats: COMPLETE
                    Group By Operator
                      keys: _col0 (type: double)
                      mode: hash
                      outputColumnNames: _col0
                      Statistics: Num rows: 12 Data size: 96 Basic stats: COMPLETE Column stats: COMPLETE
                      Reduce Output Operator
                        key expressions: _col0 (type: double)
                        sort order: +
                        Map-reduce partition columns: _col0 (type: double)
                        Statistics: Num rows: 12 Data size: 96 Basic stats: COMPLETE Column stats: COMPLETE
                  Select Operator
                    expressions: (UDFToDouble(key) + 18.0D) (type: double)
                    outputColumnNames: _col0
                    Statistics: Num rows: 25 Data size: 2150 Basic stats: COMPLETE Column stats: COMPLETE
                    Group By Operator
                      aggregations: count(), count(_col0)
                      mode: hash
                      outputColumnNames: _col0, _col1
                      Statistics: Num rows: 1 Data size: 16 Basic stats: COMPLETE Column stats: COMPLETE
                      Reduce Output Operator
                        sort order: 
                        Statistics: Num rows: 1 Data size: 16 Basic stats: COMPLETE Column stats: COMPLETE
                        value expressions: _col0 (type: bigint), _col1 (type: bigint)
            Execution mode: llap
            LLAP IO: no inputs
        Reducer 2 
            Execution mode: llap
            Reduce Operator Tree:
              Merge Join Operator
                condition map:
                     Left Outer Join 0 to 1
                keys:
                  0 UDFToDouble(_col0) (type: double)
                  1 _col0 (type: double)
                outputColumnNames: _col0, _col1, _col3
                Statistics: Num rows: 26 Data size: 4626 Basic stats: COMPLETE Column stats: COMPLETE
                Reduce Output Operator
                  sort order: 
                  Statistics: Num rows: 26 Data size: 4626 Basic stats: COMPLETE Column stats: COMPLETE
                  value expressions: _col0 (type: string), _col1 (type: string), _col3 (type: boolean)
        Reducer 3 
            Execution mode: llap
            Reduce Operator Tree:
              Merge Join Operator
                condition map:
                     Inner Join 0 to 1
                keys:
                  0 
                  1 
                outputColumnNames: _col0, _col1, _col3, _col4, _col5
                Statistics: Num rows: 26 Data size: 5042 Basic stats: COMPLETE Column stats: COMPLETE
                Select Operator
                  expressions: _col0 (type: string), _col1 (type: string), _col4 (type: bigint), _col5 (type: bigint), _col3 (type: boolean)
                  outputColumnNames: _col0, _col1, _col2, _col3, _col5
                  Statistics: Num rows: 26 Data size: 5042 Basic stats: COMPLETE Column stats: COMPLETE
                  Filter Operator
                    predicate: (((_col3 >= _col2) or (_col2 = 0L) or _col5 is not null or _col0 is null) and (_col0 is not null or (_col2 = 0L) or _col5 is not null) and (_col5 is null or (_col2 = 0L))) (type: boolean)
                    Statistics: Num rows: 26 Data size: 5042 Basic stats: COMPLETE Column stats: COMPLETE
                    Select Operator
                      expressions: _col0 (type: string), _col1 (type: string)
                      outputColumnNames: _col0, _col1
                      Statistics: Num rows: 26 Data size: 4550 Basic stats: COMPLETE Column stats: COMPLETE
                      Reduce Output Operator
                        key expressions: _col0 (type: string)
                        sort order: +
                        Statistics: Num rows: 26 Data size: 4550 Basic stats: COMPLETE Column stats: COMPLETE
                        value expressions: _col1 (type: string)
        Reducer 4 
            Execution mode: llap
            Reduce Operator Tree:
              Select Operator
                expressions: KEY.reducesinkkey0 (type: string), VALUE._col0 (type: string)
                outputColumnNames: _col0, _col1
                Statistics: Num rows: 26 Data size: 4550 Basic stats: COMPLETE Column stats: COMPLETE
                File Output Operator
                  compressed: false
                  Statistics: Num rows: 26 Data size: 4550 Basic stats: COMPLETE Column stats: COMPLETE
                  table:
                      input format: org.apache.hadoop.mapred.SequenceFileInputFormat
                      output format: org.apache.hadoop.hive.ql.io.HiveSequenceFileOutputFormat
                      serde: org.apache.hadoop.hive.serde2.lazy.LazySimpleSerDe
        Reducer 6 
            Execution mode: llap
            Reduce Operator Tree:
              Group By Operator
                keys: KEY._col0 (type: double)
                mode: mergepartial
                outputColumnNames: _col0
                Statistics: Num rows: 12 Data size: 96 Basic stats: COMPLETE Column stats: COMPLETE
                Select Operator
                  expressions: _col0 (type: double), true (type: boolean)
                  outputColumnNames: _col0, _col1
                  Statistics: Num rows: 12 Data size: 144 Basic stats: COMPLETE Column stats: COMPLETE
                  Reduce Output Operator
                    key expressions: _col0 (type: double)
                    sort order: +
                    Map-reduce partition columns: _col0 (type: double)
                    Statistics: Num rows: 12 Data size: 144 Basic stats: COMPLETE Column stats: COMPLETE
                    value expressions: _col1 (type: boolean)
        Reducer 7 
            Execution mode: llap
            Reduce Operator Tree:
              Group By Operator
                aggregations: count(VALUE._col0), count(VALUE._col1)
                mode: mergepartial
                outputColumnNames: _col0, _col1
                Statistics: Num rows: 1 Data size: 16 Basic stats: COMPLETE Column stats: COMPLETE
                Reduce Output Operator
                  sort order: 
                  Statistics: Num rows: 1 Data size: 16 Basic stats: COMPLETE Column stats: COMPLETE
                  value expressions: _col0 (type: bigint), _col1 (type: bigint)

  Stage: Stage-0
    Fetch Operator
      limit: -1
      Processor Tree:
        ListSink

Warning: Shuffle Join MERGEJOIN[36][tables = [$hdt$_0, $hdt$_1, $hdt$_2]] in Stage 'Reducer 3' is a cross product
PREHOOK: query: select key, value from src1
where key not in (select key+18 from src1) order by key
PREHOOK: type: QUERY
PREHOOK: Input: default@src1
#### A masked pattern was here ####
{"version":"1.0","engine":"tez","database":"default","hash":"cbc4367150807328dda0f1cf4c74b811","queryText":"select key, value from src1\nwhere key not in (select key+18 from src1) order by key","edges":[{"sources":[2],"targets":[0],"edgeType":"PROJECTION"},{"sources":[3],"targets":[1],"edgeType":"PROJECTION"},{"sources":[2],"targets":[0,1],"expression":"(UDFToDouble(src1.key) = (UDFToDouble(src1.key) + 18.0D))","edgeType":"PREDICATE"},{"sources":[4,2],"targets":[0,1],"expression":"((true is null or (count(*) = 0L)) and (src1.key is not null or (count(*) = 0L) or true is not null) and ((count((UDFToDouble(src1.key) + 18.0D)) >= count(*)) or (count(*) = 0L) or true is not null or src1.key is null))","edgeType":"PREDICATE"}],"vertices":[{"id":0,"vertexType":"COLUMN","vertexId":"key"},{"id":1,"vertexType":"COLUMN","vertexId":"value"},{"id":2,"vertexType":"COLUMN","vertexId":"default.src1.key"},{"id":3,"vertexType":"COLUMN","vertexId":"default.src1.value"},{"id":4,"vertexType":"TABLE","vertexId":"default.src1"}]}
