PREHOOK: query: create table t(a integer) stored as orc
PREHOOK: type: CREATETABLE
PREHOOK: Output: database:default
PREHOOK: Output: default@t
POSTHOOK: query: create table t(a integer) stored as orc
POSTHOOK: type: CREATETABLE
POSTHOOK: Output: database:default
POSTHOOK: Output: default@t
PREHOOK: query: insert into t values(1),(2),(2),(2),(3)
PREHOOK: type: QUERY
PREHOOK: Input: _dummy_database@_dummy_table
PREHOOK: Output: default@t
POSTHOOK: query: insert into t values(1),(2),(2),(2),(3)
POSTHOOK: type: QUERY
POSTHOOK: Input: _dummy_database@_dummy_table
POSTHOOK: Output: default@t
POSTHOOK: Lineage: t.a SCRIPT []
PREHOOK: query: select * from t where a = 2
PREHOOK: type: QUERY
PREHOOK: Input: default@t
#### A masked pattern was here ####
POSTHOOK: query: select * from t where a = 2
POSTHOOK: type: QUERY
POSTHOOK: Input: default@t
#### A masked pattern was here ####
PREHOOK: query: explain analyze
select * from t where a = 2
PREHOOK: type: QUERY
PREHOOK: Input: default@t
#### A masked pattern was here ####
POSTHOOK: query: explain analyze
select * from t where a = 2
POSTHOOK: type: QUERY
POSTHOOK: Input: default@t
#### A masked pattern was here ####
STAGE DEPENDENCIES:
  Stage-1 is a root stage
  Stage-0 depends on stages: Stage-1

STAGE PLANS:
  Stage: Stage-1
    Tez
#### A masked pattern was here ####
      Vertices:
        Map 1 
            Map Operator Tree:
                TableScan
                  alias: t
                  filterExpr: (a = 2) (type: boolean)
                  Statistics: Num rows: 5/5 Data size: 20 Basic stats: COMPLETE Column stats: COMPLETE
                  Filter Operator
                    predicate: (a = 2) (type: boolean)
                    Statistics: Num rows: 2/3 Data size: 8 Basic stats: COMPLETE Column stats: COMPLETE
                    Select Operator
                      expressions: 2 (type: int)
                      outputColumnNames: _col0
                      Statistics: Num rows: 2/3 Data size: 8 Basic stats: COMPLETE Column stats: COMPLETE
                      File Output Operator
                        compressed: false
                        Statistics: Num rows: 2/3 Data size: 8 Basic stats: COMPLETE Column stats: COMPLETE
                        table:
                            input format: org.apache.hadoop.mapred.SequenceFileInputFormat
                            output format: org.apache.hadoop.hive.ql.io.HiveSequenceFileOutputFormat
                            serde: org.apache.hadoop.hive.serde2.lazy.LazySimpleSerDe
            Execution mode: vectorized, llap
            LLAP IO: all inputs

  Stage: Stage-0
    Fetch Operator
      limit: -1
      Processor Tree:
        ListSink

PREHOOK: query: select * from t where a = 2
PREHOOK: type: QUERY
PREHOOK: Input: default@t
#### A masked pattern was here ####
POSTHOOK: query: select * from t where a = 2
POSTHOOK: type: QUERY
POSTHOOK: Input: default@t
#### A masked pattern was here ####
2
2
2
PREHOOK: query: select * from t where 1 = 2
PREHOOK: type: QUERY
PREHOOK: Input: default@t
#### A masked pattern was here ####
POSTHOOK: query: select * from t where 1 = 2
POSTHOOK: type: QUERY
POSTHOOK: Input: default@t
#### A masked pattern was here ####
PREHOOK: query: explain analyze
select * from t where 1 = 2
PREHOOK: type: QUERY
PREHOOK: Input: default@t
#### A masked pattern was here ####
POSTHOOK: query: explain analyze
select * from t where 1 = 2
POSTHOOK: type: QUERY
POSTHOOK: Input: default@t
#### A masked pattern was here ####
STAGE DEPENDENCIES:
  Stage-1 is a root stage
  Stage-0 depends on stages: Stage-1

STAGE PLANS:
  Stage: Stage-1
    Tez
#### A masked pattern was here ####
      Vertices:
        Map 1 
            Map Operator Tree:
                TableScan
                  alias: t
                  Statistics: Num rows: 5/1 Data size: 20 Basic stats: COMPLETE Column stats: COMPLETE
                  Filter Operator
                    predicate: false (type: boolean)
                    Statistics: Num rows: 1/0 Data size: 4 Basic stats: COMPLETE Column stats: COMPLETE
                    Select Operator
                      expressions: a (type: int)
                      outputColumnNames: _col0
                      Statistics: Num rows: 1/0 Data size: 4 Basic stats: COMPLETE Column stats: COMPLETE
                      File Output Operator
                        compressed: false
                        Statistics: Num rows: 1/0 Data size: 4 Basic stats: COMPLETE Column stats: COMPLETE
                        table:
                            input format: org.apache.hadoop.mapred.SequenceFileInputFormat
                            output format: org.apache.hadoop.hive.ql.io.HiveSequenceFileOutputFormat
                            serde: org.apache.hadoop.hive.serde2.lazy.LazySimpleSerDe
            Execution mode: vectorized, llap
            LLAP IO: no inputs

  Stage: Stage-0
    Fetch Operator
      limit: -1
      Processor Tree:
        ListSink

PREHOOK: query: select * from t where 1 = 2
PREHOOK: type: QUERY
PREHOOK: Input: default@t
#### A masked pattern was here ####
POSTHOOK: query: select * from t where 1 = 2
POSTHOOK: type: QUERY
POSTHOOK: Input: default@t
#### A masked pattern was here ####
