PREHOOK: query: create table t_chicken(a int)
PREHOOK: type: CREATETABLE
PREHOOK: Output: database:default
PREHOOK: Output: default@t_chicken
PREHOOK: query: create table t_mammut(a int)
PREHOOK: type: CREATETABLE
PREHOOK: Output: database:default
PREHOOK: Output: default@t_mammut
PREHOOK: query: insert into t_chicken values (1),(10)
PREHOOK: type: QUERY
PREHOOK: Input: _dummy_database@_dummy_table
PREHOOK: Output: default@t_chicken
Stage-1 FILE SYSTEM COUNTERS:
Stage-1 HIVE COUNTERS:
   CREATED_FILES: 2
   DESERIALIZE_ERRORS: 0
   RECORDS_IN_Map_1: 3
   RECORDS_OUT_0: 1
   RECORDS_OUT_1_default.t_chicken: 2
   RECORDS_OUT_INTERMEDIATE_Map_1: 1
   RECORDS_OUT_INTERMEDIATE_Reducer_2: 0
   RECORDS_OUT_OPERATOR_FS_11: 1
   RECORDS_OUT_OPERATOR_FS_4: 2
   RECORDS_OUT_OPERATOR_GBY_7: 1
   RECORDS_OUT_OPERATOR_GBY_9: 1
   RECORDS_OUT_OPERATOR_MAP_0: 0
   RECORDS_OUT_OPERATOR_RS_8: 1
   RECORDS_OUT_OPERATOR_SEL_1: 1
   RECORDS_OUT_OPERATOR_SEL_3: 2
   RECORDS_OUT_OPERATOR_SEL_6: 2
   RECORDS_OUT_OPERATOR_TS_0: 1
   RECORDS_OUT_OPERATOR_UDTF_2: 2
   TOTAL_TABLE_ROWS_WRITTEN: 2
PREHOOK: query: insert into t_mammut values (1),(2),(3),(4),(5),(6),(7),(8),(9),(11)
PREHOOK: type: QUERY
PREHOOK: Input: _dummy_database@_dummy_table
PREHOOK: Output: default@t_mammut
Stage-1 FILE SYSTEM COUNTERS:
Stage-1 HIVE COUNTERS:
   CREATED_FILES: 2
   DESERIALIZE_ERRORS: 0
   RECORDS_IN_Map_1: 3
   RECORDS_OUT_0: 1
   RECORDS_OUT_1_default.t_mammut: 10
   RECORDS_OUT_INTERMEDIATE_Map_1: 1
   RECORDS_OUT_INTERMEDIATE_Reducer_2: 0
   RECORDS_OUT_OPERATOR_FS_11: 1
   RECORDS_OUT_OPERATOR_FS_4: 10
   RECORDS_OUT_OPERATOR_GBY_7: 1
   RECORDS_OUT_OPERATOR_GBY_9: 1
   RECORDS_OUT_OPERATOR_MAP_0: 0
   RECORDS_OUT_OPERATOR_RS_8: 1
   RECORDS_OUT_OPERATOR_SEL_1: 1
   RECORDS_OUT_OPERATOR_SEL_3: 10
   RECORDS_OUT_OPERATOR_SEL_6: 10
   RECORDS_OUT_OPERATOR_TS_0: 1
   RECORDS_OUT_OPERATOR_UDTF_2: 10
   TOTAL_TABLE_ROWS_WRITTEN: 10
PREHOOK: query: explain
select count(1) from t_mammut l join t_chicken r where l.a=r.a
PREHOOK: type: QUERY
STAGE DEPENDENCIES:
  Stage-1 is a root stage
  Stage-0 depends on stages: Stage-1

STAGE PLANS:
  Stage: Stage-1
    Tez
#### A masked pattern was here ####
      Edges:
        Map 1 <- Map 3 (BROADCAST_EDGE)
        Reducer 2 <- Map 1 (CUSTOM_SIMPLE_EDGE)
#### A masked pattern was here ####
      Vertices:
        Map 1 
            Map Operator Tree:
                TableScan
                  alias: l
                  filterExpr: a is not null (type: boolean)
                  Statistics: Num rows: 10 Data size: 40 Basic stats: COMPLETE Column stats: COMPLETE
                  Filter Operator
                    predicate: a is not null (type: boolean)
                    Statistics: Num rows: 10 Data size: 40 Basic stats: COMPLETE Column stats: COMPLETE
                    Select Operator
                      expressions: a (type: int)
                      outputColumnNames: _col0
                      Statistics: Num rows: 10 Data size: 40 Basic stats: COMPLETE Column stats: COMPLETE
                      Map Join Operator
                        condition map:
                             Inner Join 0 to 1
                        keys:
                          0 _col0 (type: int)
                          1 _col0 (type: int)
                        input vertices:
                          1 Map 3
                        Statistics: Num rows: 2 Data size: 16 Basic stats: COMPLETE Column stats: COMPLETE
                        Group By Operator
                          aggregations: count()
                          mode: hash
                          outputColumnNames: _col0
                          Statistics: Num rows: 1 Data size: 8 Basic stats: COMPLETE Column stats: COMPLETE
                          Reduce Output Operator
                            sort order: 
                            Statistics: Num rows: 1 Data size: 8 Basic stats: COMPLETE Column stats: COMPLETE
                            value expressions: _col0 (type: bigint)
            Execution mode: vectorized, llap
            LLAP IO: no inputs
        Map 3 
            Map Operator Tree:
                TableScan
                  alias: r
                  filterExpr: a is not null (type: boolean)
                  Statistics: Num rows: 2 Data size: 8 Basic stats: COMPLETE Column stats: COMPLETE
                  Filter Operator
                    predicate: a is not null (type: boolean)
                    Statistics: Num rows: 2 Data size: 8 Basic stats: COMPLETE Column stats: COMPLETE
                    Select Operator
                      expressions: a (type: int)
                      outputColumnNames: _col0
                      Statistics: Num rows: 2 Data size: 8 Basic stats: COMPLETE Column stats: COMPLETE
                      Reduce Output Operator
                        key expressions: _col0 (type: int)
                        sort order: +
                        Map-reduce partition columns: _col0 (type: int)
                        Statistics: Num rows: 2 Data size: 8 Basic stats: COMPLETE Column stats: COMPLETE
            Execution mode: vectorized, llap
            LLAP IO: no inputs
        Reducer 2 
            Execution mode: vectorized, llap
            Reduce Operator Tree:
              Group By Operator
                aggregations: count(VALUE._col0)
                mode: mergepartial
                outputColumnNames: _col0
                Statistics: Num rows: 1 Data size: 8 Basic stats: COMPLETE Column stats: COMPLETE
                File Output Operator
                  compressed: false
                  Statistics: Num rows: 1 Data size: 8 Basic stats: COMPLETE Column stats: COMPLETE
                  table:
                      input format: org.apache.hadoop.mapred.SequenceFileInputFormat
                      output format: org.apache.hadoop.hive.ql.io.HiveSequenceFileOutputFormat
                      serde: org.apache.hadoop.hive.serde2.lazy.LazySimpleSerDe

  Stage: Stage-0
    Fetch Operator
      limit: -1
      Processor Tree:
        ListSink

PREHOOK: query: explain reoptimization
select count(1) from t_mammut l join t_chicken r where l.a=r.a
PREHOOK: type: QUERY
PREHOOK: Input: default@t_chicken
PREHOOK: Input: default@t_mammut
#### A masked pattern was here ####
Stage-1 FILE SYSTEM COUNTERS:
Stage-1 HIVE COUNTERS:
   CREATED_FILES: 1
   DESERIALIZE_ERRORS: 0
   RECORDS_IN_Map_1: 10
   RECORDS_IN_Map_3: 2
   RECORDS_OUT_0: 1
   RECORDS_OUT_INTERMEDIATE_Map_1: 1
   RECORDS_OUT_INTERMEDIATE_Map_3: 2
   RECORDS_OUT_INTERMEDIATE_Reducer_2: 0
   RECORDS_OUT_OPERATOR_FIL_31: 2
   RECORDS_OUT_OPERATOR_FIL_34: 10
   RECORDS_OUT_OPERATOR_FS_40: 1
   RECORDS_OUT_OPERATOR_GBY_37: 1
   RECORDS_OUT_OPERATOR_GBY_39: 1
   RECORDS_OUT_OPERATOR_MAPJOIN_36: 1
   RECORDS_OUT_OPERATOR_MAP_0: 0
   RECORDS_OUT_OPERATOR_RS_33: 2
   RECORDS_OUT_OPERATOR_RS_38: 1
   RECORDS_OUT_OPERATOR_SEL_32: 2
   RECORDS_OUT_OPERATOR_SEL_35: 10
   RECORDS_OUT_OPERATOR_TS_0: 10
   RECORDS_OUT_OPERATOR_TS_3: 2
Stage-1 LLAP IO COUNTERS:
   CACHE_MISS_BYTES: 26
   NUM_DECODED_BATCHES: 2
   NUM_VECTOR_BATCHES: 2
   ROWS_EMITTED: 12
Stage-1 INPUT COUNTERS:
   GROUPED_INPUT_SPLITS_Map_1: 1
   GROUPED_INPUT_SPLITS_Map_3: 1
   INPUT_DIRECTORIES_Map_1: 1
   INPUT_DIRECTORIES_Map_3: 1
   INPUT_FILES_Map_1: 1
   INPUT_FILES_Map_3: 1
   RAW_INPUT_SPLITS_Map_1: 1
   RAW_INPUT_SPLITS_Map_3: 1
PREHOOK: query: explain reoptimization
select count(1) from t_mammut l join t_chicken r where l.a=r.a
PREHOOK: type: QUERY
STAGE DEPENDENCIES:
  Stage-1 is a root stage
  Stage-0 depends on stages: Stage-1

STAGE PLANS:
  Stage: Stage-1
    Tez
#### A masked pattern was here ####
      Edges:
        Map 1 <- Map 3 (BROADCAST_EDGE)
        Reducer 2 <- Map 1 (CUSTOM_SIMPLE_EDGE)
#### A masked pattern was here ####
      Vertices:
        Map 1 
            Map Operator Tree:
                TableScan
                  alias: l
                  filterExpr: a is not null (type: boolean)
                  Statistics: (RUNTIME) Num rows: 10 Data size: 40 Basic stats: COMPLETE Column stats: COMPLETE
                  Filter Operator
                    predicate: a is not null (type: boolean)
                    Statistics: (RUNTIME) Num rows: 10 Data size: 40 Basic stats: COMPLETE Column stats: COMPLETE
                    Select Operator
                      expressions: a (type: int)
                      outputColumnNames: _col0
                      Statistics: (RUNTIME) Num rows: 10 Data size: 40 Basic stats: COMPLETE Column stats: COMPLETE
                      Map Join Operator
                        condition map:
                             Inner Join 0 to 1
                        keys:
                          0 _col0 (type: int)
                          1 _col0 (type: int)
                        input vertices:
                          1 Map 3
                        Statistics: (RUNTIME) Num rows: 1 Data size: 8 Basic stats: COMPLETE Column stats: COMPLETE
                        Group By Operator
                          aggregations: count()
                          mode: hash
                          outputColumnNames: _col0
                          Statistics: (RUNTIME) Num rows: 1 Data size: 8 Basic stats: COMPLETE Column stats: COMPLETE
                          Reduce Output Operator
                            sort order: 
                            Statistics: (RUNTIME) Num rows: 1 Data size: 8 Basic stats: COMPLETE Column stats: COMPLETE
                            value expressions: _col0 (type: bigint)
            Execution mode: vectorized, llap
            LLAP IO: no inputs
        Map 3 
            Map Operator Tree:
                TableScan
                  alias: r
                  filterExpr: a is not null (type: boolean)
                  Statistics: (RUNTIME) Num rows: 2 Data size: 8 Basic stats: COMPLETE Column stats: COMPLETE
                  Filter Operator
                    predicate: a is not null (type: boolean)
                    Statistics: (RUNTIME) Num rows: 2 Data size: 8 Basic stats: COMPLETE Column stats: COMPLETE
                    Select Operator
                      expressions: a (type: int)
                      outputColumnNames: _col0
                      Statistics: (RUNTIME) Num rows: 2 Data size: 8 Basic stats: COMPLETE Column stats: COMPLETE
                      Reduce Output Operator
                        key expressions: _col0 (type: int)
                        sort order: +
                        Map-reduce partition columns: _col0 (type: int)
                        Statistics: (RUNTIME) Num rows: 2 Data size: 8 Basic stats: COMPLETE Column stats: COMPLETE
            Execution mode: vectorized, llap
            LLAP IO: no inputs
        Reducer 2 
            Execution mode: vectorized, llap
            Reduce Operator Tree:
              Group By Operator
                aggregations: count(VALUE._col0)
                mode: mergepartial
                outputColumnNames: _col0
                Statistics: (RUNTIME) Num rows: 1 Data size: 8 Basic stats: COMPLETE Column stats: COMPLETE
                File Output Operator
                  compressed: false
                  Statistics: Num rows: 1 Data size: 8 Basic stats: COMPLETE Column stats: COMPLETE
                  table:
                      input format: org.apache.hadoop.mapred.SequenceFileInputFormat
                      output format: org.apache.hadoop.hive.ql.io.HiveSequenceFileOutputFormat
                      serde: org.apache.hadoop.hive.serde2.lazy.LazySimpleSerDe

  Stage: Stage-0
    Fetch Operator
      limit: -1
      Processor Tree:
        ListSink

