PREHOOK: query: create table t (a integer)
PREHOOK: type: CREATETABLE
PREHOOK: Output: database:default
PREHOOK: Output: default@t
PREHOOK: query: insert into t values (1),(2),(4)
PREHOOK: type: QUERY
PREHOOK: Output: default@t
Stage-1 FILE SYSTEM COUNTERS:
Stage-1 HIVE COUNTERS:
   CREATED_FILES: 2
   DESERIALIZE_ERRORS: 0
   RECORDS_IN_Map_1: 3
   RECORDS_OUT_0: 1
   RECORDS_OUT_1_default.t: 3
   RECORDS_OUT_INTERMEDIATE_Map_1: 1
   RECORDS_OUT_INTERMEDIATE_Reducer_2: 0
   RECORDS_OUT_OPERATOR_FS_3: 3
   RECORDS_OUT_OPERATOR_FS_6: 1
   RECORDS_OUT_OPERATOR_GBY_2: 1
   RECORDS_OUT_OPERATOR_GBY_4: 1
   RECORDS_OUT_OPERATOR_MAP_0: 0
   RECORDS_OUT_OPERATOR_RS_3: 1
   RECORDS_OUT_OPERATOR_SEL_1: 6
   RECORDS_OUT_OPERATOR_TS_0: 3
PREHOOK: query: explain select count(*) from t group by a
PREHOOK: type: QUERY
STAGE DEPENDENCIES:
  Stage-1 is a root stage
  Stage-0 depends on stages: Stage-1

STAGE PLANS:
  Stage: Stage-1
    Tez
#### A masked pattern was here ####
      Edges:
        Reducer 2 <- Map 1 (SIMPLE_EDGE)
#### A masked pattern was here ####
      Vertices:
        Map 1 
            Map Operator Tree:
                TableScan
                  alias: t
                  Statistics: Num rows: 3 Data size: 12 Basic stats: COMPLETE Column stats: COMPLETE
                  Select Operator
                    expressions: a (type: int)
                    outputColumnNames: a
                    Statistics: Num rows: 3 Data size: 12 Basic stats: COMPLETE Column stats: COMPLETE
                    Group By Operator
                      aggregations: count()
                      keys: a (type: int)
                      mode: hash
                      outputColumnNames: _col0, _col1
                      Statistics: Num rows: 1 Data size: 12 Basic stats: COMPLETE Column stats: COMPLETE
                      Reduce Output Operator
                        key expressions: _col0 (type: int)
                        sort order: +
                        Map-reduce partition columns: _col0 (type: int)
                        Statistics: Num rows: 1 Data size: 12 Basic stats: COMPLETE Column stats: COMPLETE
                        value expressions: _col1 (type: bigint)
            Execution mode: llap
            LLAP IO: no inputs
        Reducer 2 
            Execution mode: llap
            Reduce Operator Tree:
              Group By Operator
                aggregations: count(VALUE._col0)
                keys: KEY._col0 (type: int)
                mode: mergepartial
                outputColumnNames: _col0, _col1
                Statistics: Num rows: 1 Data size: 12 Basic stats: COMPLETE Column stats: COMPLETE
                Select Operator
                  expressions: _col1 (type: bigint)
                  outputColumnNames: _col0
                  Statistics: Num rows: 1 Data size: 8 Basic stats: COMPLETE Column stats: COMPLETE
                  File Output Operator
                    compressed: false
                    Statistics: Num rows: 1 Data size: 8 Basic stats: COMPLETE Column stats: COMPLETE
                    table:
                        input format: org.apache.hadoop.mapred.SequenceFileInputFormat
                        output format: org.apache.hadoop.hive.ql.io.HiveSequenceFileOutputFormat
                        serde: org.apache.hadoop.hive.serde2.lazy.LazySimpleSerDe

  Stage: Stage-0
    Fetch Operator
      limit: -1
      Processor Tree:
        ListSink

PREHOOK: query: select count(*) from t group by a
PREHOOK: type: QUERY
PREHOOK: Input: default@t
#### A masked pattern was here ####
Stage-1 FILE SYSTEM COUNTERS:
Stage-1 HIVE COUNTERS:
   CREATED_FILES: 2
   DESERIALIZE_ERRORS: 0
   RECORDS_IN_Map_1: 3
   RECORDS_OUT_0: 3
   RECORDS_OUT_INTERMEDIATE_Map_1: 3
   RECORDS_OUT_INTERMEDIATE_Reducer_2: 0
   RECORDS_OUT_OPERATOR_FS_6: 3
   RECORDS_OUT_OPERATOR_GBY_2: 3
   RECORDS_OUT_OPERATOR_GBY_4: 3
   RECORDS_OUT_OPERATOR_MAP_0: 0
   RECORDS_OUT_OPERATOR_RS_3: 3
   RECORDS_OUT_OPERATOR_SEL_1: 3
   RECORDS_OUT_OPERATOR_SEL_5: 3
   RECORDS_OUT_OPERATOR_TS_0: 3
1
1
1
PREHOOK: query: explain select count(*) from t where a<4 and a>1 group by a
PREHOOK: type: QUERY
STAGE DEPENDENCIES:
  Stage-1 is a root stage
  Stage-0 depends on stages: Stage-1

STAGE PLANS:
  Stage: Stage-1
    Tez
#### A masked pattern was here ####
      Edges:
        Reducer 2 <- Map 1 (SIMPLE_EDGE)
#### A masked pattern was here ####
      Vertices:
        Map 1 
            Map Operator Tree:
                TableScan
                  alias: t
                  Statistics: Num rows: 3 Data size: 12 Basic stats: COMPLETE Column stats: COMPLETE
                  Filter Operator
                    predicate: ((a < 4) and (a > 1)) (type: boolean)
                    Statistics: Num rows: 1 Data size: 4 Basic stats: COMPLETE Column stats: COMPLETE
                    Group By Operator
                      aggregations: count()
                      keys: a (type: int)
                      mode: hash
                      outputColumnNames: _col0, _col1
                      Statistics: Num rows: 1 Data size: 12 Basic stats: COMPLETE Column stats: COMPLETE
                      Reduce Output Operator
                        key expressions: _col0 (type: int)
                        sort order: +
                        Map-reduce partition columns: _col0 (type: int)
                        Statistics: Num rows: 1 Data size: 12 Basic stats: COMPLETE Column stats: COMPLETE
                        value expressions: _col1 (type: bigint)
            Execution mode: llap
            LLAP IO: no inputs
        Reducer 2 
            Execution mode: llap
            Reduce Operator Tree:
              Group By Operator
                aggregations: count(VALUE._col0)
                keys: KEY._col0 (type: int)
                mode: mergepartial
                outputColumnNames: _col0, _col1
                Statistics: Num rows: 1 Data size: 12 Basic stats: COMPLETE Column stats: COMPLETE
                Select Operator
                  expressions: _col1 (type: bigint)
                  outputColumnNames: _col0
                  Statistics: Num rows: 1 Data size: 8 Basic stats: COMPLETE Column stats: COMPLETE
                  File Output Operator
                    compressed: false
                    Statistics: Num rows: 1 Data size: 8 Basic stats: COMPLETE Column stats: COMPLETE
                    table:
                        input format: org.apache.hadoop.mapred.SequenceFileInputFormat
                        output format: org.apache.hadoop.hive.ql.io.HiveSequenceFileOutputFormat
                        serde: org.apache.hadoop.hive.serde2.lazy.LazySimpleSerDe

  Stage: Stage-0
    Fetch Operator
      limit: -1
      Processor Tree:
        ListSink

PREHOOK: query: select count(*) from t where a<4 and a>1 group by a
PREHOOK: type: QUERY
PREHOOK: Input: default@t
#### A masked pattern was here ####
Stage-1 FILE SYSTEM COUNTERS:
Stage-1 HIVE COUNTERS:
   CREATED_FILES: 1
   DESERIALIZE_ERRORS: 0
   RECORDS_IN_Map_1: 3
   RECORDS_OUT_0: 1
   RECORDS_OUT_INTERMEDIATE_Map_1: 1
   RECORDS_OUT_INTERMEDIATE_Reducer_2: 0
   RECORDS_OUT_OPERATOR_FIL_8: 1
   RECORDS_OUT_OPERATOR_FS_7: 1
   RECORDS_OUT_OPERATOR_GBY_3: 1
   RECORDS_OUT_OPERATOR_GBY_5: 1
   RECORDS_OUT_OPERATOR_MAP_0: 0
   RECORDS_OUT_OPERATOR_RS_4: 1
   RECORDS_OUT_OPERATOR_SEL_6: 1
   RECORDS_OUT_OPERATOR_TS_0: 3
1
