PREHOOK: query: create table tst1_n2(key STRING, cnt INT)
PREHOOK: type: CREATETABLE
PREHOOK: Output: database:default
PREHOOK: Output: default@tst1_n2
POSTHOOK: query: create table tst1_n2(key STRING, cnt INT)
POSTHOOK: type: CREATETABLE
POSTHOOK: Output: database:default
POSTHOOK: Output: default@tst1_n2
PREHOOK: query: INSERT OVERWRITE TABLE tst1_n2
SELECT a.key, count(1) FROM src a group by a.key
PREHOOK: type: QUERY
PREHOOK: Input: default@src
PREHOOK: Output: default@tst1_n2
POSTHOOK: query: INSERT OVERWRITE TABLE tst1_n2
SELECT a.key, count(1) FROM src a group by a.key
POSTHOOK: type: QUERY
POSTHOOK: Input: default@src
POSTHOOK: Output: default@tst1_n2
POSTHOOK: Lineage: tst1_n2.cnt EXPRESSION [(src)a.null, ]
POSTHOOK: Lineage: tst1_n2.key SIMPLE [(src)a.FieldSchema(name:key, type:string, comment:default), ]
PREHOOK: query: explain 
SELECT sum(a.cnt)  FROM tst1_n2 a JOIN tst1_n2 b ON a.key = b.key
PREHOOK: type: QUERY
POSTHOOK: query: explain 
SELECT sum(a.cnt)  FROM tst1_n2 a JOIN tst1_n2 b ON a.key = b.key
POSTHOOK: type: QUERY
STAGE DEPENDENCIES:
  Stage-2 is a root stage
  Stage-1 depends on stages: Stage-2
  Stage-0 depends on stages: Stage-1

STAGE PLANS:
  Stage: Stage-2
    Spark
      Edges:
        Reducer 5 <- Map 4 (GROUP, 2)
#### A masked pattern was here ####
      Vertices:
        Map 4 
            Map Operator Tree:
                TableScan
                  alias: b
                  filterExpr: key is not null (type: boolean)
                  Statistics: Num rows: 309 Data size: 1482 Basic stats: COMPLETE Column stats: NONE
                  Filter Operator
                    predicate: key is not null (type: boolean)
                    Statistics: Num rows: 309 Data size: 1482 Basic stats: COMPLETE Column stats: NONE
                    Select Operator
                      expressions: key (type: string)
                      outputColumnNames: _col0
                      Statistics: Num rows: 309 Data size: 1482 Basic stats: COMPLETE Column stats: NONE
                      Group By Operator
                        aggregations: count()
                        keys: _col0 (type: string)
                        mode: hash
                        outputColumnNames: _col0, _col1
                        Statistics: Num rows: 309 Data size: 1482 Basic stats: COMPLETE Column stats: NONE
                        Reduce Output Operator
                          key expressions: _col0 (type: string)
                          sort order: +
                          Map-reduce partition columns: _col0 (type: string)
                          Statistics: Num rows: 309 Data size: 1482 Basic stats: COMPLETE Column stats: NONE
                          value expressions: _col1 (type: bigint)
            Execution mode: vectorized
        Reducer 5 
            Execution mode: vectorized
            Local Work:
              Map Reduce Local Work
            Reduce Operator Tree:
              Group By Operator
                aggregations: count(VALUE._col0)
                keys: KEY._col0 (type: string)
                mode: mergepartial
                outputColumnNames: _col0, _col1
                Statistics: Num rows: 154 Data size: 738 Basic stats: COMPLETE Column stats: NONE
                Spark HashTable Sink Operator
                  keys:
                    0 _col0 (type: string)
                    1 _col0 (type: string)

  Stage: Stage-1
    Spark
      Edges:
        Reducer 2 <- Map 1 (GROUP, 2)
        Reducer 3 <- Reducer 2 (GROUP, 1)
#### A masked pattern was here ####
      Vertices:
        Map 1 
            Map Operator Tree:
                TableScan
                  alias: a
                  filterExpr: key is not null (type: boolean)
                  Statistics: Num rows: 309 Data size: 1482 Basic stats: COMPLETE Column stats: NONE
                  Filter Operator
                    predicate: key is not null (type: boolean)
                    Statistics: Num rows: 309 Data size: 1482 Basic stats: COMPLETE Column stats: NONE
                    Select Operator
                      expressions: key (type: string), cnt (type: int)
                      outputColumnNames: _col0, _col1
                      Statistics: Num rows: 309 Data size: 1482 Basic stats: COMPLETE Column stats: NONE
                      Group By Operator
                        aggregations: sum(_col1)
                        keys: _col0 (type: string)
                        mode: hash
                        outputColumnNames: _col0, _col1
                        Statistics: Num rows: 309 Data size: 1482 Basic stats: COMPLETE Column stats: NONE
                        Reduce Output Operator
                          key expressions: _col0 (type: string)
                          sort order: +
                          Map-reduce partition columns: _col0 (type: string)
                          Statistics: Num rows: 309 Data size: 1482 Basic stats: COMPLETE Column stats: NONE
                          value expressions: _col1 (type: bigint)
            Execution mode: vectorized
        Reducer 2 
            Execution mode: vectorized
            Local Work:
              Map Reduce Local Work
            Reduce Operator Tree:
              Group By Operator
                aggregations: sum(VALUE._col0)
                keys: KEY._col0 (type: string)
                mode: mergepartial
                outputColumnNames: _col0, _col1
                Statistics: Num rows: 154 Data size: 738 Basic stats: COMPLETE Column stats: NONE
                Map Join Operator
                  condition map:
                       Inner Join 0 to 1
                  keys:
                    0 _col0 (type: string)
                    1 _col0 (type: string)
                  outputColumnNames: _col1, _col3
                  input vertices:
                    1 Reducer 5
                  Statistics: Num rows: 169 Data size: 811 Basic stats: COMPLETE Column stats: NONE
                  Select Operator
                    expressions: (_col1 * _col3) (type: bigint)
                    outputColumnNames: _col4
                    Statistics: Num rows: 169 Data size: 811 Basic stats: COMPLETE Column stats: NONE
                    Group By Operator
                      aggregations: sum(_col4)
                      mode: hash
                      outputColumnNames: _col0
                      Statistics: Num rows: 1 Data size: 8 Basic stats: COMPLETE Column stats: NONE
                      Reduce Output Operator
                        sort order: 
                        Statistics: Num rows: 1 Data size: 8 Basic stats: COMPLETE Column stats: NONE
                        value expressions: _col0 (type: bigint)
        Reducer 3 
            Execution mode: vectorized
            Reduce Operator Tree:
              Group By Operator
                aggregations: sum(VALUE._col0)
                mode: mergepartial
                outputColumnNames: _col0
                Statistics: Num rows: 1 Data size: 8 Basic stats: COMPLETE Column stats: NONE
                File Output Operator
                  compressed: false
                  Statistics: Num rows: 1 Data size: 8 Basic stats: COMPLETE Column stats: NONE
                  table:
                      input format: org.apache.hadoop.mapred.SequenceFileInputFormat
                      output format: org.apache.hadoop.hive.ql.io.HiveSequenceFileOutputFormat
                      serde: org.apache.hadoop.hive.serde2.lazy.LazySimpleSerDe

  Stage: Stage-0
    Fetch Operator
      limit: -1
      Processor Tree:
        ListSink

PREHOOK: query: SELECT sum(a.cnt)  FROM tst1_n2 a JOIN tst1_n2 b ON a.key = b.key
PREHOOK: type: QUERY
PREHOOK: Input: default@tst1_n2
#### A masked pattern was here ####
POSTHOOK: query: SELECT sum(a.cnt)  FROM tst1_n2 a JOIN tst1_n2 b ON a.key = b.key
POSTHOOK: type: QUERY
POSTHOOK: Input: default@tst1_n2
#### A masked pattern was here ####
500
