PREHOOK: query: explain
select * from
  (select srcpart.ds,srcpart.key from srcpart join src on srcpart.ds=src.key) a
union all
  (select srcpart.ds,srcpart.key from srcpart join src on srcpart.ds=src.value)
PREHOOK: type: QUERY
POSTHOOK: query: explain
select * from
  (select srcpart.ds,srcpart.key from srcpart join src on srcpart.ds=src.key) a
union all
  (select srcpart.ds,srcpart.key from srcpart join src on srcpart.ds=src.value)
POSTHOOK: type: QUERY
STAGE DEPENDENCIES:
  Stage-2 is a root stage
  Stage-1 depends on stages: Stage-2
  Stage-0 depends on stages: Stage-1

STAGE PLANS:
  Stage: Stage-2
    Spark
#### A masked pattern was here ####
      Vertices:
        Map 7 
            Map Operator Tree:
                TableScan
                  alias: src
                  filterExpr: key is not null (type: boolean)
                  Statistics: Num rows: 500 Data size: 43500 Basic stats: COMPLETE Column stats: COMPLETE
                  Filter Operator
                    predicate: key is not null (type: boolean)
                    Statistics: Num rows: 500 Data size: 43500 Basic stats: COMPLETE Column stats: COMPLETE
                    Select Operator
                      expressions: key (type: string)
                      outputColumnNames: _col0
                      Statistics: Num rows: 500 Data size: 43500 Basic stats: COMPLETE Column stats: COMPLETE
                      Select Operator
                        expressions: _col0 (type: string)
                        outputColumnNames: _col0
                        Statistics: Num rows: 500 Data size: 43500 Basic stats: COMPLETE Column stats: COMPLETE
                        Group By Operator
                          keys: _col0 (type: string)
                          mode: hash
                          outputColumnNames: _col0
                          Statistics: Num rows: 250 Data size: 21750 Basic stats: COMPLETE Column stats: COMPLETE
                          Spark Partition Pruning Sink Operator
                            Target Columns: [Map 1 -> [ds:string (ds)]]
                            Statistics: Num rows: 250 Data size: 21750 Basic stats: COMPLETE Column stats: COMPLETE
            Execution mode: vectorized
        Map 8 
            Map Operator Tree:
                TableScan
                  alias: src
                  filterExpr: value is not null (type: boolean)
                  Statistics: Num rows: 500 Data size: 45500 Basic stats: COMPLETE Column stats: COMPLETE
                  Filter Operator
                    predicate: value is not null (type: boolean)
                    Statistics: Num rows: 500 Data size: 45500 Basic stats: COMPLETE Column stats: COMPLETE
                    Select Operator
                      expressions: value (type: string)
                      outputColumnNames: _col0
                      Statistics: Num rows: 500 Data size: 45500 Basic stats: COMPLETE Column stats: COMPLETE
                      Select Operator
                        expressions: _col0 (type: string)
                        outputColumnNames: _col0
                        Statistics: Num rows: 500 Data size: 45500 Basic stats: COMPLETE Column stats: COMPLETE
                        Group By Operator
                          keys: _col0 (type: string)
                          mode: hash
                          outputColumnNames: _col0
                          Statistics: Num rows: 250 Data size: 22750 Basic stats: COMPLETE Column stats: COMPLETE
                          Spark Partition Pruning Sink Operator
                            Target Columns: [Map 4 -> [ds:string (ds)]]
                            Statistics: Num rows: 250 Data size: 22750 Basic stats: COMPLETE Column stats: COMPLETE
            Execution mode: vectorized

  Stage: Stage-1
    Spark
      Edges:
        Reducer 2 <- Map 1 (PARTITION-LEVEL SORT, 4), Map 3 (PARTITION-LEVEL SORT, 4)
        Reducer 5 <- Map 4 (PARTITION-LEVEL SORT, 4), Map 6 (PARTITION-LEVEL SORT, 4)
#### A masked pattern was here ####
      Vertices:
        Map 1 
            Map Operator Tree:
                TableScan
                  alias: srcpart
                  filterExpr: ds is not null (type: boolean)
                  Statistics: Num rows: 2000 Data size: 542000 Basic stats: COMPLETE Column stats: PARTIAL
                  Select Operator
                    expressions: key (type: string), ds (type: string)
                    outputColumnNames: _col0, _col1
                    Statistics: Num rows: 2000 Data size: 542000 Basic stats: COMPLETE Column stats: PARTIAL
                    Reduce Output Operator
                      key expressions: _col1 (type: string)
                      sort order: +
                      Map-reduce partition columns: _col1 (type: string)
                      Statistics: Num rows: 2000 Data size: 542000 Basic stats: COMPLETE Column stats: PARTIAL
                      value expressions: _col0 (type: string)
            Execution mode: vectorized
        Map 3 
            Map Operator Tree:
                TableScan
                  alias: src
                  filterExpr: key is not null (type: boolean)
                  Statistics: Num rows: 500 Data size: 43500 Basic stats: COMPLETE Column stats: COMPLETE
                  Filter Operator
                    predicate: key is not null (type: boolean)
                    Statistics: Num rows: 500 Data size: 43500 Basic stats: COMPLETE Column stats: COMPLETE
                    Select Operator
                      expressions: key (type: string)
                      outputColumnNames: _col0
                      Statistics: Num rows: 500 Data size: 43500 Basic stats: COMPLETE Column stats: COMPLETE
                      Reduce Output Operator
                        key expressions: _col0 (type: string)
                        sort order: +
                        Map-reduce partition columns: _col0 (type: string)
                        Statistics: Num rows: 500 Data size: 43500 Basic stats: COMPLETE Column stats: COMPLETE
            Execution mode: vectorized
        Map 4 
            Map Operator Tree:
                TableScan
                  alias: srcpart
                  filterExpr: ds is not null (type: boolean)
                  Statistics: Num rows: 2000 Data size: 542000 Basic stats: COMPLETE Column stats: PARTIAL
                  Select Operator
                    expressions: key (type: string), ds (type: string)
                    outputColumnNames: _col0, _col1
                    Statistics: Num rows: 2000 Data size: 542000 Basic stats: COMPLETE Column stats: PARTIAL
                    Reduce Output Operator
                      key expressions: _col1 (type: string)
                      sort order: +
                      Map-reduce partition columns: _col1 (type: string)
                      Statistics: Num rows: 2000 Data size: 542000 Basic stats: COMPLETE Column stats: PARTIAL
                      value expressions: _col0 (type: string)
            Execution mode: vectorized
        Map 6 
            Map Operator Tree:
                TableScan
                  alias: src
                  filterExpr: value is not null (type: boolean)
                  Statistics: Num rows: 500 Data size: 45500 Basic stats: COMPLETE Column stats: COMPLETE
                  Filter Operator
                    predicate: value is not null (type: boolean)
                    Statistics: Num rows: 500 Data size: 45500 Basic stats: COMPLETE Column stats: COMPLETE
                    Select Operator
                      expressions: value (type: string)
                      outputColumnNames: _col0
                      Statistics: Num rows: 500 Data size: 45500 Basic stats: COMPLETE Column stats: COMPLETE
                      Reduce Output Operator
                        key expressions: _col0 (type: string)
                        sort order: +
                        Map-reduce partition columns: _col0 (type: string)
                        Statistics: Num rows: 500 Data size: 45500 Basic stats: COMPLETE Column stats: COMPLETE
            Execution mode: vectorized
        Reducer 2 
            Reduce Operator Tree:
              Join Operator
                condition map:
                     Inner Join 0 to 1
                outputColumnNames: _col0, _col1
                Statistics: Num rows: 3164 Data size: 857444 Basic stats: COMPLETE Column stats: PARTIAL
                Select Operator
                  expressions: _col1 (type: string), _col0 (type: string)
                  outputColumnNames: _col0, _col1
                  Statistics: Num rows: 3164 Data size: 857444 Basic stats: COMPLETE Column stats: PARTIAL
                  File Output Operator
                    compressed: false
                    Statistics: Num rows: 6421 Data size: 1740091 Basic stats: COMPLETE Column stats: PARTIAL
                    table:
                        input format: org.apache.hadoop.mapred.SequenceFileInputFormat
                        output format: org.apache.hadoop.hive.ql.io.HiveSequenceFileOutputFormat
                        serde: org.apache.hadoop.hive.serde2.lazy.LazySimpleSerDe
        Reducer 5 
            Reduce Operator Tree:
              Join Operator
                condition map:
                     Inner Join 0 to 1
                outputColumnNames: _col0, _col1
                Statistics: Num rows: 3257 Data size: 882647 Basic stats: COMPLETE Column stats: PARTIAL
                Select Operator
                  expressions: _col1 (type: string), _col0 (type: string)
                  outputColumnNames: _col0, _col1
                  Statistics: Num rows: 3257 Data size: 882647 Basic stats: COMPLETE Column stats: PARTIAL
                  File Output Operator
                    compressed: false
                    Statistics: Num rows: 6421 Data size: 1740091 Basic stats: COMPLETE Column stats: PARTIAL
                    table:
                        input format: org.apache.hadoop.mapred.SequenceFileInputFormat
                        output format: org.apache.hadoop.hive.ql.io.HiveSequenceFileOutputFormat
                        serde: org.apache.hadoop.hive.serde2.lazy.LazySimpleSerDe

  Stage: Stage-0
    Fetch Operator
      limit: -1
      Processor Tree:
        ListSink

PREHOOK: query: explain
select * from
  (select srcpart.ds,srcpart.hr,srcpart.key from srcpart join src on srcpart.ds=src.key) a
union all
  (select srcpart.ds,srcpart.hr,srcpart.key from srcpart join src on srcpart.hr=src.key)
PREHOOK: type: QUERY
POSTHOOK: query: explain
select * from
  (select srcpart.ds,srcpart.hr,srcpart.key from srcpart join src on srcpart.ds=src.key) a
union all
  (select srcpart.ds,srcpart.hr,srcpart.key from srcpart join src on srcpart.hr=src.key)
POSTHOOK: type: QUERY
STAGE DEPENDENCIES:
  Stage-2 is a root stage
  Stage-1 depends on stages: Stage-2
  Stage-0 depends on stages: Stage-1

STAGE PLANS:
  Stage: Stage-2
    Spark
#### A masked pattern was here ####
      Vertices:
        Map 7 
            Map Operator Tree:
                TableScan
                  alias: src
                  filterExpr: key is not null (type: boolean)
                  Statistics: Num rows: 500 Data size: 43500 Basic stats: COMPLETE Column stats: COMPLETE
                  Filter Operator
                    predicate: key is not null (type: boolean)
                    Statistics: Num rows: 500 Data size: 43500 Basic stats: COMPLETE Column stats: COMPLETE
                    Select Operator
                      expressions: key (type: string)
                      outputColumnNames: _col0
                      Statistics: Num rows: 500 Data size: 43500 Basic stats: COMPLETE Column stats: COMPLETE
                      Select Operator
                        expressions: _col0 (type: string)
                        outputColumnNames: _col0
                        Statistics: Num rows: 500 Data size: 43500 Basic stats: COMPLETE Column stats: COMPLETE
                        Group By Operator
                          keys: _col0 (type: string)
                          mode: hash
                          outputColumnNames: _col0
                          Statistics: Num rows: 250 Data size: 21750 Basic stats: COMPLETE Column stats: COMPLETE
                          Spark Partition Pruning Sink Operator
                            Target Columns: [Map 1 -> [ds:string (ds)], Map 4 -> [hr:string (hr)]]
                            Statistics: Num rows: 250 Data size: 21750 Basic stats: COMPLETE Column stats: COMPLETE
            Execution mode: vectorized

  Stage: Stage-1
    Spark
      Edges:
        Reducer 2 <- Map 1 (PARTITION-LEVEL SORT, 4), Map 3 (PARTITION-LEVEL SORT, 4)
        Reducer 5 <- Map 3 (PARTITION-LEVEL SORT, 4), Map 4 (PARTITION-LEVEL SORT, 4)
#### A masked pattern was here ####
      Vertices:
        Map 1 
            Map Operator Tree:
                TableScan
                  alias: srcpart
                  filterExpr: ds is not null (type: boolean)
                  Statistics: Num rows: 2000 Data size: 910000 Basic stats: COMPLETE Column stats: PARTIAL
                  Select Operator
                    expressions: key (type: string), ds (type: string), hr (type: string)
                    outputColumnNames: _col0, _col1, _col2
                    Statistics: Num rows: 2000 Data size: 910000 Basic stats: COMPLETE Column stats: PARTIAL
                    Reduce Output Operator
                      key expressions: _col1 (type: string)
                      sort order: +
                      Map-reduce partition columns: _col1 (type: string)
                      Statistics: Num rows: 2000 Data size: 910000 Basic stats: COMPLETE Column stats: PARTIAL
                      value expressions: _col0 (type: string), _col2 (type: string)
            Execution mode: vectorized
        Map 3 
            Map Operator Tree:
                TableScan
                  alias: src
                  filterExpr: key is not null (type: boolean)
                  Statistics: Num rows: 500 Data size: 43500 Basic stats: COMPLETE Column stats: COMPLETE
                  Filter Operator
                    predicate: key is not null (type: boolean)
                    Statistics: Num rows: 500 Data size: 43500 Basic stats: COMPLETE Column stats: COMPLETE
                    Select Operator
                      expressions: key (type: string)
                      outputColumnNames: _col0
                      Statistics: Num rows: 500 Data size: 43500 Basic stats: COMPLETE Column stats: COMPLETE
                      Reduce Output Operator
                        key expressions: _col0 (type: string)
                        sort order: +
                        Map-reduce partition columns: _col0 (type: string)
                        Statistics: Num rows: 500 Data size: 43500 Basic stats: COMPLETE Column stats: COMPLETE
            Execution mode: vectorized
        Map 4 
            Map Operator Tree:
                TableScan
                  alias: srcpart
                  filterExpr: hr is not null (type: boolean)
                  Statistics: Num rows: 2000 Data size: 910000 Basic stats: COMPLETE Column stats: PARTIAL
                  Select Operator
                    expressions: key (type: string), ds (type: string), hr (type: string)
                    outputColumnNames: _col0, _col1, _col2
                    Statistics: Num rows: 2000 Data size: 910000 Basic stats: COMPLETE Column stats: PARTIAL
                    Reduce Output Operator
                      key expressions: _col2 (type: string)
                      sort order: +
                      Map-reduce partition columns: _col2 (type: string)
                      Statistics: Num rows: 2000 Data size: 910000 Basic stats: COMPLETE Column stats: PARTIAL
                      value expressions: _col0 (type: string), _col1 (type: string)
            Execution mode: vectorized
        Reducer 2 
            Reduce Operator Tree:
              Join Operator
                condition map:
                     Inner Join 0 to 1
                outputColumnNames: _col0, _col1, _col2
                Statistics: Num rows: 3164 Data size: 1439620 Basic stats: COMPLETE Column stats: PARTIAL
                Select Operator
                  expressions: _col1 (type: string), _col2 (type: string), _col0 (type: string)
                  outputColumnNames: _col0, _col1, _col2
                  Statistics: Num rows: 3164 Data size: 1439620 Basic stats: COMPLETE Column stats: PARTIAL
                  File Output Operator
                    compressed: false
                    Statistics: Num rows: 6328 Data size: 2879240 Basic stats: COMPLETE Column stats: PARTIAL
                    table:
                        input format: org.apache.hadoop.mapred.SequenceFileInputFormat
                        output format: org.apache.hadoop.hive.ql.io.HiveSequenceFileOutputFormat
                        serde: org.apache.hadoop.hive.serde2.lazy.LazySimpleSerDe
        Reducer 5 
            Reduce Operator Tree:
              Join Operator
                condition map:
                     Inner Join 0 to 1
                outputColumnNames: _col0, _col1, _col2
                Statistics: Num rows: 3164 Data size: 1439620 Basic stats: COMPLETE Column stats: PARTIAL
                Select Operator
                  expressions: _col1 (type: string), _col2 (type: string), _col0 (type: string)
                  outputColumnNames: _col0, _col1, _col2
                  Statistics: Num rows: 3164 Data size: 1439620 Basic stats: COMPLETE Column stats: PARTIAL
                  File Output Operator
                    compressed: false
                    Statistics: Num rows: 6328 Data size: 2879240 Basic stats: COMPLETE Column stats: PARTIAL
                    table:
                        input format: org.apache.hadoop.mapred.SequenceFileInputFormat
                        output format: org.apache.hadoop.hive.ql.io.HiveSequenceFileOutputFormat
                        serde: org.apache.hadoop.hive.serde2.lazy.LazySimpleSerDe

  Stage: Stage-0
    Fetch Operator
      limit: -1
      Processor Tree:
        ListSink

