PREHOOK: query: CREATE TABLE src_union_1_n0 (key int, value string) PARTITIONED BY (ds string)
PREHOOK: type: CREATETABLE
PREHOOK: Output: database:default
PREHOOK: Output: default@src_union_1_n0
POSTHOOK: query: CREATE TABLE src_union_1_n0 (key int, value string) PARTITIONED BY (ds string)
POSTHOOK: type: CREATETABLE
POSTHOOK: Output: database:default
POSTHOOK: Output: default@src_union_1_n0
PREHOOK: query: CREATE TABLE src_union_2_n0 (key int, value string) PARTITIONED BY (ds string, part_1 string)
PREHOOK: type: CREATETABLE
PREHOOK: Output: database:default
PREHOOK: Output: default@src_union_2_n0
POSTHOOK: query: CREATE TABLE src_union_2_n0 (key int, value string) PARTITIONED BY (ds string, part_1 string)
POSTHOOK: type: CREATETABLE
POSTHOOK: Output: database:default
POSTHOOK: Output: default@src_union_2_n0
PREHOOK: query: CREATE TABLE src_union_3_n0(key int, value string) PARTITIONED BY (ds string, part_1 string, part_2 string)
PREHOOK: type: CREATETABLE
PREHOOK: Output: database:default
PREHOOK: Output: default@src_union_3_n0
POSTHOOK: query: CREATE TABLE src_union_3_n0(key int, value string) PARTITIONED BY (ds string, part_1 string, part_2 string)
POSTHOOK: type: CREATETABLE
POSTHOOK: Output: database:default
POSTHOOK: Output: default@src_union_3_n0
STAGE DEPENDENCIES:
  Stage-0 is a root stage

STAGE PLANS:
  Stage: Stage-0
    Fetch Operator
      limit: -1
      Processor Tree:
        TableScan
          alias: src_union_1_n0
          filterExpr: ((key = 86) and (ds = '1')) (type: boolean)
          Filter Operator
            predicate: (key = 86) (type: boolean)
            Select Operator
              expressions: 86 (type: int), value (type: string), '1' (type: string)
              outputColumnNames: _col0, _col1, _col2
              ListSink

STAGE DEPENDENCIES:
  Stage-0 is a root stage

STAGE PLANS:
  Stage: Stage-0
    Fetch Operator
      limit: -1
      Processor Tree:
        TableScan
          alias: src_union_2_n0
          filterExpr: ((key = 86) and (ds = '2')) (type: boolean)
          Filter Operator
            predicate: (key = 86) (type: boolean)
            Select Operator
              expressions: 86 (type: int), value (type: string), '2' (type: string)
              outputColumnNames: _col0, _col1, _col2
              ListSink

STAGE DEPENDENCIES:
  Stage-0 is a root stage

STAGE PLANS:
  Stage: Stage-0
    Fetch Operator
      limit: -1
      Processor Tree:
        TableScan
          alias: src_union_3_n0
          filterExpr: ((key = 86) and (ds = '3')) (type: boolean)
          Filter Operator
            predicate: (key = 86) (type: boolean)
            Select Operator
              expressions: 86 (type: int), value (type: string), '3' (type: string)
              outputColumnNames: _col0, _col1, _col2
              ListSink

86	val_86	1
86	val_86	2
86	val_86	2
86	val_86	3
86	val_86	3
STAGE DEPENDENCIES:
  Stage-0 is a root stage

STAGE PLANS:
  Stage: Stage-0
    Fetch Operator
      limit: 1
      Processor Tree:
        ListSink

STAGE DEPENDENCIES:
  Stage-0 is a root stage

STAGE PLANS:
  Stage: Stage-0
    Fetch Operator
      limit: 1
      Processor Tree:
        ListSink

STAGE DEPENDENCIES:
  Stage-0 is a root stage

STAGE PLANS:
  Stage: Stage-0
    Fetch Operator
      limit: 1
      Processor Tree:
        ListSink

500
1000
1000
STAGE DEPENDENCIES:
  Stage-1 is a root stage
  Stage-0 depends on stages: Stage-1

STAGE PLANS:
  Stage: Stage-1
    Spark
#### A masked pattern was here ####
      Vertices:
        Map 1 
            Map Operator Tree:
                TableScan
                  alias: src_union_1_n0
                  filterExpr: ((key = 86) and (ds = '1')) (type: boolean)
                  Statistics: Num rows: 500 Data size: 94800 Basic stats: COMPLETE Column stats: NONE
                  Filter Operator
                    predicate: (key = 86) (type: boolean)
                    Statistics: Num rows: 5 Data size: 948 Basic stats: COMPLETE Column stats: NONE
                    Select Operator
                      expressions: value (type: string)
                      outputColumnNames: _col0
                      Statistics: Num rows: 5 Data size: 948 Basic stats: COMPLETE Column stats: NONE
                      Select Operator
                        expressions: 86 (type: int), _col0 (type: string), '1' (type: string)
                        outputColumnNames: _col0, _col1, _col2
                        Statistics: Num rows: 7 Data size: 1911 Basic stats: COMPLETE Column stats: PARTIAL
                        File Output Operator
                          compressed: false
                          Statistics: Num rows: 7 Data size: 1911 Basic stats: COMPLETE Column stats: PARTIAL
                          table:
                              input format: org.apache.hadoop.mapred.SequenceFileInputFormat
                              output format: org.apache.hadoop.hive.ql.io.HiveSequenceFileOutputFormat
                              serde: org.apache.hadoop.hive.serde2.lazy.LazySimpleSerDe
            Execution mode: vectorized
        Map 2 
            Map Operator Tree:
                TableScan
                  alias: src_union_2_n0
                  filterExpr: ((key = 86) and (ds = '1')) (type: boolean)
                  Statistics: Num rows: 1 Data size: 372 Basic stats: COMPLETE Column stats: PARTIAL
                  Filter Operator
                    predicate: ((ds = '1') and (key = 86)) (type: boolean)
                    Statistics: Num rows: 1 Data size: 372 Basic stats: COMPLETE Column stats: PARTIAL
                    Select Operator
                      expressions: value (type: string)
                      outputColumnNames: _col0
                      Statistics: Num rows: 1 Data size: 184 Basic stats: COMPLETE Column stats: PARTIAL
                      Select Operator
                        expressions: 86 (type: int), _col0 (type: string), '1' (type: string)
                        outputColumnNames: _col0, _col1, _col2
                        Statistics: Num rows: 7 Data size: 1911 Basic stats: COMPLETE Column stats: PARTIAL
                        File Output Operator
                          compressed: false
                          Statistics: Num rows: 7 Data size: 1911 Basic stats: COMPLETE Column stats: PARTIAL
                          table:
                              input format: org.apache.hadoop.mapred.SequenceFileInputFormat
                              output format: org.apache.hadoop.hive.ql.io.HiveSequenceFileOutputFormat
                              serde: org.apache.hadoop.hive.serde2.lazy.LazySimpleSerDe
            Execution mode: vectorized
        Map 3 
            Map Operator Tree:
                TableScan
                  alias: src_union_3_n0
                  filterExpr: ((key = 86) and (ds = '1')) (type: boolean)
                  Statistics: Num rows: 1 Data size: 372 Basic stats: COMPLETE Column stats: PARTIAL
                  Filter Operator
                    predicate: ((ds = '1') and (key = 86)) (type: boolean)
                    Statistics: Num rows: 1 Data size: 372 Basic stats: COMPLETE Column stats: PARTIAL
                    Select Operator
                      expressions: value (type: string)
                      outputColumnNames: _col0
                      Statistics: Num rows: 1 Data size: 184 Basic stats: COMPLETE Column stats: PARTIAL
                      Select Operator
                        expressions: 86 (type: int), _col0 (type: string), '1' (type: string)
                        outputColumnNames: _col0, _col1, _col2
                        Statistics: Num rows: 7 Data size: 1911 Basic stats: COMPLETE Column stats: PARTIAL
                        File Output Operator
                          compressed: false
                          Statistics: Num rows: 7 Data size: 1911 Basic stats: COMPLETE Column stats: PARTIAL
                          table:
                              input format: org.apache.hadoop.mapred.SequenceFileInputFormat
                              output format: org.apache.hadoop.hive.ql.io.HiveSequenceFileOutputFormat
                              serde: org.apache.hadoop.hive.serde2.lazy.LazySimpleSerDe
            Execution mode: vectorized

  Stage: Stage-0
    Fetch Operator
      limit: -1
      Processor Tree:
        ListSink

STAGE DEPENDENCIES:
  Stage-1 is a root stage
  Stage-0 depends on stages: Stage-1

STAGE PLANS:
  Stage: Stage-1
    Spark
#### A masked pattern was here ####
      Vertices:
        Map 1 
            Map Operator Tree:
                TableScan
                  alias: src_union_1_n0
                  filterExpr: ((key = 86) and (ds = '2')) (type: boolean)
                  Statistics: Num rows: 1 Data size: 372 Basic stats: COMPLETE Column stats: PARTIAL
                  Filter Operator
                    predicate: ((ds = '2') and (key = 86)) (type: boolean)
                    Statistics: Num rows: 1 Data size: 372 Basic stats: COMPLETE Column stats: PARTIAL
                    Select Operator
                      expressions: value (type: string)
                      outputColumnNames: _col0
                      Statistics: Num rows: 1 Data size: 184 Basic stats: COMPLETE Column stats: PARTIAL
                      Select Operator
                        expressions: 86 (type: int), _col0 (type: string), '2' (type: string)
                        outputColumnNames: _col0, _col1, _col2
                        Statistics: Num rows: 7 Data size: 1911 Basic stats: COMPLETE Column stats: PARTIAL
                        File Output Operator
                          compressed: false
                          Statistics: Num rows: 7 Data size: 1911 Basic stats: COMPLETE Column stats: PARTIAL
                          table:
                              input format: org.apache.hadoop.mapred.SequenceFileInputFormat
                              output format: org.apache.hadoop.hive.ql.io.HiveSequenceFileOutputFormat
                              serde: org.apache.hadoop.hive.serde2.lazy.LazySimpleSerDe
            Execution mode: vectorized
        Map 2 
            Map Operator Tree:
                TableScan
                  alias: src_union_2_n0
                  filterExpr: ((key = 86) and (ds = '2')) (type: boolean)
                  Statistics: Num rows: 1000 Data size: 189412 Basic stats: COMPLETE Column stats: NONE
                  Filter Operator
                    predicate: (key = 86) (type: boolean)
                    Statistics: Num rows: 5 Data size: 947 Basic stats: COMPLETE Column stats: NONE
                    Select Operator
                      expressions: value (type: string)
                      outputColumnNames: _col0
                      Statistics: Num rows: 5 Data size: 947 Basic stats: COMPLETE Column stats: NONE
                      Select Operator
                        expressions: 86 (type: int), _col0 (type: string), '2' (type: string)
                        outputColumnNames: _col0, _col1, _col2
                        Statistics: Num rows: 7 Data size: 1911 Basic stats: COMPLETE Column stats: PARTIAL
                        File Output Operator
                          compressed: false
                          Statistics: Num rows: 7 Data size: 1911 Basic stats: COMPLETE Column stats: PARTIAL
                          table:
                              input format: org.apache.hadoop.mapred.SequenceFileInputFormat
                              output format: org.apache.hadoop.hive.ql.io.HiveSequenceFileOutputFormat
                              serde: org.apache.hadoop.hive.serde2.lazy.LazySimpleSerDe
            Execution mode: vectorized
        Map 3 
            Map Operator Tree:
                TableScan
                  alias: src_union_3_n0
                  filterExpr: ((key = 86) and (ds = '2')) (type: boolean)
                  Statistics: Num rows: 1 Data size: 372 Basic stats: COMPLETE Column stats: PARTIAL
                  Filter Operator
                    predicate: ((ds = '2') and (key = 86)) (type: boolean)
                    Statistics: Num rows: 1 Data size: 372 Basic stats: COMPLETE Column stats: PARTIAL
                    Select Operator
                      expressions: value (type: string)
                      outputColumnNames: _col0
                      Statistics: Num rows: 1 Data size: 184 Basic stats: COMPLETE Column stats: PARTIAL
                      Select Operator
                        expressions: 86 (type: int), _col0 (type: string), '2' (type: string)
                        outputColumnNames: _col0, _col1, _col2
                        Statistics: Num rows: 7 Data size: 1911 Basic stats: COMPLETE Column stats: PARTIAL
                        File Output Operator
                          compressed: false
                          Statistics: Num rows: 7 Data size: 1911 Basic stats: COMPLETE Column stats: PARTIAL
                          table:
                              input format: org.apache.hadoop.mapred.SequenceFileInputFormat
                              output format: org.apache.hadoop.hive.ql.io.HiveSequenceFileOutputFormat
                              serde: org.apache.hadoop.hive.serde2.lazy.LazySimpleSerDe
            Execution mode: vectorized

  Stage: Stage-0
    Fetch Operator
      limit: -1
      Processor Tree:
        ListSink

STAGE DEPENDENCIES:
  Stage-1 is a root stage
  Stage-0 depends on stages: Stage-1

STAGE PLANS:
  Stage: Stage-1
    Spark
#### A masked pattern was here ####
      Vertices:
        Map 1 
            Map Operator Tree:
                TableScan
                  alias: src_union_1_n0
                  filterExpr: ((key = 86) and (ds = '3')) (type: boolean)
                  Statistics: Num rows: 1 Data size: 372 Basic stats: COMPLETE Column stats: PARTIAL
                  Filter Operator
                    predicate: ((ds = '3') and (key = 86)) (type: boolean)
                    Statistics: Num rows: 1 Data size: 372 Basic stats: COMPLETE Column stats: PARTIAL
                    Select Operator
                      expressions: value (type: string)
                      outputColumnNames: _col0
                      Statistics: Num rows: 1 Data size: 184 Basic stats: COMPLETE Column stats: PARTIAL
                      Select Operator
                        expressions: 86 (type: int), _col0 (type: string), '3' (type: string)
                        outputColumnNames: _col0, _col1, _col2
                        Statistics: Num rows: 7 Data size: 1911 Basic stats: COMPLETE Column stats: PARTIAL
                        File Output Operator
                          compressed: false
                          Statistics: Num rows: 7 Data size: 1911 Basic stats: COMPLETE Column stats: PARTIAL
                          table:
                              input format: org.apache.hadoop.mapred.SequenceFileInputFormat
                              output format: org.apache.hadoop.hive.ql.io.HiveSequenceFileOutputFormat
                              serde: org.apache.hadoop.hive.serde2.lazy.LazySimpleSerDe
            Execution mode: vectorized
        Map 2 
            Map Operator Tree:
                TableScan
                  alias: src_union_2_n0
                  filterExpr: ((key = 86) and (ds = '3')) (type: boolean)
                  Statistics: Num rows: 1 Data size: 372 Basic stats: COMPLETE Column stats: PARTIAL
                  Filter Operator
                    predicate: ((ds = '3') and (key = 86)) (type: boolean)
                    Statistics: Num rows: 1 Data size: 372 Basic stats: COMPLETE Column stats: PARTIAL
                    Select Operator
                      expressions: value (type: string)
                      outputColumnNames: _col0
                      Statistics: Num rows: 1 Data size: 184 Basic stats: COMPLETE Column stats: PARTIAL
                      Select Operator
                        expressions: 86 (type: int), _col0 (type: string), '3' (type: string)
                        outputColumnNames: _col0, _col1, _col2
                        Statistics: Num rows: 7 Data size: 1911 Basic stats: COMPLETE Column stats: PARTIAL
                        File Output Operator
                          compressed: false
                          Statistics: Num rows: 7 Data size: 1911 Basic stats: COMPLETE Column stats: PARTIAL
                          table:
                              input format: org.apache.hadoop.mapred.SequenceFileInputFormat
                              output format: org.apache.hadoop.hive.ql.io.HiveSequenceFileOutputFormat
                              serde: org.apache.hadoop.hive.serde2.lazy.LazySimpleSerDe
            Execution mode: vectorized
        Map 3 
            Map Operator Tree:
                TableScan
                  alias: src_union_3_n0
                  filterExpr: ((key = 86) and (ds = '3')) (type: boolean)
                  Statistics: Num rows: 1000 Data size: 189412 Basic stats: COMPLETE Column stats: NONE
                  Filter Operator
                    predicate: (key = 86) (type: boolean)
                    Statistics: Num rows: 5 Data size: 947 Basic stats: COMPLETE Column stats: NONE
                    Select Operator
                      expressions: value (type: string)
                      outputColumnNames: _col0
                      Statistics: Num rows: 5 Data size: 947 Basic stats: COMPLETE Column stats: NONE
                      Select Operator
                        expressions: 86 (type: int), _col0 (type: string), '3' (type: string)
                        outputColumnNames: _col0, _col1, _col2
                        Statistics: Num rows: 7 Data size: 1911 Basic stats: COMPLETE Column stats: PARTIAL
                        File Output Operator
                          compressed: false
                          Statistics: Num rows: 7 Data size: 1911 Basic stats: COMPLETE Column stats: PARTIAL
                          table:
                              input format: org.apache.hadoop.mapred.SequenceFileInputFormat
                              output format: org.apache.hadoop.hive.ql.io.HiveSequenceFileOutputFormat
                              serde: org.apache.hadoop.hive.serde2.lazy.LazySimpleSerDe
            Execution mode: vectorized

  Stage: Stage-0
    Fetch Operator
      limit: -1
      Processor Tree:
        ListSink

STAGE DEPENDENCIES:
  Stage-1 is a root stage
  Stage-0 depends on stages: Stage-1

STAGE PLANS:
  Stage: Stage-1
    Spark
#### A masked pattern was here ####
      Vertices:
        Map 1 
            Map Operator Tree:
                TableScan
                  alias: src_union_1_n0
                  filterExpr: ((key = 86) and ds is not null) (type: boolean)
                  Statistics: Num rows: 500 Data size: 186800 Basic stats: COMPLETE Column stats: PARTIAL
                  Filter Operator
                    predicate: (key = 86) (type: boolean)
                    Statistics: Num rows: 5 Data size: 1860 Basic stats: COMPLETE Column stats: PARTIAL
                    Select Operator
                      expressions: value (type: string), ds (type: string)
                      outputColumnNames: _col0, _col1
                      Statistics: Num rows: 5 Data size: 1840 Basic stats: COMPLETE Column stats: PARTIAL
                      Select Operator
                        expressions: 86 (type: int), _col0 (type: string), _col1 (type: string)
                        outputColumnNames: _col0, _col1, _col2
                        Statistics: Num rows: 15 Data size: 5580 Basic stats: COMPLETE Column stats: PARTIAL
                        File Output Operator
                          compressed: false
                          Statistics: Num rows: 15 Data size: 5580 Basic stats: COMPLETE Column stats: PARTIAL
                          table:
                              input format: org.apache.hadoop.mapred.SequenceFileInputFormat
                              output format: org.apache.hadoop.hive.ql.io.HiveSequenceFileOutputFormat
                              serde: org.apache.hadoop.hive.serde2.lazy.LazySimpleSerDe
            Execution mode: vectorized
        Map 2 
            Map Operator Tree:
                TableScan
                  alias: src_union_2_n0
                  filterExpr: ((key = 86) and ds is not null) (type: boolean)
                  Statistics: Num rows: 1000 Data size: 373412 Basic stats: COMPLETE Column stats: PARTIAL
                  Filter Operator
                    predicate: (key = 86) (type: boolean)
                    Statistics: Num rows: 5 Data size: 1860 Basic stats: COMPLETE Column stats: PARTIAL
                    Select Operator
                      expressions: value (type: string), ds (type: string)
                      outputColumnNames: _col0, _col1
                      Statistics: Num rows: 5 Data size: 1840 Basic stats: COMPLETE Column stats: PARTIAL
                      Select Operator
                        expressions: 86 (type: int), _col0 (type: string), _col1 (type: string)
                        outputColumnNames: _col0, _col1, _col2
                        Statistics: Num rows: 15 Data size: 5580 Basic stats: COMPLETE Column stats: PARTIAL
                        File Output Operator
                          compressed: false
                          Statistics: Num rows: 15 Data size: 5580 Basic stats: COMPLETE Column stats: PARTIAL
                          table:
                              input format: org.apache.hadoop.mapred.SequenceFileInputFormat
                              output format: org.apache.hadoop.hive.ql.io.HiveSequenceFileOutputFormat
                              serde: org.apache.hadoop.hive.serde2.lazy.LazySimpleSerDe
            Execution mode: vectorized
        Map 3 
            Map Operator Tree:
                TableScan
                  alias: src_union_3_n0
                  filterExpr: ((key = 86) and ds is not null) (type: boolean)
                  Statistics: Num rows: 1000 Data size: 373412 Basic stats: COMPLETE Column stats: PARTIAL
                  Filter Operator
                    predicate: (key = 86) (type: boolean)
                    Statistics: Num rows: 5 Data size: 1860 Basic stats: COMPLETE Column stats: PARTIAL
                    Select Operator
                      expressions: value (type: string), ds (type: string)
                      outputColumnNames: _col0, _col1
                      Statistics: Num rows: 5 Data size: 1840 Basic stats: COMPLETE Column stats: PARTIAL
                      Select Operator
                        expressions: 86 (type: int), _col0 (type: string), _col1 (type: string)
                        outputColumnNames: _col0, _col1, _col2
                        Statistics: Num rows: 15 Data size: 5580 Basic stats: COMPLETE Column stats: PARTIAL
                        File Output Operator
                          compressed: false
                          Statistics: Num rows: 15 Data size: 5580 Basic stats: COMPLETE Column stats: PARTIAL
                          table:
                              input format: org.apache.hadoop.mapred.SequenceFileInputFormat
                              output format: org.apache.hadoop.hive.ql.io.HiveSequenceFileOutputFormat
                              serde: org.apache.hadoop.hive.serde2.lazy.LazySimpleSerDe
            Execution mode: vectorized

  Stage: Stage-0
    Fetch Operator
      limit: -1
      Processor Tree:
        ListSink

86	val_86	1
86	val_86	2
86	val_86	2
86	val_86	3
86	val_86	3
86	val_86	1
86	val_86	2
86	val_86	2
86	val_86	3
86	val_86	3
STAGE DEPENDENCIES:
  Stage-1 is a root stage
  Stage-0 depends on stages: Stage-1

STAGE PLANS:
  Stage: Stage-1
    Spark
      Edges:
        Reducer 2 <- Map 1 (GROUP, 1), Map 3 (GROUP, 1), Map 4 (GROUP, 1)
#### A masked pattern was here ####
      Vertices:
        Map 1 
            Map Operator Tree:
                TableScan
                  alias: src_union_1_n0
                  filterExpr: (ds = '1') (type: boolean)
                  Statistics: Num rows: 500 Data size: 9312 Basic stats: COMPLETE Column stats: COMPLETE
                  Select Operator
                    Statistics: Num rows: 500 Data size: 4000 Basic stats: COMPLETE Column stats: COMPLETE
                    Select Operator
                      Statistics: Num rows: 502 Data size: 4016 Basic stats: COMPLETE Column stats: COMPLETE
                      Group By Operator
                        aggregations: count()
                        mode: hash
                        outputColumnNames: _col0
                        Statistics: Num rows: 1 Data size: 8 Basic stats: COMPLETE Column stats: COMPLETE
                        Reduce Output Operator
                          sort order: 
                          Statistics: Num rows: 1 Data size: 8 Basic stats: COMPLETE Column stats: COMPLETE
                          value expressions: _col0 (type: bigint)
            Execution mode: vectorized
        Map 3 
            Map Operator Tree:
                TableScan
                  alias: src_union_2_n0
                  filterExpr: (ds = '1') (type: boolean)
                  Statistics: Num rows: 1 Data size: 184 Basic stats: COMPLETE Column stats: COMPLETE
                  Filter Operator
                    predicate: (ds = '1') (type: boolean)
                    Statistics: Num rows: 1 Data size: 184 Basic stats: COMPLETE Column stats: COMPLETE
                    Select Operator
                      Statistics: Num rows: 1 Data size: 8 Basic stats: COMPLETE Column stats: COMPLETE
                      Select Operator
                        Statistics: Num rows: 502 Data size: 4016 Basic stats: COMPLETE Column stats: COMPLETE
                        Group By Operator
                          aggregations: count()
                          mode: hash
                          outputColumnNames: _col0
                          Statistics: Num rows: 1 Data size: 8 Basic stats: COMPLETE Column stats: COMPLETE
                          Reduce Output Operator
                            sort order: 
                            Statistics: Num rows: 1 Data size: 8 Basic stats: COMPLETE Column stats: COMPLETE
                            value expressions: _col0 (type: bigint)
            Execution mode: vectorized
        Map 4 
            Map Operator Tree:
                TableScan
                  alias: src_union_3_n0
                  filterExpr: (ds = '1') (type: boolean)
                  Statistics: Num rows: 1 Data size: 184 Basic stats: COMPLETE Column stats: COMPLETE
                  Filter Operator
                    predicate: (ds = '1') (type: boolean)
                    Statistics: Num rows: 1 Data size: 184 Basic stats: COMPLETE Column stats: COMPLETE
                    Select Operator
                      Statistics: Num rows: 1 Data size: 8 Basic stats: COMPLETE Column stats: COMPLETE
                      Select Operator
                        Statistics: Num rows: 502 Data size: 4016 Basic stats: COMPLETE Column stats: COMPLETE
                        Group By Operator
                          aggregations: count()
                          mode: hash
                          outputColumnNames: _col0
                          Statistics: Num rows: 1 Data size: 8 Basic stats: COMPLETE Column stats: COMPLETE
                          Reduce Output Operator
                            sort order: 
                            Statistics: Num rows: 1 Data size: 8 Basic stats: COMPLETE Column stats: COMPLETE
                            value expressions: _col0 (type: bigint)
            Execution mode: vectorized
        Reducer 2 
            Execution mode: vectorized
            Reduce Operator Tree:
              Group By Operator
                aggregations: count(VALUE._col0)
                mode: mergepartial
                outputColumnNames: _col0
                Statistics: Num rows: 1 Data size: 8 Basic stats: COMPLETE Column stats: COMPLETE
                File Output Operator
                  compressed: false
                  Statistics: Num rows: 1 Data size: 8 Basic stats: COMPLETE Column stats: COMPLETE
                  table:
                      input format: org.apache.hadoop.mapred.SequenceFileInputFormat
                      output format: org.apache.hadoop.hive.ql.io.HiveSequenceFileOutputFormat
                      serde: org.apache.hadoop.hive.serde2.lazy.LazySimpleSerDe

  Stage: Stage-0
    Fetch Operator
      limit: -1
      Processor Tree:
        ListSink

STAGE DEPENDENCIES:
  Stage-1 is a root stage
  Stage-0 depends on stages: Stage-1

STAGE PLANS:
  Stage: Stage-1
    Spark
      Edges:
        Reducer 2 <- Map 1 (GROUP, 1), Map 3 (GROUP, 1), Map 4 (GROUP, 1)
#### A masked pattern was here ####
      Vertices:
        Map 1 
            Map Operator Tree:
                TableScan
                  alias: src_union_1_n0
                  filterExpr: (ds = '2') (type: boolean)
                  Statistics: Num rows: 1 Data size: 184 Basic stats: COMPLETE Column stats: COMPLETE
                  Filter Operator
                    predicate: (ds = '2') (type: boolean)
                    Statistics: Num rows: 1 Data size: 184 Basic stats: COMPLETE Column stats: COMPLETE
                    Select Operator
                      Statistics: Num rows: 1 Data size: 8 Basic stats: COMPLETE Column stats: COMPLETE
                      Select Operator
                        Statistics: Num rows: 1002 Data size: 8016 Basic stats: COMPLETE Column stats: COMPLETE
                        Group By Operator
                          aggregations: count()
                          mode: hash
                          outputColumnNames: _col0
                          Statistics: Num rows: 1 Data size: 8 Basic stats: COMPLETE Column stats: COMPLETE
                          Reduce Output Operator
                            sort order: 
                            Statistics: Num rows: 1 Data size: 8 Basic stats: COMPLETE Column stats: COMPLETE
                            value expressions: _col0 (type: bigint)
            Execution mode: vectorized
        Map 3 
            Map Operator Tree:
                TableScan
                  alias: src_union_2_n0
                  filterExpr: (ds = '2') (type: boolean)
                  Statistics: Num rows: 1000 Data size: 18624 Basic stats: COMPLETE Column stats: COMPLETE
                  Select Operator
                    Statistics: Num rows: 1000 Data size: 8000 Basic stats: COMPLETE Column stats: COMPLETE
                    Select Operator
                      Statistics: Num rows: 1002 Data size: 8016 Basic stats: COMPLETE Column stats: COMPLETE
                      Group By Operator
                        aggregations: count()
                        mode: hash
                        outputColumnNames: _col0
                        Statistics: Num rows: 1 Data size: 8 Basic stats: COMPLETE Column stats: COMPLETE
                        Reduce Output Operator
                          sort order: 
                          Statistics: Num rows: 1 Data size: 8 Basic stats: COMPLETE Column stats: COMPLETE
                          value expressions: _col0 (type: bigint)
            Execution mode: vectorized
        Map 4 
            Map Operator Tree:
                TableScan
                  alias: src_union_3_n0
                  filterExpr: (ds = '2') (type: boolean)
                  Statistics: Num rows: 1 Data size: 184 Basic stats: COMPLETE Column stats: COMPLETE
                  Filter Operator
                    predicate: (ds = '2') (type: boolean)
                    Statistics: Num rows: 1 Data size: 184 Basic stats: COMPLETE Column stats: COMPLETE
                    Select Operator
                      Statistics: Num rows: 1 Data size: 8 Basic stats: COMPLETE Column stats: COMPLETE
                      Select Operator
                        Statistics: Num rows: 1002 Data size: 8016 Basic stats: COMPLETE Column stats: COMPLETE
                        Group By Operator
                          aggregations: count()
                          mode: hash
                          outputColumnNames: _col0
                          Statistics: Num rows: 1 Data size: 8 Basic stats: COMPLETE Column stats: COMPLETE
                          Reduce Output Operator
                            sort order: 
                            Statistics: Num rows: 1 Data size: 8 Basic stats: COMPLETE Column stats: COMPLETE
                            value expressions: _col0 (type: bigint)
            Execution mode: vectorized
        Reducer 2 
            Execution mode: vectorized
            Reduce Operator Tree:
              Group By Operator
                aggregations: count(VALUE._col0)
                mode: mergepartial
                outputColumnNames: _col0
                Statistics: Num rows: 1 Data size: 8 Basic stats: COMPLETE Column stats: COMPLETE
                File Output Operator
                  compressed: false
                  Statistics: Num rows: 1 Data size: 8 Basic stats: COMPLETE Column stats: COMPLETE
                  table:
                      input format: org.apache.hadoop.mapred.SequenceFileInputFormat
                      output format: org.apache.hadoop.hive.ql.io.HiveSequenceFileOutputFormat
                      serde: org.apache.hadoop.hive.serde2.lazy.LazySimpleSerDe

  Stage: Stage-0
    Fetch Operator
      limit: -1
      Processor Tree:
        ListSink

STAGE DEPENDENCIES:
  Stage-1 is a root stage
  Stage-0 depends on stages: Stage-1

STAGE PLANS:
  Stage: Stage-1
    Spark
      Edges:
        Reducer 2 <- Map 1 (GROUP, 1), Map 3 (GROUP, 1), Map 4 (GROUP, 1)
#### A masked pattern was here ####
      Vertices:
        Map 1 
            Map Operator Tree:
                TableScan
                  alias: src_union_1_n0
                  filterExpr: (ds = '3') (type: boolean)
                  Statistics: Num rows: 1 Data size: 184 Basic stats: COMPLETE Column stats: COMPLETE
                  Filter Operator
                    predicate: (ds = '3') (type: boolean)
                    Statistics: Num rows: 1 Data size: 184 Basic stats: COMPLETE Column stats: COMPLETE
                    Select Operator
                      Statistics: Num rows: 1 Data size: 8 Basic stats: COMPLETE Column stats: COMPLETE
                      Select Operator
                        Statistics: Num rows: 1002 Data size: 8016 Basic stats: COMPLETE Column stats: COMPLETE
                        Group By Operator
                          aggregations: count()
                          mode: hash
                          outputColumnNames: _col0
                          Statistics: Num rows: 1 Data size: 8 Basic stats: COMPLETE Column stats: COMPLETE
                          Reduce Output Operator
                            sort order: 
                            Statistics: Num rows: 1 Data size: 8 Basic stats: COMPLETE Column stats: COMPLETE
                            value expressions: _col0 (type: bigint)
            Execution mode: vectorized
        Map 3 
            Map Operator Tree:
                TableScan
                  alias: src_union_2_n0
                  filterExpr: (ds = '3') (type: boolean)
                  Statistics: Num rows: 1 Data size: 184 Basic stats: COMPLETE Column stats: COMPLETE
                  Filter Operator
                    predicate: (ds = '3') (type: boolean)
                    Statistics: Num rows: 1 Data size: 184 Basic stats: COMPLETE Column stats: COMPLETE
                    Select Operator
                      Statistics: Num rows: 1 Data size: 8 Basic stats: COMPLETE Column stats: COMPLETE
                      Select Operator
                        Statistics: Num rows: 1002 Data size: 8016 Basic stats: COMPLETE Column stats: COMPLETE
                        Group By Operator
                          aggregations: count()
                          mode: hash
                          outputColumnNames: _col0
                          Statistics: Num rows: 1 Data size: 8 Basic stats: COMPLETE Column stats: COMPLETE
                          Reduce Output Operator
                            sort order: 
                            Statistics: Num rows: 1 Data size: 8 Basic stats: COMPLETE Column stats: COMPLETE
                            value expressions: _col0 (type: bigint)
            Execution mode: vectorized
        Map 4 
            Map Operator Tree:
                TableScan
                  alias: src_union_3_n0
                  filterExpr: (ds = '3') (type: boolean)
                  Statistics: Num rows: 1000 Data size: 18624 Basic stats: COMPLETE Column stats: COMPLETE
                  Select Operator
                    Statistics: Num rows: 1000 Data size: 8000 Basic stats: COMPLETE Column stats: COMPLETE
                    Select Operator
                      Statistics: Num rows: 1002 Data size: 8016 Basic stats: COMPLETE Column stats: COMPLETE
                      Group By Operator
                        aggregations: count()
                        mode: hash
                        outputColumnNames: _col0
                        Statistics: Num rows: 1 Data size: 8 Basic stats: COMPLETE Column stats: COMPLETE
                        Reduce Output Operator
                          sort order: 
                          Statistics: Num rows: 1 Data size: 8 Basic stats: COMPLETE Column stats: COMPLETE
                          value expressions: _col0 (type: bigint)
            Execution mode: vectorized
        Reducer 2 
            Execution mode: vectorized
            Reduce Operator Tree:
              Group By Operator
                aggregations: count(VALUE._col0)
                mode: mergepartial
                outputColumnNames: _col0
                Statistics: Num rows: 1 Data size: 8 Basic stats: COMPLETE Column stats: COMPLETE
                File Output Operator
                  compressed: false
                  Statistics: Num rows: 1 Data size: 8 Basic stats: COMPLETE Column stats: COMPLETE
                  table:
                      input format: org.apache.hadoop.mapred.SequenceFileInputFormat
                      output format: org.apache.hadoop.hive.ql.io.HiveSequenceFileOutputFormat
                      serde: org.apache.hadoop.hive.serde2.lazy.LazySimpleSerDe

  Stage: Stage-0
    Fetch Operator
      limit: -1
      Processor Tree:
        ListSink

500
1000
1000
STAGE DEPENDENCIES:
  Stage-1 is a root stage
  Stage-0 depends on stages: Stage-1

STAGE PLANS:
  Stage: Stage-1
    Spark
#### A masked pattern was here ####
      Vertices:
        Map 1 
            Map Operator Tree:
                TableScan
                  alias: src_union_1_n0
                  filterExpr: ((key = 86) and (ds = '4')) (type: boolean)
                  Statistics: Num rows: 1 Data size: 372 Basic stats: COMPLETE Column stats: PARTIAL
                  Filter Operator
                    predicate: ((ds = '4') and (key = 86)) (type: boolean)
                    Statistics: Num rows: 1 Data size: 372 Basic stats: COMPLETE Column stats: PARTIAL
                    Select Operator
                      expressions: value (type: string)
                      outputColumnNames: _col0
                      Statistics: Num rows: 1 Data size: 184 Basic stats: COMPLETE Column stats: PARTIAL
                      Select Operator
                        expressions: 86 (type: int), _col0 (type: string), '4' (type: string)
                        outputColumnNames: _col0, _col1, _col2
                        Statistics: Num rows: 7 Data size: 1911 Basic stats: COMPLETE Column stats: PARTIAL
                        File Output Operator
                          compressed: false
                          Statistics: Num rows: 7 Data size: 1911 Basic stats: COMPLETE Column stats: PARTIAL
                          table:
                              input format: org.apache.hadoop.mapred.SequenceFileInputFormat
                              output format: org.apache.hadoop.hive.ql.io.HiveSequenceFileOutputFormat
                              serde: org.apache.hadoop.hive.serde2.lazy.LazySimpleSerDe
            Execution mode: vectorized
        Map 2 
            Map Operator Tree:
                TableScan
                  alias: src_union_2_n0
                  filterExpr: ((key = 86) and (ds = '4')) (type: boolean)
                  Statistics: Num rows: 1 Data size: 372 Basic stats: COMPLETE Column stats: PARTIAL
                  Filter Operator
                    predicate: ((ds = '4') and (key = 86)) (type: boolean)
                    Statistics: Num rows: 1 Data size: 372 Basic stats: COMPLETE Column stats: PARTIAL
                    Select Operator
                      expressions: value (type: string)
                      outputColumnNames: _col0
                      Statistics: Num rows: 1 Data size: 184 Basic stats: COMPLETE Column stats: PARTIAL
                      Select Operator
                        expressions: 86 (type: int), _col0 (type: string), '4' (type: string)
                        outputColumnNames: _col0, _col1, _col2
                        Statistics: Num rows: 7 Data size: 1911 Basic stats: COMPLETE Column stats: PARTIAL
                        File Output Operator
                          compressed: false
                          Statistics: Num rows: 7 Data size: 1911 Basic stats: COMPLETE Column stats: PARTIAL
                          table:
                              input format: org.apache.hadoop.mapred.SequenceFileInputFormat
                              output format: org.apache.hadoop.hive.ql.io.HiveSequenceFileOutputFormat
                              serde: org.apache.hadoop.hive.serde2.lazy.LazySimpleSerDe
            Execution mode: vectorized
        Map 3 
            Map Operator Tree:
                TableScan
                  alias: src_union_3_n0
                  filterExpr: ((key = 86) and (ds = '4')) (type: boolean)
                  Statistics: Num rows: 500 Data size: 94800 Basic stats: COMPLETE Column stats: NONE
                  Filter Operator
                    predicate: (key = 86) (type: boolean)
                    Statistics: Num rows: 5 Data size: 948 Basic stats: COMPLETE Column stats: NONE
                    Select Operator
                      expressions: value (type: string)
                      outputColumnNames: _col0
                      Statistics: Num rows: 5 Data size: 948 Basic stats: COMPLETE Column stats: NONE
                      Select Operator
                        expressions: 86 (type: int), _col0 (type: string), '4' (type: string)
                        outputColumnNames: _col0, _col1, _col2
                        Statistics: Num rows: 7 Data size: 1911 Basic stats: COMPLETE Column stats: PARTIAL
                        File Output Operator
                          compressed: false
                          Statistics: Num rows: 7 Data size: 1911 Basic stats: COMPLETE Column stats: PARTIAL
                          table:
                              input format: org.apache.hadoop.mapred.SequenceFileInputFormat
                              output format: org.apache.hadoop.hive.ql.io.HiveSequenceFileOutputFormat
                              serde: org.apache.hadoop.hive.serde2.lazy.LazySimpleSerDe
            Execution mode: vectorized

  Stage: Stage-0
    Fetch Operator
      limit: -1
      Processor Tree:
        ListSink

86	val_86	4
STAGE DEPENDENCIES:
  Stage-1 is a root stage
  Stage-0 depends on stages: Stage-1

STAGE PLANS:
  Stage: Stage-1
    Spark
      Edges:
        Reducer 2 <- Map 1 (GROUP, 1), Map 3 (GROUP, 1), Map 4 (GROUP, 1)
#### A masked pattern was here ####
      Vertices:
        Map 1 
            Map Operator Tree:
                TableScan
                  alias: src_union_1_n0
                  filterExpr: (ds = '4') (type: boolean)
                  Statistics: Num rows: 1 Data size: 184 Basic stats: COMPLETE Column stats: COMPLETE
                  Filter Operator
                    predicate: (ds = '4') (type: boolean)
                    Statistics: Num rows: 1 Data size: 184 Basic stats: COMPLETE Column stats: COMPLETE
                    Select Operator
                      Statistics: Num rows: 1 Data size: 8 Basic stats: COMPLETE Column stats: COMPLETE
                      Select Operator
                        Statistics: Num rows: 502 Data size: 4016 Basic stats: COMPLETE Column stats: COMPLETE
                        Group By Operator
                          aggregations: count()
                          mode: hash
                          outputColumnNames: _col0
                          Statistics: Num rows: 1 Data size: 8 Basic stats: COMPLETE Column stats: COMPLETE
                          Reduce Output Operator
                            sort order: 
                            Statistics: Num rows: 1 Data size: 8 Basic stats: COMPLETE Column stats: COMPLETE
                            value expressions: _col0 (type: bigint)
            Execution mode: vectorized
        Map 3 
            Map Operator Tree:
                TableScan
                  alias: src_union_2_n0
                  filterExpr: (ds = '4') (type: boolean)
                  Statistics: Num rows: 1 Data size: 184 Basic stats: COMPLETE Column stats: COMPLETE
                  Filter Operator
                    predicate: (ds = '4') (type: boolean)
                    Statistics: Num rows: 1 Data size: 184 Basic stats: COMPLETE Column stats: COMPLETE
                    Select Operator
                      Statistics: Num rows: 1 Data size: 8 Basic stats: COMPLETE Column stats: COMPLETE
                      Select Operator
                        Statistics: Num rows: 502 Data size: 4016 Basic stats: COMPLETE Column stats: COMPLETE
                        Group By Operator
                          aggregations: count()
                          mode: hash
                          outputColumnNames: _col0
                          Statistics: Num rows: 1 Data size: 8 Basic stats: COMPLETE Column stats: COMPLETE
                          Reduce Output Operator
                            sort order: 
                            Statistics: Num rows: 1 Data size: 8 Basic stats: COMPLETE Column stats: COMPLETE
                            value expressions: _col0 (type: bigint)
            Execution mode: vectorized
        Map 4 
            Map Operator Tree:
                TableScan
                  alias: src_union_3_n0
                  filterExpr: (ds = '4') (type: boolean)
                  Statistics: Num rows: 500 Data size: 9312 Basic stats: COMPLETE Column stats: COMPLETE
                  Select Operator
                    Statistics: Num rows: 500 Data size: 4000 Basic stats: COMPLETE Column stats: COMPLETE
                    Select Operator
                      Statistics: Num rows: 502 Data size: 4016 Basic stats: COMPLETE Column stats: COMPLETE
                      Group By Operator
                        aggregations: count()
                        mode: hash
                        outputColumnNames: _col0
                        Statistics: Num rows: 1 Data size: 8 Basic stats: COMPLETE Column stats: COMPLETE
                        Reduce Output Operator
                          sort order: 
                          Statistics: Num rows: 1 Data size: 8 Basic stats: COMPLETE Column stats: COMPLETE
                          value expressions: _col0 (type: bigint)
            Execution mode: vectorized
        Reducer 2 
            Execution mode: vectorized
            Reduce Operator Tree:
              Group By Operator
                aggregations: count(VALUE._col0)
                mode: mergepartial
                outputColumnNames: _col0
                Statistics: Num rows: 1 Data size: 8 Basic stats: COMPLETE Column stats: COMPLETE
                File Output Operator
                  compressed: false
                  Statistics: Num rows: 1 Data size: 8 Basic stats: COMPLETE Column stats: COMPLETE
                  table:
                      input format: org.apache.hadoop.mapred.SequenceFileInputFormat
                      output format: org.apache.hadoop.hive.ql.io.HiveSequenceFileOutputFormat
                      serde: org.apache.hadoop.hive.serde2.lazy.LazySimpleSerDe

  Stage: Stage-0
    Fetch Operator
      limit: -1
      Processor Tree:
        ListSink

500
