PREHOOK: query: drop table acid
PREHOOK: type: DROPTABLE
POSTHOOK: query: drop table acid
POSTHOOK: type: DROPTABLE
PREHOOK: query: CREATE TABLE acid(key string, value string) PARTITIONED BY(ds string) CLUSTERED BY(key) INTO 2 BUCKETS STORED AS ORC TBLPROPERTIES ('transactional'='true')
PREHOOK: type: CREATETABLE
PREHOOK: Output: database:default
PREHOOK: Output: default@acid
POSTHOOK: query: CREATE TABLE acid(key string, value string) PARTITIONED BY(ds string) CLUSTERED BY(key) INTO 2 BUCKETS STORED AS ORC TBLPROPERTIES ('transactional'='true')
POSTHOOK: type: CREATETABLE
POSTHOOK: Output: database:default
POSTHOOK: Output: default@acid
PREHOOK: query: desc formatted acid
PREHOOK: type: DESCTABLE
PREHOOK: Input: default@acid
POSTHOOK: query: desc formatted acid
POSTHOOK: type: DESCTABLE
POSTHOOK: Input: default@acid
# col_name            	data_type           	comment             
	 	 
key                 	string              	                    
value               	string              	                    
	 	 
# Partition Information	 	 
# col_name            	data_type           	comment             
	 	 
ds                  	string              	                    
	 	 
# Detailed Table Information	 	 
Database:           	default             	 
#### A masked pattern was here ####
Retention:          	0                   	 
#### A masked pattern was here ####
Table Type:         	MANAGED_TABLE       	 
Table Parameters:	 	 
	COLUMN_STATS_ACCURATE	{\"BASIC_STATS\":\"true\"}
	numFiles            	0                   
	numPartitions       	0                   
	numRows             	0                   
	rawDataSize         	0                   
	totalSize           	0                   
	transactional       	true                
#### A masked pattern was here ####
	 	 
# Storage Information	 	 
SerDe Library:      	org.apache.hadoop.hive.ql.io.orc.OrcSerde	 
InputFormat:        	org.apache.hadoop.hive.ql.io.orc.OrcInputFormat	 
OutputFormat:       	org.apache.hadoop.hive.ql.io.orc.OrcOutputFormat	 
Compressed:         	No                  	 
Num Buckets:        	2                   	 
Bucket Columns:     	[key]               	 
Sort Columns:       	[]                  	 
Storage Desc Params:	 	 
	serialization.format	1                   
PREHOOK: query: insert into table acid partition(ds)  select 'a' as key,'v' as value,'2008-04-08' as ds
PREHOOK: type: QUERY
PREHOOK: Input: _dummy_database@_dummy_table
PREHOOK: Output: default@acid
POSTHOOK: query: insert into table acid partition(ds)  select 'a' as key,'v' as value,'2008-04-08' as ds
POSTHOOK: type: QUERY
POSTHOOK: Input: _dummy_database@_dummy_table
POSTHOOK: Output: default@acid@ds=2008-04-08
POSTHOOK: Lineage: acid PARTITION(ds=2008-04-08).key SIMPLE []
POSTHOOK: Lineage: acid PARTITION(ds=2008-04-08).value SIMPLE []
PREHOOK: query: desc formatted acid partition(ds='2008-04-08')
PREHOOK: type: DESCTABLE
PREHOOK: Input: default@acid
POSTHOOK: query: desc formatted acid partition(ds='2008-04-08')
POSTHOOK: type: DESCTABLE
POSTHOOK: Input: default@acid
# col_name            	data_type           	comment             
	 	 
key                 	string              	                    
value               	string              	                    
	 	 
# Partition Information	 	 
# col_name            	data_type           	comment             
	 	 
ds                  	string              	                    
	 	 
# Detailed Partition Information	 	 
Partition Value:    	[2008-04-08]        	 
Database:           	default             	 
Table:              	acid                	 
#### A masked pattern was here ####
Partition Parameters:	 	 
	numFiles            	1                   
	totalSize           	669                 
#### A masked pattern was here ####
	 	 
# Storage Information	 	 
SerDe Library:      	org.apache.hadoop.hive.ql.io.orc.OrcSerde	 
InputFormat:        	org.apache.hadoop.hive.ql.io.orc.OrcInputFormat	 
OutputFormat:       	org.apache.hadoop.hive.ql.io.orc.OrcOutputFormat	 
Compressed:         	No                  	 
Num Buckets:        	2                   	 
Bucket Columns:     	[key]               	 
Sort Columns:       	[]                  	 
Storage Desc Params:	 	 
	serialization.format	1                   
PREHOOK: query: explain select count(*) from acid where ds='2008-04-08'
PREHOOK: type: QUERY
POSTHOOK: query: explain select count(*) from acid where ds='2008-04-08'
POSTHOOK: type: QUERY
STAGE DEPENDENCIES:
  Stage-1 is a root stage
  Stage-0 depends on stages: Stage-1

STAGE PLANS:
  Stage: Stage-1
    Map Reduce
      Map Operator Tree:
          TableScan
            alias: acid
            Statistics: Num rows: 1 Data size: 669 Basic stats: PARTIAL Column stats: NONE
            Select Operator
              Statistics: Num rows: 1 Data size: 669 Basic stats: PARTIAL Column stats: NONE
              Group By Operator
                aggregations: count()
                mode: hash
                outputColumnNames: _col0
                Statistics: Num rows: 1 Data size: 8 Basic stats: COMPLETE Column stats: NONE
                Reduce Output Operator
                  sort order: 
                  Statistics: Num rows: 1 Data size: 8 Basic stats: COMPLETE Column stats: NONE
                  value expressions: _col0 (type: bigint)
      Reduce Operator Tree:
        Group By Operator
          aggregations: count(VALUE._col0)
          mode: mergepartial
          outputColumnNames: _col0
          Statistics: Num rows: 1 Data size: 8 Basic stats: COMPLETE Column stats: NONE
          File Output Operator
            compressed: false
            Statistics: Num rows: 1 Data size: 8 Basic stats: COMPLETE Column stats: NONE
            table:
                input format: org.apache.hadoop.mapred.SequenceFileInputFormat
                output format: org.apache.hadoop.hive.ql.io.HiveSequenceFileOutputFormat
                serde: org.apache.hadoop.hive.serde2.lazy.LazySimpleSerDe

  Stage: Stage-0
    Fetch Operator
      limit: -1
      Processor Tree:
        ListSink

PREHOOK: query: select count(*) from acid where ds='2008-04-08'
PREHOOK: type: QUERY
PREHOOK: Input: default@acid
PREHOOK: Input: default@acid@ds=2008-04-08
#### A masked pattern was here ####
POSTHOOK: query: select count(*) from acid where ds='2008-04-08'
POSTHOOK: type: QUERY
POSTHOOK: Input: default@acid
POSTHOOK: Input: default@acid@ds=2008-04-08
#### A masked pattern was here ####
1
PREHOOK: query: explain select count(*) from acid where ds='2008-04-08'
PREHOOK: type: QUERY
POSTHOOK: query: explain select count(*) from acid where ds='2008-04-08'
POSTHOOK: type: QUERY
STAGE DEPENDENCIES:
  Stage-1 is a root stage
  Stage-0 depends on stages: Stage-1

STAGE PLANS:
  Stage: Stage-1
    Map Reduce
      Map Operator Tree:
          TableScan
            alias: acid
            Statistics: Num rows: 1 Data size: 669 Basic stats: PARTIAL Column stats: NONE
            Select Operator
              Statistics: Num rows: 1 Data size: 669 Basic stats: PARTIAL Column stats: NONE
              Group By Operator
                aggregations: count()
                mode: hash
                outputColumnNames: _col0
                Statistics: Num rows: 1 Data size: 8 Basic stats: COMPLETE Column stats: NONE
                Reduce Output Operator
                  sort order: 
                  Statistics: Num rows: 1 Data size: 8 Basic stats: COMPLETE Column stats: NONE
                  value expressions: _col0 (type: bigint)
      Reduce Operator Tree:
        Group By Operator
          aggregations: count(VALUE._col0)
          mode: mergepartial
          outputColumnNames: _col0
          Statistics: Num rows: 1 Data size: 8 Basic stats: COMPLETE Column stats: NONE
          File Output Operator
            compressed: false
            Statistics: Num rows: 1 Data size: 8 Basic stats: COMPLETE Column stats: NONE
            table:
                input format: org.apache.hadoop.mapred.SequenceFileInputFormat
                output format: org.apache.hadoop.hive.ql.io.HiveSequenceFileOutputFormat
                serde: org.apache.hadoop.hive.serde2.lazy.LazySimpleSerDe

  Stage: Stage-0
    Fetch Operator
      limit: -1
      Processor Tree:
        ListSink

PREHOOK: query: select count(*) from acid where ds='2008-04-08'
PREHOOK: type: QUERY
PREHOOK: Input: default@acid
PREHOOK: Input: default@acid@ds=2008-04-08
#### A masked pattern was here ####
POSTHOOK: query: select count(*) from acid where ds='2008-04-08'
POSTHOOK: type: QUERY
POSTHOOK: Input: default@acid
POSTHOOK: Input: default@acid@ds=2008-04-08
#### A masked pattern was here ####
1
PREHOOK: query: analyze table acid partition(ds='2008-04-08') compute statistics
PREHOOK: type: QUERY
PREHOOK: Input: default@acid
PREHOOK: Output: default@acid
PREHOOK: Output: default@acid@ds=2008-04-08
POSTHOOK: query: analyze table acid partition(ds='2008-04-08') compute statistics
POSTHOOK: type: QUERY
POSTHOOK: Input: default@acid
POSTHOOK: Output: default@acid
POSTHOOK: Output: default@acid@ds=2008-04-08
PREHOOK: query: desc formatted acid partition(ds='2008-04-08')
PREHOOK: type: DESCTABLE
PREHOOK: Input: default@acid
POSTHOOK: query: desc formatted acid partition(ds='2008-04-08')
POSTHOOK: type: DESCTABLE
POSTHOOK: Input: default@acid
# col_name            	data_type           	comment             
	 	 
key                 	string              	                    
value               	string              	                    
	 	 
# Partition Information	 	 
# col_name            	data_type           	comment             
	 	 
ds                  	string              	                    
	 	 
# Detailed Partition Information	 	 
Partition Value:    	[2008-04-08]        	 
Database:           	default             	 
Table:              	acid                	 
#### A masked pattern was here ####
Partition Parameters:	 	 
	COLUMN_STATS_ACCURATE	{\"BASIC_STATS\":\"true\"}
	numFiles            	1                   
	numRows             	1                   
	rawDataSize         	202                 
	totalSize           	669                 
#### A masked pattern was here ####
	 	 
# Storage Information	 	 
SerDe Library:      	org.apache.hadoop.hive.ql.io.orc.OrcSerde	 
InputFormat:        	org.apache.hadoop.hive.ql.io.orc.OrcInputFormat	 
OutputFormat:       	org.apache.hadoop.hive.ql.io.orc.OrcOutputFormat	 
Compressed:         	No                  	 
Num Buckets:        	2                   	 
Bucket Columns:     	[key]               	 
Sort Columns:       	[]                  	 
Storage Desc Params:	 	 
	serialization.format	1                   
PREHOOK: query: analyze table acid partition(ds='2008-04-08') compute statistics for columns
PREHOOK: type: QUERY
PREHOOK: Input: default@acid
PREHOOK: Input: default@acid@ds=2008-04-08
#### A masked pattern was here ####
POSTHOOK: query: analyze table acid partition(ds='2008-04-08') compute statistics for columns
POSTHOOK: type: QUERY
POSTHOOK: Input: default@acid
POSTHOOK: Input: default@acid@ds=2008-04-08
#### A masked pattern was here ####
PREHOOK: query: desc formatted acid partition(ds='2008-04-08')
PREHOOK: type: DESCTABLE
PREHOOK: Input: default@acid
POSTHOOK: query: desc formatted acid partition(ds='2008-04-08')
POSTHOOK: type: DESCTABLE
POSTHOOK: Input: default@acid
# col_name            	data_type           	comment             
	 	 
key                 	string              	                    
value               	string              	                    
	 	 
# Partition Information	 	 
# col_name            	data_type           	comment             
	 	 
ds                  	string              	                    
	 	 
# Detailed Partition Information	 	 
Partition Value:    	[2008-04-08]        	 
Database:           	default             	 
Table:              	acid                	 
#### A masked pattern was here ####
Partition Parameters:	 	 
	COLUMN_STATS_ACCURATE	{\"BASIC_STATS\":\"true\",\"COLUMN_STATS\":{\"key\":\"true\",\"value\":\"true\"}}
	numFiles            	1                   
	numRows             	1                   
	rawDataSize         	202                 
	totalSize           	669                 
#### A masked pattern was here ####
	 	 
# Storage Information	 	 
SerDe Library:      	org.apache.hadoop.hive.ql.io.orc.OrcSerde	 
InputFormat:        	org.apache.hadoop.hive.ql.io.orc.OrcInputFormat	 
OutputFormat:       	org.apache.hadoop.hive.ql.io.orc.OrcOutputFormat	 
Compressed:         	No                  	 
Num Buckets:        	2                   	 
Bucket Columns:     	[key]               	 
Sort Columns:       	[]                  	 
Storage Desc Params:	 	 
	serialization.format	1                   
PREHOOK: query: explain select count(*) from acid where ds='2008-04-08'
PREHOOK: type: QUERY
POSTHOOK: query: explain select count(*) from acid where ds='2008-04-08'
POSTHOOK: type: QUERY
STAGE DEPENDENCIES:
  Stage-1 is a root stage
  Stage-0 depends on stages: Stage-1

STAGE PLANS:
  Stage: Stage-1
    Map Reduce
      Map Operator Tree:
          TableScan
            alias: acid
            Statistics: Num rows: 1 Data size: 202 Basic stats: COMPLETE Column stats: NONE
            Select Operator
              Statistics: Num rows: 1 Data size: 202 Basic stats: COMPLETE Column stats: NONE
              Group By Operator
                aggregations: count()
                mode: hash
                outputColumnNames: _col0
                Statistics: Num rows: 1 Data size: 8 Basic stats: COMPLETE Column stats: NONE
                Reduce Output Operator
                  sort order: 
                  Statistics: Num rows: 1 Data size: 8 Basic stats: COMPLETE Column stats: NONE
                  value expressions: _col0 (type: bigint)
      Reduce Operator Tree:
        Group By Operator
          aggregations: count(VALUE._col0)
          mode: mergepartial
          outputColumnNames: _col0
          Statistics: Num rows: 1 Data size: 8 Basic stats: COMPLETE Column stats: NONE
          File Output Operator
            compressed: false
            Statistics: Num rows: 1 Data size: 8 Basic stats: COMPLETE Column stats: NONE
            table:
                input format: org.apache.hadoop.mapred.SequenceFileInputFormat
                output format: org.apache.hadoop.hive.ql.io.HiveSequenceFileOutputFormat
                serde: org.apache.hadoop.hive.serde2.lazy.LazySimpleSerDe

  Stage: Stage-0
    Fetch Operator
      limit: -1
      Processor Tree:
        ListSink

PREHOOK: query: select count(*) from acid where ds='2008-04-08'
PREHOOK: type: QUERY
PREHOOK: Input: default@acid
PREHOOK: Input: default@acid@ds=2008-04-08
#### A masked pattern was here ####
POSTHOOK: query: select count(*) from acid where ds='2008-04-08'
POSTHOOK: type: QUERY
POSTHOOK: Input: default@acid
POSTHOOK: Input: default@acid@ds=2008-04-08
#### A masked pattern was here ####
1
PREHOOK: query: explain select count(*) from acid where ds='2008-04-08'
PREHOOK: type: QUERY
POSTHOOK: query: explain select count(*) from acid where ds='2008-04-08'
POSTHOOK: type: QUERY
STAGE DEPENDENCIES:
  Stage-1 is a root stage
  Stage-0 depends on stages: Stage-1

STAGE PLANS:
  Stage: Stage-1
    Map Reduce
      Map Operator Tree:
          TableScan
            alias: acid
            Statistics: Num rows: 1 Data size: 202 Basic stats: COMPLETE Column stats: NONE
            Select Operator
              Statistics: Num rows: 1 Data size: 202 Basic stats: COMPLETE Column stats: NONE
              Group By Operator
                aggregations: count()
                mode: hash
                outputColumnNames: _col0
                Statistics: Num rows: 1 Data size: 8 Basic stats: COMPLETE Column stats: NONE
                Reduce Output Operator
                  sort order: 
                  Statistics: Num rows: 1 Data size: 8 Basic stats: COMPLETE Column stats: NONE
                  value expressions: _col0 (type: bigint)
      Reduce Operator Tree:
        Group By Operator
          aggregations: count(VALUE._col0)
          mode: mergepartial
          outputColumnNames: _col0
          Statistics: Num rows: 1 Data size: 8 Basic stats: COMPLETE Column stats: NONE
          File Output Operator
            compressed: false
            Statistics: Num rows: 1 Data size: 8 Basic stats: COMPLETE Column stats: NONE
            table:
                input format: org.apache.hadoop.mapred.SequenceFileInputFormat
                output format: org.apache.hadoop.hive.ql.io.HiveSequenceFileOutputFormat
                serde: org.apache.hadoop.hive.serde2.lazy.LazySimpleSerDe

  Stage: Stage-0
    Fetch Operator
      limit: -1
      Processor Tree:
        ListSink

PREHOOK: query: select count(*) from acid where ds='2008-04-08'
PREHOOK: type: QUERY
PREHOOK: Input: default@acid
PREHOOK: Input: default@acid@ds=2008-04-08
#### A masked pattern was here ####
POSTHOOK: query: select count(*) from acid where ds='2008-04-08'
POSTHOOK: type: QUERY
POSTHOOK: Input: default@acid
POSTHOOK: Input: default@acid@ds=2008-04-08
#### A masked pattern was here ####
1
PREHOOK: query: insert into table acid partition(ds)  select 'a' as key,'v' as value,'2008-04-08' as ds
PREHOOK: type: QUERY
PREHOOK: Input: _dummy_database@_dummy_table
PREHOOK: Output: default@acid
POSTHOOK: query: insert into table acid partition(ds)  select 'a' as key,'v' as value,'2008-04-08' as ds
POSTHOOK: type: QUERY
POSTHOOK: Input: _dummy_database@_dummy_table
POSTHOOK: Output: default@acid@ds=2008-04-08
POSTHOOK: Lineage: acid PARTITION(ds=2008-04-08).key SIMPLE []
POSTHOOK: Lineage: acid PARTITION(ds=2008-04-08).value SIMPLE []
PREHOOK: query: desc formatted acid partition(ds='2008-04-08')
PREHOOK: type: DESCTABLE
PREHOOK: Input: default@acid
POSTHOOK: query: desc formatted acid partition(ds='2008-04-08')
POSTHOOK: type: DESCTABLE
POSTHOOK: Input: default@acid
# col_name            	data_type           	comment             
	 	 
key                 	string              	                    
value               	string              	                    
	 	 
# Partition Information	 	 
# col_name            	data_type           	comment             
	 	 
ds                  	string              	                    
	 	 
# Detailed Partition Information	 	 
Partition Value:    	[2008-04-08]        	 
Database:           	default             	 
Table:              	acid                	 
#### A masked pattern was here ####
Partition Parameters:	 	 
	numFiles            	2                   
	numRows             	1                   
	rawDataSize         	202                 
	totalSize           	1341                
#### A masked pattern was here ####
	 	 
# Storage Information	 	 
SerDe Library:      	org.apache.hadoop.hive.ql.io.orc.OrcSerde	 
InputFormat:        	org.apache.hadoop.hive.ql.io.orc.OrcInputFormat	 
OutputFormat:       	org.apache.hadoop.hive.ql.io.orc.OrcOutputFormat	 
Compressed:         	No                  	 
Num Buckets:        	2                   	 
Bucket Columns:     	[key]               	 
Sort Columns:       	[]                  	 
Storage Desc Params:	 	 
	serialization.format	1                   
PREHOOK: query: analyze table acid partition(ds='2008-04-08') compute statistics
PREHOOK: type: QUERY
PREHOOK: Input: default@acid
PREHOOK: Output: default@acid
PREHOOK: Output: default@acid@ds=2008-04-08
POSTHOOK: query: analyze table acid partition(ds='2008-04-08') compute statistics
POSTHOOK: type: QUERY
POSTHOOK: Input: default@acid
POSTHOOK: Output: default@acid
POSTHOOK: Output: default@acid@ds=2008-04-08
PREHOOK: query: desc formatted acid partition(ds='2008-04-08')
PREHOOK: type: DESCTABLE
PREHOOK: Input: default@acid
POSTHOOK: query: desc formatted acid partition(ds='2008-04-08')
POSTHOOK: type: DESCTABLE
POSTHOOK: Input: default@acid
# col_name            	data_type           	comment             
	 	 
key                 	string              	                    
value               	string              	                    
	 	 
# Partition Information	 	 
# col_name            	data_type           	comment             
	 	 
ds                  	string              	                    
	 	 
# Detailed Partition Information	 	 
Partition Value:    	[2008-04-08]        	 
Database:           	default             	 
Table:              	acid                	 
#### A masked pattern was here ####
Partition Parameters:	 	 
	COLUMN_STATS_ACCURATE	{\"BASIC_STATS\":\"true\"}
	numFiles            	2                   
	numRows             	2                   
	rawDataSize         	404                 
	totalSize           	1341                
#### A masked pattern was here ####
	 	 
# Storage Information	 	 
SerDe Library:      	org.apache.hadoop.hive.ql.io.orc.OrcSerde	 
InputFormat:        	org.apache.hadoop.hive.ql.io.orc.OrcInputFormat	 
OutputFormat:       	org.apache.hadoop.hive.ql.io.orc.OrcOutputFormat	 
Compressed:         	No                  	 
Num Buckets:        	2                   	 
Bucket Columns:     	[key]               	 
Sort Columns:       	[]                  	 
Storage Desc Params:	 	 
	serialization.format	1                   
PREHOOK: query: analyze table acid partition(ds='2008-04-08') compute statistics for columns
PREHOOK: type: QUERY
PREHOOK: Input: default@acid
PREHOOK: Input: default@acid@ds=2008-04-08
#### A masked pattern was here ####
POSTHOOK: query: analyze table acid partition(ds='2008-04-08') compute statistics for columns
POSTHOOK: type: QUERY
POSTHOOK: Input: default@acid
POSTHOOK: Input: default@acid@ds=2008-04-08
#### A masked pattern was here ####
