PREHOOK: query: CREATE TABLE widetable ( c1 int, c2 int)
PREHOOK: type: CREATETABLE
PREHOOK: Output: database:default
PREHOOK: Output: default@widetable
POSTHOOK: query: CREATE TABLE widetable ( c1 int, c2 int)
POSTHOOK: type: CREATETABLE
POSTHOOK: Output: database:default
POSTHOOK: Output: default@widetable
PREHOOK: query: explain
select c1,c2 from widetable group by struct(c1,c2),c1,c2
PREHOOK: type: QUERY
PREHOOK: Input: default@widetable
#### A masked pattern was here ####
POSTHOOK: query: explain
select c1,c2 from widetable group by struct(c1,c2),c1,c2
POSTHOOK: type: QUERY
POSTHOOK: Input: default@widetable
#### A masked pattern was here ####
STAGE DEPENDENCIES:
  Stage-1 is a root stage
  Stage-0 depends on stages: Stage-1

STAGE PLANS:
  Stage: Stage-1
    Map Reduce
      Map Operator Tree:
          TableScan
            alias: widetable
            Statistics: Num rows: 1 Data size: 0 Basic stats: PARTIAL Column stats: NONE
            Select Operator
              expressions: struct(c1,c2) (type: struct<col1:int,col2:int>), c1 (type: int), c2 (type: int)
              outputColumnNames: _col0, _col1, _col2
              Statistics: Num rows: 1 Data size: 0 Basic stats: PARTIAL Column stats: NONE
              Group By Operator
                keys: _col0 (type: struct<col1:int,col2:int>), _col1 (type: int), _col2 (type: int)
                mode: hash
                outputColumnNames: _col0, _col1, _col2
                Statistics: Num rows: 1 Data size: 0 Basic stats: PARTIAL Column stats: NONE
                Reduce Output Operator
                  key expressions: _col0 (type: struct<col1:int,col2:int>), _col1 (type: int), _col2 (type: int)
                  sort order: +++
                  Map-reduce partition columns: _col0 (type: struct<col1:int,col2:int>), _col1 (type: int), _col2 (type: int)
                  Statistics: Num rows: 1 Data size: 0 Basic stats: PARTIAL Column stats: NONE
      Reduce Operator Tree:
        Group By Operator
          keys: KEY._col0 (type: struct<col1:int,col2:int>), KEY._col1 (type: int), KEY._col2 (type: int)
          mode: mergepartial
          outputColumnNames: _col0, _col1, _col2
          Statistics: Num rows: 1 Data size: 0 Basic stats: PARTIAL Column stats: NONE
          Select Operator
            expressions: _col1 (type: int), _col2 (type: int)
            outputColumnNames: _col0, _col1
            Statistics: Num rows: 1 Data size: 0 Basic stats: PARTIAL Column stats: NONE
            File Output Operator
              compressed: false
              Statistics: Num rows: 1 Data size: 0 Basic stats: PARTIAL Column stats: NONE
              table:
                  input format: org.apache.hadoop.mapred.SequenceFileInputFormat
                  output format: org.apache.hadoop.hive.ql.io.HiveSequenceFileOutputFormat
                  serde: org.apache.hadoop.hive.serde2.lazy.LazySimpleSerDe

  Stage: Stage-0
    Fetch Operator
      limit: -1
      Processor Tree:
        ListSink

PREHOOK: query: select c1,c2 from widetable group by struct(c1,c2),c1,c2
PREHOOK: type: QUERY
PREHOOK: Input: default@widetable
#### A masked pattern was here ####
POSTHOOK: query: select c1,c2 from widetable group by struct(c1,c2),c1,c2
POSTHOOK: type: QUERY
POSTHOOK: Input: default@widetable
#### A masked pattern was here ####
PREHOOK: query: explain
select distinct * from widetable
PREHOOK: type: QUERY
PREHOOK: Input: default@widetable
#### A masked pattern was here ####
POSTHOOK: query: explain
select distinct * from widetable
POSTHOOK: type: QUERY
POSTHOOK: Input: default@widetable
#### A masked pattern was here ####
STAGE DEPENDENCIES:
  Stage-1 is a root stage
  Stage-0 depends on stages: Stage-1

STAGE PLANS:
  Stage: Stage-1
    Map Reduce
      Map Operator Tree:
          TableScan
            alias: widetable
            Statistics: Num rows: 1 Data size: 0 Basic stats: PARTIAL Column stats: NONE
            Select Operator
              expressions: c1 (type: int), c2 (type: int)
              outputColumnNames: c1, c2
              Statistics: Num rows: 1 Data size: 0 Basic stats: PARTIAL Column stats: NONE
              Group By Operator
                keys: c1 (type: int), c2 (type: int)
                mode: hash
                outputColumnNames: _col0, _col1
                Statistics: Num rows: 1 Data size: 0 Basic stats: PARTIAL Column stats: NONE
                Reduce Output Operator
                  key expressions: _col0 (type: int), _col1 (type: int)
                  sort order: ++
                  Map-reduce partition columns: _col0 (type: int), _col1 (type: int)
                  Statistics: Num rows: 1 Data size: 0 Basic stats: PARTIAL Column stats: NONE
      Execution mode: vectorized
      Reduce Operator Tree:
        Group By Operator
          keys: KEY._col0 (type: int), KEY._col1 (type: int)
          mode: mergepartial
          outputColumnNames: _col0, _col1
          Statistics: Num rows: 1 Data size: 0 Basic stats: PARTIAL Column stats: NONE
          File Output Operator
            compressed: false
            Statistics: Num rows: 1 Data size: 0 Basic stats: PARTIAL Column stats: NONE
            table:
                input format: org.apache.hadoop.mapred.SequenceFileInputFormat
                output format: org.apache.hadoop.hive.ql.io.HiveSequenceFileOutputFormat
                serde: org.apache.hadoop.hive.serde2.lazy.LazySimpleSerDe

  Stage: Stage-0
    Fetch Operator
      limit: -1
      Processor Tree:
        ListSink

PREHOOK: query: select distinct * from widetable
PREHOOK: type: QUERY
PREHOOK: Input: default@widetable
#### A masked pattern was here ####
POSTHOOK: query: select distinct * from widetable
POSTHOOK: type: QUERY
POSTHOOK: Input: default@widetable
#### A masked pattern was here ####
