PREHOOK: query: create table t (a string)
PREHOOK: type: CREATETABLE
PREHOOK: Output: database:default
PREHOOK: Output: default@t
POSTHOOK: query: create table t (a string)
POSTHOOK: type: CREATETABLE
POSTHOOK: Output: database:default
POSTHOOK: Output: default@t
PREHOOK: query: insert into t values ('1'),('x'),('2.0')
PREHOOK: type: QUERY
PREHOOK: Input: _dummy_database@_dummy_table
PREHOOK: Output: default@t
POSTHOOK: query: insert into t values ('1'),('x'),('2.0')
POSTHOOK: type: QUERY
POSTHOOK: Input: _dummy_database@_dummy_table
POSTHOOK: Output: default@t
POSTHOOK: Lineage: t.a SCRIPT []
PREHOOK: query: explain
select * from t where a in (1.0,'x',2)
PREHOOK: type: QUERY
PREHOOK: Input: default@t
#### A masked pattern was here ####
POSTHOOK: query: explain
select * from t where a in (1.0,'x',2)
POSTHOOK: type: QUERY
POSTHOOK: Input: default@t
#### A masked pattern was here ####
STAGE DEPENDENCIES:
  Stage-1 is a root stage
  Stage-0 depends on stages: Stage-1

STAGE PLANS:
  Stage: Stage-1
    Map Reduce
      Map Operator Tree:
          TableScan
            alias: t
            filterExpr: ((UDFToDouble(a) = 1.0D) or (UDFToDouble(a) = null) or (UDFToDouble(a) = 2.0D)) (type: boolean)
            Statistics: Num rows: 3 Data size: 5 Basic stats: COMPLETE Column stats: NONE
            Filter Operator
              predicate: ((UDFToDouble(a) = 1.0D) or (UDFToDouble(a) = 2.0D) or (UDFToDouble(a) = null)) (type: boolean)
              Statistics: Num rows: 3 Data size: 5 Basic stats: COMPLETE Column stats: NONE
              Select Operator
                expressions: a (type: string)
                outputColumnNames: _col0
                Statistics: Num rows: 3 Data size: 5 Basic stats: COMPLETE Column stats: NONE
                File Output Operator
                  compressed: false
                  Statistics: Num rows: 3 Data size: 5 Basic stats: COMPLETE Column stats: NONE
                  table:
                      input format: org.apache.hadoop.mapred.SequenceFileInputFormat
                      output format: org.apache.hadoop.hive.ql.io.HiveSequenceFileOutputFormat
                      serde: org.apache.hadoop.hive.serde2.lazy.LazySimpleSerDe
      Execution mode: vectorized

  Stage: Stage-0
    Fetch Operator
      limit: -1
      Processor Tree:
        ListSink

PREHOOK: query: select * from t where a in (1.0,'x',2)
PREHOOK: type: QUERY
PREHOOK: Input: default@t
#### A masked pattern was here ####
POSTHOOK: query: select * from t where a in (1.0,'x',2)
POSTHOOK: type: QUERY
POSTHOOK: Input: default@t
#### A masked pattern was here ####
1
2.0
