PREHOOK: query: create table t(a integer)
PREHOOK: type: CREATETABLE
PREHOOK: Output: database:default
PREHOOK: Output: default@t
POSTHOOK: query: create table t(a integer)
POSTHOOK: type: CREATETABLE
POSTHOOK: Output: database:default
POSTHOOK: Output: default@t
PREHOOK: query: create table t2(b integer)
PREHOOK: type: CREATETABLE
PREHOOK: Output: database:default
PREHOOK: Output: default@t2
POSTHOOK: query: create table t2(b integer)
POSTHOOK: type: CREATETABLE
POSTHOOK: Output: database:default
POSTHOOK: Output: default@t2
PREHOOK: query: insert into t values (1),(2),(3)
PREHOOK: type: QUERY
PREHOOK: Input: _dummy_database@_dummy_table
PREHOOK: Output: default@t
POSTHOOK: query: insert into t values (1),(2),(3)
POSTHOOK: type: QUERY
POSTHOOK: Input: _dummy_database@_dummy_table
POSTHOOK: Output: default@t
POSTHOOK: Lineage: t.a SCRIPT []
PREHOOK: query: insert into t2 values (1),(2),(3)
PREHOOK: type: QUERY
PREHOOK: Input: _dummy_database@_dummy_table
PREHOOK: Output: default@t2
POSTHOOK: query: insert into t2 values (1),(2),(3)
POSTHOOK: type: QUERY
POSTHOOK: Input: _dummy_database@_dummy_table
POSTHOOK: Output: default@t2
POSTHOOK: Lineage: t2.b SCRIPT []
Warning: Shuffle Join JOIN[8][tables = [$hdt$_0, $hdt$_1]] in Stage 'Stage-1:MAPRED' is a cross product
PREHOOK: query: explain
select * from t,t2 where
	a*a=b+3 and (
		(a=1 and b=3) or (a=1 and a<b)
			)
PREHOOK: type: QUERY
PREHOOK: Input: default@t
PREHOOK: Input: default@t2
#### A masked pattern was here ####
POSTHOOK: query: explain
select * from t,t2 where
	a*a=b+3 and (
		(a=1 and b=3) or (a=1 and a<b)
			)
POSTHOOK: type: QUERY
POSTHOOK: Input: default@t
POSTHOOK: Input: default@t2
#### A masked pattern was here ####
STAGE DEPENDENCIES:
  Stage-1 is a root stage
  Stage-0 depends on stages: Stage-1

STAGE PLANS:
  Stage: Stage-1
    Map Reduce
      Map Operator Tree:
          TableScan
            alias: t
            filterExpr: (a = 1) (type: boolean)
            Statistics: Num rows: 3 Data size: 3 Basic stats: COMPLETE Column stats: NONE
            Filter Operator
              predicate: (a = 1) (type: boolean)
              Statistics: Num rows: 1 Data size: 1 Basic stats: COMPLETE Column stats: NONE
              Select Operator
                Statistics: Num rows: 1 Data size: 1 Basic stats: COMPLETE Column stats: NONE
                Reduce Output Operator
                  sort order: 
                  Statistics: Num rows: 1 Data size: 1 Basic stats: COMPLETE Column stats: NONE
          TableScan
            alias: t2
            filterExpr: ((1 = (b + 3)) and ((b = 3) or (b > 1))) (type: boolean)
            Statistics: Num rows: 3 Data size: 3 Basic stats: COMPLETE Column stats: NONE
            Filter Operator
              predicate: (((b = 3) or (b > 1)) and (1 = (b + 3))) (type: boolean)
              Statistics: Num rows: 1 Data size: 1 Basic stats: COMPLETE Column stats: NONE
              Select Operator
                expressions: b (type: int)
                outputColumnNames: _col0
                Statistics: Num rows: 1 Data size: 1 Basic stats: COMPLETE Column stats: NONE
                Reduce Output Operator
                  sort order: 
                  Statistics: Num rows: 1 Data size: 1 Basic stats: COMPLETE Column stats: NONE
                  value expressions: _col0 (type: int)
      Reduce Operator Tree:
        Join Operator
          condition map:
               Inner Join 0 to 1
          keys:
            0 
            1 
          outputColumnNames: _col1
          Statistics: Num rows: 1 Data size: 3 Basic stats: COMPLETE Column stats: NONE
          Select Operator
            expressions: 1 (type: int), _col1 (type: int)
            outputColumnNames: _col0, _col1
            Statistics: Num rows: 1 Data size: 3 Basic stats: COMPLETE Column stats: NONE
            File Output Operator
              compressed: false
              Statistics: Num rows: 1 Data size: 3 Basic stats: COMPLETE Column stats: NONE
              table:
                  input format: org.apache.hadoop.mapred.SequenceFileInputFormat
                  output format: org.apache.hadoop.hive.ql.io.HiveSequenceFileOutputFormat
                  serde: org.apache.hadoop.hive.serde2.lazy.LazySimpleSerDe

  Stage: Stage-0
    Fetch Operator
      limit: -1
      Processor Tree:
        ListSink

