PREHOOK: query: create table orc1
  stored as orc
  tblproperties("orc.compress"="ZLIB")
  as
    select rn
    from
    (
      select * from (select cast(1 as int) as rn from src limit 1)a
      union all
      select * from (select cast(100 as int) as rn from src limit 1)b
      union all
      select * from (select cast(10000 as int) as rn from src limit 1)c
    ) t
PREHOOK: type: CREATETABLE_AS_SELECT
PREHOOK: Input: default@src
PREHOOK: Output: database:default
PREHOOK: Output: default@orc1
POSTHOOK: query: create table orc1
  stored as orc
  tblproperties("orc.compress"="ZLIB")
  as
    select rn
    from
    (
      select * from (select cast(1 as int) as rn from src limit 1)a
      union all
      select * from (select cast(100 as int) as rn from src limit 1)b
      union all
      select * from (select cast(10000 as int) as rn from src limit 1)c
    ) t
POSTHOOK: type: CREATETABLE_AS_SELECT
POSTHOOK: Input: default@src
POSTHOOK: Output: database:default
POSTHOOK: Output: default@orc1
POSTHOOK: Lineage: orc1.rn EXPRESSION []
PREHOOK: query: create table orc_rn1 (rn int)
PREHOOK: type: CREATETABLE
PREHOOK: Output: database:default
PREHOOK: Output: default@orc_rn1
POSTHOOK: query: create table orc_rn1 (rn int)
POSTHOOK: type: CREATETABLE
POSTHOOK: Output: database:default
POSTHOOK: Output: default@orc_rn1
PREHOOK: query: create table orc_rn2 (rn int)
PREHOOK: type: CREATETABLE
PREHOOK: Output: database:default
PREHOOK: Output: default@orc_rn2
POSTHOOK: query: create table orc_rn2 (rn int)
POSTHOOK: type: CREATETABLE
POSTHOOK: Output: database:default
POSTHOOK: Output: default@orc_rn2
PREHOOK: query: create table orc_rn3 (rn int)
PREHOOK: type: CREATETABLE
PREHOOK: Output: database:default
PREHOOK: Output: default@orc_rn3
POSTHOOK: query: create table orc_rn3 (rn int)
POSTHOOK: type: CREATETABLE
POSTHOOK: Output: database:default
POSTHOOK: Output: default@orc_rn3
PREHOOK: query: analyze table orc1 compute statistics
PREHOOK: type: QUERY
PREHOOK: Input: default@orc1
PREHOOK: Output: default@orc1
POSTHOOK: query: analyze table orc1 compute statistics
POSTHOOK: type: QUERY
POSTHOOK: Input: default@orc1
POSTHOOK: Output: default@orc1
PREHOOK: query: explain vectorization from orc1 a
insert overwrite table orc_rn1 select a.* where a.rn < 100
insert overwrite table orc_rn2 select a.* where a.rn >= 100 and a.rn < 1000
insert overwrite table orc_rn3 select a.* where a.rn >= 1000
PREHOOK: type: QUERY
POSTHOOK: query: explain vectorization from orc1 a
insert overwrite table orc_rn1 select a.* where a.rn < 100
insert overwrite table orc_rn2 select a.* where a.rn >= 100 and a.rn < 1000
insert overwrite table orc_rn3 select a.* where a.rn >= 1000
POSTHOOK: type: QUERY
PLAN VECTORIZATION:
  enabled: true
  enabledConditionsMet: [hive.vectorized.execution.enabled IS true]

STAGE DEPENDENCIES:
  Stage-3 is a root stage
  Stage-9 depends on stages: Stage-3 , consists of Stage-6, Stage-5, Stage-7
  Stage-6
  Stage-0 depends on stages: Stage-6, Stage-5, Stage-8
  Stage-4 depends on stages: Stage-0
  Stage-5
  Stage-7
  Stage-8 depends on stages: Stage-7
  Stage-1 depends on stages: Stage-3
  Stage-10 depends on stages: Stage-1
  Stage-11 depends on stages: Stage-3
  Stage-2 depends on stages: Stage-3
  Stage-12 depends on stages: Stage-2
  Stage-13 depends on stages: Stage-3

STAGE PLANS:
  Stage: Stage-3
    Map Reduce
      Map Operator Tree:
          TableScan
            alias: a
            Statistics: Num rows: 3 Data size: 12 Basic stats: COMPLETE Column stats: NONE
            Filter Operator
              predicate: (rn < 100) (type: boolean)
              Statistics: Num rows: 1 Data size: 4 Basic stats: COMPLETE Column stats: NONE
              Select Operator
                expressions: rn (type: int)
                outputColumnNames: _col0
                Statistics: Num rows: 1 Data size: 4 Basic stats: COMPLETE Column stats: NONE
                File Output Operator
                  compressed: false
                  Statistics: Num rows: 1 Data size: 4 Basic stats: COMPLETE Column stats: NONE
                  table:
                      input format: org.apache.hadoop.mapred.TextInputFormat
                      output format: org.apache.hadoop.hive.ql.io.HiveIgnoreKeyTextOutputFormat
                      serde: org.apache.hadoop.hive.serde2.lazy.LazySimpleSerDe
                      name: default.orc_rn1
                Select Operator
                  expressions: _col0 (type: int)
                  outputColumnNames: rn
                  Statistics: Num rows: 1 Data size: 4 Basic stats: COMPLETE Column stats: NONE
                  Group By Operator
                    aggregations: compute_stats(rn, 16)
                    mode: hash
                    outputColumnNames: _col0
                    Statistics: Num rows: 1 Data size: 476 Basic stats: COMPLETE Column stats: NONE
                    Reduce Output Operator
                      sort order: 
                      Statistics: Num rows: 1 Data size: 476 Basic stats: COMPLETE Column stats: NONE
                      value expressions: _col0 (type: struct<columntype:string,min:bigint,max:bigint,countnulls:bigint,bitvector:string,numbitvectors:int>)
            Filter Operator
              predicate: ((rn >= 100) and (rn < 1000)) (type: boolean)
              Statistics: Num rows: 1 Data size: 4 Basic stats: COMPLETE Column stats: NONE
              Select Operator
                expressions: rn (type: int)
                outputColumnNames: _col0
                Statistics: Num rows: 1 Data size: 4 Basic stats: COMPLETE Column stats: NONE
                File Output Operator
                  compressed: false
                  Statistics: Num rows: 1 Data size: 4 Basic stats: COMPLETE Column stats: NONE
                  table:
                      input format: org.apache.hadoop.mapred.TextInputFormat
                      output format: org.apache.hadoop.hive.ql.io.HiveIgnoreKeyTextOutputFormat
                      serde: org.apache.hadoop.hive.serde2.lazy.LazySimpleSerDe
                      name: default.orc_rn2
                Select Operator
                  expressions: _col0 (type: int)
                  outputColumnNames: rn
                  Statistics: Num rows: 1 Data size: 4 Basic stats: COMPLETE Column stats: NONE
                  Group By Operator
                    aggregations: compute_stats(rn, 16)
                    mode: hash
                    outputColumnNames: _col0
                    Statistics: Num rows: 1 Data size: 476 Basic stats: COMPLETE Column stats: NONE
                    File Output Operator
                      compressed: false
                      table:
                          input format: org.apache.hadoop.mapred.SequenceFileInputFormat
                          output format: org.apache.hadoop.hive.ql.io.HiveSequenceFileOutputFormat
                          serde: org.apache.hadoop.hive.serde2.lazybinary.LazyBinarySerDe
            Filter Operator
              predicate: (rn >= 1000) (type: boolean)
              Statistics: Num rows: 1 Data size: 4 Basic stats: COMPLETE Column stats: NONE
              Select Operator
                expressions: rn (type: int)
                outputColumnNames: _col0
                Statistics: Num rows: 1 Data size: 4 Basic stats: COMPLETE Column stats: NONE
                File Output Operator
                  compressed: false
                  Statistics: Num rows: 1 Data size: 4 Basic stats: COMPLETE Column stats: NONE
                  table:
                      input format: org.apache.hadoop.mapred.TextInputFormat
                      output format: org.apache.hadoop.hive.ql.io.HiveIgnoreKeyTextOutputFormat
                      serde: org.apache.hadoop.hive.serde2.lazy.LazySimpleSerDe
                      name: default.orc_rn3
                Select Operator
                  expressions: _col0 (type: int)
                  outputColumnNames: rn
                  Statistics: Num rows: 1 Data size: 4 Basic stats: COMPLETE Column stats: NONE
                  Group By Operator
                    aggregations: compute_stats(rn, 16)
                    mode: hash
                    outputColumnNames: _col0
                    Statistics: Num rows: 1 Data size: 476 Basic stats: COMPLETE Column stats: NONE
                    File Output Operator
                      compressed: false
                      table:
                          input format: org.apache.hadoop.mapred.SequenceFileInputFormat
                          output format: org.apache.hadoop.hive.ql.io.HiveSequenceFileOutputFormat
                          serde: org.apache.hadoop.hive.serde2.lazybinary.LazyBinarySerDe
      Map Vectorization:
          enabled: true
          enabledConditionsMet: hive.vectorized.use.vectorized.input.format IS true
          inputFileFormats: org.apache.hadoop.hive.ql.io.orc.OrcInputFormat
          notVectorizedReason: Aggregation Function expression for GROUPBY operator: UDF compute_stats not supported
          vectorized: false
      Reduce Vectorization:
          enabled: false
          enableConditionsMet: hive.vectorized.execution.reduce.enabled IS true
          enableConditionsNotMet: hive.execution.engine mr IN [tez, spark] IS false
      Reduce Operator Tree:
        Group By Operator
          aggregations: compute_stats(VALUE._col0)
          mode: mergepartial
          outputColumnNames: _col0
          Statistics: Num rows: 1 Data size: 480 Basic stats: COMPLETE Column stats: NONE
          File Output Operator
            compressed: false
            Statistics: Num rows: 1 Data size: 480 Basic stats: COMPLETE Column stats: NONE
            table:
                input format: org.apache.hadoop.mapred.SequenceFileInputFormat
                output format: org.apache.hadoop.hive.ql.io.HiveSequenceFileOutputFormat
                serde: org.apache.hadoop.hive.serde2.lazy.LazySimpleSerDe

  Stage: Stage-9
    Conditional Operator

  Stage: Stage-6
    Move Operator
      files:
          hdfs directory: true
#### A masked pattern was here ####

  Stage: Stage-0
    Move Operator
      tables:
          replace: true
          table:
              input format: org.apache.hadoop.mapred.TextInputFormat
              output format: org.apache.hadoop.hive.ql.io.HiveIgnoreKeyTextOutputFormat
              serde: org.apache.hadoop.hive.serde2.lazy.LazySimpleSerDe
              name: default.orc_rn1

  Stage: Stage-4
    Stats Work
      Basic Stats Work:
      Column Stats Desc:
          Columns: rn
          Column Types: int
          Table: default.orc_rn1

  Stage: Stage-5
    Map Reduce
      Map Operator Tree:
          TableScan
            File Output Operator
              compressed: false
              table:
                  input format: org.apache.hadoop.mapred.TextInputFormat
                  output format: org.apache.hadoop.hive.ql.io.HiveIgnoreKeyTextOutputFormat
                  serde: org.apache.hadoop.hive.serde2.lazy.LazySimpleSerDe
                  name: default.orc_rn1

  Stage: Stage-7
    Map Reduce
      Map Operator Tree:
          TableScan
            File Output Operator
              compressed: false
              table:
                  input format: org.apache.hadoop.mapred.TextInputFormat
                  output format: org.apache.hadoop.hive.ql.io.HiveIgnoreKeyTextOutputFormat
                  serde: org.apache.hadoop.hive.serde2.lazy.LazySimpleSerDe
                  name: default.orc_rn1

  Stage: Stage-8
    Move Operator
      files:
          hdfs directory: true
#### A masked pattern was here ####

  Stage: Stage-1
    Move Operator
      tables:
          replace: true
          table:
              input format: org.apache.hadoop.mapred.TextInputFormat
              output format: org.apache.hadoop.hive.ql.io.HiveIgnoreKeyTextOutputFormat
              serde: org.apache.hadoop.hive.serde2.lazy.LazySimpleSerDe
              name: default.orc_rn2

  Stage: Stage-10
    Stats Work
      Basic Stats Work:
      Column Stats Desc:
          Columns: rn
          Column Types: int
          Table: default.orc_rn2

  Stage: Stage-11
    Map Reduce
      Map Operator Tree:
          TableScan
            Reduce Output Operator
              sort order: 
              Statistics: Num rows: 1 Data size: 476 Basic stats: COMPLETE Column stats: NONE
              value expressions: _col0 (type: struct<columntype:string,min:bigint,max:bigint,countnulls:bigint,bitvector:string,numbitvectors:int>)
      Execution mode: vectorized
      Map Vectorization:
          enabled: true
          enabledConditionsMet: hive.vectorized.use.vector.serde.deserialize IS true
          groupByVectorOutput: true
          inputFileFormats: org.apache.hadoop.mapred.SequenceFileInputFormat
          allNative: false
          usesVectorUDFAdaptor: false
          vectorized: true
      Reduce Vectorization:
          enabled: false
          enableConditionsMet: hive.vectorized.execution.reduce.enabled IS true
          enableConditionsNotMet: hive.execution.engine mr IN [tez, spark] IS false
      Reduce Operator Tree:
        Group By Operator
          aggregations: compute_stats(VALUE._col0)
          mode: mergepartial
          outputColumnNames: _col0
          Statistics: Num rows: 1 Data size: 480 Basic stats: COMPLETE Column stats: NONE
          File Output Operator
            compressed: false
            Statistics: Num rows: 1 Data size: 480 Basic stats: COMPLETE Column stats: NONE
            table:
                input format: org.apache.hadoop.mapred.SequenceFileInputFormat
                output format: org.apache.hadoop.hive.ql.io.HiveSequenceFileOutputFormat
                serde: org.apache.hadoop.hive.serde2.lazy.LazySimpleSerDe

  Stage: Stage-2
    Move Operator
      tables:
          replace: true
          table:
              input format: org.apache.hadoop.mapred.TextInputFormat
              output format: org.apache.hadoop.hive.ql.io.HiveIgnoreKeyTextOutputFormat
              serde: org.apache.hadoop.hive.serde2.lazy.LazySimpleSerDe
              name: default.orc_rn3

  Stage: Stage-12
    Stats Work
      Basic Stats Work:
      Column Stats Desc:
          Columns: rn
          Column Types: int
          Table: default.orc_rn3

  Stage: Stage-13
    Map Reduce
      Map Operator Tree:
          TableScan
            Reduce Output Operator
              sort order: 
              Statistics: Num rows: 1 Data size: 476 Basic stats: COMPLETE Column stats: NONE
              value expressions: _col0 (type: struct<columntype:string,min:bigint,max:bigint,countnulls:bigint,bitvector:string,numbitvectors:int>)
      Execution mode: vectorized
      Map Vectorization:
          enabled: true
          enabledConditionsMet: hive.vectorized.use.vector.serde.deserialize IS true
          groupByVectorOutput: true
          inputFileFormats: org.apache.hadoop.mapred.SequenceFileInputFormat
          allNative: false
          usesVectorUDFAdaptor: false
          vectorized: true
      Reduce Vectorization:
          enabled: false
          enableConditionsMet: hive.vectorized.execution.reduce.enabled IS true
          enableConditionsNotMet: hive.execution.engine mr IN [tez, spark] IS false
      Reduce Operator Tree:
        Group By Operator
          aggregations: compute_stats(VALUE._col0)
          mode: mergepartial
          outputColumnNames: _col0
          Statistics: Num rows: 1 Data size: 480 Basic stats: COMPLETE Column stats: NONE
          File Output Operator
            compressed: false
            Statistics: Num rows: 1 Data size: 480 Basic stats: COMPLETE Column stats: NONE
            table:
                input format: org.apache.hadoop.mapred.SequenceFileInputFormat
                output format: org.apache.hadoop.hive.ql.io.HiveSequenceFileOutputFormat
                serde: org.apache.hadoop.hive.serde2.lazy.LazySimpleSerDe

PREHOOK: query: from orc1 a
insert overwrite table orc_rn1 select a.* where a.rn < 100
insert overwrite table orc_rn2 select a.* where a.rn >= 100 and a.rn < 1000
insert overwrite table orc_rn3 select a.* where a.rn >= 1000
PREHOOK: type: QUERY
PREHOOK: Input: default@orc1
PREHOOK: Output: default@orc_rn1
PREHOOK: Output: default@orc_rn2
PREHOOK: Output: default@orc_rn3
POSTHOOK: query: from orc1 a
insert overwrite table orc_rn1 select a.* where a.rn < 100
insert overwrite table orc_rn2 select a.* where a.rn >= 100 and a.rn < 1000
insert overwrite table orc_rn3 select a.* where a.rn >= 1000
POSTHOOK: type: QUERY
POSTHOOK: Input: default@orc1
POSTHOOK: Output: default@orc_rn1
POSTHOOK: Output: default@orc_rn2
POSTHOOK: Output: default@orc_rn3
POSTHOOK: Lineage: orc_rn1.rn SIMPLE [(orc1)a.FieldSchema(name:rn, type:int, comment:null), ]
POSTHOOK: Lineage: orc_rn2.rn SIMPLE [(orc1)a.FieldSchema(name:rn, type:int, comment:null), ]
POSTHOOK: Lineage: orc_rn3.rn SIMPLE [(orc1)a.FieldSchema(name:rn, type:int, comment:null), ]
PREHOOK: query: select * from orc_rn1
PREHOOK: type: QUERY
PREHOOK: Input: default@orc_rn1
#### A masked pattern was here ####
POSTHOOK: query: select * from orc_rn1
POSTHOOK: type: QUERY
POSTHOOK: Input: default@orc_rn1
#### A masked pattern was here ####
1
PREHOOK: query: select * from orc_rn2
PREHOOK: type: QUERY
PREHOOK: Input: default@orc_rn2
#### A masked pattern was here ####
POSTHOOK: query: select * from orc_rn2
POSTHOOK: type: QUERY
POSTHOOK: Input: default@orc_rn2
#### A masked pattern was here ####
100
PREHOOK: query: select * from orc_rn3
PREHOOK: type: QUERY
PREHOOK: Input: default@orc_rn3
#### A masked pattern was here ####
POSTHOOK: query: select * from orc_rn3
POSTHOOK: type: QUERY
POSTHOOK: Input: default@orc_rn3
#### A masked pattern was here ####
10000
