Warning: Map Join MAPJOIN[144][bigTable=?] in task 'Stage-1:MAPRED' is a cross product
Warning: Map Join MAPJOIN[145][bigTable=?] in task 'Stage-1:MAPRED' is a cross product
Warning: Map Join MAPJOIN[146][bigTable=?] in task 'Stage-1:MAPRED' is a cross product
Warning: Map Join MAPJOIN[147][bigTable=?] in task 'Stage-1:MAPRED' is a cross product
PREHOOK: query: explain
with my_customers as (
 select distinct c_customer_sk
        , c_current_addr_sk
 from   
        ( select cs_sold_date_sk sold_date_sk,
                 cs_bill_customer_sk customer_sk,
                 cs_item_sk item_sk
          from   catalog_sales
          union all
          select ws_sold_date_sk sold_date_sk,
                 ws_bill_customer_sk customer_sk,
                 ws_item_sk item_sk
          from   web_sales
         ) cs_or_ws_sales,
         item,
         date_dim,
         customer
 where   sold_date_sk = d_date_sk
         and item_sk = i_item_sk
         and i_category = 'Jewelry'
         and i_class = 'consignment'
         and c_customer_sk = cs_or_ws_sales.customer_sk
         and d_moy = 3
         and d_year = 1999
 )
 , my_revenue as (
 select c_customer_sk,
        sum(ss_ext_sales_price) as revenue
 from   my_customers,
        store_sales,
        customer_address,
        store,
        date_dim
 where  c_current_addr_sk = ca_address_sk
        and ca_county = s_county
        and ca_state = s_state
        and ss_sold_date_sk = d_date_sk
        and c_customer_sk = ss_customer_sk
        and d_month_seq between (select distinct d_month_seq+1
                                 from   date_dim where d_year = 1999 and d_moy = 3)
                           and  (select distinct d_month_seq+3
                                 from   date_dim where d_year = 1999 and d_moy = 3)
 group by c_customer_sk
 )
 , segments as
 (select cast((revenue/50) as int) as segment
  from   my_revenue
 )
  select  segment, count(*) as num_customers, segment*50 as segment_base
 from segments
 group by segment
 order by segment, num_customers
 limit 100
PREHOOK: type: QUERY
POSTHOOK: query: explain
with my_customers as (
 select distinct c_customer_sk
        , c_current_addr_sk
 from   
        ( select cs_sold_date_sk sold_date_sk,
                 cs_bill_customer_sk customer_sk,
                 cs_item_sk item_sk
          from   catalog_sales
          union all
          select ws_sold_date_sk sold_date_sk,
                 ws_bill_customer_sk customer_sk,
                 ws_item_sk item_sk
          from   web_sales
         ) cs_or_ws_sales,
         item,
         date_dim,
         customer
 where   sold_date_sk = d_date_sk
         and item_sk = i_item_sk
         and i_category = 'Jewelry'
         and i_class = 'consignment'
         and c_customer_sk = cs_or_ws_sales.customer_sk
         and d_moy = 3
         and d_year = 1999
 )
 , my_revenue as (
 select c_customer_sk,
        sum(ss_ext_sales_price) as revenue
 from   my_customers,
        store_sales,
        customer_address,
        store,
        date_dim
 where  c_current_addr_sk = ca_address_sk
        and ca_county = s_county
        and ca_state = s_state
        and ss_sold_date_sk = d_date_sk
        and c_customer_sk = ss_customer_sk
        and d_month_seq between (select distinct d_month_seq+1
                                 from   date_dim where d_year = 1999 and d_moy = 3)
                           and  (select distinct d_month_seq+3
                                 from   date_dim where d_year = 1999 and d_moy = 3)
 group by c_customer_sk
 )
 , segments as
 (select cast((revenue/50) as int) as segment
  from   my_revenue
 )
  select  segment, count(*) as num_customers, segment*50 as segment_base
 from segments
 group by segment
 order by segment, num_customers
 limit 100
POSTHOOK: type: QUERY
STAGE DEPENDENCIES:
  Stage-5 is a root stage
  Stage-4 depends on stages: Stage-5
  Stage-3 depends on stages: Stage-4
  Stage-2 depends on stages: Stage-3
  Stage-1 depends on stages: Stage-2
  Stage-0 depends on stages: Stage-1

STAGE PLANS:
  Stage: Stage-5
    Spark
#### A masked pattern was here ####
      Vertices:
        Map 12 
            Map Operator Tree:
                TableScan
                  alias: item
                  filterExpr: ((i_category = 'Jewelry') and (i_class = 'consignment') and i_item_sk is not null) (type: boolean)
                  Statistics: Num rows: 462000 Data size: 85932000 Basic stats: COMPLETE Column stats: COMPLETE
                  Filter Operator
                    predicate: ((i_category = 'Jewelry') and (i_class = 'consignment') and i_item_sk is not null) (type: boolean)
                    Statistics: Num rows: 453 Data size: 84258 Basic stats: COMPLETE Column stats: COMPLETE
                    Select Operator
                      expressions: i_item_sk (type: int)
                      outputColumnNames: _col0
                      Statistics: Num rows: 453 Data size: 86070 Basic stats: COMPLETE Column stats: COMPLETE
                      Spark HashTable Sink Operator
                        keys:
                          0 _col2 (type: int)
                          1 _col0 (type: int)
            Execution mode: vectorized
            Local Work:
              Map Reduce Local Work

  Stage: Stage-4
    Spark
      Edges:
        Reducer 9 <- Map 10 (PARTITION-LEVEL SORT, 41), Map 11 (PARTITION-LEVEL SORT, 41), Map 8 (PARTITION-LEVEL SORT, 41)
#### A masked pattern was here ####
      Vertices:
        Map 10 
            Map Operator Tree:
                TableScan
                  alias: web_sales
                  filterExpr: (ws_item_sk is not null and ws_sold_date_sk is not null and ws_bill_customer_sk is not null) (type: boolean)
                  Statistics: Num rows: 144002668 Data size: 1727745288 Basic stats: COMPLETE Column stats: COMPLETE
                  Filter Operator
                    predicate: (ws_bill_customer_sk is not null and ws_item_sk is not null and ws_sold_date_sk is not null) (type: boolean)
                    Statistics: Num rows: 143930993 Data size: 1726885332 Basic stats: COMPLETE Column stats: COMPLETE
                    Select Operator
                      expressions: ws_sold_date_sk (type: int), ws_bill_customer_sk (type: int), ws_item_sk (type: int)
                      outputColumnNames: _col0, _col1, _col2
                      Statistics: Num rows: 143930993 Data size: 1726885332 Basic stats: COMPLETE Column stats: COMPLETE
                      Reduce Output Operator
                        key expressions: _col0 (type: int)
                        sort order: +
                        Map-reduce partition columns: _col0 (type: int)
                        Statistics: Num rows: 429048824 Data size: 5136897360 Basic stats: COMPLETE Column stats: COMPLETE
                        value expressions: _col1 (type: int), _col2 (type: int)
            Execution mode: vectorized
        Map 11 
            Map Operator Tree:
                TableScan
                  alias: date_dim
                  filterExpr: ((d_moy = 3) and (d_year = 1999) and d_date_sk is not null) (type: boolean)
                  Statistics: Num rows: 73049 Data size: 876588 Basic stats: COMPLETE Column stats: COMPLETE
                  Filter Operator
                    predicate: ((d_moy = 3) and (d_year = 1999) and d_date_sk is not null) (type: boolean)
                    Statistics: Num rows: 50 Data size: 600 Basic stats: COMPLETE Column stats: COMPLETE
                    Select Operator
                      expressions: d_date_sk (type: int)
                      outputColumnNames: _col0
                      Statistics: Num rows: 50 Data size: 600 Basic stats: COMPLETE Column stats: COMPLETE
                      Reduce Output Operator
                        key expressions: _col0 (type: int)
                        sort order: +
                        Map-reduce partition columns: _col0 (type: int)
                        Statistics: Num rows: 50 Data size: 600 Basic stats: COMPLETE Column stats: COMPLETE
            Execution mode: vectorized
        Map 8 
            Map Operator Tree:
                TableScan
                  alias: catalog_sales
                  filterExpr: (cs_item_sk is not null and cs_sold_date_sk is not null and cs_bill_customer_sk is not null) (type: boolean)
                  Statistics: Num rows: 287989836 Data size: 3444361236 Basic stats: COMPLETE Column stats: COMPLETE
                  Filter Operator
                    predicate: (cs_bill_customer_sk is not null and cs_item_sk is not null and cs_sold_date_sk is not null) (type: boolean)
                    Statistics: Num rows: 285117831 Data size: 3410012028 Basic stats: COMPLETE Column stats: COMPLETE
                    Select Operator
                      expressions: cs_sold_date_sk (type: int), cs_bill_customer_sk (type: int), cs_item_sk (type: int)
                      outputColumnNames: _col0, _col1, _col2
                      Statistics: Num rows: 285117831 Data size: 3410012028 Basic stats: COMPLETE Column stats: COMPLETE
                      Reduce Output Operator
                        key expressions: _col0 (type: int)
                        sort order: +
                        Map-reduce partition columns: _col0 (type: int)
                        Statistics: Num rows: 429048824 Data size: 5136897360 Basic stats: COMPLETE Column stats: COMPLETE
                        value expressions: _col1 (type: int), _col2 (type: int)
            Execution mode: vectorized
        Reducer 9 
            Local Work:
              Map Reduce Local Work
            Reduce Operator Tree:
              Join Operator
                condition map:
                     Inner Join 0 to 1
                keys:
                  0 _col0 (type: int)
                  1 _col0 (type: int)
                outputColumnNames: _col1, _col2
                Statistics: Num rows: 11665117 Data size: 81779564 Basic stats: COMPLETE Column stats: COMPLETE
                Map Join Operator
                  condition map:
                       Inner Join 0 to 1
                  keys:
                    0 _col2 (type: int)
                    1 _col0 (type: int)
                  outputColumnNames: _col1
                  input vertices:
                    1 Map 12
                  Statistics: Num rows: 110092 Data size: 4 Basic stats: COMPLETE Column stats: COMPLETE
                  Spark HashTable Sink Operator
                    keys:
                      0 _col1 (type: int)
                      1 _col0 (type: int)

  Stage: Stage-3
    Spark
      Edges:
        Reducer 14 <- Map 13 (GROUP, 2)
#### A masked pattern was here ####
      Vertices:
        Map 13 
            Map Operator Tree:
                TableScan
                  alias: customer
                  filterExpr: (c_customer_sk is not null and c_current_addr_sk is not null) (type: boolean)
                  Statistics: Num rows: 80000000 Data size: 640000000 Basic stats: COMPLETE Column stats: COMPLETE
                  Filter Operator
                    predicate: (c_current_addr_sk is not null and c_customer_sk is not null) (type: boolean)
                    Statistics: Num rows: 80000000 Data size: 640000000 Basic stats: COMPLETE Column stats: COMPLETE
                    Select Operator
                      expressions: c_customer_sk (type: int), c_current_addr_sk (type: int)
                      outputColumnNames: _col0, _col1
                      Statistics: Num rows: 80000000 Data size: 640000000 Basic stats: COMPLETE Column stats: COMPLETE
                      Map Join Operator
                        condition map:
                             Inner Join 0 to 1
                        keys:
                          0 _col1 (type: int)
                          1 _col0 (type: int)
                        outputColumnNames: _col9, _col10
                        input vertices:
                          0 Reducer 9
                        Statistics: Num rows: 110092 Data size: 880736 Basic stats: COMPLETE Column stats: COMPLETE
                        Group By Operator
                          keys: _col10 (type: int), _col9 (type: int)
                          mode: hash
                          outputColumnNames: _col0, _col1
                          Statistics: Num rows: 55046 Data size: 440368 Basic stats: COMPLETE Column stats: COMPLETE
                          Reduce Output Operator
                            key expressions: _col0 (type: int), _col1 (type: int)
                            sort order: ++
                            Map-reduce partition columns: _col0 (type: int), _col1 (type: int)
                            Statistics: Num rows: 55046 Data size: 440368 Basic stats: COMPLETE Column stats: COMPLETE
            Execution mode: vectorized
            Local Work:
              Map Reduce Local Work
        Map 7 
            Map Operator Tree:
                TableScan
                  alias: store
                  filterExpr: (s_county is not null and s_state is not null) (type: boolean)
                  Statistics: Num rows: 1704 Data size: 313536 Basic stats: COMPLETE Column stats: COMPLETE
                  Filter Operator
                    predicate: (s_county is not null and s_state is not null) (type: boolean)
                    Statistics: Num rows: 1704 Data size: 313536 Basic stats: COMPLETE Column stats: COMPLETE
                    Select Operator
                      expressions: s_county (type: string), s_state (type: string)
                      outputColumnNames: _col0, _col1
                      Statistics: Num rows: 1704 Data size: 313536 Basic stats: COMPLETE Column stats: COMPLETE
                      Spark HashTable Sink Operator
                        keys:
                          0 _col1 (type: string), _col2 (type: string)
                          1 _col0 (type: string), _col1 (type: string)
            Execution mode: vectorized
            Local Work:
              Map Reduce Local Work
        Reducer 14 
            Execution mode: vectorized
            Local Work:
              Map Reduce Local Work
            Reduce Operator Tree:
              Group By Operator
                keys: KEY._col0 (type: int), KEY._col1 (type: int)
                mode: mergepartial
                outputColumnNames: _col0, _col1
                Statistics: Num rows: 55046 Data size: 440368 Basic stats: COMPLETE Column stats: COMPLETE
                Select Operator
                  expressions: _col1 (type: int), _col0 (type: int)
                  outputColumnNames: _col0, _col1
                  Statistics: Num rows: 55046 Data size: 440368 Basic stats: COMPLETE Column stats: COMPLETE
                  Spark HashTable Sink Operator
                    keys:
                      0 _col0 (type: int)
                      1 _col1 (type: int)

  Stage: Stage-2
    Spark
      Edges:
        Reducer 16 <- Map 15 (GROUP, 2)
        Reducer 17 <- Reducer 16 (GROUP, 1)
        Reducer 19 <- Map 15 (GROUP, 2)
        Reducer 21 <- Map 20 (GROUP, 2)
        Reducer 22 <- Reducer 21 (GROUP, 1)
        Reducer 24 <- Map 20 (GROUP, 2)
#### A masked pattern was here ####
      Vertices:
        Map 15 
            Map Operator Tree:
                TableScan
                  alias: date_dim
                  filterExpr: ((d_year = 1999) and (d_moy = 3)) (type: boolean)
                  Statistics: Num rows: 73049 Data size: 876588 Basic stats: COMPLETE Column stats: COMPLETE
                  Filter Operator
                    predicate: ((d_moy = 3) and (d_year = 1999)) (type: boolean)
                    Statistics: Num rows: 50 Data size: 600 Basic stats: COMPLETE Column stats: COMPLETE
                    Select Operator
                      expressions: (d_month_seq + 1) (type: int)
                      outputColumnNames: _col0
                      Statistics: Num rows: 50 Data size: 600 Basic stats: COMPLETE Column stats: COMPLETE
                      Group By Operator
                        keys: _col0 (type: int)
                        mode: hash
                        outputColumnNames: _col0
                        Statistics: Num rows: 25 Data size: 100 Basic stats: COMPLETE Column stats: COMPLETE
                        Reduce Output Operator
                          key expressions: _col0 (type: int)
                          sort order: +
                          Map-reduce partition columns: _col0 (type: int)
                          Statistics: Num rows: 25 Data size: 100 Basic stats: COMPLETE Column stats: COMPLETE
            Execution mode: vectorized
        Map 20 
            Map Operator Tree:
                TableScan
                  alias: date_dim
                  filterExpr: ((d_year = 1999) and (d_moy = 3)) (type: boolean)
                  Statistics: Num rows: 73049 Data size: 876588 Basic stats: COMPLETE Column stats: COMPLETE
                  Filter Operator
                    predicate: ((d_moy = 3) and (d_year = 1999)) (type: boolean)
                    Statistics: Num rows: 50 Data size: 600 Basic stats: COMPLETE Column stats: COMPLETE
                    Select Operator
                      expressions: (d_month_seq + 3) (type: int)
                      outputColumnNames: _col0
                      Statistics: Num rows: 50 Data size: 600 Basic stats: COMPLETE Column stats: COMPLETE
                      Group By Operator
                        keys: _col0 (type: int)
                        mode: hash
                        outputColumnNames: _col0
                        Statistics: Num rows: 25 Data size: 100 Basic stats: COMPLETE Column stats: COMPLETE
                        Reduce Output Operator
                          key expressions: _col0 (type: int)
                          sort order: +
                          Map-reduce partition columns: _col0 (type: int)
                          Statistics: Num rows: 25 Data size: 100 Basic stats: COMPLETE Column stats: COMPLETE
            Execution mode: vectorized
        Map 5 
            Map Operator Tree:
                TableScan
                  alias: date_dim
                  filterExpr: d_date_sk is not null (type: boolean)
                  Statistics: Num rows: 73049 Data size: 584392 Basic stats: COMPLETE Column stats: COMPLETE
                  Filter Operator
                    predicate: d_date_sk is not null (type: boolean)
                    Statistics: Num rows: 73049 Data size: 584392 Basic stats: COMPLETE Column stats: COMPLETE
                    Select Operator
                      expressions: d_date_sk (type: int), d_month_seq (type: int)
                      outputColumnNames: _col0, _col1
                      Statistics: Num rows: 73049 Data size: 584392 Basic stats: COMPLETE Column stats: COMPLETE
                      Spark HashTable Sink Operator
                        keys:
                          0 _col0 (type: int)
                          1 _col0 (type: int)
            Execution mode: vectorized
            Local Work:
              Map Reduce Local Work
        Map 6 
            Map Operator Tree:
                TableScan
                  alias: customer_address
                  filterExpr: (ca_address_sk is not null and ca_county is not null and ca_state is not null) (type: boolean)
                  Statistics: Num rows: 40000000 Data size: 7520000000 Basic stats: COMPLETE Column stats: COMPLETE
                  Filter Operator
                    predicate: (ca_address_sk is not null and ca_county is not null and ca_state is not null) (type: boolean)
                    Statistics: Num rows: 40000000 Data size: 7520000000 Basic stats: COMPLETE Column stats: COMPLETE
                    Select Operator
                      expressions: ca_address_sk (type: int), ca_county (type: string), ca_state (type: string)
                      outputColumnNames: _col0, _col1, _col2
                      Statistics: Num rows: 40000000 Data size: 7520000000 Basic stats: COMPLETE Column stats: COMPLETE
                      Map Join Operator
                        condition map:
                             Inner Join 0 to 1
                        keys:
                          0 _col1 (type: string), _col2 (type: string)
                          1 _col0 (type: string), _col1 (type: string)
                        outputColumnNames: _col0
                        input vertices:
                          1 Map 7
                        Statistics: Num rows: 39720279 Data size: 158881116 Basic stats: COMPLETE Column stats: COMPLETE
                        Map Join Operator
                          condition map:
                               Inner Join 0 to 1
                          keys:
                            0 _col0 (type: int)
                            1 _col1 (type: int)
                          outputColumnNames: _col5
                          input vertices:
                            1 Reducer 14
                          Statistics: Num rows: 55046 Data size: 220184 Basic stats: COMPLETE Column stats: COMPLETE
                          Spark HashTable Sink Operator
                            keys:
                              0 _col1 (type: int)
                              1 _col5 (type: int)
            Execution mode: vectorized
            Local Work:
              Map Reduce Local Work
        Reducer 16 
            Execution mode: vectorized
            Reduce Operator Tree:
              Group By Operator
                keys: KEY._col0 (type: int)
                mode: mergepartial
                outputColumnNames: _col0
                Statistics: Num rows: 25 Data size: 100 Basic stats: COMPLETE Column stats: COMPLETE
                Select Operator
                  Statistics: Num rows: 25 Data size: 100 Basic stats: COMPLETE Column stats: COMPLETE
                  Group By Operator
                    aggregations: count()
                    mode: hash
                    outputColumnNames: _col0
                    Statistics: Num rows: 1 Data size: 8 Basic stats: COMPLETE Column stats: COMPLETE
                    Reduce Output Operator
                      sort order: 
                      Statistics: Num rows: 1 Data size: 8 Basic stats: COMPLETE Column stats: COMPLETE
                      value expressions: _col0 (type: bigint)
        Reducer 17 
            Execution mode: vectorized
            Local Work:
              Map Reduce Local Work
            Reduce Operator Tree:
              Group By Operator
                aggregations: count(VALUE._col0)
                mode: mergepartial
                outputColumnNames: _col0
                Statistics: Num rows: 1 Data size: 8 Basic stats: COMPLETE Column stats: COMPLETE
                Filter Operator
                  predicate: (sq_count_check(_col0) <= 1) (type: boolean)
                  Statistics: Num rows: 1 Data size: 8 Basic stats: COMPLETE Column stats: COMPLETE
                  Select Operator
                    Statistics: Num rows: 1 Data size: 8 Basic stats: COMPLETE Column stats: COMPLETE
                    Spark HashTable Sink Operator
                      keys:
                        0 
                        1 
        Reducer 19 
            Execution mode: vectorized
            Local Work:
              Map Reduce Local Work
            Reduce Operator Tree:
              Group By Operator
                keys: KEY._col0 (type: int)
                mode: mergepartial
                outputColumnNames: _col0
                Statistics: Num rows: 25 Data size: 100 Basic stats: COMPLETE Column stats: COMPLETE
                Spark HashTable Sink Operator
                  keys:
                    0 
                    1 
        Reducer 21 
            Execution mode: vectorized
            Reduce Operator Tree:
              Group By Operator
                keys: KEY._col0 (type: int)
                mode: mergepartial
                outputColumnNames: _col0
                Statistics: Num rows: 25 Data size: 100 Basic stats: COMPLETE Column stats: COMPLETE
                Select Operator
                  Statistics: Num rows: 25 Data size: 100 Basic stats: COMPLETE Column stats: COMPLETE
                  Group By Operator
                    aggregations: count()
                    mode: hash
                    outputColumnNames: _col0
                    Statistics: Num rows: 1 Data size: 8 Basic stats: COMPLETE Column stats: COMPLETE
                    Reduce Output Operator
                      sort order: 
                      Statistics: Num rows: 1 Data size: 8 Basic stats: COMPLETE Column stats: COMPLETE
                      value expressions: _col0 (type: bigint)
        Reducer 22 
            Execution mode: vectorized
            Local Work:
              Map Reduce Local Work
            Reduce Operator Tree:
              Group By Operator
                aggregations: count(VALUE._col0)
                mode: mergepartial
                outputColumnNames: _col0
                Statistics: Num rows: 1 Data size: 8 Basic stats: COMPLETE Column stats: COMPLETE
                Filter Operator
                  predicate: (sq_count_check(_col0) <= 1) (type: boolean)
                  Statistics: Num rows: 1 Data size: 8 Basic stats: COMPLETE Column stats: COMPLETE
                  Select Operator
                    Statistics: Num rows: 1 Data size: 8 Basic stats: COMPLETE Column stats: COMPLETE
                    Spark HashTable Sink Operator
                      keys:
                        0 
                        1 
        Reducer 24 
            Execution mode: vectorized
            Local Work:
              Map Reduce Local Work
            Reduce Operator Tree:
              Group By Operator
                keys: KEY._col0 (type: int)
                mode: mergepartial
                outputColumnNames: _col0
                Statistics: Num rows: 25 Data size: 100 Basic stats: COMPLETE Column stats: COMPLETE
                Spark HashTable Sink Operator
                  keys:
                    0 
                    1 

  Stage: Stage-1
    Spark
      Edges:
        Reducer 2 <- Map 1 (GROUP, 2)
        Reducer 3 <- Reducer 2 (GROUP, 2)
        Reducer 4 <- Reducer 3 (SORT, 1)
#### A masked pattern was here ####
      Vertices:
        Map 1 
            Map Operator Tree:
                TableScan
                  alias: store_sales
                  filterExpr: (ss_customer_sk is not null and ss_sold_date_sk is not null) (type: boolean)
                  Statistics: Num rows: 575995635 Data size: 66009206448 Basic stats: COMPLETE Column stats: COMPLETE
                  Filter Operator
                    predicate: (ss_customer_sk is not null and ss_sold_date_sk is not null) (type: boolean)
                    Statistics: Num rows: 525327388 Data size: 60202615996 Basic stats: COMPLETE Column stats: COMPLETE
                    Select Operator
                      expressions: ss_sold_date_sk (type: int), ss_customer_sk (type: int), ss_ext_sales_price (type: decimal(7,2))
                      outputColumnNames: _col0, _col1, _col2
                      Statistics: Num rows: 525327388 Data size: 60202615996 Basic stats: COMPLETE Column stats: COMPLETE
                      Map Join Operator
                        condition map:
                             Inner Join 0 to 1
                        keys:
                          0 _col0 (type: int)
                          1 _col0 (type: int)
                        outputColumnNames: _col1, _col2, _col4
                        input vertices:
                          1 Map 5
                        Statistics: Num rows: 525327388 Data size: 60297172284 Basic stats: COMPLETE Column stats: COMPLETE
                        Map Join Operator
                          condition map:
                               Inner Join 0 to 1
                          keys:
                            0 _col1 (type: int)
                            1 _col5 (type: int)
                          outputColumnNames: _col2, _col4, _col10
                          input vertices:
                            1 Map 6
                          Statistics: Num rows: 8989304 Data size: 71914544 Basic stats: COMPLETE Column stats: COMPLETE
                          Map Join Operator
                            condition map:
                                 Inner Join 0 to 1
                            keys:
                              0 
                              1 
                            outputColumnNames: _col2, _col4, _col10
                            input vertices:
                              1 Reducer 17
                            Statistics: Num rows: 8989304 Data size: 71914544 Basic stats: COMPLETE Column stats: COMPLETE
                            Map Join Operator
                              condition map:
                                   Left Outer Join 0 to 1
                              keys:
                                0 
                                1 
                              outputColumnNames: _col2, _col4, _col10, _col13
                              input vertices:
                                1 Reducer 19
                              Statistics: Num rows: 224732600 Data size: 26860040464 Basic stats: COMPLETE Column stats: COMPLETE
                              Select Operator
                                expressions: _col10 (type: int), _col2 (type: decimal(7,2)), _col4 (type: int), _col13 (type: int)
                                outputColumnNames: _col0, _col4, _col11, _col13
                                Statistics: Num rows: 224732600 Data size: 26860040464 Basic stats: COMPLETE Column stats: COMPLETE
                                Map Join Operator
                                  condition map:
                                       Inner Join 0 to 1
                                  keys:
                                    0 
                                    1 
                                  outputColumnNames: _col0, _col4, _col11, _col13
                                  input vertices:
                                    1 Reducer 22
                                  Statistics: Num rows: 224732600 Data size: 26860040464 Basic stats: COMPLETE Column stats: COMPLETE
                                  Select Operator
                                    expressions: _col0 (type: int), _col4 (type: decimal(7,2)), _col11 (type: int), _col13 (type: int)
                                    outputColumnNames: _col0, _col1, _col2, _col3
                                    Statistics: Num rows: 224732600 Data size: 26860040464 Basic stats: COMPLETE Column stats: COMPLETE
                                    Map Join Operator
                                      condition map:
                                           Left Outer Join 0 to 1
                                      keys:
                                        0 
                                        1 
                                      outputColumnNames: _col0, _col1, _col2, _col3, _col4
                                      input vertices:
                                        1 Reducer 24
                                      Statistics: Num rows: 5618315000 Data size: 718137518064 Basic stats: COMPLETE Column stats: COMPLETE
                                      Filter Operator
                                        predicate: _col2 BETWEEN _col3 AND _col4 (type: boolean)
                                        Statistics: Num rows: 624257222 Data size: 79793057584 Basic stats: COMPLETE Column stats: COMPLETE
                                        Select Operator
                                          expressions: _col0 (type: int), _col1 (type: decimal(7,2))
                                          outputColumnNames: _col0, _col1
                                          Statistics: Num rows: 624257222 Data size: 79793057584 Basic stats: COMPLETE Column stats: COMPLETE
                                          Group By Operator
                                            aggregations: sum(_col1)
                                            keys: _col0 (type: int)
                                            mode: hash
                                            outputColumnNames: _col0, _col1
                                            Statistics: Num rows: 312 Data size: 36192 Basic stats: COMPLETE Column stats: COMPLETE
                                            Reduce Output Operator
                                              key expressions: _col0 (type: int)
                                              sort order: +
                                              Map-reduce partition columns: _col0 (type: int)
                                              Statistics: Num rows: 312 Data size: 36192 Basic stats: COMPLETE Column stats: COMPLETE
                                              value expressions: _col1 (type: decimal(17,2))
            Execution mode: vectorized
            Local Work:
              Map Reduce Local Work
        Reducer 2 
            Execution mode: vectorized
            Reduce Operator Tree:
              Group By Operator
                aggregations: sum(VALUE._col0)
                keys: KEY._col0 (type: int)
                mode: mergepartial
                outputColumnNames: _col0, _col1
                Statistics: Num rows: 1 Data size: 116 Basic stats: COMPLETE Column stats: COMPLETE
                Select Operator
                  expressions: UDFToInteger((_col1 / 50)) (type: int)
                  outputColumnNames: _col0
                  Statistics: Num rows: 1 Data size: 116 Basic stats: COMPLETE Column stats: COMPLETE
                  Group By Operator
                    aggregations: count()
                    keys: _col0 (type: int)
                    mode: hash
                    outputColumnNames: _col0, _col1
                    Statistics: Num rows: 1 Data size: 12 Basic stats: COMPLETE Column stats: COMPLETE
                    Reduce Output Operator
                      key expressions: _col0 (type: int)
                      sort order: +
                      Map-reduce partition columns: _col0 (type: int)
                      Statistics: Num rows: 1 Data size: 12 Basic stats: COMPLETE Column stats: COMPLETE
                      value expressions: _col1 (type: bigint)
        Reducer 3 
            Execution mode: vectorized
            Reduce Operator Tree:
              Group By Operator
                aggregations: count(VALUE._col0)
                keys: KEY._col0 (type: int)
                mode: mergepartial
                outputColumnNames: _col0, _col1
                Statistics: Num rows: 1 Data size: 12 Basic stats: COMPLETE Column stats: COMPLETE
                Select Operator
                  expressions: _col0 (type: int), _col1 (type: bigint), (_col0 * 50) (type: int)
                  outputColumnNames: _col0, _col1, _col2
                  Statistics: Num rows: 1 Data size: 16 Basic stats: COMPLETE Column stats: COMPLETE
                  Reduce Output Operator
                    key expressions: _col0 (type: int), _col1 (type: bigint)
                    sort order: ++
                    Statistics: Num rows: 1 Data size: 16 Basic stats: COMPLETE Column stats: COMPLETE
                    TopN Hash Memory Usage: 0.1
                    value expressions: _col2 (type: int)
        Reducer 4 
            Execution mode: vectorized
            Reduce Operator Tree:
              Select Operator
                expressions: KEY.reducesinkkey0 (type: int), KEY.reducesinkkey1 (type: bigint), VALUE._col0 (type: int)
                outputColumnNames: _col0, _col1, _col2
                Statistics: Num rows: 1 Data size: 16 Basic stats: COMPLETE Column stats: COMPLETE
                Limit
                  Number of rows: 100
                  Statistics: Num rows: 1 Data size: 16 Basic stats: COMPLETE Column stats: COMPLETE
                  File Output Operator
                    compressed: false
                    Statistics: Num rows: 1 Data size: 16 Basic stats: COMPLETE Column stats: COMPLETE
                    table:
                        input format: org.apache.hadoop.mapred.SequenceFileInputFormat
                        output format: org.apache.hadoop.hive.ql.io.HiveSequenceFileOutputFormat
                        serde: org.apache.hadoop.hive.serde2.lazy.LazySimpleSerDe

  Stage: Stage-0
    Fetch Operator
      limit: 100
      Processor Tree:
        ListSink

