PREHOOK: query: explain
WITH all_sales AS (
 SELECT d_year
       ,i_brand_id
       ,i_class_id
       ,i_category_id
       ,i_manufact_id
       ,SUM(sales_cnt) AS sales_cnt
       ,SUM(sales_amt) AS sales_amt
 FROM (SELECT d_year
             ,i_brand_id
             ,i_class_id
             ,i_category_id
             ,i_manufact_id
             ,cs_quantity - COALESCE(cr_return_quantity,0) AS sales_cnt
             ,cs_ext_sales_price - COALESCE(cr_return_amount,0.0) AS sales_amt
       FROM catalog_sales JOIN item ON i_item_sk=cs_item_sk
                          JOIN date_dim ON d_date_sk=cs_sold_date_sk
                          LEFT JOIN catalog_returns ON (cs_order_number=cr_order_number 
                                                    AND cs_item_sk=cr_item_sk)
       WHERE i_category='Sports'
       UNION
       SELECT d_year
             ,i_brand_id
             ,i_class_id
             ,i_category_id
             ,i_manufact_id
             ,ss_quantity - COALESCE(sr_return_quantity,0) AS sales_cnt
             ,ss_ext_sales_price - COALESCE(sr_return_amt,0.0) AS sales_amt
       FROM store_sales JOIN item ON i_item_sk=ss_item_sk
                        JOIN date_dim ON d_date_sk=ss_sold_date_sk
                        LEFT JOIN store_returns ON (ss_ticket_number=sr_ticket_number 
                                                AND ss_item_sk=sr_item_sk)
       WHERE i_category='Sports'
       UNION
       SELECT d_year
             ,i_brand_id
             ,i_class_id
             ,i_category_id
             ,i_manufact_id
             ,ws_quantity - COALESCE(wr_return_quantity,0) AS sales_cnt
             ,ws_ext_sales_price - COALESCE(wr_return_amt,0.0) AS sales_amt
       FROM web_sales JOIN item ON i_item_sk=ws_item_sk
                      JOIN date_dim ON d_date_sk=ws_sold_date_sk
                      LEFT JOIN web_returns ON (ws_order_number=wr_order_number 
                                            AND ws_item_sk=wr_item_sk)
       WHERE i_category='Sports') sales_detail
 GROUP BY d_year, i_brand_id, i_class_id, i_category_id, i_manufact_id)
 SELECT  prev_yr.d_year AS prev_year
                          ,curr_yr.d_year AS year
                          ,curr_yr.i_brand_id
                          ,curr_yr.i_class_id
                          ,curr_yr.i_category_id
                          ,curr_yr.i_manufact_id
                          ,prev_yr.sales_cnt AS prev_yr_cnt
                          ,curr_yr.sales_cnt AS curr_yr_cnt
                          ,curr_yr.sales_cnt-prev_yr.sales_cnt AS sales_cnt_diff
                          ,curr_yr.sales_amt-prev_yr.sales_amt AS sales_amt_diff
 FROM all_sales curr_yr, all_sales prev_yr
 WHERE curr_yr.i_brand_id=prev_yr.i_brand_id
   AND curr_yr.i_class_id=prev_yr.i_class_id
   AND curr_yr.i_category_id=prev_yr.i_category_id
   AND curr_yr.i_manufact_id=prev_yr.i_manufact_id
   AND curr_yr.d_year=2002
   AND prev_yr.d_year=2002-1
   AND CAST(curr_yr.sales_cnt AS DECIMAL(17,2))/CAST(prev_yr.sales_cnt AS DECIMAL(17,2))<0.9
 ORDER BY sales_cnt_diff
 limit 100
PREHOOK: type: QUERY
POSTHOOK: query: explain
WITH all_sales AS (
 SELECT d_year
       ,i_brand_id
       ,i_class_id
       ,i_category_id
       ,i_manufact_id
       ,SUM(sales_cnt) AS sales_cnt
       ,SUM(sales_amt) AS sales_amt
 FROM (SELECT d_year
             ,i_brand_id
             ,i_class_id
             ,i_category_id
             ,i_manufact_id
             ,cs_quantity - COALESCE(cr_return_quantity,0) AS sales_cnt
             ,cs_ext_sales_price - COALESCE(cr_return_amount,0.0) AS sales_amt
       FROM catalog_sales JOIN item ON i_item_sk=cs_item_sk
                          JOIN date_dim ON d_date_sk=cs_sold_date_sk
                          LEFT JOIN catalog_returns ON (cs_order_number=cr_order_number 
                                                    AND cs_item_sk=cr_item_sk)
       WHERE i_category='Sports'
       UNION
       SELECT d_year
             ,i_brand_id
             ,i_class_id
             ,i_category_id
             ,i_manufact_id
             ,ss_quantity - COALESCE(sr_return_quantity,0) AS sales_cnt
             ,ss_ext_sales_price - COALESCE(sr_return_amt,0.0) AS sales_amt
       FROM store_sales JOIN item ON i_item_sk=ss_item_sk
                        JOIN date_dim ON d_date_sk=ss_sold_date_sk
                        LEFT JOIN store_returns ON (ss_ticket_number=sr_ticket_number 
                                                AND ss_item_sk=sr_item_sk)
       WHERE i_category='Sports'
       UNION
       SELECT d_year
             ,i_brand_id
             ,i_class_id
             ,i_category_id
             ,i_manufact_id
             ,ws_quantity - COALESCE(wr_return_quantity,0) AS sales_cnt
             ,ws_ext_sales_price - COALESCE(wr_return_amt,0.0) AS sales_amt
       FROM web_sales JOIN item ON i_item_sk=ws_item_sk
                      JOIN date_dim ON d_date_sk=ws_sold_date_sk
                      LEFT JOIN web_returns ON (ws_order_number=wr_order_number 
                                            AND ws_item_sk=wr_item_sk)
       WHERE i_category='Sports') sales_detail
 GROUP BY d_year, i_brand_id, i_class_id, i_category_id, i_manufact_id)
 SELECT  prev_yr.d_year AS prev_year
                          ,curr_yr.d_year AS year
                          ,curr_yr.i_brand_id
                          ,curr_yr.i_class_id
                          ,curr_yr.i_category_id
                          ,curr_yr.i_manufact_id
                          ,prev_yr.sales_cnt AS prev_yr_cnt
                          ,curr_yr.sales_cnt AS curr_yr_cnt
                          ,curr_yr.sales_cnt-prev_yr.sales_cnt AS sales_cnt_diff
                          ,curr_yr.sales_amt-prev_yr.sales_amt AS sales_amt_diff
 FROM all_sales curr_yr, all_sales prev_yr
 WHERE curr_yr.i_brand_id=prev_yr.i_brand_id
   AND curr_yr.i_class_id=prev_yr.i_class_id
   AND curr_yr.i_category_id=prev_yr.i_category_id
   AND curr_yr.i_manufact_id=prev_yr.i_manufact_id
   AND curr_yr.d_year=2002
   AND prev_yr.d_year=2002-1
   AND CAST(curr_yr.sales_cnt AS DECIMAL(17,2))/CAST(prev_yr.sales_cnt AS DECIMAL(17,2))<0.9
 ORDER BY sales_cnt_diff
 limit 100
POSTHOOK: type: QUERY
STAGE DEPENDENCIES:
  Stage-2 is a root stage
  Stage-3 depends on stages: Stage-2
  Stage-4 depends on stages: Stage-3
  Stage-5 depends on stages: Stage-4
  Stage-6 depends on stages: Stage-5
  Stage-7 depends on stages: Stage-6
  Stage-1 depends on stages: Stage-7
  Stage-0 depends on stages: Stage-1

STAGE PLANS:
  Stage: Stage-2
    Spark
#### A masked pattern was here ####
      Vertices:
        Map 7 
            Map Operator Tree:
                TableScan
                  alias: date_dim
                  filterExpr: ((d_year = 2001) and d_date_sk is not null) (type: boolean)
                  Statistics: Num rows: 73049 Data size: 584392 Basic stats: COMPLETE Column stats: COMPLETE
                  Filter Operator
                    predicate: ((d_year = 2001) and d_date_sk is not null) (type: boolean)
                    Statistics: Num rows: 652 Data size: 5216 Basic stats: COMPLETE Column stats: COMPLETE
                    Select Operator
                      expressions: d_date_sk (type: int)
                      outputColumnNames: _col0
                      Statistics: Num rows: 652 Data size: 5216 Basic stats: COMPLETE Column stats: COMPLETE
                      Spark HashTable Sink Operator
                        keys:
                          0 _col0 (type: int)
                          1 _col0 (type: int)
            Execution mode: vectorized
            Local Work:
              Map Reduce Local Work
        Map 8 
            Map Operator Tree:
                TableScan
                  alias: item
                  filterExpr: ((i_category = 'Sports') and i_item_sk is not null and i_brand_id is not null and i_class_id is not null and i_category_id is not null and i_manufact_id is not null) (type: boolean)
                  Statistics: Num rows: 462000 Data size: 50801820 Basic stats: COMPLETE Column stats: COMPLETE
                  Filter Operator
                    predicate: ((i_category = 'Sports') and i_brand_id is not null and i_category_id is not null and i_class_id is not null and i_item_sk is not null and i_manufact_id is not null) (type: boolean)
                    Statistics: Num rows: 45745 Data size: 5030162 Basic stats: COMPLETE Column stats: COMPLETE
                    Select Operator
                      expressions: i_item_sk (type: int), i_brand_id (type: int), i_class_id (type: int), i_category_id (type: int), i_manufact_id (type: int)
                      outputColumnNames: _col0, _col1, _col2, _col3, _col5
                      Statistics: Num rows: 45745 Data size: 5030162 Basic stats: COMPLETE Column stats: COMPLETE
                      Spark HashTable Sink Operator
                        keys:
                          0 _col1 (type: int)
                          1 _col0 (type: int)
            Execution mode: vectorized
            Local Work:
              Map Reduce Local Work

  Stage: Stage-3
    Spark
#### A masked pattern was here ####
      Vertices:
        Map 12 
            Map Operator Tree:
                TableScan
                  alias: date_dim
                  filterExpr: ((d_year = 2001) and d_date_sk is not null) (type: boolean)
                  Statistics: Num rows: 73049 Data size: 584392 Basic stats: COMPLETE Column stats: COMPLETE
                  Filter Operator
                    predicate: ((d_year = 2001) and d_date_sk is not null) (type: boolean)
                    Statistics: Num rows: 652 Data size: 5216 Basic stats: COMPLETE Column stats: COMPLETE
                    Select Operator
                      expressions: d_date_sk (type: int)
                      outputColumnNames: _col0
                      Statistics: Num rows: 652 Data size: 5216 Basic stats: COMPLETE Column stats: COMPLETE
                      Spark HashTable Sink Operator
                        keys:
                          0 _col0 (type: int)
                          1 _col0 (type: int)
            Execution mode: vectorized
            Local Work:
              Map Reduce Local Work
        Map 13 
            Map Operator Tree:
                TableScan
                  alias: item
                  filterExpr: ((i_category = 'Sports') and i_item_sk is not null and i_brand_id is not null and i_class_id is not null and i_category_id is not null and i_manufact_id is not null) (type: boolean)
                  Statistics: Num rows: 462000 Data size: 50801820 Basic stats: COMPLETE Column stats: COMPLETE
                  Filter Operator
                    predicate: ((i_category = 'Sports') and i_brand_id is not null and i_category_id is not null and i_class_id is not null and i_item_sk is not null and i_manufact_id is not null) (type: boolean)
                    Statistics: Num rows: 45745 Data size: 5030162 Basic stats: COMPLETE Column stats: COMPLETE
                    Select Operator
                      expressions: i_item_sk (type: int), i_brand_id (type: int), i_class_id (type: int), i_category_id (type: int), i_manufact_id (type: int)
                      outputColumnNames: _col0, _col1, _col2, _col3, _col5
                      Statistics: Num rows: 45745 Data size: 5030162 Basic stats: COMPLETE Column stats: COMPLETE
                      Spark HashTable Sink Operator
                        keys:
                          0 _col1 (type: int)
                          1 _col0 (type: int)
            Execution mode: vectorized
            Local Work:
              Map Reduce Local Work

  Stage: Stage-4
    Spark
#### A masked pattern was here ####
      Vertices:
        Map 17 
            Map Operator Tree:
                TableScan
                  alias: date_dim
                  filterExpr: ((d_year = 2001) and d_date_sk is not null) (type: boolean)
                  Statistics: Num rows: 73049 Data size: 584392 Basic stats: COMPLETE Column stats: COMPLETE
                  Filter Operator
                    predicate: ((d_year = 2001) and d_date_sk is not null) (type: boolean)
                    Statistics: Num rows: 652 Data size: 5216 Basic stats: COMPLETE Column stats: COMPLETE
                    Select Operator
                      expressions: d_date_sk (type: int)
                      outputColumnNames: _col0
                      Statistics: Num rows: 652 Data size: 5216 Basic stats: COMPLETE Column stats: COMPLETE
                      Spark HashTable Sink Operator
                        keys:
                          0 _col0 (type: int)
                          1 _col0 (type: int)
            Execution mode: vectorized
            Local Work:
              Map Reduce Local Work
        Map 18 
            Map Operator Tree:
                TableScan
                  alias: item
                  filterExpr: ((i_category = 'Sports') and i_item_sk is not null and i_brand_id is not null and i_class_id is not null and i_category_id is not null and i_manufact_id is not null) (type: boolean)
                  Statistics: Num rows: 462000 Data size: 50801820 Basic stats: COMPLETE Column stats: COMPLETE
                  Filter Operator
                    predicate: ((i_category = 'Sports') and i_brand_id is not null and i_category_id is not null and i_class_id is not null and i_item_sk is not null and i_manufact_id is not null) (type: boolean)
                    Statistics: Num rows: 45745 Data size: 5030162 Basic stats: COMPLETE Column stats: COMPLETE
                    Select Operator
                      expressions: i_item_sk (type: int), i_brand_id (type: int), i_class_id (type: int), i_category_id (type: int), i_manufact_id (type: int)
                      outputColumnNames: _col0, _col1, _col2, _col3, _col5
                      Statistics: Num rows: 45745 Data size: 5030162 Basic stats: COMPLETE Column stats: COMPLETE
                      Spark HashTable Sink Operator
                        keys:
                          0 _col1 (type: int)
                          1 _col0 (type: int)
            Execution mode: vectorized
            Local Work:
              Map Reduce Local Work

  Stage: Stage-5
    Spark
#### A masked pattern was here ####
      Vertices:
        Map 24 
            Map Operator Tree:
                TableScan
                  alias: date_dim
                  filterExpr: ((d_year = 2002) and d_date_sk is not null) (type: boolean)
                  Statistics: Num rows: 73049 Data size: 584392 Basic stats: COMPLETE Column stats: COMPLETE
                  Filter Operator
                    predicate: ((d_year = 2002) and d_date_sk is not null) (type: boolean)
                    Statistics: Num rows: 652 Data size: 5216 Basic stats: COMPLETE Column stats: COMPLETE
                    Select Operator
                      expressions: d_date_sk (type: int)
                      outputColumnNames: _col0
                      Statistics: Num rows: 652 Data size: 5216 Basic stats: COMPLETE Column stats: COMPLETE
                      Spark HashTable Sink Operator
                        keys:
                          0 _col0 (type: int)
                          1 _col0 (type: int)
            Execution mode: vectorized
            Local Work:
              Map Reduce Local Work
        Map 25 
            Map Operator Tree:
                TableScan
                  alias: item
                  filterExpr: ((i_category = 'Sports') and i_item_sk is not null and i_brand_id is not null and i_class_id is not null and i_category_id is not null and i_manufact_id is not null) (type: boolean)
                  Statistics: Num rows: 462000 Data size: 50801820 Basic stats: COMPLETE Column stats: COMPLETE
                  Filter Operator
                    predicate: ((i_category = 'Sports') and i_brand_id is not null and i_category_id is not null and i_class_id is not null and i_item_sk is not null and i_manufact_id is not null) (type: boolean)
                    Statistics: Num rows: 45745 Data size: 5030162 Basic stats: COMPLETE Column stats: COMPLETE
                    Select Operator
                      expressions: i_item_sk (type: int), i_brand_id (type: int), i_class_id (type: int), i_category_id (type: int), i_manufact_id (type: int)
                      outputColumnNames: _col0, _col1, _col2, _col3, _col5
                      Statistics: Num rows: 45745 Data size: 5030162 Basic stats: COMPLETE Column stats: COMPLETE
                      Spark HashTable Sink Operator
                        keys:
                          0 _col1 (type: int)
                          1 _col0 (type: int)
            Execution mode: vectorized
            Local Work:
              Map Reduce Local Work

  Stage: Stage-6
    Spark
#### A masked pattern was here ####
      Vertices:
        Map 29 
            Map Operator Tree:
                TableScan
                  alias: date_dim
                  filterExpr: ((d_year = 2002) and d_date_sk is not null) (type: boolean)
                  Statistics: Num rows: 73049 Data size: 584392 Basic stats: COMPLETE Column stats: COMPLETE
                  Filter Operator
                    predicate: ((d_year = 2002) and d_date_sk is not null) (type: boolean)
                    Statistics: Num rows: 652 Data size: 5216 Basic stats: COMPLETE Column stats: COMPLETE
                    Select Operator
                      expressions: d_date_sk (type: int)
                      outputColumnNames: _col0
                      Statistics: Num rows: 652 Data size: 5216 Basic stats: COMPLETE Column stats: COMPLETE
                      Spark HashTable Sink Operator
                        keys:
                          0 _col0 (type: int)
                          1 _col0 (type: int)
            Execution mode: vectorized
            Local Work:
              Map Reduce Local Work
        Map 30 
            Map Operator Tree:
                TableScan
                  alias: item
                  filterExpr: ((i_category = 'Sports') and i_item_sk is not null and i_brand_id is not null and i_class_id is not null and i_category_id is not null and i_manufact_id is not null) (type: boolean)
                  Statistics: Num rows: 462000 Data size: 50801820 Basic stats: COMPLETE Column stats: COMPLETE
                  Filter Operator
                    predicate: ((i_category = 'Sports') and i_brand_id is not null and i_category_id is not null and i_class_id is not null and i_item_sk is not null and i_manufact_id is not null) (type: boolean)
                    Statistics: Num rows: 45745 Data size: 5030162 Basic stats: COMPLETE Column stats: COMPLETE
                    Select Operator
                      expressions: i_item_sk (type: int), i_brand_id (type: int), i_class_id (type: int), i_category_id (type: int), i_manufact_id (type: int)
                      outputColumnNames: _col0, _col1, _col2, _col3, _col5
                      Statistics: Num rows: 45745 Data size: 5030162 Basic stats: COMPLETE Column stats: COMPLETE
                      Spark HashTable Sink Operator
                        keys:
                          0 _col1 (type: int)
                          1 _col0 (type: int)
            Execution mode: vectorized
            Local Work:
              Map Reduce Local Work

  Stage: Stage-7
    Spark
#### A masked pattern was here ####
      Vertices:
        Map 34 
            Map Operator Tree:
                TableScan
                  alias: date_dim
                  filterExpr: ((d_year = 2002) and d_date_sk is not null) (type: boolean)
                  Statistics: Num rows: 73049 Data size: 584392 Basic stats: COMPLETE Column stats: COMPLETE
                  Filter Operator
                    predicate: ((d_year = 2002) and d_date_sk is not null) (type: boolean)
                    Statistics: Num rows: 652 Data size: 5216 Basic stats: COMPLETE Column stats: COMPLETE
                    Select Operator
                      expressions: d_date_sk (type: int)
                      outputColumnNames: _col0
                      Statistics: Num rows: 652 Data size: 5216 Basic stats: COMPLETE Column stats: COMPLETE
                      Spark HashTable Sink Operator
                        keys:
                          0 _col0 (type: int)
                          1 _col0 (type: int)
            Execution mode: vectorized
            Local Work:
              Map Reduce Local Work
        Map 35 
            Map Operator Tree:
                TableScan
                  alias: item
                  filterExpr: ((i_category = 'Sports') and i_item_sk is not null and i_brand_id is not null and i_class_id is not null and i_category_id is not null and i_manufact_id is not null) (type: boolean)
                  Statistics: Num rows: 462000 Data size: 50801820 Basic stats: COMPLETE Column stats: COMPLETE
                  Filter Operator
                    predicate: ((i_category = 'Sports') and i_brand_id is not null and i_category_id is not null and i_class_id is not null and i_item_sk is not null and i_manufact_id is not null) (type: boolean)
                    Statistics: Num rows: 45745 Data size: 5030162 Basic stats: COMPLETE Column stats: COMPLETE
                    Select Operator
                      expressions: i_item_sk (type: int), i_brand_id (type: int), i_class_id (type: int), i_category_id (type: int), i_manufact_id (type: int)
                      outputColumnNames: _col0, _col1, _col2, _col3, _col5
                      Statistics: Num rows: 45745 Data size: 5030162 Basic stats: COMPLETE Column stats: COMPLETE
                      Spark HashTable Sink Operator
                        keys:
                          0 _col1 (type: int)
                          1 _col0 (type: int)
            Execution mode: vectorized
            Local Work:
              Map Reduce Local Work

  Stage: Stage-1
    Spark
      Edges:
        Reducer 11 <- Map 10 (PARTITION-LEVEL SORT, 237), Map 14 (PARTITION-LEVEL SORT, 237)
        Reducer 16 <- Map 15 (PARTITION-LEVEL SORT, 67), Map 19 (PARTITION-LEVEL SORT, 67)
        Reducer 2 <- Map 1 (PARTITION-LEVEL SORT, 132), Map 9 (PARTITION-LEVEL SORT, 132)
        Reducer 21 <- Map 20 (PARTITION-LEVEL SORT, 132), Map 26 (PARTITION-LEVEL SORT, 132)
        Reducer 22 <- Reducer 21 (GROUP, 476), Reducer 28 (GROUP, 476)
        Reducer 23 <- Reducer 22 (GROUP PARTITION-LEVEL SORT, 567), Reducer 33 (GROUP PARTITION-LEVEL SORT, 567)
        Reducer 28 <- Map 27 (PARTITION-LEVEL SORT, 237), Map 31 (PARTITION-LEVEL SORT, 237)
        Reducer 3 <- Reducer 11 (GROUP, 476), Reducer 2 (GROUP, 476)
        Reducer 33 <- Map 32 (PARTITION-LEVEL SORT, 67), Map 36 (PARTITION-LEVEL SORT, 67)
        Reducer 4 <- Reducer 16 (GROUP PARTITION-LEVEL SORT, 567), Reducer 3 (GROUP PARTITION-LEVEL SORT, 567)
        Reducer 5 <- Reducer 23 (PARTITION-LEVEL SORT, 19), Reducer 4 (PARTITION-LEVEL SORT, 19)
        Reducer 6 <- Reducer 5 (SORT, 1)
#### A masked pattern was here ####
      Vertices:
        Map 1 
            Map Operator Tree:
                TableScan
                  alias: catalog_sales
                  filterExpr: (cs_item_sk is not null and cs_sold_date_sk is not null) (type: boolean)
                  Statistics: Num rows: 287989836 Data size: 36689979416 Basic stats: COMPLETE Column stats: COMPLETE
                  Filter Operator
                    predicate: (cs_item_sk is not null and cs_sold_date_sk is not null) (type: boolean)
                    Statistics: Num rows: 286549727 Data size: 36506509124 Basic stats: COMPLETE Column stats: COMPLETE
                    Select Operator
                      expressions: cs_sold_date_sk (type: int), cs_item_sk (type: int), cs_order_number (type: int), cs_quantity (type: int), cs_ext_sales_price (type: decimal(7,2))
                      outputColumnNames: _col0, _col1, _col2, _col3, _col4
                      Statistics: Num rows: 286549727 Data size: 36506509124 Basic stats: COMPLETE Column stats: COMPLETE
                      Map Join Operator
                        condition map:
                             Inner Join 0 to 1
                        keys:
                          0 _col0 (type: int)
                          1 _col0 (type: int)
                        outputColumnNames: _col1, _col2, _col3, _col4
                        input vertices:
                          1 Map 7
                        Statistics: Num rows: 101592102 Data size: 12431296344 Basic stats: COMPLETE Column stats: COMPLETE
                        Map Join Operator
                          condition map:
                               Inner Join 0 to 1
                          keys:
                            0 _col1 (type: int)
                            1 _col0 (type: int)
                          outputColumnNames: _col1, _col2, _col3, _col4, _col8, _col9, _col10, _col12
                          input vertices:
                            1 Map 8
                          Statistics: Num rows: 96821196 Data size: 13388841348 Basic stats: COMPLETE Column stats: COMPLETE
                          Reduce Output Operator
                            key expressions: _col1 (type: int), _col2 (type: int)
                            sort order: ++
                            Map-reduce partition columns: _col1 (type: int), _col2 (type: int)
                            Statistics: Num rows: 96821196 Data size: 13388841348 Basic stats: COMPLETE Column stats: COMPLETE
                            value expressions: _col3 (type: int), _col4 (type: decimal(7,2)), _col8 (type: int), _col9 (type: int), _col10 (type: int), _col12 (type: int)
            Execution mode: vectorized
            Local Work:
              Map Reduce Local Work
        Map 10 
            Map Operator Tree:
                TableScan
                  alias: store_sales
                  filterExpr: (ss_item_sk is not null and ss_sold_date_sk is not null) (type: boolean)
                  Statistics: Num rows: 575995635 Data size: 70617170680 Basic stats: COMPLETE Column stats: COMPLETE
                  Filter Operator
                    predicate: (ss_item_sk is not null and ss_sold_date_sk is not null) (type: boolean)
                    Statistics: Num rows: 550076554 Data size: 67439486572 Basic stats: COMPLETE Column stats: COMPLETE
                    Select Operator
                      expressions: ss_sold_date_sk (type: int), ss_item_sk (type: int), ss_ticket_number (type: int), ss_quantity (type: int), ss_ext_sales_price (type: decimal(7,2))
                      outputColumnNames: _col0, _col1, _col2, _col3, _col4
                      Statistics: Num rows: 550076554 Data size: 67439486572 Basic stats: COMPLETE Column stats: COMPLETE
                      Map Join Operator
                        condition map:
                             Inner Join 0 to 1
                        keys:
                          0 _col0 (type: int)
                          1 _col0 (type: int)
                        outputColumnNames: _col1, _col2, _col3, _col4
                        input vertices:
                          1 Map 12
                        Statistics: Num rows: 196410188 Data size: 21483561988 Basic stats: COMPLETE Column stats: COMPLETE
                        Map Join Operator
                          condition map:
                               Inner Join 0 to 1
                          keys:
                            0 _col1 (type: int)
                            1 _col0 (type: int)
                          outputColumnNames: _col1, _col2, _col3, _col4, _col8, _col9, _col10, _col12
                          input vertices:
                            1 Map 13
                          Statistics: Num rows: 187186493 Data size: 23334805908 Basic stats: COMPLETE Column stats: COMPLETE
                          Reduce Output Operator
                            key expressions: _col1 (type: int), _col2 (type: int)
                            sort order: ++
                            Map-reduce partition columns: _col1 (type: int), _col2 (type: int)
                            Statistics: Num rows: 187186493 Data size: 23334805908 Basic stats: COMPLETE Column stats: COMPLETE
                            value expressions: _col3 (type: int), _col4 (type: decimal(7,2)), _col8 (type: int), _col9 (type: int), _col10 (type: int), _col12 (type: int)
            Execution mode: vectorized
            Local Work:
              Map Reduce Local Work
        Map 14 
            Map Operator Tree:
                TableScan
                  alias: store_returns
                  filterExpr: sr_item_sk is not null (type: boolean)
                  Statistics: Num rows: 57591150 Data size: 6907548224 Basic stats: COMPLETE Column stats: COMPLETE
                  Filter Operator
                    predicate: sr_item_sk is not null (type: boolean)
                    Statistics: Num rows: 57591150 Data size: 6907548224 Basic stats: COMPLETE Column stats: COMPLETE
                    Select Operator
                      expressions: sr_item_sk (type: int), sr_ticket_number (type: int), sr_return_quantity (type: int), sr_return_amt (type: decimal(7,2))
                      outputColumnNames: _col0, _col1, _col2, _col3
                      Statistics: Num rows: 57591150 Data size: 6907548224 Basic stats: COMPLETE Column stats: COMPLETE
                      Reduce Output Operator
                        key expressions: _col0 (type: int), _col1 (type: int)
                        sort order: ++
                        Map-reduce partition columns: _col0 (type: int), _col1 (type: int)
                        Statistics: Num rows: 57591150 Data size: 6907548224 Basic stats: COMPLETE Column stats: COMPLETE
                        value expressions: _col2 (type: int), _col3 (type: decimal(7,2))
            Execution mode: vectorized
        Map 15 
            Map Operator Tree:
                TableScan
                  alias: web_sales
                  filterExpr: (ws_item_sk is not null and ws_sold_date_sk is not null) (type: boolean)
                  Statistics: Num rows: 144002668 Data size: 18428028352 Basic stats: COMPLETE Column stats: COMPLETE
                  Filter Operator
                    predicate: (ws_item_sk is not null and ws_sold_date_sk is not null) (type: boolean)
                    Statistics: Num rows: 143966864 Data size: 18423446520 Basic stats: COMPLETE Column stats: COMPLETE
                    Select Operator
                      expressions: ws_sold_date_sk (type: int), ws_item_sk (type: int), ws_order_number (type: int), ws_quantity (type: int), ws_ext_sales_price (type: decimal(7,2))
                      outputColumnNames: _col0, _col1, _col2, _col3, _col4
                      Statistics: Num rows: 143966864 Data size: 18423446520 Basic stats: COMPLETE Column stats: COMPLETE
                      Map Join Operator
                        condition map:
                             Inner Join 0 to 1
                        keys:
                          0 _col0 (type: int)
                          1 _col0 (type: int)
                        outputColumnNames: _col1, _col2, _col3, _col4
                        input vertices:
                          1 Map 17
                        Statistics: Num rows: 51404771 Data size: 6370022708 Basic stats: COMPLETE Column stats: COMPLETE
                        Map Join Operator
                          condition map:
                               Inner Join 0 to 1
                          keys:
                            0 _col1 (type: int)
                            1 _col0 (type: int)
                          outputColumnNames: _col1, _col2, _col3, _col4, _col8, _col9, _col10, _col12
                          input vertices:
                            1 Map 18
                          Statistics: Num rows: 48990732 Data size: 6854531796 Basic stats: COMPLETE Column stats: COMPLETE
                          Reduce Output Operator
                            key expressions: _col1 (type: int), _col2 (type: int)
                            sort order: ++
                            Map-reduce partition columns: _col1 (type: int), _col2 (type: int)
                            Statistics: Num rows: 48990732 Data size: 6854531796 Basic stats: COMPLETE Column stats: COMPLETE
                            value expressions: _col3 (type: int), _col4 (type: decimal(7,2)), _col8 (type: int), _col9 (type: int), _col10 (type: int), _col12 (type: int)
            Execution mode: vectorized
            Local Work:
              Map Reduce Local Work
        Map 19 
            Map Operator Tree:
                TableScan
                  alias: web_returns
                  filterExpr: wr_item_sk is not null (type: boolean)
                  Statistics: Num rows: 14398467 Data size: 1710225720 Basic stats: COMPLETE Column stats: COMPLETE
                  Filter Operator
                    predicate: wr_item_sk is not null (type: boolean)
                    Statistics: Num rows: 14398467 Data size: 1710225720 Basic stats: COMPLETE Column stats: COMPLETE
                    Select Operator
                      expressions: wr_item_sk (type: int), wr_order_number (type: int), wr_return_quantity (type: int), wr_return_amt (type: decimal(7,2))
                      outputColumnNames: _col0, _col1, _col2, _col3
                      Statistics: Num rows: 14398467 Data size: 1710225720 Basic stats: COMPLETE Column stats: COMPLETE
                      Reduce Output Operator
                        key expressions: _col0 (type: int), _col1 (type: int)
                        sort order: ++
                        Map-reduce partition columns: _col0 (type: int), _col1 (type: int)
                        Statistics: Num rows: 14398467 Data size: 1710225720 Basic stats: COMPLETE Column stats: COMPLETE
                        value expressions: _col2 (type: int), _col3 (type: decimal(7,2))
            Execution mode: vectorized
        Map 20 
            Map Operator Tree:
                TableScan
                  alias: catalog_sales
                  filterExpr: (cs_item_sk is not null and cs_sold_date_sk is not null) (type: boolean)
                  Statistics: Num rows: 287989836 Data size: 36689979416 Basic stats: COMPLETE Column stats: COMPLETE
                  Filter Operator
                    predicate: (cs_item_sk is not null and cs_sold_date_sk is not null) (type: boolean)
                    Statistics: Num rows: 286549727 Data size: 36506509124 Basic stats: COMPLETE Column stats: COMPLETE
                    Select Operator
                      expressions: cs_sold_date_sk (type: int), cs_item_sk (type: int), cs_order_number (type: int), cs_quantity (type: int), cs_ext_sales_price (type: decimal(7,2))
                      outputColumnNames: _col0, _col1, _col2, _col3, _col4
                      Statistics: Num rows: 286549727 Data size: 36506509124 Basic stats: COMPLETE Column stats: COMPLETE
                      Map Join Operator
                        condition map:
                             Inner Join 0 to 1
                        keys:
                          0 _col0 (type: int)
                          1 _col0 (type: int)
                        outputColumnNames: _col1, _col2, _col3, _col4
                        input vertices:
                          1 Map 24
                        Statistics: Num rows: 101592102 Data size: 12431296344 Basic stats: COMPLETE Column stats: COMPLETE
                        Map Join Operator
                          condition map:
                               Inner Join 0 to 1
                          keys:
                            0 _col1 (type: int)
                            1 _col0 (type: int)
                          outputColumnNames: _col1, _col2, _col3, _col4, _col8, _col9, _col10, _col12
                          input vertices:
                            1 Map 25
                          Statistics: Num rows: 96821196 Data size: 13388841348 Basic stats: COMPLETE Column stats: COMPLETE
                          Reduce Output Operator
                            key expressions: _col1 (type: int), _col2 (type: int)
                            sort order: ++
                            Map-reduce partition columns: _col1 (type: int), _col2 (type: int)
                            Statistics: Num rows: 96821196 Data size: 13388841348 Basic stats: COMPLETE Column stats: COMPLETE
                            value expressions: _col3 (type: int), _col4 (type: decimal(7,2)), _col8 (type: int), _col9 (type: int), _col10 (type: int), _col12 (type: int)
            Execution mode: vectorized
            Local Work:
              Map Reduce Local Work
        Map 26 
            Map Operator Tree:
                TableScan
                  alias: catalog_returns
                  filterExpr: cr_item_sk is not null (type: boolean)
                  Statistics: Num rows: 28798881 Data size: 3504192752 Basic stats: COMPLETE Column stats: COMPLETE
                  Filter Operator
                    predicate: cr_item_sk is not null (type: boolean)
                    Statistics: Num rows: 28798881 Data size: 3504192752 Basic stats: COMPLETE Column stats: COMPLETE
                    Select Operator
                      expressions: cr_item_sk (type: int), cr_order_number (type: int), cr_return_quantity (type: int), cr_return_amount (type: decimal(7,2))
                      outputColumnNames: _col0, _col1, _col2, _col3
                      Statistics: Num rows: 28798881 Data size: 3504192752 Basic stats: COMPLETE Column stats: COMPLETE
                      Reduce Output Operator
                        key expressions: _col0 (type: int), _col1 (type: int)
                        sort order: ++
                        Map-reduce partition columns: _col0 (type: int), _col1 (type: int)
                        Statistics: Num rows: 28798881 Data size: 3504192752 Basic stats: COMPLETE Column stats: COMPLETE
                        value expressions: _col2 (type: int), _col3 (type: decimal(7,2))
            Execution mode: vectorized
        Map 27 
            Map Operator Tree:
                TableScan
                  alias: store_sales
                  filterExpr: (ss_item_sk is not null and ss_sold_date_sk is not null) (type: boolean)
                  Statistics: Num rows: 575995635 Data size: 70617170680 Basic stats: COMPLETE Column stats: COMPLETE
                  Filter Operator
                    predicate: (ss_item_sk is not null and ss_sold_date_sk is not null) (type: boolean)
                    Statistics: Num rows: 550076554 Data size: 67439486572 Basic stats: COMPLETE Column stats: COMPLETE
                    Select Operator
                      expressions: ss_sold_date_sk (type: int), ss_item_sk (type: int), ss_ticket_number (type: int), ss_quantity (type: int), ss_ext_sales_price (type: decimal(7,2))
                      outputColumnNames: _col0, _col1, _col2, _col3, _col4
                      Statistics: Num rows: 550076554 Data size: 67439486572 Basic stats: COMPLETE Column stats: COMPLETE
                      Map Join Operator
                        condition map:
                             Inner Join 0 to 1
                        keys:
                          0 _col0 (type: int)
                          1 _col0 (type: int)
                        outputColumnNames: _col1, _col2, _col3, _col4
                        input vertices:
                          1 Map 29
                        Statistics: Num rows: 196410188 Data size: 21483561988 Basic stats: COMPLETE Column stats: COMPLETE
                        Map Join Operator
                          condition map:
                               Inner Join 0 to 1
                          keys:
                            0 _col1 (type: int)
                            1 _col0 (type: int)
                          outputColumnNames: _col1, _col2, _col3, _col4, _col8, _col9, _col10, _col12
                          input vertices:
                            1 Map 30
                          Statistics: Num rows: 187186493 Data size: 23334805908 Basic stats: COMPLETE Column stats: COMPLETE
                          Reduce Output Operator
                            key expressions: _col1 (type: int), _col2 (type: int)
                            sort order: ++
                            Map-reduce partition columns: _col1 (type: int), _col2 (type: int)
                            Statistics: Num rows: 187186493 Data size: 23334805908 Basic stats: COMPLETE Column stats: COMPLETE
                            value expressions: _col3 (type: int), _col4 (type: decimal(7,2)), _col8 (type: int), _col9 (type: int), _col10 (type: int), _col12 (type: int)
            Execution mode: vectorized
            Local Work:
              Map Reduce Local Work
        Map 31 
            Map Operator Tree:
                TableScan
                  alias: store_returns
                  filterExpr: sr_item_sk is not null (type: boolean)
                  Statistics: Num rows: 57591150 Data size: 6907548224 Basic stats: COMPLETE Column stats: COMPLETE
                  Filter Operator
                    predicate: sr_item_sk is not null (type: boolean)
                    Statistics: Num rows: 57591150 Data size: 6907548224 Basic stats: COMPLETE Column stats: COMPLETE
                    Select Operator
                      expressions: sr_item_sk (type: int), sr_ticket_number (type: int), sr_return_quantity (type: int), sr_return_amt (type: decimal(7,2))
                      outputColumnNames: _col0, _col1, _col2, _col3
                      Statistics: Num rows: 57591150 Data size: 6907548224 Basic stats: COMPLETE Column stats: COMPLETE
                      Reduce Output Operator
                        key expressions: _col0 (type: int), _col1 (type: int)
                        sort order: ++
                        Map-reduce partition columns: _col0 (type: int), _col1 (type: int)
                        Statistics: Num rows: 57591150 Data size: 6907548224 Basic stats: COMPLETE Column stats: COMPLETE
                        value expressions: _col2 (type: int), _col3 (type: decimal(7,2))
            Execution mode: vectorized
        Map 32 
            Map Operator Tree:
                TableScan
                  alias: web_sales
                  filterExpr: (ws_item_sk is not null and ws_sold_date_sk is not null) (type: boolean)
                  Statistics: Num rows: 144002668 Data size: 18428028352 Basic stats: COMPLETE Column stats: COMPLETE
                  Filter Operator
                    predicate: (ws_item_sk is not null and ws_sold_date_sk is not null) (type: boolean)
                    Statistics: Num rows: 143966864 Data size: 18423446520 Basic stats: COMPLETE Column stats: COMPLETE
                    Select Operator
                      expressions: ws_sold_date_sk (type: int), ws_item_sk (type: int), ws_order_number (type: int), ws_quantity (type: int), ws_ext_sales_price (type: decimal(7,2))
                      outputColumnNames: _col0, _col1, _col2, _col3, _col4
                      Statistics: Num rows: 143966864 Data size: 18423446520 Basic stats: COMPLETE Column stats: COMPLETE
                      Map Join Operator
                        condition map:
                             Inner Join 0 to 1
                        keys:
                          0 _col0 (type: int)
                          1 _col0 (type: int)
                        outputColumnNames: _col1, _col2, _col3, _col4
                        input vertices:
                          1 Map 34
                        Statistics: Num rows: 51404771 Data size: 6370022708 Basic stats: COMPLETE Column stats: COMPLETE
                        Map Join Operator
                          condition map:
                               Inner Join 0 to 1
                          keys:
                            0 _col1 (type: int)
                            1 _col0 (type: int)
                          outputColumnNames: _col1, _col2, _col3, _col4, _col8, _col9, _col10, _col12
                          input vertices:
                            1 Map 35
                          Statistics: Num rows: 48990732 Data size: 6854531796 Basic stats: COMPLETE Column stats: COMPLETE
                          Reduce Output Operator
                            key expressions: _col1 (type: int), _col2 (type: int)
                            sort order: ++
                            Map-reduce partition columns: _col1 (type: int), _col2 (type: int)
                            Statistics: Num rows: 48990732 Data size: 6854531796 Basic stats: COMPLETE Column stats: COMPLETE
                            value expressions: _col3 (type: int), _col4 (type: decimal(7,2)), _col8 (type: int), _col9 (type: int), _col10 (type: int), _col12 (type: int)
            Execution mode: vectorized
            Local Work:
              Map Reduce Local Work
        Map 36 
            Map Operator Tree:
                TableScan
                  alias: web_returns
                  filterExpr: wr_item_sk is not null (type: boolean)
                  Statistics: Num rows: 14398467 Data size: 1710225720 Basic stats: COMPLETE Column stats: COMPLETE
                  Filter Operator
                    predicate: wr_item_sk is not null (type: boolean)
                    Statistics: Num rows: 14398467 Data size: 1710225720 Basic stats: COMPLETE Column stats: COMPLETE
                    Select Operator
                      expressions: wr_item_sk (type: int), wr_order_number (type: int), wr_return_quantity (type: int), wr_return_amt (type: decimal(7,2))
                      outputColumnNames: _col0, _col1, _col2, _col3
                      Statistics: Num rows: 14398467 Data size: 1710225720 Basic stats: COMPLETE Column stats: COMPLETE
                      Reduce Output Operator
                        key expressions: _col0 (type: int), _col1 (type: int)
                        sort order: ++
                        Map-reduce partition columns: _col0 (type: int), _col1 (type: int)
                        Statistics: Num rows: 14398467 Data size: 1710225720 Basic stats: COMPLETE Column stats: COMPLETE
                        value expressions: _col2 (type: int), _col3 (type: decimal(7,2))
            Execution mode: vectorized
        Map 9 
            Map Operator Tree:
                TableScan
                  alias: catalog_returns
                  filterExpr: cr_item_sk is not null (type: boolean)
                  Statistics: Num rows: 28798881 Data size: 3504192752 Basic stats: COMPLETE Column stats: COMPLETE
                  Filter Operator
                    predicate: cr_item_sk is not null (type: boolean)
                    Statistics: Num rows: 28798881 Data size: 3504192752 Basic stats: COMPLETE Column stats: COMPLETE
                    Select Operator
                      expressions: cr_item_sk (type: int), cr_order_number (type: int), cr_return_quantity (type: int), cr_return_amount (type: decimal(7,2))
                      outputColumnNames: _col0, _col1, _col2, _col3
                      Statistics: Num rows: 28798881 Data size: 3504192752 Basic stats: COMPLETE Column stats: COMPLETE
                      Reduce Output Operator
                        key expressions: _col0 (type: int), _col1 (type: int)
                        sort order: ++
                        Map-reduce partition columns: _col0 (type: int), _col1 (type: int)
                        Statistics: Num rows: 28798881 Data size: 3504192752 Basic stats: COMPLETE Column stats: COMPLETE
                        value expressions: _col2 (type: int), _col3 (type: decimal(7,2))
            Execution mode: vectorized
        Reducer 11 
            Reduce Operator Tree:
              Join Operator
                condition map:
                     Left Outer Join 0 to 1
                outputColumnNames: _col3, _col4, _col8, _col9, _col10, _col12, _col15, _col16
                Statistics: Num rows: 308615818 Data size: 73431665376 Basic stats: COMPLETE Column stats: COMPLETE
                Select Operator
                  expressions: _col8 (type: int), _col9 (type: int), _col10 (type: int), _col12 (type: int), (_col3 - COALESCE(_col15,0)) (type: int), (_col4 - COALESCE(_col16,0)) (type: decimal(8,2))
                  outputColumnNames: _col0, _col1, _col2, _col3, _col4, _col5
                  Statistics: Num rows: 308615818 Data size: 40737286188 Basic stats: COMPLETE Column stats: COMPLETE
                  Group By Operator
                    keys: _col0 (type: int), _col1 (type: int), _col2 (type: int), _col3 (type: int), _col4 (type: int), _col5 (type: decimal(8,2))
                    mode: hash
                    outputColumnNames: _col0, _col1, _col2, _col3, _col4, _col5
                    Statistics: Num rows: 461495441 Data size: 60917392816 Basic stats: COMPLETE Column stats: COMPLETE
                    Reduce Output Operator
                      key expressions: _col0 (type: int), _col1 (type: int), _col2 (type: int), _col3 (type: int), _col4 (type: int), _col5 (type: decimal(8,2))
                      sort order: ++++++
                      Map-reduce partition columns: _col0 (type: int), _col1 (type: int), _col2 (type: int), _col3 (type: int), _col4 (type: int), _col5 (type: decimal(8,2))
                      Statistics: Num rows: 461495441 Data size: 60917392816 Basic stats: COMPLETE Column stats: COMPLETE
        Reducer 16 
            Reduce Operator Tree:
              Join Operator
                condition map:
                     Left Outer Join 0 to 1
                outputColumnNames: _col3, _col4, _col8, _col9, _col10, _col12, _col15, _col16
                Statistics: Num rows: 88085997 Data size: 21765972384 Basic stats: COMPLETE Column stats: COMPLETE
                Select Operator
                  expressions: _col8 (type: int), _col9 (type: int), _col10 (type: int), _col12 (type: int), (_col3 - COALESCE(_col15,0)) (type: int), (_col4 - COALESCE(_col16,0)) (type: decimal(8,2))
                  outputColumnNames: _col0, _col1, _col2, _col3, _col4, _col5
                  Statistics: Num rows: 88085997 Data size: 11627349816 Basic stats: COMPLETE Column stats: COMPLETE
                  Group By Operator
                    keys: _col0 (type: int), _col1 (type: int), _col2 (type: int), _col3 (type: int), _col4 (type: int), _col5 (type: decimal(8,2))
                    mode: hash
                    outputColumnNames: _col0, _col1, _col2, _col3, _col4, _col5
                    Statistics: Num rows: 549581438 Data size: 72544737204 Basic stats: COMPLETE Column stats: COMPLETE
                    Reduce Output Operator
                      key expressions: _col0 (type: int), _col1 (type: int), _col2 (type: int), _col3 (type: int), _col4 (type: int), _col5 (type: decimal(8,2))
                      sort order: ++++++
                      Map-reduce partition columns: _col0 (type: int), _col1 (type: int), _col2 (type: int), _col3 (type: int)
                      Statistics: Num rows: 549581438 Data size: 72544737204 Basic stats: COMPLETE Column stats: COMPLETE
        Reducer 2 
            Reduce Operator Tree:
              Join Operator
                condition map:
                     Left Outer Join 0 to 1
                outputColumnNames: _col3, _col4, _col8, _col9, _col10, _col12, _col15, _col16
                Statistics: Num rows: 152879623 Data size: 37681151920 Basic stats: COMPLETE Column stats: COMPLETE
                Select Operator
                  expressions: _col8 (type: int), _col9 (type: int), _col10 (type: int), _col12 (type: int), (_col3 - COALESCE(_col15,0)) (type: int), (_col4 - COALESCE(_col16,0)) (type: decimal(8,2))
                  outputColumnNames: _col0, _col1, _col2, _col3, _col4, _col5
                  Statistics: Num rows: 152879623 Data size: 20180108448 Basic stats: COMPLETE Column stats: COMPLETE
                  Group By Operator
                    keys: _col0 (type: int), _col1 (type: int), _col2 (type: int), _col3 (type: int), _col4 (type: int), _col5 (type: decimal(8,2))
                    mode: hash
                    outputColumnNames: _col0, _col1, _col2, _col3, _col4, _col5
                    Statistics: Num rows: 461495441 Data size: 60917392816 Basic stats: COMPLETE Column stats: COMPLETE
                    Reduce Output Operator
                      key expressions: _col0 (type: int), _col1 (type: int), _col2 (type: int), _col3 (type: int), _col4 (type: int), _col5 (type: decimal(8,2))
                      sort order: ++++++
                      Map-reduce partition columns: _col0 (type: int), _col1 (type: int), _col2 (type: int), _col3 (type: int), _col4 (type: int), _col5 (type: decimal(8,2))
                      Statistics: Num rows: 461495441 Data size: 60917392816 Basic stats: COMPLETE Column stats: COMPLETE
        Reducer 21 
            Reduce Operator Tree:
              Join Operator
                condition map:
                     Left Outer Join 0 to 1
                outputColumnNames: _col3, _col4, _col8, _col9, _col10, _col12, _col15, _col16
                Statistics: Num rows: 152879623 Data size: 37681151920 Basic stats: COMPLETE Column stats: COMPLETE
                Select Operator
                  expressions: _col8 (type: int), _col9 (type: int), _col10 (type: int), _col12 (type: int), (_col3 - COALESCE(_col15,0)) (type: int), (_col4 - COALESCE(_col16,0)) (type: decimal(8,2))
                  outputColumnNames: _col0, _col1, _col2, _col3, _col4, _col5
                  Statistics: Num rows: 152879623 Data size: 20180108448 Basic stats: COMPLETE Column stats: COMPLETE
                  Group By Operator
                    keys: _col0 (type: int), _col1 (type: int), _col2 (type: int), _col3 (type: int), _col4 (type: int), _col5 (type: decimal(8,2))
                    mode: hash
                    outputColumnNames: _col0, _col1, _col2, _col3, _col4, _col5
                    Statistics: Num rows: 461495441 Data size: 60917392816 Basic stats: COMPLETE Column stats: COMPLETE
                    Reduce Output Operator
                      key expressions: _col0 (type: int), _col1 (type: int), _col2 (type: int), _col3 (type: int), _col4 (type: int), _col5 (type: decimal(8,2))
                      sort order: ++++++
                      Map-reduce partition columns: _col0 (type: int), _col1 (type: int), _col2 (type: int), _col3 (type: int), _col4 (type: int), _col5 (type: decimal(8,2))
                      Statistics: Num rows: 461495441 Data size: 60917392816 Basic stats: COMPLETE Column stats: COMPLETE
        Reducer 22 
            Execution mode: vectorized
            Reduce Operator Tree:
              Group By Operator
                keys: KEY._col0 (type: int), KEY._col1 (type: int), KEY._col2 (type: int), KEY._col3 (type: int), KEY._col4 (type: int), KEY._col5 (type: decimal(8,2))
                mode: mergepartial
                outputColumnNames: _col0, _col1, _col2, _col3, _col4, _col5
                Statistics: Num rows: 461495441 Data size: 60917392816 Basic stats: COMPLETE Column stats: COMPLETE
                Group By Operator
                  keys: _col0 (type: int), _col1 (type: int), _col2 (type: int), _col3 (type: int), _col4 (type: int), _col5 (type: decimal(8,2))
                  mode: hash
                  outputColumnNames: _col0, _col1, _col2, _col3, _col4, _col5
                  Statistics: Num rows: 549581438 Data size: 72544737204 Basic stats: COMPLETE Column stats: COMPLETE
                  Reduce Output Operator
                    key expressions: _col0 (type: int), _col1 (type: int), _col2 (type: int), _col3 (type: int), _col4 (type: int), _col5 (type: decimal(8,2))
                    sort order: ++++++
                    Map-reduce partition columns: _col0 (type: int), _col1 (type: int), _col2 (type: int), _col3 (type: int)
                    Statistics: Num rows: 549581438 Data size: 72544737204 Basic stats: COMPLETE Column stats: COMPLETE
        Reducer 23 
            Execution mode: vectorized
            Reduce Operator Tree:
              Group By Operator
                keys: KEY._col0 (type: int), KEY._col1 (type: int), KEY._col2 (type: int), KEY._col3 (type: int), KEY._col4 (type: int), KEY._col5 (type: decimal(8,2))
                mode: mergepartial
                outputColumnNames: _col0, _col1, _col2, _col3, _col4, _col5
                Statistics: Num rows: 549581438 Data size: 72544737204 Basic stats: COMPLETE Column stats: COMPLETE
                Group By Operator
                  aggregations: sum(_col4), sum(_col5)
                  keys: _col0 (type: int), _col1 (type: int), _col2 (type: int), _col3 (type: int)
                  mode: complete
                  outputColumnNames: _col0, _col1, _col2, _col3, _col4, _col5
                  Statistics: Num rows: 8520960 Data size: 1158850384 Basic stats: COMPLETE Column stats: COMPLETE
                  Reduce Output Operator
                    key expressions: _col0 (type: int), _col1 (type: int), _col2 (type: int), _col3 (type: int)
                    sort order: ++++
                    Map-reduce partition columns: _col0 (type: int), _col1 (type: int), _col2 (type: int), _col3 (type: int)
                    Statistics: Num rows: 8520960 Data size: 1158850384 Basic stats: COMPLETE Column stats: COMPLETE
                    value expressions: _col4 (type: bigint), _col5 (type: decimal(18,2))
        Reducer 28 
            Reduce Operator Tree:
              Join Operator
                condition map:
                     Left Outer Join 0 to 1
                outputColumnNames: _col3, _col4, _col8, _col9, _col10, _col12, _col15, _col16
                Statistics: Num rows: 308615818 Data size: 73431665376 Basic stats: COMPLETE Column stats: COMPLETE
                Select Operator
                  expressions: _col8 (type: int), _col9 (type: int), _col10 (type: int), _col12 (type: int), (_col3 - COALESCE(_col15,0)) (type: int), (_col4 - COALESCE(_col16,0)) (type: decimal(8,2))
                  outputColumnNames: _col0, _col1, _col2, _col3, _col4, _col5
                  Statistics: Num rows: 308615818 Data size: 40737286188 Basic stats: COMPLETE Column stats: COMPLETE
                  Group By Operator
                    keys: _col0 (type: int), _col1 (type: int), _col2 (type: int), _col3 (type: int), _col4 (type: int), _col5 (type: decimal(8,2))
                    mode: hash
                    outputColumnNames: _col0, _col1, _col2, _col3, _col4, _col5
                    Statistics: Num rows: 461495441 Data size: 60917392816 Basic stats: COMPLETE Column stats: COMPLETE
                    Reduce Output Operator
                      key expressions: _col0 (type: int), _col1 (type: int), _col2 (type: int), _col3 (type: int), _col4 (type: int), _col5 (type: decimal(8,2))
                      sort order: ++++++
                      Map-reduce partition columns: _col0 (type: int), _col1 (type: int), _col2 (type: int), _col3 (type: int), _col4 (type: int), _col5 (type: decimal(8,2))
                      Statistics: Num rows: 461495441 Data size: 60917392816 Basic stats: COMPLETE Column stats: COMPLETE
        Reducer 3 
            Execution mode: vectorized
            Reduce Operator Tree:
              Group By Operator
                keys: KEY._col0 (type: int), KEY._col1 (type: int), KEY._col2 (type: int), KEY._col3 (type: int), KEY._col4 (type: int), KEY._col5 (type: decimal(8,2))
                mode: mergepartial
                outputColumnNames: _col0, _col1, _col2, _col3, _col4, _col5
                Statistics: Num rows: 461495441 Data size: 60917392816 Basic stats: COMPLETE Column stats: COMPLETE
                Group By Operator
                  keys: _col0 (type: int), _col1 (type: int), _col2 (type: int), _col3 (type: int), _col4 (type: int), _col5 (type: decimal(8,2))
                  mode: hash
                  outputColumnNames: _col0, _col1, _col2, _col3, _col4, _col5
                  Statistics: Num rows: 549581438 Data size: 72544737204 Basic stats: COMPLETE Column stats: COMPLETE
                  Reduce Output Operator
                    key expressions: _col0 (type: int), _col1 (type: int), _col2 (type: int), _col3 (type: int), _col4 (type: int), _col5 (type: decimal(8,2))
                    sort order: ++++++
                    Map-reduce partition columns: _col0 (type: int), _col1 (type: int), _col2 (type: int), _col3 (type: int)
                    Statistics: Num rows: 549581438 Data size: 72544737204 Basic stats: COMPLETE Column stats: COMPLETE
        Reducer 33 
            Reduce Operator Tree:
              Join Operator
                condition map:
                     Left Outer Join 0 to 1
                outputColumnNames: _col3, _col4, _col8, _col9, _col10, _col12, _col15, _col16
                Statistics: Num rows: 88085997 Data size: 21765972384 Basic stats: COMPLETE Column stats: COMPLETE
                Select Operator
                  expressions: _col8 (type: int), _col9 (type: int), _col10 (type: int), _col12 (type: int), (_col3 - COALESCE(_col15,0)) (type: int), (_col4 - COALESCE(_col16,0)) (type: decimal(8,2))
                  outputColumnNames: _col0, _col1, _col2, _col3, _col4, _col5
                  Statistics: Num rows: 88085997 Data size: 11627349816 Basic stats: COMPLETE Column stats: COMPLETE
                  Group By Operator
                    keys: _col0 (type: int), _col1 (type: int), _col2 (type: int), _col3 (type: int), _col4 (type: int), _col5 (type: decimal(8,2))
                    mode: hash
                    outputColumnNames: _col0, _col1, _col2, _col3, _col4, _col5
                    Statistics: Num rows: 549581438 Data size: 72544737204 Basic stats: COMPLETE Column stats: COMPLETE
                    Reduce Output Operator
                      key expressions: _col0 (type: int), _col1 (type: int), _col2 (type: int), _col3 (type: int), _col4 (type: int), _col5 (type: decimal(8,2))
                      sort order: ++++++
                      Map-reduce partition columns: _col0 (type: int), _col1 (type: int), _col2 (type: int), _col3 (type: int)
                      Statistics: Num rows: 549581438 Data size: 72544737204 Basic stats: COMPLETE Column stats: COMPLETE
        Reducer 4 
            Execution mode: vectorized
            Reduce Operator Tree:
              Group By Operator
                keys: KEY._col0 (type: int), KEY._col1 (type: int), KEY._col2 (type: int), KEY._col3 (type: int), KEY._col4 (type: int), KEY._col5 (type: decimal(8,2))
                mode: mergepartial
                outputColumnNames: _col0, _col1, _col2, _col3, _col4, _col5
                Statistics: Num rows: 549581438 Data size: 72544737204 Basic stats: COMPLETE Column stats: COMPLETE
                Group By Operator
                  aggregations: sum(_col4), sum(_col5)
                  keys: _col0 (type: int), _col1 (type: int), _col2 (type: int), _col3 (type: int)
                  mode: complete
                  outputColumnNames: _col0, _col1, _col2, _col3, _col4, _col5
                  Statistics: Num rows: 8520960 Data size: 1158850384 Basic stats: COMPLETE Column stats: COMPLETE
                  Reduce Output Operator
                    key expressions: _col0 (type: int), _col1 (type: int), _col2 (type: int), _col3 (type: int)
                    sort order: ++++
                    Map-reduce partition columns: _col0 (type: int), _col1 (type: int), _col2 (type: int), _col3 (type: int)
                    Statistics: Num rows: 8520960 Data size: 1158850384 Basic stats: COMPLETE Column stats: COMPLETE
                    value expressions: _col4 (type: bigint), _col5 (type: decimal(18,2))
        Reducer 5 
            Reduce Operator Tree:
              Join Operator
                condition map:
                     Inner Join 0 to 1
                keys:
                  0 _col0 (type: int), _col1 (type: int), _col2 (type: int), _col3 (type: int)
                  1 _col0 (type: int), _col1 (type: int), _col2 (type: int), _col3 (type: int)
                outputColumnNames: _col0, _col1, _col2, _col3, _col4, _col5, _col10, _col11
                Statistics: Num rows: 114702621361 Data size: 29363871068240 Basic stats: COMPLETE Column stats: COMPLETE
                Filter Operator
                  predicate: ((CAST( _col10 AS decimal(17,2)) / CAST( _col4 AS decimal(17,2))) < 0.9) (type: boolean)
                  Statistics: Num rows: 38234207120 Data size: 9787957022672 Basic stats: COMPLETE Column stats: COMPLETE
                  Select Operator
                    expressions: _col0 (type: int), _col1 (type: int), _col2 (type: int), _col3 (type: int), _col4 (type: bigint), _col10 (type: bigint), (_col10 - _col4) (type: bigint), (_col11 - _col5) (type: decimal(19,2))
                    outputColumnNames: _col0, _col1, _col2, _col3, _col4, _col5, _col6, _col7
                    Statistics: Num rows: 38234207120 Data size: 5811599482192 Basic stats: COMPLETE Column stats: COMPLETE
                    Reduce Output Operator
                      key expressions: _col6 (type: bigint)
                      sort order: +
                      Statistics: Num rows: 38234207120 Data size: 5811599482192 Basic stats: COMPLETE Column stats: COMPLETE
                      TopN Hash Memory Usage: 0.1
                      value expressions: _col0 (type: int), _col1 (type: int), _col2 (type: int), _col3 (type: int), _col4 (type: bigint), _col5 (type: bigint), _col7 (type: decimal(19,2))
        Reducer 6 
            Execution mode: vectorized
            Reduce Operator Tree:
              Select Operator
                expressions: VALUE._col0 (type: int), VALUE._col1 (type: int), VALUE._col2 (type: int), VALUE._col3 (type: int), VALUE._col4 (type: bigint), VALUE._col5 (type: bigint), KEY.reducesinkkey0 (type: bigint), VALUE._col6 (type: decimal(19,2))
                outputColumnNames: _col0, _col1, _col2, _col3, _col4, _col5, _col6, _col7
                Statistics: Num rows: 38234207120 Data size: 5811599482192 Basic stats: COMPLETE Column stats: COMPLETE
                Limit
                  Number of rows: 100
                  Statistics: Num rows: 100 Data size: 15200 Basic stats: COMPLETE Column stats: COMPLETE
                  Select Operator
                    expressions: 2001 (type: int), 2002 (type: int), _col0 (type: int), _col1 (type: int), _col2 (type: int), _col3 (type: int), _col4 (type: bigint), _col5 (type: bigint), _col6 (type: bigint), _col7 (type: decimal(19,2))
                    outputColumnNames: _col0, _col1, _col2, _col3, _col4, _col5, _col6, _col7, _col8, _col9
                    Statistics: Num rows: 100 Data size: 16000 Basic stats: COMPLETE Column stats: COMPLETE
                    File Output Operator
                      compressed: false
                      Statistics: Num rows: 100 Data size: 16000 Basic stats: COMPLETE Column stats: COMPLETE
                      table:
                          input format: org.apache.hadoop.mapred.SequenceFileInputFormat
                          output format: org.apache.hadoop.hive.ql.io.HiveSequenceFileOutputFormat
                          serde: org.apache.hadoop.hive.serde2.lazy.LazySimpleSerDe

  Stage: Stage-0
    Fetch Operator
      limit: -1
      Processor Tree:
        ListSink

