PREHOOK: query: explain
with sr_items as
 (select i_item_id item_id,
        sum(sr_return_quantity) sr_item_qty
 from store_returns,
      item,
      date_dim
 where sr_item_sk = i_item_sk
 and   d_date    in 
	(select d_date
	from date_dim
	where d_week_seq in 
		(select d_week_seq
		from date_dim
	  where d_date in ('1998-01-02','1998-10-15','1998-11-10')))
 and   sr_returned_date_sk   = d_date_sk
 group by i_item_id),
 cr_items as
 (select i_item_id item_id,
        sum(cr_return_quantity) cr_item_qty
 from catalog_returns,
      item,
      date_dim
 where cr_item_sk = i_item_sk
 and   d_date    in 
	(select d_date
	from date_dim
	where d_week_seq in 
		(select d_week_seq
		from date_dim
	  where d_date in ('1998-01-02','1998-10-15','1998-11-10')))
 and   cr_returned_date_sk   = d_date_sk
 group by i_item_id),
 wr_items as
 (select i_item_id item_id,
        sum(wr_return_quantity) wr_item_qty
 from web_returns,
      item,
      date_dim
 where wr_item_sk = i_item_sk
 and   d_date    in 
	(select d_date
	from date_dim
	where d_week_seq in 
		(select d_week_seq
		from date_dim
		where d_date in ('1998-01-02','1998-10-15','1998-11-10')))
 and   wr_returned_date_sk   = d_date_sk
 group by i_item_id)
  select  sr_items.item_id
       ,sr_item_qty
       ,sr_item_qty/(sr_item_qty+cr_item_qty+wr_item_qty)/3.0 * 100 sr_dev
       ,cr_item_qty
       ,cr_item_qty/(sr_item_qty+cr_item_qty+wr_item_qty)/3.0 * 100 cr_dev
       ,wr_item_qty
       ,wr_item_qty/(sr_item_qty+cr_item_qty+wr_item_qty)/3.0 * 100 wr_dev
       ,(sr_item_qty+cr_item_qty+wr_item_qty)/3.0 average
 from sr_items
     ,cr_items
     ,wr_items
 where sr_items.item_id=cr_items.item_id
   and sr_items.item_id=wr_items.item_id 
 order by sr_items.item_id
         ,sr_item_qty
 limit 100
PREHOOK: type: QUERY
POSTHOOK: query: explain
with sr_items as
 (select i_item_id item_id,
        sum(sr_return_quantity) sr_item_qty
 from store_returns,
      item,
      date_dim
 where sr_item_sk = i_item_sk
 and   d_date    in 
	(select d_date
	from date_dim
	where d_week_seq in 
		(select d_week_seq
		from date_dim
	  where d_date in ('1998-01-02','1998-10-15','1998-11-10')))
 and   sr_returned_date_sk   = d_date_sk
 group by i_item_id),
 cr_items as
 (select i_item_id item_id,
        sum(cr_return_quantity) cr_item_qty
 from catalog_returns,
      item,
      date_dim
 where cr_item_sk = i_item_sk
 and   d_date    in 
	(select d_date
	from date_dim
	where d_week_seq in 
		(select d_week_seq
		from date_dim
	  where d_date in ('1998-01-02','1998-10-15','1998-11-10')))
 and   cr_returned_date_sk   = d_date_sk
 group by i_item_id),
 wr_items as
 (select i_item_id item_id,
        sum(wr_return_quantity) wr_item_qty
 from web_returns,
      item,
      date_dim
 where wr_item_sk = i_item_sk
 and   d_date    in 
	(select d_date
	from date_dim
	where d_week_seq in 
		(select d_week_seq
		from date_dim
		where d_date in ('1998-01-02','1998-10-15','1998-11-10')))
 and   wr_returned_date_sk   = d_date_sk
 group by i_item_id)
  select  sr_items.item_id
       ,sr_item_qty
       ,sr_item_qty/(sr_item_qty+cr_item_qty+wr_item_qty)/3.0 * 100 sr_dev
       ,cr_item_qty
       ,cr_item_qty/(sr_item_qty+cr_item_qty+wr_item_qty)/3.0 * 100 cr_dev
       ,wr_item_qty
       ,wr_item_qty/(sr_item_qty+cr_item_qty+wr_item_qty)/3.0 * 100 wr_dev
       ,(sr_item_qty+cr_item_qty+wr_item_qty)/3.0 average
 from sr_items
     ,cr_items
     ,wr_items
 where sr_items.item_id=cr_items.item_id
   and sr_items.item_id=wr_items.item_id 
 order by sr_items.item_id
         ,sr_item_qty
 limit 100
POSTHOOK: type: QUERY
STAGE DEPENDENCIES:
  Stage-1 is a root stage
  Stage-0 depends on stages: Stage-1

STAGE PLANS:
  Stage: Stage-1
    Spark
      Edges:
        Reducer 10 <- Map 9 (PARTITION-LEVEL SORT, 2), Reducer 13 (PARTITION-LEVEL SORT, 2)
        Reducer 11 <- Reducer 10 (GROUP, 2)
        Reducer 13 <- Map 12 (PARTITION-LEVEL SORT, 2), Reducer 15 (PARTITION-LEVEL SORT, 2)
        Reducer 15 <- Map 14 (GROUP, 2)
        Reducer 17 <- Map 16 (PARTITION-LEVEL SORT, 41), Map 21 (PARTITION-LEVEL SORT, 41)
        Reducer 18 <- Reducer 17 (GROUP, 39)
        Reducer 19 <- Reducer 18 (PARTITION-LEVEL SORT, 20), Reducer 24 (PARTITION-LEVEL SORT, 20)
        Reducer 2 <- Map 1 (PARTITION-LEVEL SORT, 30), Map 8 (PARTITION-LEVEL SORT, 30)
        Reducer 20 <- Reducer 19 (GROUP, 22)
        Reducer 23 <- Map 22 (PARTITION-LEVEL SORT, 2), Reducer 26 (PARTITION-LEVEL SORT, 2)
        Reducer 24 <- Reducer 23 (GROUP, 2)
        Reducer 26 <- Map 25 (PARTITION-LEVEL SORT, 2), Reducer 28 (PARTITION-LEVEL SORT, 2)
        Reducer 28 <- Map 14 (GROUP, 2)
        Reducer 3 <- Reducer 2 (GROUP, 27)
        Reducer 30 <- Map 29 (PARTITION-LEVEL SORT, 16), Map 34 (PARTITION-LEVEL SORT, 16)
        Reducer 31 <- Reducer 30 (GROUP, 12)
        Reducer 32 <- Reducer 31 (PARTITION-LEVEL SORT, 7), Reducer 37 (PARTITION-LEVEL SORT, 7)
        Reducer 33 <- Reducer 32 (GROUP, 7)
        Reducer 36 <- Map 35 (PARTITION-LEVEL SORT, 2), Reducer 39 (PARTITION-LEVEL SORT, 2)
        Reducer 37 <- Reducer 36 (GROUP, 2)
        Reducer 39 <- Map 38 (PARTITION-LEVEL SORT, 2), Reducer 41 (PARTITION-LEVEL SORT, 2)
        Reducer 4 <- Reducer 11 (PARTITION-LEVEL SORT, 14), Reducer 3 (PARTITION-LEVEL SORT, 14)
        Reducer 41 <- Map 14 (GROUP, 2)
        Reducer 5 <- Reducer 4 (GROUP, 15)
        Reducer 6 <- Reducer 20 (PARTITION-LEVEL SORT, 21), Reducer 33 (PARTITION-LEVEL SORT, 21), Reducer 5 (PARTITION-LEVEL SORT, 21)
        Reducer 7 <- Reducer 6 (SORT, 1)
#### A masked pattern was here ####
      Vertices:
        Map 1 
            Map Operator Tree:
                TableScan
                  alias: catalog_returns
                  filterExpr: (cr_item_sk is not null and cr_returned_date_sk is not null) (type: boolean)
                  Statistics: Num rows: 28798881 Data size: 3057234680 Basic stats: COMPLETE Column stats: NONE
                  Filter Operator
                    predicate: (cr_item_sk is not null and cr_returned_date_sk is not null) (type: boolean)
                    Statistics: Num rows: 28798881 Data size: 3057234680 Basic stats: COMPLETE Column stats: NONE
                    Select Operator
                      expressions: cr_returned_date_sk (type: int), cr_item_sk (type: int), cr_return_quantity (type: int)
                      outputColumnNames: _col0, _col1, _col2
                      Statistics: Num rows: 28798881 Data size: 3057234680 Basic stats: COMPLETE Column stats: NONE
                      Reduce Output Operator
                        key expressions: _col1 (type: int)
                        sort order: +
                        Map-reduce partition columns: _col1 (type: int)
                        Statistics: Num rows: 28798881 Data size: 3057234680 Basic stats: COMPLETE Column stats: NONE
                        value expressions: _col0 (type: int), _col2 (type: int)
            Execution mode: vectorized
        Map 12 
            Map Operator Tree:
                TableScan
                  alias: date_dim
                  filterExpr: (d_week_seq is not null and d_date is not null) (type: boolean)
                  Statistics: Num rows: 73049 Data size: 81741831 Basic stats: COMPLETE Column stats: NONE
                  Filter Operator
                    predicate: (d_date is not null and d_week_seq is not null) (type: boolean)
                    Statistics: Num rows: 73049 Data size: 81741831 Basic stats: COMPLETE Column stats: NONE
                    Select Operator
                      expressions: d_date (type: string), d_week_seq (type: int)
                      outputColumnNames: _col0, _col1
                      Statistics: Num rows: 73049 Data size: 81741831 Basic stats: COMPLETE Column stats: NONE
                      Reduce Output Operator
                        key expressions: _col1 (type: int)
                        sort order: +
                        Map-reduce partition columns: _col1 (type: int)
                        Statistics: Num rows: 73049 Data size: 81741831 Basic stats: COMPLETE Column stats: NONE
                        value expressions: _col0 (type: string)
            Execution mode: vectorized
        Map 14 
            Map Operator Tree:
                TableScan
                  alias: date_dim
                  filterExpr: ((d_date) IN ('1998-01-02', '1998-10-15', '1998-11-10') and d_week_seq is not null) (type: boolean)
                  Statistics: Num rows: 73049 Data size: 81741831 Basic stats: COMPLETE Column stats: NONE
                  Filter Operator
                    predicate: ((d_date) IN ('1998-01-02', '1998-10-15', '1998-11-10') and d_week_seq is not null) (type: boolean)
                    Statistics: Num rows: 73049 Data size: 81741831 Basic stats: COMPLETE Column stats: NONE
                    Select Operator
                      expressions: d_week_seq (type: int)
                      outputColumnNames: d_week_seq
                      Statistics: Num rows: 73049 Data size: 81741831 Basic stats: COMPLETE Column stats: NONE
                      Group By Operator
                        keys: d_week_seq (type: int)
                        mode: hash
                        outputColumnNames: _col0
                        Statistics: Num rows: 73049 Data size: 81741831 Basic stats: COMPLETE Column stats: NONE
                        Reduce Output Operator
                          key expressions: _col0 (type: int)
                          sort order: +
                          Map-reduce partition columns: _col0 (type: int)
                          Statistics: Num rows: 73049 Data size: 81741831 Basic stats: COMPLETE Column stats: NONE
            Execution mode: vectorized
        Map 16 
            Map Operator Tree:
                TableScan
                  alias: store_returns
                  filterExpr: (sr_item_sk is not null and sr_returned_date_sk is not null) (type: boolean)
                  Statistics: Num rows: 57591150 Data size: 4462194832 Basic stats: COMPLETE Column stats: NONE
                  Filter Operator
                    predicate: (sr_item_sk is not null and sr_returned_date_sk is not null) (type: boolean)
                    Statistics: Num rows: 57591150 Data size: 4462194832 Basic stats: COMPLETE Column stats: NONE
                    Select Operator
                      expressions: sr_returned_date_sk (type: int), sr_item_sk (type: int), sr_return_quantity (type: int)
                      outputColumnNames: _col0, _col1, _col2
                      Statistics: Num rows: 57591150 Data size: 4462194832 Basic stats: COMPLETE Column stats: NONE
                      Reduce Output Operator
                        key expressions: _col1 (type: int)
                        sort order: +
                        Map-reduce partition columns: _col1 (type: int)
                        Statistics: Num rows: 57591150 Data size: 4462194832 Basic stats: COMPLETE Column stats: NONE
                        value expressions: _col0 (type: int), _col2 (type: int)
            Execution mode: vectorized
        Map 21 
            Map Operator Tree:
                TableScan
                  alias: item
                  filterExpr: (i_item_sk is not null and i_item_id is not null) (type: boolean)
                  Statistics: Num rows: 462000 Data size: 663560457 Basic stats: COMPLETE Column stats: NONE
                  Filter Operator
                    predicate: (i_item_id is not null and i_item_sk is not null) (type: boolean)
                    Statistics: Num rows: 462000 Data size: 663560457 Basic stats: COMPLETE Column stats: NONE
                    Select Operator
                      expressions: i_item_sk (type: int), i_item_id (type: string)
                      outputColumnNames: _col0, _col1
                      Statistics: Num rows: 462000 Data size: 663560457 Basic stats: COMPLETE Column stats: NONE
                      Reduce Output Operator
                        key expressions: _col0 (type: int)
                        sort order: +
                        Map-reduce partition columns: _col0 (type: int)
                        Statistics: Num rows: 462000 Data size: 663560457 Basic stats: COMPLETE Column stats: NONE
                        value expressions: _col1 (type: string)
            Execution mode: vectorized
        Map 22 
            Map Operator Tree:
                TableScan
                  alias: date_dim
                  filterExpr: (d_date is not null and d_date_sk is not null) (type: boolean)
                  Statistics: Num rows: 73049 Data size: 81741831 Basic stats: COMPLETE Column stats: NONE
                  Filter Operator
                    predicate: (d_date is not null and d_date_sk is not null) (type: boolean)
                    Statistics: Num rows: 73049 Data size: 81741831 Basic stats: COMPLETE Column stats: NONE
                    Select Operator
                      expressions: d_date_sk (type: int), d_date (type: string)
                      outputColumnNames: _col0, _col1
                      Statistics: Num rows: 73049 Data size: 81741831 Basic stats: COMPLETE Column stats: NONE
                      Reduce Output Operator
                        key expressions: _col1 (type: string)
                        sort order: +
                        Map-reduce partition columns: _col1 (type: string)
                        Statistics: Num rows: 73049 Data size: 81741831 Basic stats: COMPLETE Column stats: NONE
                        value expressions: _col0 (type: int)
            Execution mode: vectorized
        Map 25 
            Map Operator Tree:
                TableScan
                  alias: date_dim
                  filterExpr: (d_week_seq is not null and d_date is not null) (type: boolean)
                  Statistics: Num rows: 73049 Data size: 81741831 Basic stats: COMPLETE Column stats: NONE
                  Filter Operator
                    predicate: (d_date is not null and d_week_seq is not null) (type: boolean)
                    Statistics: Num rows: 73049 Data size: 81741831 Basic stats: COMPLETE Column stats: NONE
                    Select Operator
                      expressions: d_date (type: string), d_week_seq (type: int)
                      outputColumnNames: _col0, _col1
                      Statistics: Num rows: 73049 Data size: 81741831 Basic stats: COMPLETE Column stats: NONE
                      Reduce Output Operator
                        key expressions: _col1 (type: int)
                        sort order: +
                        Map-reduce partition columns: _col1 (type: int)
                        Statistics: Num rows: 73049 Data size: 81741831 Basic stats: COMPLETE Column stats: NONE
                        value expressions: _col0 (type: string)
            Execution mode: vectorized
        Map 29 
            Map Operator Tree:
                TableScan
                  alias: web_returns
                  filterExpr: (wr_item_sk is not null and wr_returned_date_sk is not null) (type: boolean)
                  Statistics: Num rows: 14398467 Data size: 1325194184 Basic stats: COMPLETE Column stats: NONE
                  Filter Operator
                    predicate: (wr_item_sk is not null and wr_returned_date_sk is not null) (type: boolean)
                    Statistics: Num rows: 14398467 Data size: 1325194184 Basic stats: COMPLETE Column stats: NONE
                    Select Operator
                      expressions: wr_returned_date_sk (type: int), wr_item_sk (type: int), wr_return_quantity (type: int)
                      outputColumnNames: _col0, _col1, _col2
                      Statistics: Num rows: 14398467 Data size: 1325194184 Basic stats: COMPLETE Column stats: NONE
                      Reduce Output Operator
                        key expressions: _col1 (type: int)
                        sort order: +
                        Map-reduce partition columns: _col1 (type: int)
                        Statistics: Num rows: 14398467 Data size: 1325194184 Basic stats: COMPLETE Column stats: NONE
                        value expressions: _col0 (type: int), _col2 (type: int)
            Execution mode: vectorized
        Map 34 
            Map Operator Tree:
                TableScan
                  alias: item
                  filterExpr: (i_item_sk is not null and i_item_id is not null) (type: boolean)
                  Statistics: Num rows: 462000 Data size: 663560457 Basic stats: COMPLETE Column stats: NONE
                  Filter Operator
                    predicate: (i_item_id is not null and i_item_sk is not null) (type: boolean)
                    Statistics: Num rows: 462000 Data size: 663560457 Basic stats: COMPLETE Column stats: NONE
                    Select Operator
                      expressions: i_item_sk (type: int), i_item_id (type: string)
                      outputColumnNames: _col0, _col1
                      Statistics: Num rows: 462000 Data size: 663560457 Basic stats: COMPLETE Column stats: NONE
                      Reduce Output Operator
                        key expressions: _col0 (type: int)
                        sort order: +
                        Map-reduce partition columns: _col0 (type: int)
                        Statistics: Num rows: 462000 Data size: 663560457 Basic stats: COMPLETE Column stats: NONE
                        value expressions: _col1 (type: string)
            Execution mode: vectorized
        Map 35 
            Map Operator Tree:
                TableScan
                  alias: date_dim
                  filterExpr: (d_date is not null and d_date_sk is not null) (type: boolean)
                  Statistics: Num rows: 73049 Data size: 81741831 Basic stats: COMPLETE Column stats: NONE
                  Filter Operator
                    predicate: (d_date is not null and d_date_sk is not null) (type: boolean)
                    Statistics: Num rows: 73049 Data size: 81741831 Basic stats: COMPLETE Column stats: NONE
                    Select Operator
                      expressions: d_date_sk (type: int), d_date (type: string)
                      outputColumnNames: _col0, _col1
                      Statistics: Num rows: 73049 Data size: 81741831 Basic stats: COMPLETE Column stats: NONE
                      Reduce Output Operator
                        key expressions: _col1 (type: string)
                        sort order: +
                        Map-reduce partition columns: _col1 (type: string)
                        Statistics: Num rows: 73049 Data size: 81741831 Basic stats: COMPLETE Column stats: NONE
                        value expressions: _col0 (type: int)
            Execution mode: vectorized
        Map 38 
            Map Operator Tree:
                TableScan
                  alias: date_dim
                  filterExpr: (d_week_seq is not null and d_date is not null) (type: boolean)
                  Statistics: Num rows: 73049 Data size: 81741831 Basic stats: COMPLETE Column stats: NONE
                  Filter Operator
                    predicate: (d_date is not null and d_week_seq is not null) (type: boolean)
                    Statistics: Num rows: 73049 Data size: 81741831 Basic stats: COMPLETE Column stats: NONE
                    Select Operator
                      expressions: d_date (type: string), d_week_seq (type: int)
                      outputColumnNames: _col0, _col1
                      Statistics: Num rows: 73049 Data size: 81741831 Basic stats: COMPLETE Column stats: NONE
                      Reduce Output Operator
                        key expressions: _col1 (type: int)
                        sort order: +
                        Map-reduce partition columns: _col1 (type: int)
                        Statistics: Num rows: 73049 Data size: 81741831 Basic stats: COMPLETE Column stats: NONE
                        value expressions: _col0 (type: string)
            Execution mode: vectorized
        Map 8 
            Map Operator Tree:
                TableScan
                  alias: item
                  filterExpr: (i_item_sk is not null and i_item_id is not null) (type: boolean)
                  Statistics: Num rows: 462000 Data size: 663560457 Basic stats: COMPLETE Column stats: NONE
                  Filter Operator
                    predicate: (i_item_id is not null and i_item_sk is not null) (type: boolean)
                    Statistics: Num rows: 462000 Data size: 663560457 Basic stats: COMPLETE Column stats: NONE
                    Select Operator
                      expressions: i_item_sk (type: int), i_item_id (type: string)
                      outputColumnNames: _col0, _col1
                      Statistics: Num rows: 462000 Data size: 663560457 Basic stats: COMPLETE Column stats: NONE
                      Reduce Output Operator
                        key expressions: _col0 (type: int)
                        sort order: +
                        Map-reduce partition columns: _col0 (type: int)
                        Statistics: Num rows: 462000 Data size: 663560457 Basic stats: COMPLETE Column stats: NONE
                        value expressions: _col1 (type: string)
            Execution mode: vectorized
        Map 9 
            Map Operator Tree:
                TableScan
                  alias: date_dim
                  filterExpr: (d_date is not null and d_date_sk is not null) (type: boolean)
                  Statistics: Num rows: 73049 Data size: 81741831 Basic stats: COMPLETE Column stats: NONE
                  Filter Operator
                    predicate: (d_date is not null and d_date_sk is not null) (type: boolean)
                    Statistics: Num rows: 73049 Data size: 81741831 Basic stats: COMPLETE Column stats: NONE
                    Select Operator
                      expressions: d_date_sk (type: int), d_date (type: string)
                      outputColumnNames: _col0, _col1
                      Statistics: Num rows: 73049 Data size: 81741831 Basic stats: COMPLETE Column stats: NONE
                      Reduce Output Operator
                        key expressions: _col1 (type: string)
                        sort order: +
                        Map-reduce partition columns: _col1 (type: string)
                        Statistics: Num rows: 73049 Data size: 81741831 Basic stats: COMPLETE Column stats: NONE
                        value expressions: _col0 (type: int)
            Execution mode: vectorized
        Reducer 10 
            Reduce Operator Tree:
              Join Operator
                condition map:
                     Left Semi Join 0 to 1
                keys:
                  0 _col1 (type: string)
                  1 _col0 (type: string)
                outputColumnNames: _col0
                Statistics: Num rows: 88388 Data size: 98907619 Basic stats: COMPLETE Column stats: NONE
                Group By Operator
                  aggregations: count()
                  keys: _col0 (type: int)
                  mode: hash
                  outputColumnNames: _col0, _col1
                  Statistics: Num rows: 88388 Data size: 98907619 Basic stats: COMPLETE Column stats: NONE
                  Reduce Output Operator
                    key expressions: _col0 (type: int)
                    sort order: +
                    Map-reduce partition columns: _col0 (type: int)
                    Statistics: Num rows: 88388 Data size: 98907619 Basic stats: COMPLETE Column stats: NONE
                    value expressions: _col1 (type: bigint)
        Reducer 11 
            Execution mode: vectorized
            Reduce Operator Tree:
              Group By Operator
                aggregations: count(VALUE._col0)
                keys: KEY._col0 (type: int)
                mode: mergepartial
                outputColumnNames: _col0, _col1
                Statistics: Num rows: 44194 Data size: 49453809 Basic stats: COMPLETE Column stats: NONE
                Reduce Output Operator
                  key expressions: _col0 (type: int)
                  sort order: +
                  Map-reduce partition columns: _col0 (type: int)
                  Statistics: Num rows: 44194 Data size: 49453809 Basic stats: COMPLETE Column stats: NONE
                  value expressions: _col1 (type: bigint)
        Reducer 13 
            Reduce Operator Tree:
              Join Operator
                condition map:
                     Inner Join 0 to 1
                keys:
                  0 _col1 (type: int)
                  1 _col0 (type: int)
                outputColumnNames: _col0
                Statistics: Num rows: 80353 Data size: 89916016 Basic stats: COMPLETE Column stats: NONE
                Group By Operator
                  keys: _col0 (type: string)
                  mode: hash
                  outputColumnNames: _col0
                  Statistics: Num rows: 80353 Data size: 89916016 Basic stats: COMPLETE Column stats: NONE
                  Reduce Output Operator
                    key expressions: _col0 (type: string)
                    sort order: +
                    Map-reduce partition columns: _col0 (type: string)
                    Statistics: Num rows: 80353 Data size: 89916016 Basic stats: COMPLETE Column stats: NONE
        Reducer 15 
            Execution mode: vectorized
            Reduce Operator Tree:
              Group By Operator
                keys: KEY._col0 (type: int)
                mode: mergepartial
                outputColumnNames: _col0
                Statistics: Num rows: 36524 Data size: 40870356 Basic stats: COMPLETE Column stats: NONE
                Reduce Output Operator
                  key expressions: _col0 (type: int)
                  sort order: +
                  Map-reduce partition columns: _col0 (type: int)
                  Statistics: Num rows: 36524 Data size: 40870356 Basic stats: COMPLETE Column stats: NONE
        Reducer 17 
            Reduce Operator Tree:
              Join Operator
                condition map:
                     Inner Join 0 to 1
                keys:
                  0 _col1 (type: int)
                  1 _col0 (type: int)
                outputColumnNames: _col0, _col2, _col4
                Statistics: Num rows: 63350266 Data size: 4908414421 Basic stats: COMPLETE Column stats: NONE
                Group By Operator
                  aggregations: sum(_col2)
                  keys: _col0 (type: int), _col4 (type: string)
                  mode: hash
                  outputColumnNames: _col0, _col1, _col2
                  Statistics: Num rows: 63350266 Data size: 4908414421 Basic stats: COMPLETE Column stats: NONE
                  Reduce Output Operator
                    key expressions: _col0 (type: int), _col1 (type: string)
                    sort order: ++
                    Map-reduce partition columns: _col0 (type: int), _col1 (type: string)
                    Statistics: Num rows: 63350266 Data size: 4908414421 Basic stats: COMPLETE Column stats: NONE
                    value expressions: _col2 (type: bigint)
        Reducer 18 
            Execution mode: vectorized
            Reduce Operator Tree:
              Group By Operator
                aggregations: sum(VALUE._col0)
                keys: KEY._col0 (type: int), KEY._col1 (type: string)
                mode: mergepartial
                outputColumnNames: _col0, _col1, _col2
                Statistics: Num rows: 31675133 Data size: 2454207210 Basic stats: COMPLETE Column stats: NONE
                Reduce Output Operator
                  key expressions: _col0 (type: int)
                  sort order: +
                  Map-reduce partition columns: _col0 (type: int)
                  Statistics: Num rows: 31675133 Data size: 2454207210 Basic stats: COMPLETE Column stats: NONE
                  value expressions: _col1 (type: string), _col2 (type: bigint)
        Reducer 19 
            Reduce Operator Tree:
              Join Operator
                condition map:
                     Inner Join 0 to 1
                keys:
                  0 _col0 (type: int)
                  1 _col0 (type: int)
                outputColumnNames: _col1, _col2, _col4
                Statistics: Num rows: 34842647 Data size: 2699627989 Basic stats: COMPLETE Column stats: NONE
                Select Operator
                  expressions: _col1 (type: string), (_col2 * _col4) (type: bigint)
                  outputColumnNames: _col1, _col5
                  Statistics: Num rows: 34842647 Data size: 2699627989 Basic stats: COMPLETE Column stats: NONE
                  Group By Operator
                    aggregations: sum(_col5)
                    keys: _col1 (type: string)
                    mode: hash
                    outputColumnNames: _col0, _col1
                    Statistics: Num rows: 34842647 Data size: 2699627989 Basic stats: COMPLETE Column stats: NONE
                    Reduce Output Operator
                      key expressions: _col0 (type: string)
                      sort order: +
                      Map-reduce partition columns: _col0 (type: string)
                      Statistics: Num rows: 34842647 Data size: 2699627989 Basic stats: COMPLETE Column stats: NONE
                      value expressions: _col1 (type: bigint)
        Reducer 2 
            Reduce Operator Tree:
              Join Operator
                condition map:
                     Inner Join 0 to 1
                keys:
                  0 _col1 (type: int)
                  1 _col0 (type: int)
                outputColumnNames: _col0, _col2, _col4
                Statistics: Num rows: 31678769 Data size: 3362958220 Basic stats: COMPLETE Column stats: NONE
                Group By Operator
                  aggregations: sum(_col2)
                  keys: _col0 (type: int), _col4 (type: string)
                  mode: hash
                  outputColumnNames: _col0, _col1, _col2
                  Statistics: Num rows: 31678769 Data size: 3362958220 Basic stats: COMPLETE Column stats: NONE
                  Reduce Output Operator
                    key expressions: _col0 (type: int), _col1 (type: string)
                    sort order: ++
                    Map-reduce partition columns: _col0 (type: int), _col1 (type: string)
                    Statistics: Num rows: 31678769 Data size: 3362958220 Basic stats: COMPLETE Column stats: NONE
                    value expressions: _col2 (type: bigint)
        Reducer 20 
            Execution mode: vectorized
            Reduce Operator Tree:
              Group By Operator
                aggregations: sum(VALUE._col0)
                keys: KEY._col0 (type: string)
                mode: mergepartial
                outputColumnNames: _col0, _col1
                Statistics: Num rows: 17421323 Data size: 1349813955 Basic stats: COMPLETE Column stats: NONE
                Reduce Output Operator
                  key expressions: _col0 (type: string)
                  sort order: +
                  Map-reduce partition columns: _col0 (type: string)
                  Statistics: Num rows: 17421323 Data size: 1349813955 Basic stats: COMPLETE Column stats: NONE
                  value expressions: _col1 (type: bigint)
        Reducer 23 
            Reduce Operator Tree:
              Join Operator
                condition map:
                     Left Semi Join 0 to 1
                keys:
                  0 _col1 (type: string)
                  1 _col0 (type: string)
                outputColumnNames: _col0
                Statistics: Num rows: 88388 Data size: 98907619 Basic stats: COMPLETE Column stats: NONE
                Group By Operator
                  aggregations: count()
                  keys: _col0 (type: int)
                  mode: hash
                  outputColumnNames: _col0, _col1
                  Statistics: Num rows: 88388 Data size: 98907619 Basic stats: COMPLETE Column stats: NONE
                  Reduce Output Operator
                    key expressions: _col0 (type: int)
                    sort order: +
                    Map-reduce partition columns: _col0 (type: int)
                    Statistics: Num rows: 88388 Data size: 98907619 Basic stats: COMPLETE Column stats: NONE
                    value expressions: _col1 (type: bigint)
        Reducer 24 
            Execution mode: vectorized
            Reduce Operator Tree:
              Group By Operator
                aggregations: count(VALUE._col0)
                keys: KEY._col0 (type: int)
                mode: mergepartial
                outputColumnNames: _col0, _col1
                Statistics: Num rows: 44194 Data size: 49453809 Basic stats: COMPLETE Column stats: NONE
                Reduce Output Operator
                  key expressions: _col0 (type: int)
                  sort order: +
                  Map-reduce partition columns: _col0 (type: int)
                  Statistics: Num rows: 44194 Data size: 49453809 Basic stats: COMPLETE Column stats: NONE
                  value expressions: _col1 (type: bigint)
        Reducer 26 
            Reduce Operator Tree:
              Join Operator
                condition map:
                     Inner Join 0 to 1
                keys:
                  0 _col1 (type: int)
                  1 _col0 (type: int)
                outputColumnNames: _col0
                Statistics: Num rows: 80353 Data size: 89916016 Basic stats: COMPLETE Column stats: NONE
                Group By Operator
                  keys: _col0 (type: string)
                  mode: hash
                  outputColumnNames: _col0
                  Statistics: Num rows: 80353 Data size: 89916016 Basic stats: COMPLETE Column stats: NONE
                  Reduce Output Operator
                    key expressions: _col0 (type: string)
                    sort order: +
                    Map-reduce partition columns: _col0 (type: string)
                    Statistics: Num rows: 80353 Data size: 89916016 Basic stats: COMPLETE Column stats: NONE
        Reducer 28 
            Execution mode: vectorized
            Reduce Operator Tree:
              Group By Operator
                keys: KEY._col0 (type: int)
                mode: mergepartial
                outputColumnNames: _col0
                Statistics: Num rows: 36524 Data size: 40870356 Basic stats: COMPLETE Column stats: NONE
                Reduce Output Operator
                  key expressions: _col0 (type: int)
                  sort order: +
                  Map-reduce partition columns: _col0 (type: int)
                  Statistics: Num rows: 36524 Data size: 40870356 Basic stats: COMPLETE Column stats: NONE
        Reducer 3 
            Execution mode: vectorized
            Reduce Operator Tree:
              Group By Operator
                aggregations: sum(VALUE._col0)
                keys: KEY._col0 (type: int), KEY._col1 (type: string)
                mode: mergepartial
                outputColumnNames: _col0, _col1, _col2
                Statistics: Num rows: 15839384 Data size: 1681479056 Basic stats: COMPLETE Column stats: NONE
                Reduce Output Operator
                  key expressions: _col0 (type: int)
                  sort order: +
                  Map-reduce partition columns: _col0 (type: int)
                  Statistics: Num rows: 15839384 Data size: 1681479056 Basic stats: COMPLETE Column stats: NONE
                  value expressions: _col1 (type: string), _col2 (type: bigint)
        Reducer 30 
            Reduce Operator Tree:
              Join Operator
                condition map:
                     Inner Join 0 to 1
                keys:
                  0 _col1 (type: int)
                  1 _col0 (type: int)
                outputColumnNames: _col0, _col2, _col4
                Statistics: Num rows: 15838314 Data size: 1457713633 Basic stats: COMPLETE Column stats: NONE
                Group By Operator
                  aggregations: sum(_col2)
                  keys: _col0 (type: int), _col4 (type: string)
                  mode: hash
                  outputColumnNames: _col0, _col1, _col2
                  Statistics: Num rows: 15838314 Data size: 1457713633 Basic stats: COMPLETE Column stats: NONE
                  Reduce Output Operator
                    key expressions: _col0 (type: int), _col1 (type: string)
                    sort order: ++
                    Map-reduce partition columns: _col0 (type: int), _col1 (type: string)
                    Statistics: Num rows: 15838314 Data size: 1457713633 Basic stats: COMPLETE Column stats: NONE
                    value expressions: _col2 (type: bigint)
        Reducer 31 
            Execution mode: vectorized
            Reduce Operator Tree:
              Group By Operator
                aggregations: sum(VALUE._col0)
                keys: KEY._col0 (type: int), KEY._col1 (type: string)
                mode: mergepartial
                outputColumnNames: _col0, _col1, _col2
                Statistics: Num rows: 7919157 Data size: 728856816 Basic stats: COMPLETE Column stats: NONE
                Reduce Output Operator
                  key expressions: _col0 (type: int)
                  sort order: +
                  Map-reduce partition columns: _col0 (type: int)
                  Statistics: Num rows: 7919157 Data size: 728856816 Basic stats: COMPLETE Column stats: NONE
                  value expressions: _col1 (type: string), _col2 (type: bigint)
        Reducer 32 
            Reduce Operator Tree:
              Join Operator
                condition map:
                     Inner Join 0 to 1
                keys:
                  0 _col0 (type: int)
                  1 _col0 (type: int)
                outputColumnNames: _col1, _col2, _col4
                Statistics: Num rows: 8711072 Data size: 801742514 Basic stats: COMPLETE Column stats: NONE
                Select Operator
                  expressions: _col1 (type: string), (_col2 * _col4) (type: bigint)
                  outputColumnNames: _col1, _col5
                  Statistics: Num rows: 8711072 Data size: 801742514 Basic stats: COMPLETE Column stats: NONE
                  Group By Operator
                    aggregations: sum(_col5)
                    keys: _col1 (type: string)
                    mode: hash
                    outputColumnNames: _col0, _col1
                    Statistics: Num rows: 8711072 Data size: 801742514 Basic stats: COMPLETE Column stats: NONE
                    Reduce Output Operator
                      key expressions: _col0 (type: string)
                      sort order: +
                      Map-reduce partition columns: _col0 (type: string)
                      Statistics: Num rows: 8711072 Data size: 801742514 Basic stats: COMPLETE Column stats: NONE
                      value expressions: _col1 (type: bigint)
        Reducer 33 
            Execution mode: vectorized
            Reduce Operator Tree:
              Group By Operator
                aggregations: sum(VALUE._col0)
                keys: KEY._col0 (type: string)
                mode: mergepartial
                outputColumnNames: _col0, _col1
                Statistics: Num rows: 4355536 Data size: 400871257 Basic stats: COMPLETE Column stats: NONE
                Reduce Output Operator
                  key expressions: _col0 (type: string)
                  sort order: +
                  Map-reduce partition columns: _col0 (type: string)
                  Statistics: Num rows: 4355536 Data size: 400871257 Basic stats: COMPLETE Column stats: NONE
                  value expressions: _col1 (type: bigint)
        Reducer 36 
            Reduce Operator Tree:
              Join Operator
                condition map:
                     Left Semi Join 0 to 1
                keys:
                  0 _col1 (type: string)
                  1 _col0 (type: string)
                outputColumnNames: _col0
                Statistics: Num rows: 88388 Data size: 98907619 Basic stats: COMPLETE Column stats: NONE
                Group By Operator
                  aggregations: count()
                  keys: _col0 (type: int)
                  mode: hash
                  outputColumnNames: _col0, _col1
                  Statistics: Num rows: 88388 Data size: 98907619 Basic stats: COMPLETE Column stats: NONE
                  Reduce Output Operator
                    key expressions: _col0 (type: int)
                    sort order: +
                    Map-reduce partition columns: _col0 (type: int)
                    Statistics: Num rows: 88388 Data size: 98907619 Basic stats: COMPLETE Column stats: NONE
                    value expressions: _col1 (type: bigint)
        Reducer 37 
            Execution mode: vectorized
            Reduce Operator Tree:
              Group By Operator
                aggregations: count(VALUE._col0)
                keys: KEY._col0 (type: int)
                mode: mergepartial
                outputColumnNames: _col0, _col1
                Statistics: Num rows: 44194 Data size: 49453809 Basic stats: COMPLETE Column stats: NONE
                Reduce Output Operator
                  key expressions: _col0 (type: int)
                  sort order: +
                  Map-reduce partition columns: _col0 (type: int)
                  Statistics: Num rows: 44194 Data size: 49453809 Basic stats: COMPLETE Column stats: NONE
                  value expressions: _col1 (type: bigint)
        Reducer 39 
            Reduce Operator Tree:
              Join Operator
                condition map:
                     Inner Join 0 to 1
                keys:
                  0 _col1 (type: int)
                  1 _col0 (type: int)
                outputColumnNames: _col0
                Statistics: Num rows: 80353 Data size: 89916016 Basic stats: COMPLETE Column stats: NONE
                Group By Operator
                  keys: _col0 (type: string)
                  mode: hash
                  outputColumnNames: _col0
                  Statistics: Num rows: 80353 Data size: 89916016 Basic stats: COMPLETE Column stats: NONE
                  Reduce Output Operator
                    key expressions: _col0 (type: string)
                    sort order: +
                    Map-reduce partition columns: _col0 (type: string)
                    Statistics: Num rows: 80353 Data size: 89916016 Basic stats: COMPLETE Column stats: NONE
        Reducer 4 
            Reduce Operator Tree:
              Join Operator
                condition map:
                     Inner Join 0 to 1
                keys:
                  0 _col0 (type: int)
                  1 _col0 (type: int)
                outputColumnNames: _col1, _col2, _col4
                Statistics: Num rows: 17423322 Data size: 1849627001 Basic stats: COMPLETE Column stats: NONE
                Select Operator
                  expressions: _col1 (type: string), (_col2 * _col4) (type: bigint)
                  outputColumnNames: _col1, _col5
                  Statistics: Num rows: 17423322 Data size: 1849627001 Basic stats: COMPLETE Column stats: NONE
                  Group By Operator
                    aggregations: sum(_col5)
                    keys: _col1 (type: string)
                    mode: hash
                    outputColumnNames: _col0, _col1
                    Statistics: Num rows: 17423322 Data size: 1849627001 Basic stats: COMPLETE Column stats: NONE
                    Reduce Output Operator
                      key expressions: _col0 (type: string)
                      sort order: +
                      Map-reduce partition columns: _col0 (type: string)
                      Statistics: Num rows: 17423322 Data size: 1849627001 Basic stats: COMPLETE Column stats: NONE
                      value expressions: _col1 (type: bigint)
        Reducer 41 
            Execution mode: vectorized
            Reduce Operator Tree:
              Group By Operator
                keys: KEY._col0 (type: int)
                mode: mergepartial
                outputColumnNames: _col0
                Statistics: Num rows: 36524 Data size: 40870356 Basic stats: COMPLETE Column stats: NONE
                Reduce Output Operator
                  key expressions: _col0 (type: int)
                  sort order: +
                  Map-reduce partition columns: _col0 (type: int)
                  Statistics: Num rows: 36524 Data size: 40870356 Basic stats: COMPLETE Column stats: NONE
        Reducer 5 
            Execution mode: vectorized
            Reduce Operator Tree:
              Group By Operator
                aggregations: sum(VALUE._col0)
                keys: KEY._col0 (type: string)
                mode: mergepartial
                outputColumnNames: _col0, _col1
                Statistics: Num rows: 8711661 Data size: 924813500 Basic stats: COMPLETE Column stats: NONE
                Reduce Output Operator
                  key expressions: _col0 (type: string)
                  sort order: +
                  Map-reduce partition columns: _col0 (type: string)
                  Statistics: Num rows: 8711661 Data size: 924813500 Basic stats: COMPLETE Column stats: NONE
                  value expressions: _col1 (type: bigint)
        Reducer 6 
            Reduce Operator Tree:
              Join Operator
                condition map:
                     Inner Join 0 to 1
                     Inner Join 0 to 2
                keys:
                  0 _col0 (type: string)
                  1 _col0 (type: string)
                  2 _col0 (type: string)
                outputColumnNames: _col0, _col1, _col3, _col5
                Statistics: Num rows: 38326911 Data size: 2969590765 Basic stats: COMPLETE Column stats: NONE
                Select Operator
                  expressions: _col0 (type: string), _col3 (type: bigint), (((UDFToDouble(_col3) / UDFToDouble(((_col3 + _col1) + _col5))) / 3.0D) * 100.0D) (type: double), _col1 (type: bigint), (((UDFToDouble(_col1) / UDFToDouble(((_col3 + _col1) + _col5))) / 3.0D) * 100.0D) (type: double), _col5 (type: bigint), (((UDFToDouble(_col5) / UDFToDouble(((_col3 + _col1) + _col5))) / 3.0D) * 100.0D) (type: double), (CAST( ((_col3 + _col1) + _col5) AS decimal(19,0)) / 3) (type: decimal(25,6))
                  outputColumnNames: _col0, _col1, _col2, _col3, _col4, _col5, _col6, _col7
                  Statistics: Num rows: 38326911 Data size: 2969590765 Basic stats: COMPLETE Column stats: NONE
                  Reduce Output Operator
                    key expressions: _col0 (type: string), _col1 (type: bigint)
                    sort order: ++
                    Statistics: Num rows: 38326911 Data size: 2969590765 Basic stats: COMPLETE Column stats: NONE
                    TopN Hash Memory Usage: 0.1
                    value expressions: _col2 (type: double), _col3 (type: bigint), _col4 (type: double), _col5 (type: bigint), _col6 (type: double), _col7 (type: decimal(25,6))
        Reducer 7 
            Execution mode: vectorized
            Reduce Operator Tree:
              Select Operator
                expressions: KEY.reducesinkkey0 (type: string), KEY.reducesinkkey1 (type: bigint), VALUE._col0 (type: double), VALUE._col1 (type: bigint), VALUE._col2 (type: double), VALUE._col3 (type: bigint), VALUE._col4 (type: double), VALUE._col5 (type: decimal(25,6))
                outputColumnNames: _col0, _col1, _col2, _col3, _col4, _col5, _col6, _col7
                Statistics: Num rows: 38326911 Data size: 2969590765 Basic stats: COMPLETE Column stats: NONE
                Limit
                  Number of rows: 100
                  Statistics: Num rows: 100 Data size: 7700 Basic stats: COMPLETE Column stats: NONE
                  File Output Operator
                    compressed: false
                    Statistics: Num rows: 100 Data size: 7700 Basic stats: COMPLETE Column stats: NONE
                    table:
                        input format: org.apache.hadoop.mapred.SequenceFileInputFormat
                        output format: org.apache.hadoop.hive.ql.io.HiveSequenceFileOutputFormat
                        serde: org.apache.hadoop.hive.serde2.lazy.LazySimpleSerDe

  Stage: Stage-0
    Fetch Operator
      limit: 100
      Processor Tree:
        ListSink

