PREHOOK: query: explain
with ss as (
 select
          i_manufact_id,sum(ss_ext_sales_price) total_sales
 from
 	store_sales,
 	date_dim,
         customer_address,
         item
 where
         i_manufact_id in (select
  i_manufact_id
from
 item
where i_category in ('Books'))
 and     ss_item_sk              = i_item_sk
 and     ss_sold_date_sk         = d_date_sk
 and     d_year                  = 1999
 and     d_moy                   = 3
 and     ss_addr_sk              = ca_address_sk
 and     ca_gmt_offset           = -6 
 group by i_manufact_id),
 cs as (
 select
          i_manufact_id,sum(cs_ext_sales_price) total_sales
 from
 	catalog_sales,
 	date_dim,
         customer_address,
         item
 where
         i_manufact_id               in (select
  i_manufact_id
from
 item
where i_category in ('Books'))
 and     cs_item_sk              = i_item_sk
 and     cs_sold_date_sk         = d_date_sk
 and     d_year                  = 1999
 and     d_moy                   = 3
 and     cs_bill_addr_sk         = ca_address_sk
 and     ca_gmt_offset           = -6 
 group by i_manufact_id),
 ws as (
 select
          i_manufact_id,sum(ws_ext_sales_price) total_sales
 from
 	web_sales,
 	date_dim,
         customer_address,
         item
 where
         i_manufact_id               in (select
  i_manufact_id
from
 item
where i_category in ('Books'))
 and     ws_item_sk              = i_item_sk
 and     ws_sold_date_sk         = d_date_sk
 and     d_year                  = 1999
 and     d_moy                   = 3
 and     ws_bill_addr_sk         = ca_address_sk
 and     ca_gmt_offset           = -6
 group by i_manufact_id)
  select  i_manufact_id ,sum(total_sales) total_sales
 from  (select * from ss 
        union all
        select * from cs 
        union all
        select * from ws) tmp1
 group by i_manufact_id
 order by total_sales
limit 100
PREHOOK: type: QUERY
POSTHOOK: query: explain
with ss as (
 select
          i_manufact_id,sum(ss_ext_sales_price) total_sales
 from
 	store_sales,
 	date_dim,
         customer_address,
         item
 where
         i_manufact_id in (select
  i_manufact_id
from
 item
where i_category in ('Books'))
 and     ss_item_sk              = i_item_sk
 and     ss_sold_date_sk         = d_date_sk
 and     d_year                  = 1999
 and     d_moy                   = 3
 and     ss_addr_sk              = ca_address_sk
 and     ca_gmt_offset           = -6 
 group by i_manufact_id),
 cs as (
 select
          i_manufact_id,sum(cs_ext_sales_price) total_sales
 from
 	catalog_sales,
 	date_dim,
         customer_address,
         item
 where
         i_manufact_id               in (select
  i_manufact_id
from
 item
where i_category in ('Books'))
 and     cs_item_sk              = i_item_sk
 and     cs_sold_date_sk         = d_date_sk
 and     d_year                  = 1999
 and     d_moy                   = 3
 and     cs_bill_addr_sk         = ca_address_sk
 and     ca_gmt_offset           = -6 
 group by i_manufact_id),
 ws as (
 select
          i_manufact_id,sum(ws_ext_sales_price) total_sales
 from
 	web_sales,
 	date_dim,
         customer_address,
         item
 where
         i_manufact_id               in (select
  i_manufact_id
from
 item
where i_category in ('Books'))
 and     ws_item_sk              = i_item_sk
 and     ws_sold_date_sk         = d_date_sk
 and     d_year                  = 1999
 and     d_moy                   = 3
 and     ws_bill_addr_sk         = ca_address_sk
 and     ca_gmt_offset           = -6
 group by i_manufact_id)
  select  i_manufact_id ,sum(total_sales) total_sales
 from  (select * from ss 
        union all
        select * from cs 
        union all
        select * from ws) tmp1
 group by i_manufact_id
 order by total_sales
limit 100
POSTHOOK: type: QUERY
STAGE DEPENDENCIES:
  Stage-1 is a root stage
  Stage-0 depends on stages: Stage-1

STAGE PLANS:
  Stage: Stage-1
    Spark
      Edges:
        Reducer 10 <- Map 13 (PARTITION-LEVEL SORT, 398), Map 9 (PARTITION-LEVEL SORT, 398)
        Reducer 11 <- Map 14 (PARTITION-LEVEL SORT, 596), Reducer 10 (PARTITION-LEVEL SORT, 596)
        Reducer 12 <- Reducer 11 (GROUP, 481)
        Reducer 16 <- Map 1 (PARTITION-LEVEL SORT, 8), Map 20 (PARTITION-LEVEL SORT, 8)
        Reducer 17 <- Reducer 16 (GROUP, 6)
        Reducer 18 <- Reducer 17 (PARTITION-LEVEL SORT, 188), Reducer 24 (PARTITION-LEVEL SORT, 188)
        Reducer 19 <- Reducer 18 (GROUP, 203)
        Reducer 22 <- Map 13 (PARTITION-LEVEL SORT, 305), Map 21 (PARTITION-LEVEL SORT, 305)
        Reducer 23 <- Map 14 (PARTITION-LEVEL SORT, 494), Reducer 22 (PARTITION-LEVEL SORT, 494)
        Reducer 24 <- Reducer 23 (GROUP, 369)
        Reducer 28 <- Map 27 (PARTITION-LEVEL SORT, 8), Map 32 (PARTITION-LEVEL SORT, 8)
        Reducer 29 <- Reducer 28 (GROUP, 6)
        Reducer 30 <- Reducer 29 (PARTITION-LEVEL SORT, 96), Reducer 36 (PARTITION-LEVEL SORT, 96)
        Reducer 31 <- Reducer 30 (GROUP, 102)
        Reducer 34 <- Map 33 (PARTITION-LEVEL SORT, 154), Map 37 (PARTITION-LEVEL SORT, 154)
        Reducer 35 <- Map 38 (PARTITION-LEVEL SORT, 327), Reducer 34 (PARTITION-LEVEL SORT, 327)
        Reducer 36 <- Reducer 35 (GROUP, 186)
        Reducer 4 <- Reducer 12 (PARTITION-LEVEL SORT, 244), Reducer 17 (PARTITION-LEVEL SORT, 244)
        Reducer 5 <- Reducer 4 (GROUP, 265)
        Reducer 6 <- Reducer 19 (GROUP, 285), Reducer 31 (GROUP, 285), Reducer 5 (GROUP, 285)
        Reducer 7 <- Reducer 6 (SORT, 1)
#### A masked pattern was here ####
      Vertices:
        Map 1 
            Map Operator Tree:
                TableScan
                  alias: item
                  filterExpr: (i_manufact_id is not null and i_item_sk is not null) (type: boolean)
                  Statistics: Num rows: 462000 Data size: 663560457 Basic stats: COMPLETE Column stats: NONE
                  Filter Operator
                    predicate: (i_item_sk is not null and i_manufact_id is not null) (type: boolean)
                    Statistics: Num rows: 462000 Data size: 663560457 Basic stats: COMPLETE Column stats: NONE
                    Select Operator
                      expressions: i_item_sk (type: int), i_manufact_id (type: int)
                      outputColumnNames: _col0, _col1
                      Statistics: Num rows: 462000 Data size: 663560457 Basic stats: COMPLETE Column stats: NONE
                      Reduce Output Operator
                        key expressions: _col1 (type: int)
                        sort order: +
                        Map-reduce partition columns: _col1 (type: int)
                        Statistics: Num rows: 462000 Data size: 663560457 Basic stats: COMPLETE Column stats: NONE
                        value expressions: _col0 (type: int)
            Execution mode: vectorized
        Map 13 
            Map Operator Tree:
                TableScan
                  alias: date_dim
                  filterExpr: ((d_year = 1999) and (d_moy = 3) and d_date_sk is not null) (type: boolean)
                  Statistics: Num rows: 73049 Data size: 81741831 Basic stats: COMPLETE Column stats: NONE
                  Filter Operator
                    predicate: ((d_moy = 3) and (d_year = 1999) and d_date_sk is not null) (type: boolean)
                    Statistics: Num rows: 18262 Data size: 20435178 Basic stats: COMPLETE Column stats: NONE
                    Select Operator
                      expressions: d_date_sk (type: int)
                      outputColumnNames: _col0
                      Statistics: Num rows: 18262 Data size: 20435178 Basic stats: COMPLETE Column stats: NONE
                      Reduce Output Operator
                        key expressions: _col0 (type: int)
                        sort order: +
                        Map-reduce partition columns: _col0 (type: int)
                        Statistics: Num rows: 18262 Data size: 20435178 Basic stats: COMPLETE Column stats: NONE
            Execution mode: vectorized
        Map 14 
            Map Operator Tree:
                TableScan
                  alias: customer_address
                  filterExpr: ((ca_gmt_offset = -6) and ca_address_sk is not null) (type: boolean)
                  Statistics: Num rows: 40000000 Data size: 40595195284 Basic stats: COMPLETE Column stats: NONE
                  Filter Operator
                    predicate: ((ca_gmt_offset = -6) and ca_address_sk is not null) (type: boolean)
                    Statistics: Num rows: 20000000 Data size: 20297597642 Basic stats: COMPLETE Column stats: NONE
                    Select Operator
                      expressions: ca_address_sk (type: int)
                      outputColumnNames: _col0
                      Statistics: Num rows: 20000000 Data size: 20297597642 Basic stats: COMPLETE Column stats: NONE
                      Reduce Output Operator
                        key expressions: _col0 (type: int)
                        sort order: +
                        Map-reduce partition columns: _col0 (type: int)
                        Statistics: Num rows: 20000000 Data size: 20297597642 Basic stats: COMPLETE Column stats: NONE
            Execution mode: vectorized
        Map 20 
            Map Operator Tree:
                TableScan
                  alias: item
                  filterExpr: ((i_category = 'Books') and i_manufact_id is not null) (type: boolean)
                  Statistics: Num rows: 462000 Data size: 663560457 Basic stats: COMPLETE Column stats: NONE
                  Filter Operator
                    predicate: ((i_category = 'Books') and i_manufact_id is not null) (type: boolean)
                    Statistics: Num rows: 231000 Data size: 331780228 Basic stats: COMPLETE Column stats: NONE
                    Select Operator
                      expressions: i_manufact_id (type: int)
                      outputColumnNames: _col0
                      Statistics: Num rows: 231000 Data size: 331780228 Basic stats: COMPLETE Column stats: NONE
                      Group By Operator
                        keys: _col0 (type: int)
                        mode: hash
                        outputColumnNames: _col0
                        Statistics: Num rows: 231000 Data size: 331780228 Basic stats: COMPLETE Column stats: NONE
                        Reduce Output Operator
                          key expressions: _col0 (type: int)
                          sort order: +
                          Map-reduce partition columns: _col0 (type: int)
                          Statistics: Num rows: 231000 Data size: 331780228 Basic stats: COMPLETE Column stats: NONE
            Execution mode: vectorized
        Map 21 
            Map Operator Tree:
                TableScan
                  alias: catalog_sales
                  filterExpr: (cs_sold_date_sk is not null and cs_bill_addr_sk is not null and cs_item_sk is not null) (type: boolean)
                  Statistics: Num rows: 287989836 Data size: 38999608952 Basic stats: COMPLETE Column stats: NONE
                  Filter Operator
                    predicate: (cs_bill_addr_sk is not null and cs_item_sk is not null and cs_sold_date_sk is not null) (type: boolean)
                    Statistics: Num rows: 287989836 Data size: 38999608952 Basic stats: COMPLETE Column stats: NONE
                    Select Operator
                      expressions: cs_sold_date_sk (type: int), cs_bill_addr_sk (type: int), cs_item_sk (type: int), cs_ext_sales_price (type: decimal(7,2))
                      outputColumnNames: _col0, _col1, _col2, _col3
                      Statistics: Num rows: 287989836 Data size: 38999608952 Basic stats: COMPLETE Column stats: NONE
                      Reduce Output Operator
                        key expressions: _col0 (type: int)
                        sort order: +
                        Map-reduce partition columns: _col0 (type: int)
                        Statistics: Num rows: 287989836 Data size: 38999608952 Basic stats: COMPLETE Column stats: NONE
                        value expressions: _col1 (type: int), _col2 (type: int), _col3 (type: decimal(7,2))
            Execution mode: vectorized
        Map 27 
            Map Operator Tree:
                TableScan
                  alias: item
                  filterExpr: (i_manufact_id is not null and i_item_sk is not null) (type: boolean)
                  Statistics: Num rows: 462000 Data size: 663560457 Basic stats: COMPLETE Column stats: NONE
                  Filter Operator
                    predicate: (i_item_sk is not null and i_manufact_id is not null) (type: boolean)
                    Statistics: Num rows: 462000 Data size: 663560457 Basic stats: COMPLETE Column stats: NONE
                    Select Operator
                      expressions: i_item_sk (type: int), i_manufact_id (type: int)
                      outputColumnNames: _col0, _col1
                      Statistics: Num rows: 462000 Data size: 663560457 Basic stats: COMPLETE Column stats: NONE
                      Reduce Output Operator
                        key expressions: _col1 (type: int)
                        sort order: +
                        Map-reduce partition columns: _col1 (type: int)
                        Statistics: Num rows: 462000 Data size: 663560457 Basic stats: COMPLETE Column stats: NONE
                        value expressions: _col0 (type: int)
            Execution mode: vectorized
        Map 32 
            Map Operator Tree:
                TableScan
                  alias: item
                  filterExpr: ((i_category = 'Books') and i_manufact_id is not null) (type: boolean)
                  Statistics: Num rows: 462000 Data size: 663560457 Basic stats: COMPLETE Column stats: NONE
                  Filter Operator
                    predicate: ((i_category = 'Books') and i_manufact_id is not null) (type: boolean)
                    Statistics: Num rows: 231000 Data size: 331780228 Basic stats: COMPLETE Column stats: NONE
                    Select Operator
                      expressions: i_manufact_id (type: int)
                      outputColumnNames: _col0
                      Statistics: Num rows: 231000 Data size: 331780228 Basic stats: COMPLETE Column stats: NONE
                      Group By Operator
                        keys: _col0 (type: int)
                        mode: hash
                        outputColumnNames: _col0
                        Statistics: Num rows: 231000 Data size: 331780228 Basic stats: COMPLETE Column stats: NONE
                        Reduce Output Operator
                          key expressions: _col0 (type: int)
                          sort order: +
                          Map-reduce partition columns: _col0 (type: int)
                          Statistics: Num rows: 231000 Data size: 331780228 Basic stats: COMPLETE Column stats: NONE
            Execution mode: vectorized
        Map 33 
            Map Operator Tree:
                TableScan
                  alias: web_sales
                  filterExpr: (ws_sold_date_sk is not null and ws_bill_addr_sk is not null and ws_item_sk is not null) (type: boolean)
                  Statistics: Num rows: 144002668 Data size: 19580198212 Basic stats: COMPLETE Column stats: NONE
                  Filter Operator
                    predicate: (ws_bill_addr_sk is not null and ws_item_sk is not null and ws_sold_date_sk is not null) (type: boolean)
                    Statistics: Num rows: 144002668 Data size: 19580198212 Basic stats: COMPLETE Column stats: NONE
                    Select Operator
                      expressions: ws_sold_date_sk (type: int), ws_item_sk (type: int), ws_bill_addr_sk (type: int), ws_ext_sales_price (type: decimal(7,2))
                      outputColumnNames: _col0, _col1, _col2, _col3
                      Statistics: Num rows: 144002668 Data size: 19580198212 Basic stats: COMPLETE Column stats: NONE
                      Reduce Output Operator
                        key expressions: _col0 (type: int)
                        sort order: +
                        Map-reduce partition columns: _col0 (type: int)
                        Statistics: Num rows: 144002668 Data size: 19580198212 Basic stats: COMPLETE Column stats: NONE
                        value expressions: _col1 (type: int), _col2 (type: int), _col3 (type: decimal(7,2))
            Execution mode: vectorized
        Map 37 
            Map Operator Tree:
                TableScan
                  alias: date_dim
                  filterExpr: ((d_year = 1999) and (d_moy = 3) and d_date_sk is not null) (type: boolean)
                  Statistics: Num rows: 73049 Data size: 81741831 Basic stats: COMPLETE Column stats: NONE
                  Filter Operator
                    predicate: ((d_moy = 3) and (d_year = 1999) and d_date_sk is not null) (type: boolean)
                    Statistics: Num rows: 18262 Data size: 20435178 Basic stats: COMPLETE Column stats: NONE
                    Select Operator
                      expressions: d_date_sk (type: int)
                      outputColumnNames: _col0
                      Statistics: Num rows: 18262 Data size: 20435178 Basic stats: COMPLETE Column stats: NONE
                      Reduce Output Operator
                        key expressions: _col0 (type: int)
                        sort order: +
                        Map-reduce partition columns: _col0 (type: int)
                        Statistics: Num rows: 18262 Data size: 20435178 Basic stats: COMPLETE Column stats: NONE
            Execution mode: vectorized
        Map 38 
            Map Operator Tree:
                TableScan
                  alias: customer_address
                  filterExpr: ((ca_gmt_offset = -6) and ca_address_sk is not null) (type: boolean)
                  Statistics: Num rows: 40000000 Data size: 40595195284 Basic stats: COMPLETE Column stats: NONE
                  Filter Operator
                    predicate: ((ca_gmt_offset = -6) and ca_address_sk is not null) (type: boolean)
                    Statistics: Num rows: 20000000 Data size: 20297597642 Basic stats: COMPLETE Column stats: NONE
                    Select Operator
                      expressions: ca_address_sk (type: int)
                      outputColumnNames: _col0
                      Statistics: Num rows: 20000000 Data size: 20297597642 Basic stats: COMPLETE Column stats: NONE
                      Reduce Output Operator
                        key expressions: _col0 (type: int)
                        sort order: +
                        Map-reduce partition columns: _col0 (type: int)
                        Statistics: Num rows: 20000000 Data size: 20297597642 Basic stats: COMPLETE Column stats: NONE
            Execution mode: vectorized
        Map 9 
            Map Operator Tree:
                TableScan
                  alias: store_sales
                  filterExpr: (ss_sold_date_sk is not null and ss_addr_sk is not null and ss_item_sk is not null) (type: boolean)
                  Statistics: Num rows: 575995635 Data size: 50814502088 Basic stats: COMPLETE Column stats: NONE
                  Filter Operator
                    predicate: (ss_addr_sk is not null and ss_item_sk is not null and ss_sold_date_sk is not null) (type: boolean)
                    Statistics: Num rows: 575995635 Data size: 50814502088 Basic stats: COMPLETE Column stats: NONE
                    Select Operator
                      expressions: ss_sold_date_sk (type: int), ss_item_sk (type: int), ss_addr_sk (type: int), ss_ext_sales_price (type: decimal(7,2))
                      outputColumnNames: _col0, _col1, _col2, _col3
                      Statistics: Num rows: 575995635 Data size: 50814502088 Basic stats: COMPLETE Column stats: NONE
                      Reduce Output Operator
                        key expressions: _col0 (type: int)
                        sort order: +
                        Map-reduce partition columns: _col0 (type: int)
                        Statistics: Num rows: 575995635 Data size: 50814502088 Basic stats: COMPLETE Column stats: NONE
                        value expressions: _col1 (type: int), _col2 (type: int), _col3 (type: decimal(7,2))
            Execution mode: vectorized
        Reducer 10 
            Reduce Operator Tree:
              Join Operator
                condition map:
                     Inner Join 0 to 1
                keys:
                  0 _col0 (type: int)
                  1 _col0 (type: int)
                outputColumnNames: _col1, _col2, _col3
                Statistics: Num rows: 633595212 Data size: 55895953508 Basic stats: COMPLETE Column stats: NONE
                Reduce Output Operator
                  key expressions: _col2 (type: int)
                  sort order: +
                  Map-reduce partition columns: _col2 (type: int)
                  Statistics: Num rows: 633595212 Data size: 55895953508 Basic stats: COMPLETE Column stats: NONE
                  value expressions: _col1 (type: int), _col3 (type: decimal(7,2))
        Reducer 11 
            Reduce Operator Tree:
              Join Operator
                condition map:
                     Inner Join 0 to 1
                keys:
                  0 _col2 (type: int)
                  1 _col0 (type: int)
                outputColumnNames: _col1, _col3
                Statistics: Num rows: 696954748 Data size: 61485550191 Basic stats: COMPLETE Column stats: NONE
                Group By Operator
                  aggregations: sum(_col3)
                  keys: _col1 (type: int)
                  mode: hash
                  outputColumnNames: _col0, _col1
                  Statistics: Num rows: 696954748 Data size: 61485550191 Basic stats: COMPLETE Column stats: NONE
                  Reduce Output Operator
                    key expressions: _col0 (type: int)
                    sort order: +
                    Map-reduce partition columns: _col0 (type: int)
                    Statistics: Num rows: 696954748 Data size: 61485550191 Basic stats: COMPLETE Column stats: NONE
                    value expressions: _col1 (type: decimal(17,2))
        Reducer 12 
            Execution mode: vectorized
            Reduce Operator Tree:
              Group By Operator
                aggregations: sum(VALUE._col0)
                keys: KEY._col0 (type: int)
                mode: mergepartial
                outputColumnNames: _col0, _col1
                Statistics: Num rows: 348477374 Data size: 30742775095 Basic stats: COMPLETE Column stats: NONE
                Reduce Output Operator
                  key expressions: _col0 (type: int)
                  sort order: +
                  Map-reduce partition columns: _col0 (type: int)
                  Statistics: Num rows: 348477374 Data size: 30742775095 Basic stats: COMPLETE Column stats: NONE
                  value expressions: _col1 (type: decimal(17,2))
        Reducer 16 
            Reduce Operator Tree:
              Join Operator
                condition map:
                     Left Semi Join 0 to 1
                keys:
                  0 _col1 (type: int)
                  1 _col0 (type: int)
                outputColumnNames: _col0, _col1
                Statistics: Num rows: 508200 Data size: 729916518 Basic stats: COMPLETE Column stats: NONE
                Group By Operator
                  aggregations: count()
                  keys: _col0 (type: int), _col1 (type: int)
                  mode: hash
                  outputColumnNames: _col0, _col1, _col2
                  Statistics: Num rows: 508200 Data size: 729916518 Basic stats: COMPLETE Column stats: NONE
                  Reduce Output Operator
                    key expressions: _col0 (type: int), _col1 (type: int)
                    sort order: ++
                    Map-reduce partition columns: _col0 (type: int), _col1 (type: int)
                    Statistics: Num rows: 508200 Data size: 729916518 Basic stats: COMPLETE Column stats: NONE
                    value expressions: _col2 (type: bigint)
        Reducer 17 
            Execution mode: vectorized
            Reduce Operator Tree:
              Group By Operator
                aggregations: count(VALUE._col0)
                keys: KEY._col0 (type: int), KEY._col1 (type: int)
                mode: mergepartial
                outputColumnNames: _col0, _col1, _col2
                Statistics: Num rows: 254100 Data size: 364958259 Basic stats: COMPLETE Column stats: NONE
                Reduce Output Operator
                  key expressions: _col0 (type: int)
                  sort order: +
                  Map-reduce partition columns: _col0 (type: int)
                  Statistics: Num rows: 254100 Data size: 364958259 Basic stats: COMPLETE Column stats: NONE
                  value expressions: _col1 (type: int), _col2 (type: bigint)
        Reducer 18 
            Reduce Operator Tree:
              Join Operator
                condition map:
                     Inner Join 0 to 1
                keys:
                  0 _col0 (type: int)
                  1 _col0 (type: int)
                outputColumnNames: _col1, _col2, _col4
                Statistics: Num rows: 191657247 Data size: 25954241444 Basic stats: COMPLETE Column stats: NONE
                Select Operator
                  expressions: _col1 (type: int), CAST( (_col2 * _col4) AS decimal(17,2)) (type: decimal(17,2))
                  outputColumnNames: _col1, _col5
                  Statistics: Num rows: 191657247 Data size: 25954241444 Basic stats: COMPLETE Column stats: NONE
                  Group By Operator
                    aggregations: sum(_col5)
                    keys: _col1 (type: int)
                    mode: hash
                    outputColumnNames: _col0, _col1
                    Statistics: Num rows: 191657247 Data size: 25954241444 Basic stats: COMPLETE Column stats: NONE
                    Reduce Output Operator
                      key expressions: _col0 (type: int)
                      sort order: +
                      Map-reduce partition columns: _col0 (type: int)
                      Statistics: Num rows: 191657247 Data size: 25954241444 Basic stats: COMPLETE Column stats: NONE
                      value expressions: _col1 (type: decimal(27,2))
        Reducer 19 
            Execution mode: vectorized
            Reduce Operator Tree:
              Group By Operator
                aggregations: sum(VALUE._col0)
                keys: KEY._col0 (type: int)
                mode: mergepartial
                outputColumnNames: _col0, _col1
                Statistics: Num rows: 95828623 Data size: 12977120654 Basic stats: COMPLETE Column stats: NONE
                Group By Operator
                  aggregations: sum(_col1)
                  keys: _col0 (type: int)
                  mode: hash
                  outputColumnNames: _col0, _col1
                  Statistics: Num rows: 335408072 Data size: 36400958618 Basic stats: COMPLETE Column stats: NONE
                  Reduce Output Operator
                    key expressions: _col0 (type: int)
                    sort order: +
                    Map-reduce partition columns: _col0 (type: int)
                    Statistics: Num rows: 335408072 Data size: 36400958618 Basic stats: COMPLETE Column stats: NONE
                    value expressions: _col1 (type: decimal(37,2))
        Reducer 22 
            Reduce Operator Tree:
              Join Operator
                condition map:
                     Inner Join 0 to 1
                keys:
                  0 _col0 (type: int)
                  1 _col0 (type: int)
                outputColumnNames: _col1, _col2, _col3
                Statistics: Num rows: 316788826 Data size: 42899570777 Basic stats: COMPLETE Column stats: NONE
                Reduce Output Operator
                  key expressions: _col1 (type: int)
                  sort order: +
                  Map-reduce partition columns: _col1 (type: int)
                  Statistics: Num rows: 316788826 Data size: 42899570777 Basic stats: COMPLETE Column stats: NONE
                  value expressions: _col2 (type: int), _col3 (type: decimal(7,2))
        Reducer 23 
            Reduce Operator Tree:
              Join Operator
                condition map:
                     Inner Join 0 to 1
                keys:
                  0 _col1 (type: int)
                  1 _col0 (type: int)
                outputColumnNames: _col2, _col3
                Statistics: Num rows: 348467716 Data size: 47189528877 Basic stats: COMPLETE Column stats: NONE
                Group By Operator
                  aggregations: sum(_col3)
                  keys: _col2 (type: int)
                  mode: hash
                  outputColumnNames: _col0, _col1
                  Statistics: Num rows: 348467716 Data size: 47189528877 Basic stats: COMPLETE Column stats: NONE
                  Reduce Output Operator
                    key expressions: _col0 (type: int)
                    sort order: +
                    Map-reduce partition columns: _col0 (type: int)
                    Statistics: Num rows: 348467716 Data size: 47189528877 Basic stats: COMPLETE Column stats: NONE
                    value expressions: _col1 (type: decimal(17,2))
        Reducer 24 
            Execution mode: vectorized
            Reduce Operator Tree:
              Group By Operator
                aggregations: sum(VALUE._col0)
                keys: KEY._col0 (type: int)
                mode: mergepartial
                outputColumnNames: _col0, _col1
                Statistics: Num rows: 174233858 Data size: 23594764438 Basic stats: COMPLETE Column stats: NONE
                Reduce Output Operator
                  key expressions: _col0 (type: int)
                  sort order: +
                  Map-reduce partition columns: _col0 (type: int)
                  Statistics: Num rows: 174233858 Data size: 23594764438 Basic stats: COMPLETE Column stats: NONE
                  value expressions: _col1 (type: decimal(17,2))
        Reducer 28 
            Reduce Operator Tree:
              Join Operator
                condition map:
                     Left Semi Join 0 to 1
                keys:
                  0 _col1 (type: int)
                  1 _col0 (type: int)
                outputColumnNames: _col0, _col1
                Statistics: Num rows: 508200 Data size: 729916518 Basic stats: COMPLETE Column stats: NONE
                Group By Operator
                  aggregations: count()
                  keys: _col0 (type: int), _col1 (type: int)
                  mode: hash
                  outputColumnNames: _col0, _col1, _col2
                  Statistics: Num rows: 508200 Data size: 729916518 Basic stats: COMPLETE Column stats: NONE
                  Reduce Output Operator
                    key expressions: _col0 (type: int), _col1 (type: int)
                    sort order: ++
                    Map-reduce partition columns: _col0 (type: int), _col1 (type: int)
                    Statistics: Num rows: 508200 Data size: 729916518 Basic stats: COMPLETE Column stats: NONE
                    value expressions: _col2 (type: bigint)
        Reducer 29 
            Execution mode: vectorized
            Reduce Operator Tree:
              Group By Operator
                aggregations: count(VALUE._col0)
                keys: KEY._col0 (type: int), KEY._col1 (type: int)
                mode: mergepartial
                outputColumnNames: _col0, _col1, _col2
                Statistics: Num rows: 254100 Data size: 364958259 Basic stats: COMPLETE Column stats: NONE
                Reduce Output Operator
                  key expressions: _col0 (type: int)
                  sort order: +
                  Map-reduce partition columns: _col0 (type: int)
                  Statistics: Num rows: 254100 Data size: 364958259 Basic stats: COMPLETE Column stats: NONE
                  value expressions: _col1 (type: int), _col2 (type: bigint)
        Reducer 30 
            Reduce Operator Tree:
              Join Operator
                condition map:
                     Inner Join 0 to 1
                keys:
                  0 _col0 (type: int)
                  1 _col0 (type: int)
                outputColumnNames: _col1, _col2, _col4
                Statistics: Num rows: 95833780 Data size: 13030622681 Basic stats: COMPLETE Column stats: NONE
                Select Operator
                  expressions: _col1 (type: int), CAST( (_col2 * _col4) AS decimal(17,2)) (type: decimal(17,2))
                  outputColumnNames: _col1, _col5
                  Statistics: Num rows: 95833780 Data size: 13030622681 Basic stats: COMPLETE Column stats: NONE
                  Group By Operator
                    aggregations: sum(_col5)
                    keys: _col1 (type: int)
                    mode: hash
                    outputColumnNames: _col0, _col1
                    Statistics: Num rows: 95833780 Data size: 13030622681 Basic stats: COMPLETE Column stats: NONE
                    Reduce Output Operator
                      key expressions: _col0 (type: int)
                      sort order: +
                      Map-reduce partition columns: _col0 (type: int)
                      Statistics: Num rows: 95833780 Data size: 13030622681 Basic stats: COMPLETE Column stats: NONE
                      value expressions: _col1 (type: decimal(27,2))
        Reducer 31 
            Execution mode: vectorized
            Reduce Operator Tree:
              Group By Operator
                aggregations: sum(VALUE._col0)
                keys: KEY._col0 (type: int)
                mode: mergepartial
                outputColumnNames: _col0, _col1
                Statistics: Num rows: 47916890 Data size: 6515311340 Basic stats: COMPLETE Column stats: NONE
                Group By Operator
                  aggregations: sum(_col1)
                  keys: _col0 (type: int)
                  mode: hash
                  outputColumnNames: _col0, _col1
                  Statistics: Num rows: 335408072 Data size: 36400958618 Basic stats: COMPLETE Column stats: NONE
                  Reduce Output Operator
                    key expressions: _col0 (type: int)
                    sort order: +
                    Map-reduce partition columns: _col0 (type: int)
                    Statistics: Num rows: 335408072 Data size: 36400958618 Basic stats: COMPLETE Column stats: NONE
                    value expressions: _col1 (type: decimal(37,2))
        Reducer 34 
            Reduce Operator Tree:
              Join Operator
                condition map:
                     Inner Join 0 to 1
                keys:
                  0 _col0 (type: int)
                  1 _col0 (type: int)
                outputColumnNames: _col1, _col2, _col3
                Statistics: Num rows: 158402938 Data size: 21538218500 Basic stats: COMPLETE Column stats: NONE
                Reduce Output Operator
                  key expressions: _col2 (type: int)
                  sort order: +
                  Map-reduce partition columns: _col2 (type: int)
                  Statistics: Num rows: 158402938 Data size: 21538218500 Basic stats: COMPLETE Column stats: NONE
                  value expressions: _col1 (type: int), _col3 (type: decimal(7,2))
        Reducer 35 
            Reduce Operator Tree:
              Join Operator
                condition map:
                     Inner Join 0 to 1
                keys:
                  0 _col2 (type: int)
                  1 _col0 (type: int)
                outputColumnNames: _col1, _col3
                Statistics: Num rows: 174243235 Data size: 23692040863 Basic stats: COMPLETE Column stats: NONE
                Group By Operator
                  aggregations: sum(_col3)
                  keys: _col1 (type: int)
                  mode: hash
                  outputColumnNames: _col0, _col1
                  Statistics: Num rows: 174243235 Data size: 23692040863 Basic stats: COMPLETE Column stats: NONE
                  Reduce Output Operator
                    key expressions: _col0 (type: int)
                    sort order: +
                    Map-reduce partition columns: _col0 (type: int)
                    Statistics: Num rows: 174243235 Data size: 23692040863 Basic stats: COMPLETE Column stats: NONE
                    value expressions: _col1 (type: decimal(17,2))
        Reducer 36 
            Execution mode: vectorized
            Reduce Operator Tree:
              Group By Operator
                aggregations: sum(VALUE._col0)
                keys: KEY._col0 (type: int)
                mode: mergepartial
                outputColumnNames: _col0, _col1
                Statistics: Num rows: 87121617 Data size: 11846020363 Basic stats: COMPLETE Column stats: NONE
                Reduce Output Operator
                  key expressions: _col0 (type: int)
                  sort order: +
                  Map-reduce partition columns: _col0 (type: int)
                  Statistics: Num rows: 87121617 Data size: 11846020363 Basic stats: COMPLETE Column stats: NONE
                  value expressions: _col1 (type: decimal(17,2))
        Reducer 4 
            Reduce Operator Tree:
              Join Operator
                condition map:
                     Inner Join 0 to 1
                keys:
                  0 _col0 (type: int)
                  1 _col0 (type: int)
                outputColumnNames: _col1, _col2, _col4
                Statistics: Num rows: 383325119 Data size: 33817053337 Basic stats: COMPLETE Column stats: NONE
                Select Operator
                  expressions: _col1 (type: int), CAST( (_col2 * _col4) AS decimal(17,2)) (type: decimal(17,2))
                  outputColumnNames: _col1, _col5
                  Statistics: Num rows: 383325119 Data size: 33817053337 Basic stats: COMPLETE Column stats: NONE
                  Group By Operator
                    aggregations: sum(_col5)
                    keys: _col1 (type: int)
                    mode: hash
                    outputColumnNames: _col0, _col1
                    Statistics: Num rows: 383325119 Data size: 33817053337 Basic stats: COMPLETE Column stats: NONE
                    Reduce Output Operator
                      key expressions: _col0 (type: int)
                      sort order: +
                      Map-reduce partition columns: _col0 (type: int)
                      Statistics: Num rows: 383325119 Data size: 33817053337 Basic stats: COMPLETE Column stats: NONE
                      value expressions: _col1 (type: decimal(27,2))
        Reducer 5 
            Execution mode: vectorized
            Reduce Operator Tree:
              Group By Operator
                aggregations: sum(VALUE._col0)
                keys: KEY._col0 (type: int)
                mode: mergepartial
                outputColumnNames: _col0, _col1
                Statistics: Num rows: 191662559 Data size: 16908526624 Basic stats: COMPLETE Column stats: NONE
                Group By Operator
                  aggregations: sum(_col1)
                  keys: _col0 (type: int)
                  mode: hash
                  outputColumnNames: _col0, _col1
                  Statistics: Num rows: 335408072 Data size: 36400958618 Basic stats: COMPLETE Column stats: NONE
                  Reduce Output Operator
                    key expressions: _col0 (type: int)
                    sort order: +
                    Map-reduce partition columns: _col0 (type: int)
                    Statistics: Num rows: 335408072 Data size: 36400958618 Basic stats: COMPLETE Column stats: NONE
                    value expressions: _col1 (type: decimal(37,2))
        Reducer 6 
            Execution mode: vectorized
            Reduce Operator Tree:
              Group By Operator
                aggregations: sum(VALUE._col0)
                keys: KEY._col0 (type: int)
                mode: mergepartial
                outputColumnNames: _col0, _col1
                Statistics: Num rows: 167704036 Data size: 18200479309 Basic stats: COMPLETE Column stats: NONE
                Reduce Output Operator
                  key expressions: _col1 (type: decimal(37,2))
                  sort order: +
                  Statistics: Num rows: 167704036 Data size: 18200479309 Basic stats: COMPLETE Column stats: NONE
                  TopN Hash Memory Usage: 0.1
                  value expressions: _col0 (type: int)
        Reducer 7 
            Execution mode: vectorized
            Reduce Operator Tree:
              Select Operator
                expressions: VALUE._col0 (type: int), KEY.reducesinkkey0 (type: decimal(37,2))
                outputColumnNames: _col0, _col1
                Statistics: Num rows: 167704036 Data size: 18200479309 Basic stats: COMPLETE Column stats: NONE
                Limit
                  Number of rows: 100
                  Statistics: Num rows: 100 Data size: 10800 Basic stats: COMPLETE Column stats: NONE
                  File Output Operator
                    compressed: false
                    Statistics: Num rows: 100 Data size: 10800 Basic stats: COMPLETE Column stats: NONE
                    table:
                        input format: org.apache.hadoop.mapred.SequenceFileInputFormat
                        output format: org.apache.hadoop.hive.ql.io.HiveSequenceFileOutputFormat
                        serde: org.apache.hadoop.hive.serde2.lazy.LazySimpleSerDe

  Stage: Stage-0
    Fetch Operator
      limit: 100
      Processor Tree:
        ListSink

