PREHOOK: query: explain
select  substr(r_reason_desc,1,20)
       ,avg(ws_quantity)
       ,avg(wr_refunded_cash)
       ,avg(wr_fee)
 from web_sales, web_returns, web_page, customer_demographics cd1,
      customer_demographics cd2, customer_address, date_dim, reason 
 where ws_web_page_sk = wp_web_page_sk
   and ws_item_sk = wr_item_sk
   and ws_order_number = wr_order_number
   and ws_sold_date_sk = d_date_sk and d_year = 1998
   and cd1.cd_demo_sk = wr_refunded_cdemo_sk 
   and cd2.cd_demo_sk = wr_returning_cdemo_sk
   and ca_address_sk = wr_refunded_addr_sk
   and r_reason_sk = wr_reason_sk
   and
   (
    (
     cd1.cd_marital_status = 'M'
     and
     cd1.cd_marital_status = cd2.cd_marital_status
     and
     cd1.cd_education_status = '4 yr Degree'
     and 
     cd1.cd_education_status = cd2.cd_education_status
     and
     ws_sales_price between 100.00 and 150.00
    )
   or
    (
     cd1.cd_marital_status = 'D'
     and
     cd1.cd_marital_status = cd2.cd_marital_status
     and
     cd1.cd_education_status = 'Primary' 
     and
     cd1.cd_education_status = cd2.cd_education_status
     and
     ws_sales_price between 50.00 and 100.00
    )
   or
    (
     cd1.cd_marital_status = 'U'
     and
     cd1.cd_marital_status = cd2.cd_marital_status
     and
     cd1.cd_education_status = 'Advanced Degree'
     and
     cd1.cd_education_status = cd2.cd_education_status
     and
     ws_sales_price between 150.00 and 200.00
    )
   )
   and
   (
    (
     ca_country = 'United States'
     and
     ca_state in ('KY', 'GA', 'NM')
     and ws_net_profit between 100 and 200  
    )
    or
    (
     ca_country = 'United States'
     and
     ca_state in ('MT', 'OR', 'IN')
     and ws_net_profit between 150 and 300  
    )
    or
    (
     ca_country = 'United States'
     and
     ca_state in ('WI', 'MO', 'WV')
     and ws_net_profit between 50 and 250  
    )
   )
group by r_reason_desc
order by substr(r_reason_desc,1,20)
        ,avg(ws_quantity)
        ,avg(wr_refunded_cash)
        ,avg(wr_fee)
limit 100
PREHOOK: type: QUERY
POSTHOOK: query: explain
select  substr(r_reason_desc,1,20)
       ,avg(ws_quantity)
       ,avg(wr_refunded_cash)
       ,avg(wr_fee)
 from web_sales, web_returns, web_page, customer_demographics cd1,
      customer_demographics cd2, customer_address, date_dim, reason 
 where ws_web_page_sk = wp_web_page_sk
   and ws_item_sk = wr_item_sk
   and ws_order_number = wr_order_number
   and ws_sold_date_sk = d_date_sk and d_year = 1998
   and cd1.cd_demo_sk = wr_refunded_cdemo_sk 
   and cd2.cd_demo_sk = wr_returning_cdemo_sk
   and ca_address_sk = wr_refunded_addr_sk
   and r_reason_sk = wr_reason_sk
   and
   (
    (
     cd1.cd_marital_status = 'M'
     and
     cd1.cd_marital_status = cd2.cd_marital_status
     and
     cd1.cd_education_status = '4 yr Degree'
     and 
     cd1.cd_education_status = cd2.cd_education_status
     and
     ws_sales_price between 100.00 and 150.00
    )
   or
    (
     cd1.cd_marital_status = 'D'
     and
     cd1.cd_marital_status = cd2.cd_marital_status
     and
     cd1.cd_education_status = 'Primary' 
     and
     cd1.cd_education_status = cd2.cd_education_status
     and
     ws_sales_price between 50.00 and 100.00
    )
   or
    (
     cd1.cd_marital_status = 'U'
     and
     cd1.cd_marital_status = cd2.cd_marital_status
     and
     cd1.cd_education_status = 'Advanced Degree'
     and
     cd1.cd_education_status = cd2.cd_education_status
     and
     ws_sales_price between 150.00 and 200.00
    )
   )
   and
   (
    (
     ca_country = 'United States'
     and
     ca_state in ('KY', 'GA', 'NM')
     and ws_net_profit between 100 and 200  
    )
    or
    (
     ca_country = 'United States'
     and
     ca_state in ('MT', 'OR', 'IN')
     and ws_net_profit between 150 and 300  
    )
    or
    (
     ca_country = 'United States'
     and
     ca_state in ('WI', 'MO', 'WV')
     and ws_net_profit between 50 and 250  
    )
   )
group by r_reason_desc
order by substr(r_reason_desc,1,20)
        ,avg(ws_quantity)
        ,avg(wr_refunded_cash)
        ,avg(wr_fee)
limit 100
POSTHOOK: type: QUERY
STAGE DEPENDENCIES:
  Stage-3 is a root stage
  Stage-2 depends on stages: Stage-3
  Stage-1 depends on stages: Stage-2
  Stage-0 depends on stages: Stage-1

STAGE PLANS:
  Stage: Stage-3
    Spark
#### A masked pattern was here ####
      Vertices:
        Map 5 
            Map Operator Tree:
                TableScan
                  alias: date_dim
                  filterExpr: ((d_year = 1998) and d_date_sk is not null) (type: boolean)
                  Statistics: Num rows: 73049 Data size: 584392 Basic stats: COMPLETE Column stats: COMPLETE
                  Filter Operator
                    predicate: ((d_year = 1998) and d_date_sk is not null) (type: boolean)
                    Statistics: Num rows: 652 Data size: 5216 Basic stats: COMPLETE Column stats: COMPLETE
                    Select Operator
                      expressions: d_date_sk (type: int)
                      outputColumnNames: _col0
                      Statistics: Num rows: 652 Data size: 5216 Basic stats: COMPLETE Column stats: COMPLETE
                      Spark HashTable Sink Operator
                        keys:
                          0 _col0 (type: int)
                          1 _col0 (type: int)
            Execution mode: vectorized
            Local Work:
              Map Reduce Local Work

  Stage: Stage-2
    Spark
      Edges:
        Reducer 2 <- Map 1 (PARTITION-LEVEL SORT, 55), Map 6 (PARTITION-LEVEL SORT, 55)
        Reducer 3 <- Map 7 (PARTITION-LEVEL SORT, 94), Reducer 2 (PARTITION-LEVEL SORT, 94)
        Reducer 4 <- Map 8 (PARTITION-LEVEL SORT, 2), Reducer 3 (PARTITION-LEVEL SORT, 2)
#### A masked pattern was here ####
      Vertices:
        Map 1 
            Map Operator Tree:
                TableScan
                  alias: web_sales
                  filterExpr: ((ws_sales_price BETWEEN 100 AND 150 or ws_sales_price BETWEEN 50 AND 100 or ws_sales_price BETWEEN 150 AND 200) and ws_item_sk is not null and ws_order_number is not null and ws_web_page_sk is not null and ws_sold_date_sk is not null) (type: boolean)
                  Statistics: Num rows: 144002668 Data size: 35132189296 Basic stats: COMPLETE Column stats: COMPLETE
                  Filter Operator
                    predicate: ((ws_sales_price BETWEEN 100 AND 150 or ws_sales_price BETWEEN 50 AND 100 or ws_sales_price BETWEEN 150 AND 200) and ws_item_sk is not null and ws_order_number is not null and ws_sold_date_sk is not null and ws_web_page_sk is not null) (type: boolean)
                    Statistics: Num rows: 47977044 Data size: 11704912368 Basic stats: COMPLETE Column stats: COMPLETE
                    Select Operator
                      expressions: ws_sold_date_sk (type: int), ws_item_sk (type: int), ws_web_page_sk (type: int), ws_order_number (type: int), ws_quantity (type: int), ws_sales_price (type: decimal(7,2)), ws_net_profit (type: decimal(7,2))
                      outputColumnNames: _col0, _col1, _col2, _col3, _col4, _col5, _col6
                      Statistics: Num rows: 47977044 Data size: 11704912368 Basic stats: COMPLETE Column stats: COMPLETE
                      Map Join Operator
                        condition map:
                             Inner Join 0 to 1
                        keys:
                          0 _col0 (type: int)
                          1 _col0 (type: int)
                        outputColumnNames: _col1, _col2, _col3, _col4, _col5, _col6
                        input vertices:
                          1 Map 5
                        Statistics: Num rows: 17130671 Data size: 4109922384 Basic stats: COMPLETE Column stats: COMPLETE
                        Reduce Output Operator
                          key expressions: _col1 (type: int), _col3 (type: int)
                          sort order: ++
                          Map-reduce partition columns: _col1 (type: int), _col3 (type: int)
                          Statistics: Num rows: 17130671 Data size: 4109922384 Basic stats: COMPLETE Column stats: COMPLETE
                          value expressions: _col2 (type: int), _col4 (type: int), _col5 (type: decimal(7,2)), _col6 (type: decimal(7,2))
            Execution mode: vectorized
            Local Work:
              Map Reduce Local Work
        Map 12 
            Map Operator Tree:
                TableScan
                  alias: web_page
                  filterExpr: wp_web_page_sk is not null (type: boolean)
                  Statistics: Num rows: 4602 Data size: 18408 Basic stats: COMPLETE Column stats: COMPLETE
                  Filter Operator
                    predicate: wp_web_page_sk is not null (type: boolean)
                    Statistics: Num rows: 4602 Data size: 18408 Basic stats: COMPLETE Column stats: COMPLETE
                    Select Operator
                      expressions: wp_web_page_sk (type: int)
                      outputColumnNames: _col0
                      Statistics: Num rows: 4602 Data size: 18408 Basic stats: COMPLETE Column stats: COMPLETE
                      Spark HashTable Sink Operator
                        keys:
                          0 _col2 (type: int)
                          1 _col0 (type: int)
            Execution mode: vectorized
            Local Work:
              Map Reduce Local Work
        Map 13 
            Map Operator Tree:
                TableScan
                  alias: reason
                  filterExpr: r_reason_sk is not null (type: boolean)
                  Statistics: Num rows: 72 Data size: 7272 Basic stats: COMPLETE Column stats: COMPLETE
                  Filter Operator
                    predicate: r_reason_sk is not null (type: boolean)
                    Statistics: Num rows: 72 Data size: 7272 Basic stats: COMPLETE Column stats: COMPLETE
                    Select Operator
                      expressions: r_reason_sk (type: int), r_reason_desc (type: string)
                      outputColumnNames: _col0, _col1
                      Statistics: Num rows: 72 Data size: 7272 Basic stats: COMPLETE Column stats: COMPLETE
                      Spark HashTable Sink Operator
                        keys:
                          0 _col13 (type: int)
                          1 _col0 (type: int)
            Execution mode: vectorized
            Local Work:
              Map Reduce Local Work
        Map 6 
            Map Operator Tree:
                TableScan
                  alias: web_returns
                  filterExpr: (wr_item_sk is not null and wr_order_number is not null and wr_refunded_cdemo_sk is not null and wr_returning_cdemo_sk is not null and wr_refunded_addr_sk is not null and wr_reason_sk is not null) (type: boolean)
                  Statistics: Num rows: 14398467 Data size: 3415165604 Basic stats: COMPLETE Column stats: COMPLETE
                  Filter Operator
                    predicate: (wr_item_sk is not null and wr_order_number is not null and wr_reason_sk is not null and wr_refunded_addr_sk is not null and wr_refunded_cdemo_sk is not null and wr_returning_cdemo_sk is not null) (type: boolean)
                    Statistics: Num rows: 11975292 Data size: 2840413864 Basic stats: COMPLETE Column stats: COMPLETE
                    Select Operator
                      expressions: wr_item_sk (type: int), wr_refunded_cdemo_sk (type: int), wr_refunded_addr_sk (type: int), wr_returning_cdemo_sk (type: int), wr_reason_sk (type: int), wr_order_number (type: int), wr_fee (type: decimal(7,2)), wr_refunded_cash (type: decimal(7,2))
                      outputColumnNames: _col0, _col1, _col2, _col3, _col4, _col5, _col6, _col7
                      Statistics: Num rows: 11975292 Data size: 2840413864 Basic stats: COMPLETE Column stats: COMPLETE
                      Reduce Output Operator
                        key expressions: _col0 (type: int), _col5 (type: int)
                        sort order: ++
                        Map-reduce partition columns: _col0 (type: int), _col5 (type: int)
                        Statistics: Num rows: 11975292 Data size: 2840413864 Basic stats: COMPLETE Column stats: COMPLETE
                        value expressions: _col1 (type: int), _col2 (type: int), _col3 (type: int), _col4 (type: int), _col6 (type: decimal(7,2)), _col7 (type: decimal(7,2))
            Execution mode: vectorized
        Map 7 
            Map Operator Tree:
                TableScan
                  alias: cd1
                  filterExpr: ((cd_education_status) IN ('4 yr Degree', 'Primary', 'Advanced Degree') and (cd_marital_status) IN ('M', 'D', 'U') and cd_demo_sk is not null) (type: boolean)
                  Statistics: Num rows: 1861800 Data size: 340709400 Basic stats: COMPLETE Column stats: COMPLETE
                  Filter Operator
                    predicate: ((cd_education_status) IN ('4 yr Degree', 'Primary', 'Advanced Degree') and (cd_marital_status) IN ('M', 'D', 'U') and cd_demo_sk is not null) (type: boolean)
                    Statistics: Num rows: 265971 Data size: 48672693 Basic stats: COMPLETE Column stats: COMPLETE
                    Select Operator
                      expressions: cd_demo_sk (type: int), cd_marital_status (type: string), cd_education_status (type: string)
                      outputColumnNames: _col0, _col1, _col2
                      Statistics: Num rows: 265971 Data size: 48672693 Basic stats: COMPLETE Column stats: COMPLETE
                      Reduce Output Operator
                        key expressions: _col0 (type: int)
                        sort order: +
                        Map-reduce partition columns: _col0 (type: int)
                        Statistics: Num rows: 265971 Data size: 48672693 Basic stats: COMPLETE Column stats: COMPLETE
                        value expressions: _col1 (type: string), _col2 (type: string)
            Execution mode: vectorized
        Map 8 
            Map Operator Tree:
                TableScan
                  alias: cd2
                  filterExpr: ((cd_education_status) IN ('4 yr Degree', 'Primary', 'Advanced Degree') and (cd_marital_status) IN ('M', 'D', 'U') and cd_demo_sk is not null) (type: boolean)
                  Statistics: Num rows: 1861800 Data size: 340709400 Basic stats: COMPLETE Column stats: COMPLETE
                  Filter Operator
                    predicate: ((cd_education_status) IN ('4 yr Degree', 'Primary', 'Advanced Degree') and (cd_marital_status) IN ('M', 'D', 'U') and cd_demo_sk is not null) (type: boolean)
                    Statistics: Num rows: 265971 Data size: 48672693 Basic stats: COMPLETE Column stats: COMPLETE
                    Select Operator
                      expressions: cd_demo_sk (type: int), cd_marital_status (type: string), cd_education_status (type: string)
                      outputColumnNames: _col0, _col1, _col2
                      Statistics: Num rows: 265971 Data size: 48672693 Basic stats: COMPLETE Column stats: COMPLETE
                      Reduce Output Operator
                        key expressions: _col0 (type: int), _col1 (type: string), _col2 (type: string)
                        sort order: +++
                        Map-reduce partition columns: _col0 (type: int), _col1 (type: string), _col2 (type: string)
                        Statistics: Num rows: 265971 Data size: 48672693 Basic stats: COMPLETE Column stats: COMPLETE
            Execution mode: vectorized
        Reducer 2 
            Reduce Operator Tree:
              Join Operator
                condition map:
                     Inner Join 0 to 1
                keys:
                  0 _col1 (type: int), _col3 (type: int)
                  1 _col0 (type: int), _col5 (type: int)
                outputColumnNames: _col2, _col4, _col5, _col6, _col10, _col11, _col12, _col13, _col15, _col16
                Statistics: Num rows: 25617525 Data size: 11960574592 Basic stats: COMPLETE Column stats: COMPLETE
                Reduce Output Operator
                  key expressions: _col10 (type: int)
                  sort order: +
                  Map-reduce partition columns: _col10 (type: int)
                  Statistics: Num rows: 25617525 Data size: 11960574592 Basic stats: COMPLETE Column stats: COMPLETE
                  value expressions: _col2 (type: int), _col4 (type: int), _col5 (type: decimal(7,2)), _col6 (type: decimal(7,2)), _col11 (type: int), _col12 (type: int), _col13 (type: int), _col15 (type: decimal(7,2)), _col16 (type: decimal(7,2))
        Reducer 3 
            Reduce Operator Tree:
              Join Operator
                condition map:
                     Inner Join 0 to 1
                keys:
                  0 _col10 (type: int)
                  1 _col0 (type: int)
                outputColumnNames: _col2, _col4, _col5, _col6, _col11, _col12, _col13, _col15, _col16, _col18, _col19
                Statistics: Num rows: 3711392 Data size: 2272529352 Basic stats: COMPLETE Column stats: COMPLETE
                Filter Operator
                  predicate: (((_col18 = 'D') and (_col19 = 'Primary') and _col5 BETWEEN 50 AND 100) or ((_col18 = 'M') and (_col19 = '4 yr Degree') and _col5 BETWEEN 100 AND 150) or ((_col18 = 'U') and (_col19 = 'Advanced Degree') and _col5 BETWEEN 150 AND 200)) (type: boolean)
                  Statistics: Num rows: 19635 Data size: 12023105 Basic stats: COMPLETE Column stats: COMPLETE
                  Reduce Output Operator
                    key expressions: _col12 (type: int), _col18 (type: string), _col19 (type: string)
                    sort order: +++
                    Map-reduce partition columns: _col12 (type: int), _col18 (type: string), _col19 (type: string)
                    Statistics: Num rows: 19635 Data size: 12023105 Basic stats: COMPLETE Column stats: COMPLETE
                    value expressions: _col2 (type: int), _col4 (type: int), _col6 (type: decimal(7,2)), _col11 (type: int), _col13 (type: int), _col15 (type: decimal(7,2)), _col16 (type: decimal(7,2))
        Reducer 4 
            Local Work:
              Map Reduce Local Work
            Reduce Operator Tree:
              Join Operator
                condition map:
                     Inner Join 0 to 1
                keys:
                  0 _col12 (type: int), _col18 (type: string), _col19 (type: string)
                  1 _col0 (type: int), _col1 (type: string), _col2 (type: string)
                outputColumnNames: _col2, _col4, _col6, _col11, _col13, _col15, _col16
                Statistics: Num rows: 19912 Data size: 6346632 Basic stats: COMPLETE Column stats: COMPLETE
                Spark HashTable Sink Operator
                  keys:
                    0 _col11 (type: int)
                    1 _col0 (type: int)

  Stage: Stage-1
    Spark
      Edges:
        Reducer 10 <- Map 9 (GROUP, 2)
        Reducer 11 <- Reducer 10 (SORT, 1)
#### A masked pattern was here ####
      Vertices:
        Map 9 
            Map Operator Tree:
                TableScan
                  alias: customer_address
                  filterExpr: ((ca_country = 'United States') and ca_address_sk is not null) (type: boolean)
                  Statistics: Num rows: 40000000 Data size: 7480000000 Basic stats: COMPLETE Column stats: COMPLETE
                  Filter Operator
                    predicate: ((ca_country = 'United States') and ca_address_sk is not null) (type: boolean)
                    Statistics: Num rows: 20000000 Data size: 3740000000 Basic stats: COMPLETE Column stats: COMPLETE
                    Select Operator
                      expressions: ca_address_sk (type: int), ca_state (type: string)
                      outputColumnNames: _col0, _col1
                      Statistics: Num rows: 20000000 Data size: 3740000000 Basic stats: COMPLETE Column stats: COMPLETE
                      Map Join Operator
                        condition map:
                             Inner Join 0 to 1
                        keys:
                          0 _col11 (type: int)
                          1 _col0 (type: int)
                        outputColumnNames: _col2, _col4, _col6, _col13, _col15, _col16, _col24
                        input vertices:
                          0 Reducer 4
                        Statistics: Num rows: 9956 Data size: 3669932 Basic stats: COMPLETE Column stats: COMPLETE
                        Filter Operator
                          predicate: ((((_col24 = 'KY') or (_col24 = 'GA') or (_col24 = 'NM')) and _col6 BETWEEN 100 AND 200) or (((_col24 = 'MT') or (_col24 = 'OR') or (_col24 = 'IN')) and _col6 BETWEEN 150 AND 300) or (((_col24 = 'WI') or (_col24 = 'MO') or (_col24 = 'WV')) and _col6 BETWEEN 50 AND 250)) (type: boolean)
                          Statistics: Num rows: 3318 Data size: 1223256 Basic stats: COMPLETE Column stats: COMPLETE
                          Map Join Operator
                            condition map:
                                 Inner Join 0 to 1
                            keys:
                              0 _col2 (type: int)
                              1 _col0 (type: int)
                            outputColumnNames: _col4, _col13, _col15, _col16
                            input vertices:
                              1 Map 12
                            Statistics: Num rows: 3318 Data size: 553100 Basic stats: COMPLETE Column stats: COMPLETE
                            Map Join Operator
                              condition map:
                                   Inner Join 0 to 1
                              keys:
                                0 _col13 (type: int)
                                1 _col0 (type: int)
                              outputColumnNames: _col4, _col15, _col16, _col28
                              input vertices:
                                1 Map 13
                              Statistics: Num rows: 3318 Data size: 865470 Basic stats: COMPLETE Column stats: COMPLETE
                              Group By Operator
                                aggregations: sum(_col4), count(_col4), sum(_col16), count(_col16), sum(_col15), count(_col15)
                                keys: _col28 (type: string)
                                mode: hash
                                outputColumnNames: _col0, _col1, _col2, _col3, _col4, _col5, _col6
                                Statistics: Num rows: 72 Data size: 25416 Basic stats: COMPLETE Column stats: COMPLETE
                                Reduce Output Operator
                                  key expressions: _col0 (type: string)
                                  sort order: +
                                  Map-reduce partition columns: _col0 (type: string)
                                  Statistics: Num rows: 72 Data size: 25416 Basic stats: COMPLETE Column stats: COMPLETE
                                  value expressions: _col1 (type: bigint), _col2 (type: bigint), _col3 (type: decimal(17,2)), _col4 (type: bigint), _col5 (type: decimal(17,2)), _col6 (type: bigint)
            Execution mode: vectorized
            Local Work:
              Map Reduce Local Work
        Reducer 10 
            Execution mode: vectorized
            Reduce Operator Tree:
              Group By Operator
                aggregations: sum(VALUE._col0), count(VALUE._col1), sum(VALUE._col2), count(VALUE._col3), sum(VALUE._col4), count(VALUE._col5)
                keys: KEY._col0 (type: string)
                mode: mergepartial
                outputColumnNames: _col0, _col1, _col2, _col3, _col4, _col5, _col6
                Statistics: Num rows: 72 Data size: 25416 Basic stats: COMPLETE Column stats: COMPLETE
                Select Operator
                  expressions: (UDFToDouble(_col1) / _col2) (type: double), (_col3 / _col4) (type: decimal(37,22)), (_col5 / _col6) (type: decimal(37,22)), substr(_col0, 1, 20) (type: string)
                  outputColumnNames: _col4, _col5, _col6, _col7
                  Statistics: Num rows: 72 Data size: 59904 Basic stats: COMPLETE Column stats: COMPLETE
                  Reduce Output Operator
                    key expressions: _col7 (type: string), _col4 (type: double), _col5 (type: decimal(37,22)), _col6 (type: decimal(37,22))
                    sort order: ++++
                    Statistics: Num rows: 72 Data size: 59904 Basic stats: COMPLETE Column stats: COMPLETE
                    TopN Hash Memory Usage: 0.1
        Reducer 11 
            Execution mode: vectorized
            Reduce Operator Tree:
              Select Operator
                expressions: KEY.reducesinkkey0 (type: string), KEY.reducesinkkey1 (type: double), KEY.reducesinkkey2 (type: decimal(37,22)), KEY.reducesinkkey3 (type: decimal(37,22))
                outputColumnNames: _col0, _col1, _col2, _col3
                Statistics: Num rows: 72 Data size: 59904 Basic stats: COMPLETE Column stats: COMPLETE
                Limit
                  Number of rows: 100
                  Statistics: Num rows: 72 Data size: 59904 Basic stats: COMPLETE Column stats: COMPLETE
                  File Output Operator
                    compressed: false
                    Statistics: Num rows: 72 Data size: 59904 Basic stats: COMPLETE Column stats: COMPLETE
                    table:
                        input format: org.apache.hadoop.mapred.SequenceFileInputFormat
                        output format: org.apache.hadoop.hive.ql.io.HiveSequenceFileOutputFormat
                        serde: org.apache.hadoop.hive.serde2.lazy.LazySimpleSerDe

  Stage: Stage-0
    Fetch Operator
      limit: -1
      Processor Tree:
        ListSink

