PREHOOK: query: explain
with ssr as
 (select  s_store_id as store_id,
          sum(ss_ext_sales_price) as sales,
          sum(coalesce(sr_return_amt, 0)) as returns,
          sum(ss_net_profit - coalesce(sr_net_loss, 0)) as profit
  from store_sales left outer join store_returns on
         (ss_item_sk = sr_item_sk and ss_ticket_number = sr_ticket_number),
     date_dim,
     store,
     item,
     promotion
 where ss_sold_date_sk = d_date_sk
       and d_date between cast('1998-08-04' as date) 
                  and (cast('1998-08-04' as date) +  30 days)
       and ss_store_sk = s_store_sk
       and ss_item_sk = i_item_sk
       and i_current_price > 50
       and ss_promo_sk = p_promo_sk
       and p_channel_tv = 'N'
 group by s_store_id)
 ,
 csr as
 (select  cp_catalog_page_id as catalog_page_id,
          sum(cs_ext_sales_price) as sales,
          sum(coalesce(cr_return_amount, 0)) as returns,
          sum(cs_net_profit - coalesce(cr_net_loss, 0)) as profit
  from catalog_sales left outer join catalog_returns on
         (cs_item_sk = cr_item_sk and cs_order_number = cr_order_number),
     date_dim,
     catalog_page,
     item,
     promotion
 where cs_sold_date_sk = d_date_sk
       and d_date between cast('1998-08-04' as date)
                  and (cast('1998-08-04' as date) +  30 days)
        and cs_catalog_page_sk = cp_catalog_page_sk
       and cs_item_sk = i_item_sk
       and i_current_price > 50
       and cs_promo_sk = p_promo_sk
       and p_channel_tv = 'N'
group by cp_catalog_page_id)
 ,
 wsr as
 (select  web_site_id,
          sum(ws_ext_sales_price) as sales,
          sum(coalesce(wr_return_amt, 0)) as returns,
          sum(ws_net_profit - coalesce(wr_net_loss, 0)) as profit
  from web_sales left outer join web_returns on
         (ws_item_sk = wr_item_sk and ws_order_number = wr_order_number),
     date_dim,
     web_site,
     item,
     promotion
 where ws_sold_date_sk = d_date_sk
       and d_date between cast('1998-08-04' as date)
                  and (cast('1998-08-04' as date) +  30 days)
        and ws_web_site_sk = web_site_sk
       and ws_item_sk = i_item_sk
       and i_current_price > 50
       and ws_promo_sk = p_promo_sk
       and p_channel_tv = 'N'
group by web_site_id)
  select  channel
        , id
        , sum(sales) as sales
        , sum(returns) as returns
        , sum(profit) as profit
 from 
 (select 'store channel' as channel
        , 'store' || store_id as id
        , sales
        , returns
        , profit
 from   ssr
 union all
 select 'catalog channel' as channel
        , 'catalog_page' || catalog_page_id as id
        , sales
        , returns
        , profit
 from  csr
 union all
 select 'web channel' as channel
        , 'web_site' || web_site_id as id
        , sales
        , returns
        , profit
 from   wsr
 ) x
 group by rollup (channel, id)
 order by channel
         ,id
 limit 100
PREHOOK: type: QUERY
POSTHOOK: query: explain
with ssr as
 (select  s_store_id as store_id,
          sum(ss_ext_sales_price) as sales,
          sum(coalesce(sr_return_amt, 0)) as returns,
          sum(ss_net_profit - coalesce(sr_net_loss, 0)) as profit
  from store_sales left outer join store_returns on
         (ss_item_sk = sr_item_sk and ss_ticket_number = sr_ticket_number),
     date_dim,
     store,
     item,
     promotion
 where ss_sold_date_sk = d_date_sk
       and d_date between cast('1998-08-04' as date) 
                  and (cast('1998-08-04' as date) +  30 days)
       and ss_store_sk = s_store_sk
       and ss_item_sk = i_item_sk
       and i_current_price > 50
       and ss_promo_sk = p_promo_sk
       and p_channel_tv = 'N'
 group by s_store_id)
 ,
 csr as
 (select  cp_catalog_page_id as catalog_page_id,
          sum(cs_ext_sales_price) as sales,
          sum(coalesce(cr_return_amount, 0)) as returns,
          sum(cs_net_profit - coalesce(cr_net_loss, 0)) as profit
  from catalog_sales left outer join catalog_returns on
         (cs_item_sk = cr_item_sk and cs_order_number = cr_order_number),
     date_dim,
     catalog_page,
     item,
     promotion
 where cs_sold_date_sk = d_date_sk
       and d_date between cast('1998-08-04' as date)
                  and (cast('1998-08-04' as date) +  30 days)
        and cs_catalog_page_sk = cp_catalog_page_sk
       and cs_item_sk = i_item_sk
       and i_current_price > 50
       and cs_promo_sk = p_promo_sk
       and p_channel_tv = 'N'
group by cp_catalog_page_id)
 ,
 wsr as
 (select  web_site_id,
          sum(ws_ext_sales_price) as sales,
          sum(coalesce(wr_return_amt, 0)) as returns,
          sum(ws_net_profit - coalesce(wr_net_loss, 0)) as profit
  from web_sales left outer join web_returns on
         (ws_item_sk = wr_item_sk and ws_order_number = wr_order_number),
     date_dim,
     web_site,
     item,
     promotion
 where ws_sold_date_sk = d_date_sk
       and d_date between cast('1998-08-04' as date)
                  and (cast('1998-08-04' as date) +  30 days)
        and ws_web_site_sk = web_site_sk
       and ws_item_sk = i_item_sk
       and i_current_price > 50
       and ws_promo_sk = p_promo_sk
       and p_channel_tv = 'N'
group by web_site_id)
  select  channel
        , id
        , sum(sales) as sales
        , sum(returns) as returns
        , sum(profit) as profit
 from 
 (select 'store channel' as channel
        , 'store' || store_id as id
        , sales
        , returns
        , profit
 from   ssr
 union all
 select 'catalog channel' as channel
        , 'catalog_page' || catalog_page_id as id
        , sales
        , returns
        , profit
 from  csr
 union all
 select 'web channel' as channel
        , 'web_site' || web_site_id as id
        , sales
        , returns
        , profit
 from   wsr
 ) x
 group by rollup (channel, id)
 order by channel
         ,id
 limit 100
POSTHOOK: type: QUERY
STAGE DEPENDENCIES:
  Stage-4 is a root stage
  Stage-3 depends on stages: Stage-4
  Stage-2 depends on stages: Stage-3
  Stage-5 depends on stages: Stage-2
  Stage-6 depends on stages: Stage-5
  Stage-7 depends on stages: Stage-6
  Stage-8 depends on stages: Stage-7
  Stage-1 depends on stages: Stage-8
  Stage-0 depends on stages: Stage-1

STAGE PLANS:
  Stage: Stage-4
    Spark
#### A masked pattern was here ####
      Vertices:
        Map 5 
            Map Operator Tree:
                TableScan
                  alias: date_dim
                  filterExpr: (CAST( d_date AS TIMESTAMP) BETWEEN TIMESTAMP'1998-08-04 00:00:00' AND TIMESTAMP'1998-09-03 00:00:00' and d_date_sk is not null) (type: boolean)
                  Statistics: Num rows: 73049 Data size: 7158802 Basic stats: COMPLETE Column stats: COMPLETE
                  Filter Operator
                    predicate: (CAST( d_date AS TIMESTAMP) BETWEEN TIMESTAMP'1998-08-04 00:00:00' AND TIMESTAMP'1998-09-03 00:00:00' and d_date_sk is not null) (type: boolean)
                    Statistics: Num rows: 8116 Data size: 795368 Basic stats: COMPLETE Column stats: COMPLETE
                    Select Operator
                      expressions: d_date_sk (type: int)
                      outputColumnNames: _col0
                      Statistics: Num rows: 8116 Data size: 795368 Basic stats: COMPLETE Column stats: COMPLETE
                      Spark HashTable Sink Operator
                        keys:
                          0 _col0 (type: int)
                          1 _col0 (type: int)
            Execution mode: vectorized
            Local Work:
              Map Reduce Local Work

  Stage: Stage-3
    Spark
      Edges:
        Reducer 2 <- Map 1 (PARTITION-LEVEL SORT, 1009), Map 4 (PARTITION-LEVEL SORT, 1009)
        Reducer 3 <- Map 6 (PARTITION-LEVEL SORT, 65), Reducer 2 (PARTITION-LEVEL SORT, 65)
#### A masked pattern was here ####
      Vertices:
        Map 1 
            Map Operator Tree:
                TableScan
                  alias: store_sales
                  filterExpr: (ss_sold_date_sk is not null and ss_store_sk is not null and ss_item_sk is not null and ss_promo_sk is not null) (type: boolean)
                  Statistics: Num rows: 575995635 Data size: 134426864332 Basic stats: COMPLETE Column stats: COMPLETE
                  Filter Operator
                    predicate: (ss_item_sk is not null and ss_promo_sk is not null and ss_sold_date_sk is not null and ss_store_sk is not null) (type: boolean)
                    Statistics: Num rows: 501693263 Data size: 117086047420 Basic stats: COMPLETE Column stats: COMPLETE
                    Select Operator
                      expressions: ss_sold_date_sk (type: int), ss_item_sk (type: int), ss_store_sk (type: int), ss_promo_sk (type: int), ss_ticket_number (type: int), ss_ext_sales_price (type: decimal(7,2)), ss_net_profit (type: decimal(7,2))
                      outputColumnNames: _col0, _col1, _col2, _col3, _col4, _col5, _col6
                      Statistics: Num rows: 501693263 Data size: 117086047420 Basic stats: COMPLETE Column stats: COMPLETE
                      Reduce Output Operator
                        key expressions: _col1 (type: int), _col4 (type: int)
                        sort order: ++
                        Map-reduce partition columns: _col1 (type: int), _col4 (type: int)
                        Statistics: Num rows: 501693263 Data size: 117086047420 Basic stats: COMPLETE Column stats: COMPLETE
                        value expressions: _col0 (type: int), _col2 (type: int), _col3 (type: int), _col5 (type: decimal(7,2)), _col6 (type: decimal(7,2))
            Execution mode: vectorized
        Map 4 
            Map Operator Tree:
                TableScan
                  alias: store_returns
                  filterExpr: sr_item_sk is not null (type: boolean)
                  Statistics: Num rows: 57591150 Data size: 12909836192 Basic stats: COMPLETE Column stats: COMPLETE
                  Filter Operator
                    predicate: sr_item_sk is not null (type: boolean)
                    Statistics: Num rows: 57591150 Data size: 12909836192 Basic stats: COMPLETE Column stats: COMPLETE
                    Select Operator
                      expressions: sr_item_sk (type: int), sr_ticket_number (type: int), sr_return_amt (type: decimal(7,2)), sr_net_loss (type: decimal(7,2))
                      outputColumnNames: _col0, _col1, _col2, _col3
                      Statistics: Num rows: 57591150 Data size: 12909836192 Basic stats: COMPLETE Column stats: COMPLETE
                      Reduce Output Operator
                        key expressions: _col0 (type: int), _col1 (type: int)
                        sort order: ++
                        Map-reduce partition columns: _col0 (type: int), _col1 (type: int)
                        Statistics: Num rows: 57591150 Data size: 12909836192 Basic stats: COMPLETE Column stats: COMPLETE
                        value expressions: _col2 (type: decimal(7,2)), _col3 (type: decimal(7,2))
            Execution mode: vectorized
        Map 6 
            Map Operator Tree:
                TableScan
                  alias: item
                  filterExpr: ((i_current_price > 50) and i_item_sk is not null) (type: boolean)
                  Statistics: Num rows: 462000 Data size: 53461408 Basic stats: COMPLETE Column stats: COMPLETE
                  Filter Operator
                    predicate: ((i_current_price > 50) and i_item_sk is not null) (type: boolean)
                    Statistics: Num rows: 154000 Data size: 17820544 Basic stats: COMPLETE Column stats: COMPLETE
                    Select Operator
                      expressions: i_item_sk (type: int)
                      outputColumnNames: _col0
                      Statistics: Num rows: 154000 Data size: 17820544 Basic stats: COMPLETE Column stats: COMPLETE
                      Reduce Output Operator
                        key expressions: _col0 (type: int)
                        sort order: +
                        Map-reduce partition columns: _col0 (type: int)
                        Statistics: Num rows: 154000 Data size: 17820544 Basic stats: COMPLETE Column stats: COMPLETE
            Execution mode: vectorized
        Reducer 2 
            Local Work:
              Map Reduce Local Work
            Reduce Operator Tree:
              Join Operator
                condition map:
                     Left Outer Join 0 to 1
                keys:
                  0 _col1 (type: int), _col4 (type: int)
                  1 _col0 (type: int), _col1 (type: int)
                outputColumnNames: _col0, _col1, _col2, _col3, _col5, _col6, _col9, _col10
                Statistics: Num rows: 513598586 Data size: 117936552112 Basic stats: COMPLETE Column stats: COMPLETE
                Map Join Operator
                  condition map:
                       Inner Join 0 to 1
                  keys:
                    0 _col0 (type: int)
                    1 _col0 (type: int)
                  outputColumnNames: _col1, _col2, _col3, _col5, _col6, _col9, _col10
                  input vertices:
                    1 Map 5
                  Statistics: Num rows: 57062604 Data size: 8229968280 Basic stats: COMPLETE Column stats: COMPLETE
                  Reduce Output Operator
                    key expressions: _col1 (type: int)
                    sort order: +
                    Map-reduce partition columns: _col1 (type: int)
                    Statistics: Num rows: 57062604 Data size: 8229968280 Basic stats: COMPLETE Column stats: COMPLETE
                    value expressions: _col2 (type: int), _col3 (type: int), _col5 (type: decimal(7,2)), _col6 (type: decimal(7,2)), _col9 (type: decimal(7,2)), _col10 (type: decimal(7,2))
        Reducer 3 
            Local Work:
              Map Reduce Local Work
            Reduce Operator Tree:
              Join Operator
                condition map:
                     Inner Join 0 to 1
                keys:
                  0 _col1 (type: int)
                  1 _col0 (type: int)
                outputColumnNames: _col2, _col3, _col5, _col6, _col9, _col10
                Statistics: Num rows: 19020869 Data size: 456 Basic stats: COMPLETE Column stats: COMPLETE
                Spark HashTable Sink Operator
                  keys:
                    0 _col3 (type: int)
                    1 _col0 (type: int)

  Stage: Stage-2
    Spark
#### A masked pattern was here ####
      Vertices:
        Map 7 
            Map Operator Tree:
                TableScan
                  alias: promotion
                  filterExpr: ((p_channel_tv = 'N') and p_promo_sk is not null) (type: boolean)
                  Statistics: Num rows: 2300 Data size: 204700 Basic stats: COMPLETE Column stats: COMPLETE
                  Filter Operator
                    predicate: ((p_channel_tv = 'N') and p_promo_sk is not null) (type: boolean)
                    Statistics: Num rows: 1150 Data size: 102350 Basic stats: COMPLETE Column stats: COMPLETE
                    Select Operator
                      expressions: p_promo_sk (type: int)
                      outputColumnNames: _col0
                      Statistics: Num rows: 1150 Data size: 102350 Basic stats: COMPLETE Column stats: COMPLETE
                      Map Join Operator
                        condition map:
                             Inner Join 0 to 1
                        keys:
                          0 _col3 (type: int)
                          1 _col0 (type: int)
                        outputColumnNames: _col2, _col5, _col6, _col9, _col10
                        input vertices:
                          0 Reducer 3
                        Statistics: Num rows: 9510435 Data size: 452 Basic stats: COMPLETE Column stats: COMPLETE
                        Spark HashTable Sink Operator
                          keys:
                            0 _col2 (type: int)
                            1 _col0 (type: int)
            Execution mode: vectorized
            Local Work:
              Map Reduce Local Work

  Stage: Stage-5
    Spark
#### A masked pattern was here ####
      Vertices:
        Map 19 
            Map Operator Tree:
                TableScan
                  alias: promotion
                  filterExpr: ((p_channel_tv = 'N') and p_promo_sk is not null) (type: boolean)
                  Statistics: Num rows: 2300 Data size: 204700 Basic stats: COMPLETE Column stats: COMPLETE
                  Filter Operator
                    predicate: ((p_channel_tv = 'N') and p_promo_sk is not null) (type: boolean)
                    Statistics: Num rows: 1150 Data size: 102350 Basic stats: COMPLETE Column stats: COMPLETE
                    Select Operator
                      expressions: p_promo_sk (type: int)
                      outputColumnNames: _col0
                      Statistics: Num rows: 1150 Data size: 102350 Basic stats: COMPLETE Column stats: COMPLETE
                      Spark HashTable Sink Operator
                        keys:
                          0 _col3 (type: int)
                          1 _col0 (type: int)
            Execution mode: vectorized
            Local Work:
              Map Reduce Local Work
        Map 20 
            Map Operator Tree:
                TableScan
                  alias: catalog_page
                  filterExpr: cp_catalog_page_sk is not null (type: boolean)
                  Statistics: Num rows: 46000 Data size: 4784000 Basic stats: COMPLETE Column stats: COMPLETE
                  Filter Operator
                    predicate: cp_catalog_page_sk is not null (type: boolean)
                    Statistics: Num rows: 46000 Data size: 4784000 Basic stats: COMPLETE Column stats: COMPLETE
                    Select Operator
                      expressions: cp_catalog_page_sk (type: int), cp_catalog_page_id (type: string)
                      outputColumnNames: _col0, _col1
                      Statistics: Num rows: 46000 Data size: 4784000 Basic stats: COMPLETE Column stats: COMPLETE
                      Spark HashTable Sink Operator
                        keys:
                          0 _col1 (type: int)
                          1 _col0 (type: int)
            Execution mode: vectorized
            Local Work:
              Map Reduce Local Work

  Stage: Stage-6
    Spark
#### A masked pattern was here ####
      Vertices:
        Map 17 
            Map Operator Tree:
                TableScan
                  alias: date_dim
                  filterExpr: (CAST( d_date AS TIMESTAMP) BETWEEN TIMESTAMP'1998-08-04 00:00:00' AND TIMESTAMP'1998-09-03 00:00:00' and d_date_sk is not null) (type: boolean)
                  Statistics: Num rows: 73049 Data size: 7158802 Basic stats: COMPLETE Column stats: COMPLETE
                  Filter Operator
                    predicate: (CAST( d_date AS TIMESTAMP) BETWEEN TIMESTAMP'1998-08-04 00:00:00' AND TIMESTAMP'1998-09-03 00:00:00' and d_date_sk is not null) (type: boolean)
                    Statistics: Num rows: 8116 Data size: 795368 Basic stats: COMPLETE Column stats: COMPLETE
                    Select Operator
                      expressions: d_date_sk (type: int)
                      outputColumnNames: _col0
                      Statistics: Num rows: 8116 Data size: 795368 Basic stats: COMPLETE Column stats: COMPLETE
                      Spark HashTable Sink Operator
                        keys:
                          0 _col0 (type: int)
                          1 _col0 (type: int)
            Execution mode: vectorized
            Local Work:
              Map Reduce Local Work

  Stage: Stage-7
    Spark
#### A masked pattern was here ####
      Vertices:
        Map 28 
            Map Operator Tree:
                TableScan
                  alias: promotion
                  filterExpr: ((p_channel_tv = 'N') and p_promo_sk is not null) (type: boolean)
                  Statistics: Num rows: 2300 Data size: 204700 Basic stats: COMPLETE Column stats: COMPLETE
                  Filter Operator
                    predicate: ((p_channel_tv = 'N') and p_promo_sk is not null) (type: boolean)
                    Statistics: Num rows: 1150 Data size: 102350 Basic stats: COMPLETE Column stats: COMPLETE
                    Select Operator
                      expressions: p_promo_sk (type: int)
                      outputColumnNames: _col0
                      Statistics: Num rows: 1150 Data size: 102350 Basic stats: COMPLETE Column stats: COMPLETE
                      Spark HashTable Sink Operator
                        keys:
                          0 _col3 (type: int)
                          1 _col0 (type: int)
            Execution mode: vectorized
            Local Work:
              Map Reduce Local Work
        Map 29 
            Map Operator Tree:
                TableScan
                  alias: web_site
                  filterExpr: web_site_sk is not null (type: boolean)
                  Statistics: Num rows: 84 Data size: 8736 Basic stats: COMPLETE Column stats: COMPLETE
                  Filter Operator
                    predicate: web_site_sk is not null (type: boolean)
                    Statistics: Num rows: 84 Data size: 8736 Basic stats: COMPLETE Column stats: COMPLETE
                    Select Operator
                      expressions: web_site_sk (type: int), web_site_id (type: string)
                      outputColumnNames: _col0, _col1
                      Statistics: Num rows: 84 Data size: 8736 Basic stats: COMPLETE Column stats: COMPLETE
                      Spark HashTable Sink Operator
                        keys:
                          0 _col2 (type: int)
                          1 _col0 (type: int)
            Execution mode: vectorized
            Local Work:
              Map Reduce Local Work

  Stage: Stage-8
    Spark
#### A masked pattern was here ####
      Vertices:
        Map 26 
            Map Operator Tree:
                TableScan
                  alias: date_dim
                  filterExpr: (CAST( d_date AS TIMESTAMP) BETWEEN TIMESTAMP'1998-08-04 00:00:00' AND TIMESTAMP'1998-09-03 00:00:00' and d_date_sk is not null) (type: boolean)
                  Statistics: Num rows: 73049 Data size: 7158802 Basic stats: COMPLETE Column stats: COMPLETE
                  Filter Operator
                    predicate: (CAST( d_date AS TIMESTAMP) BETWEEN TIMESTAMP'1998-08-04 00:00:00' AND TIMESTAMP'1998-09-03 00:00:00' and d_date_sk is not null) (type: boolean)
                    Statistics: Num rows: 8116 Data size: 795368 Basic stats: COMPLETE Column stats: COMPLETE
                    Select Operator
                      expressions: d_date_sk (type: int)
                      outputColumnNames: _col0
                      Statistics: Num rows: 8116 Data size: 795368 Basic stats: COMPLETE Column stats: COMPLETE
                      Spark HashTable Sink Operator
                        keys:
                          0 _col0 (type: int)
                          1 _col0 (type: int)
            Execution mode: vectorized
            Local Work:
              Map Reduce Local Work

  Stage: Stage-1
    Spark
      Edges:
        Reducer 10 <- Reducer 15 (GROUP, 2), Reducer 24 (GROUP, 2), Reducer 9 (GROUP, 2)
        Reducer 11 <- Reducer 10 (SORT, 1)
        Reducer 13 <- Map 12 (PARTITION-LEVEL SORT, 591), Map 16 (PARTITION-LEVEL SORT, 591)
        Reducer 14 <- Map 18 (PARTITION-LEVEL SORT, 80), Reducer 13 (PARTITION-LEVEL SORT, 80)
        Reducer 15 <- Reducer 14 (GROUP, 2)
        Reducer 22 <- Map 21 (PARTITION-LEVEL SORT, 300), Map 25 (PARTITION-LEVEL SORT, 300)
        Reducer 23 <- Map 27 (PARTITION-LEVEL SORT, 30), Reducer 22 (PARTITION-LEVEL SORT, 30)
        Reducer 24 <- Reducer 23 (GROUP, 2)
        Reducer 9 <- Map 8 (GROUP, 2)
#### A masked pattern was here ####
      Vertices:
        Map 12 
            Map Operator Tree:
                TableScan
                  alias: catalog_sales
                  filterExpr: (cs_sold_date_sk is not null and cs_catalog_page_sk is not null and cs_item_sk is not null and cs_promo_sk is not null) (type: boolean)
                  Statistics: Num rows: 287989836 Data size: 70091040996 Basic stats: COMPLETE Column stats: COMPLETE
                  Filter Operator
                    predicate: (cs_catalog_page_sk is not null and cs_item_sk is not null and cs_promo_sk is not null and cs_sold_date_sk is not null) (type: boolean)
                    Statistics: Num rows: 283691906 Data size: 69045009692 Basic stats: COMPLETE Column stats: COMPLETE
                    Select Operator
                      expressions: cs_sold_date_sk (type: int), cs_catalog_page_sk (type: int), cs_item_sk (type: int), cs_promo_sk (type: int), cs_order_number (type: int), cs_ext_sales_price (type: decimal(7,2)), cs_net_profit (type: decimal(7,2))
                      outputColumnNames: _col0, _col1, _col2, _col3, _col4, _col5, _col6
                      Statistics: Num rows: 283691906 Data size: 69045009692 Basic stats: COMPLETE Column stats: COMPLETE
                      Reduce Output Operator
                        key expressions: _col2 (type: int), _col4 (type: int)
                        sort order: ++
                        Map-reduce partition columns: _col2 (type: int), _col4 (type: int)
                        Statistics: Num rows: 283691906 Data size: 69045009692 Basic stats: COMPLETE Column stats: COMPLETE
                        value expressions: _col0 (type: int), _col1 (type: int), _col3 (type: int), _col5 (type: decimal(7,2)), _col6 (type: decimal(7,2))
            Execution mode: vectorized
        Map 16 
            Map Operator Tree:
                TableScan
                  alias: catalog_returns
                  filterExpr: cr_item_sk is not null (type: boolean)
                  Statistics: Num rows: 28798881 Data size: 6552231944 Basic stats: COMPLETE Column stats: COMPLETE
                  Filter Operator
                    predicate: cr_item_sk is not null (type: boolean)
                    Statistics: Num rows: 28798881 Data size: 6552231944 Basic stats: COMPLETE Column stats: COMPLETE
                    Select Operator
                      expressions: cr_item_sk (type: int), cr_order_number (type: int), cr_return_amount (type: decimal(7,2)), cr_net_loss (type: decimal(7,2))
                      outputColumnNames: _col0, _col1, _col2, _col3
                      Statistics: Num rows: 28798881 Data size: 6552231944 Basic stats: COMPLETE Column stats: COMPLETE
                      Reduce Output Operator
                        key expressions: _col0 (type: int), _col1 (type: int)
                        sort order: ++
                        Map-reduce partition columns: _col0 (type: int), _col1 (type: int)
                        Statistics: Num rows: 28798881 Data size: 6552231944 Basic stats: COMPLETE Column stats: COMPLETE
                        value expressions: _col2 (type: decimal(7,2)), _col3 (type: decimal(7,2))
            Execution mode: vectorized
        Map 18 
            Map Operator Tree:
                TableScan
                  alias: item
                  filterExpr: ((i_current_price > 50) and i_item_sk is not null) (type: boolean)
                  Statistics: Num rows: 462000 Data size: 53461408 Basic stats: COMPLETE Column stats: COMPLETE
                  Filter Operator
                    predicate: ((i_current_price > 50) and i_item_sk is not null) (type: boolean)
                    Statistics: Num rows: 154000 Data size: 17820544 Basic stats: COMPLETE Column stats: COMPLETE
                    Select Operator
                      expressions: i_item_sk (type: int)
                      outputColumnNames: _col0
                      Statistics: Num rows: 154000 Data size: 17820544 Basic stats: COMPLETE Column stats: COMPLETE
                      Reduce Output Operator
                        key expressions: _col0 (type: int)
                        sort order: +
                        Map-reduce partition columns: _col0 (type: int)
                        Statistics: Num rows: 154000 Data size: 17820544 Basic stats: COMPLETE Column stats: COMPLETE
            Execution mode: vectorized
        Map 21 
            Map Operator Tree:
                TableScan
                  alias: web_sales
                  filterExpr: (ws_sold_date_sk is not null and ws_web_site_sk is not null and ws_item_sk is not null and ws_promo_sk is not null) (type: boolean)
                  Statistics: Num rows: 144002668 Data size: 35132193572 Basic stats: COMPLETE Column stats: COMPLETE
                  Filter Operator
                    predicate: (ws_item_sk is not null and ws_promo_sk is not null and ws_sold_date_sk is not null and ws_web_site_sk is not null) (type: boolean)
                    Statistics: Num rows: 143894769 Data size: 35105869564 Basic stats: COMPLETE Column stats: COMPLETE
                    Select Operator
                      expressions: ws_sold_date_sk (type: int), ws_item_sk (type: int), ws_web_site_sk (type: int), ws_promo_sk (type: int), ws_order_number (type: int), ws_ext_sales_price (type: decimal(7,2)), ws_net_profit (type: decimal(7,2))
                      outputColumnNames: _col0, _col1, _col2, _col3, _col4, _col5, _col6
                      Statistics: Num rows: 143894769 Data size: 35105869564 Basic stats: COMPLETE Column stats: COMPLETE
                      Reduce Output Operator
                        key expressions: _col1 (type: int), _col4 (type: int)
                        sort order: ++
                        Map-reduce partition columns: _col1 (type: int), _col4 (type: int)
                        Statistics: Num rows: 143894769 Data size: 35105869564 Basic stats: COMPLETE Column stats: COMPLETE
                        value expressions: _col0 (type: int), _col2 (type: int), _col3 (type: int), _col5 (type: decimal(7,2)), _col6 (type: decimal(7,2))
            Execution mode: vectorized
        Map 25 
            Map Operator Tree:
                TableScan
                  alias: web_returns
                  filterExpr: wr_item_sk is not null (type: boolean)
                  Statistics: Num rows: 14398467 Data size: 3195157944 Basic stats: COMPLETE Column stats: COMPLETE
                  Filter Operator
                    predicate: wr_item_sk is not null (type: boolean)
                    Statistics: Num rows: 14398467 Data size: 3195157944 Basic stats: COMPLETE Column stats: COMPLETE
                    Select Operator
                      expressions: wr_item_sk (type: int), wr_order_number (type: int), wr_return_amt (type: decimal(7,2)), wr_net_loss (type: decimal(7,2))
                      outputColumnNames: _col0, _col1, _col2, _col3
                      Statistics: Num rows: 14398467 Data size: 3195157944 Basic stats: COMPLETE Column stats: COMPLETE
                      Reduce Output Operator
                        key expressions: _col0 (type: int), _col1 (type: int)
                        sort order: ++
                        Map-reduce partition columns: _col0 (type: int), _col1 (type: int)
                        Statistics: Num rows: 14398467 Data size: 3195157944 Basic stats: COMPLETE Column stats: COMPLETE
                        value expressions: _col2 (type: decimal(7,2)), _col3 (type: decimal(7,2))
            Execution mode: vectorized
        Map 27 
            Map Operator Tree:
                TableScan
                  alias: item
                  filterExpr: ((i_current_price > 50) and i_item_sk is not null) (type: boolean)
                  Statistics: Num rows: 462000 Data size: 53461408 Basic stats: COMPLETE Column stats: COMPLETE
                  Filter Operator
                    predicate: ((i_current_price > 50) and i_item_sk is not null) (type: boolean)
                    Statistics: Num rows: 154000 Data size: 17820544 Basic stats: COMPLETE Column stats: COMPLETE
                    Select Operator
                      expressions: i_item_sk (type: int)
                      outputColumnNames: _col0
                      Statistics: Num rows: 154000 Data size: 17820544 Basic stats: COMPLETE Column stats: COMPLETE
                      Reduce Output Operator
                        key expressions: _col0 (type: int)
                        sort order: +
                        Map-reduce partition columns: _col0 (type: int)
                        Statistics: Num rows: 154000 Data size: 17820544 Basic stats: COMPLETE Column stats: COMPLETE
            Execution mode: vectorized
        Map 8 
            Map Operator Tree:
                TableScan
                  alias: store
                  filterExpr: s_store_sk is not null (type: boolean)
                  Statistics: Num rows: 1704 Data size: 177216 Basic stats: COMPLETE Column stats: COMPLETE
                  Filter Operator
                    predicate: s_store_sk is not null (type: boolean)
                    Statistics: Num rows: 1704 Data size: 177216 Basic stats: COMPLETE Column stats: COMPLETE
                    Select Operator
                      expressions: s_store_sk (type: int), s_store_id (type: string)
                      outputColumnNames: _col0, _col1
                      Statistics: Num rows: 1704 Data size: 177216 Basic stats: COMPLETE Column stats: COMPLETE
                      Map Join Operator
                        condition map:
                             Inner Join 0 to 1
                        keys:
                          0 _col2 (type: int)
                          1 _col0 (type: int)
                        outputColumnNames: _col5, _col6, _col9, _col10, _col18
                        input vertices:
                          0 Map 7
                        Statistics: Num rows: 9510435 Data size: 951043948 Basic stats: COMPLETE Column stats: COMPLETE
                        Select Operator
                          expressions: _col18 (type: string), _col5 (type: decimal(7,2)), COALESCE(_col9,0) (type: decimal(12,2)), (_col6 - COALESCE(_col10,0)) (type: decimal(13,2))
                          outputColumnNames: _col0, _col1, _col2, _col3
                          Statistics: Num rows: 9510435 Data size: 951043948 Basic stats: COMPLETE Column stats: COMPLETE
                          Group By Operator
                            aggregations: sum(_col1), sum(_col2), sum(_col3)
                            keys: _col0 (type: string)
                            mode: hash
                            outputColumnNames: _col0, _col1, _col2, _col3
                            Statistics: Num rows: 3288 Data size: 1433568 Basic stats: COMPLETE Column stats: COMPLETE
                            Reduce Output Operator
                              key expressions: _col0 (type: string)
                              sort order: +
                              Map-reduce partition columns: _col0 (type: string)
                              Statistics: Num rows: 3288 Data size: 1433568 Basic stats: COMPLETE Column stats: COMPLETE
                              value expressions: _col1 (type: decimal(17,2)), _col2 (type: decimal(22,2)), _col3 (type: decimal(23,2))
            Execution mode: vectorized
            Local Work:
              Map Reduce Local Work
        Reducer 10 
            Execution mode: vectorized
            Reduce Operator Tree:
              Group By Operator
                aggregations: sum(VALUE._col0), sum(VALUE._col1), sum(VALUE._col2)
                keys: KEY._col0 (type: string), KEY._col1 (type: string), KEY._col2 (type: bigint)
                mode: mergepartial
                outputColumnNames: _col0, _col1, _col3, _col4, _col5
                Statistics: Num rows: 38846 Data size: 24356442 Basic stats: COMPLETE Column stats: COMPLETE
                pruneGroupingSetId: true
                Select Operator
                  expressions: _col0 (type: string), _col1 (type: string), _col3 (type: decimal(27,2)), _col4 (type: decimal(32,2)), _col5 (type: decimal(33,2))
                  outputColumnNames: _col0, _col1, _col2, _col3, _col4
                  Statistics: Num rows: 38846 Data size: 24045674 Basic stats: COMPLETE Column stats: COMPLETE
                  Reduce Output Operator
                    key expressions: _col0 (type: string), _col1 (type: string)
                    sort order: ++
                    Statistics: Num rows: 38846 Data size: 24045674 Basic stats: COMPLETE Column stats: COMPLETE
                    TopN Hash Memory Usage: 0.1
                    value expressions: _col2 (type: decimal(27,2)), _col3 (type: decimal(32,2)), _col4 (type: decimal(33,2))
        Reducer 11 
            Execution mode: vectorized
            Reduce Operator Tree:
              Select Operator
                expressions: KEY.reducesinkkey0 (type: string), KEY.reducesinkkey1 (type: string), VALUE._col0 (type: decimal(27,2)), VALUE._col1 (type: decimal(32,2)), VALUE._col2 (type: decimal(33,2))
                outputColumnNames: _col0, _col1, _col2, _col3, _col4
                Statistics: Num rows: 38846 Data size: 24045674 Basic stats: COMPLETE Column stats: COMPLETE
                Limit
                  Number of rows: 100
                  Statistics: Num rows: 100 Data size: 61900 Basic stats: COMPLETE Column stats: COMPLETE
                  File Output Operator
                    compressed: false
                    Statistics: Num rows: 100 Data size: 61900 Basic stats: COMPLETE Column stats: COMPLETE
                    table:
                        input format: org.apache.hadoop.mapred.SequenceFileInputFormat
                        output format: org.apache.hadoop.hive.ql.io.HiveSequenceFileOutputFormat
                        serde: org.apache.hadoop.hive.serde2.lazy.LazySimpleSerDe
        Reducer 13 
            Local Work:
              Map Reduce Local Work
            Reduce Operator Tree:
              Join Operator
                condition map:
                     Left Outer Join 0 to 1
                keys:
                  0 _col2 (type: int), _col4 (type: int)
                  1 _col0 (type: int), _col1 (type: int)
                outputColumnNames: _col0, _col1, _col2, _col3, _col5, _col6, _col9, _col10
                Statistics: Num rows: 283691906 Data size: 127247590068 Basic stats: COMPLETE Column stats: COMPLETE
                Map Join Operator
                  condition map:
                       Inner Join 0 to 1
                  keys:
                    0 _col0 (type: int)
                    1 _col0 (type: int)
                  outputColumnNames: _col1, _col2, _col3, _col5, _col6, _col9, _col10
                  input vertices:
                    1 Map 17
                  Statistics: Num rows: 31519166 Data size: 10119036508 Basic stats: COMPLETE Column stats: COMPLETE
                  Reduce Output Operator
                    key expressions: _col2 (type: int)
                    sort order: +
                    Map-reduce partition columns: _col2 (type: int)
                    Statistics: Num rows: 31519166 Data size: 10119036508 Basic stats: COMPLETE Column stats: COMPLETE
                    value expressions: _col1 (type: int), _col3 (type: int), _col5 (type: decimal(7,2)), _col6 (type: decimal(7,2)), _col9 (type: decimal(7,2)), _col10 (type: decimal(7,2))
        Reducer 14 
            Local Work:
              Map Reduce Local Work
            Reduce Operator Tree:
              Join Operator
                condition map:
                     Inner Join 0 to 1
                keys:
                  0 _col2 (type: int)
                  1 _col0 (type: int)
                outputColumnNames: _col1, _col3, _col5, _col6, _col9, _col10
                Statistics: Num rows: 10506389 Data size: 2267341564 Basic stats: COMPLETE Column stats: COMPLETE
                Map Join Operator
                  condition map:
                       Inner Join 0 to 1
                  keys:
                    0 _col3 (type: int)
                    1 _col0 (type: int)
                  outputColumnNames: _col1, _col5, _col6, _col9, _col10
                  input vertices:
                    1 Map 19
                  Statistics: Num rows: 5253195 Data size: 1033262404 Basic stats: COMPLETE Column stats: COMPLETE
                  Map Join Operator
                    condition map:
                         Inner Join 0 to 1
                    keys:
                      0 _col1 (type: int)
                      1 _col0 (type: int)
                    outputColumnNames: _col5, _col6, _col9, _col10, _col18
                    input vertices:
                      1 Map 20
                    Statistics: Num rows: 5253195 Data size: 1543240124 Basic stats: COMPLETE Column stats: COMPLETE
                    Select Operator
                      expressions: _col18 (type: string), _col5 (type: decimal(7,2)), COALESCE(_col9,0) (type: decimal(12,2)), (_col6 - COALESCE(_col10,0)) (type: decimal(13,2))
                      outputColumnNames: _col0, _col1, _col2, _col3
                      Statistics: Num rows: 5253195 Data size: 1543240124 Basic stats: COMPLETE Column stats: COMPLETE
                      Group By Operator
                        aggregations: sum(_col1), sum(_col2), sum(_col3)
                        keys: _col0 (type: string)
                        mode: hash
                        outputColumnNames: _col0, _col1, _col2, _col3
                        Statistics: Num rows: 271922 Data size: 118557992 Basic stats: COMPLETE Column stats: COMPLETE
                        Reduce Output Operator
                          key expressions: _col0 (type: string)
                          sort order: +
                          Map-reduce partition columns: _col0 (type: string)
                          Statistics: Num rows: 271922 Data size: 118557992 Basic stats: COMPLETE Column stats: COMPLETE
                          value expressions: _col1 (type: decimal(17,2)), _col2 (type: decimal(22,2)), _col3 (type: decimal(23,2))
        Reducer 15 
            Execution mode: vectorized
            Reduce Operator Tree:
              Group By Operator
                aggregations: sum(VALUE._col0), sum(VALUE._col1), sum(VALUE._col2)
                keys: KEY._col0 (type: string)
                mode: mergepartial
                outputColumnNames: _col0, _col1, _col2, _col3
                Statistics: Num rows: 38846 Data size: 16936856 Basic stats: COMPLETE Column stats: COMPLETE
                Select Operator
                  expressions: 'catalog channel' (type: string), concat('catalog_page', _col0) (type: string), _col1 (type: decimal(17,2)), _col2 (type: decimal(22,2)), _col3 (type: decimal(23,2))
                  outputColumnNames: _col0, _col1, _col2, _col3, _col4
                  Statistics: Num rows: 38846 Data size: 24045674 Basic stats: COMPLETE Column stats: COMPLETE
                  Group By Operator
                    aggregations: sum(_col2), sum(_col3), sum(_col4)
                    keys: _col0 (type: string), _col1 (type: string), 0L (type: bigint)
                    mode: hash
                    outputColumnNames: _col0, _col1, _col2, _col3, _col4, _col5
                    Statistics: Num rows: 59581 Data size: 37357287 Basic stats: COMPLETE Column stats: COMPLETE
                    Reduce Output Operator
                      key expressions: _col0 (type: string), _col1 (type: string), _col2 (type: bigint)
                      sort order: +++
                      Map-reduce partition columns: _col0 (type: string), _col1 (type: string), _col2 (type: bigint)
                      Statistics: Num rows: 59581 Data size: 37357287 Basic stats: COMPLETE Column stats: COMPLETE
                      TopN Hash Memory Usage: 0.1
                      value expressions: _col3 (type: decimal(27,2)), _col4 (type: decimal(32,2)), _col5 (type: decimal(33,2))
        Reducer 22 
            Local Work:
              Map Reduce Local Work
            Reduce Operator Tree:
              Join Operator
                condition map:
                     Left Outer Join 0 to 1
                keys:
                  0 _col1 (type: int), _col4 (type: int)
                  1 _col0 (type: int), _col1 (type: int)
                outputColumnNames: _col0, _col1, _col2, _col3, _col5, _col6, _col9, _col10
                Statistics: Num rows: 143894769 Data size: 34530290712 Basic stats: COMPLETE Column stats: COMPLETE
                Map Join Operator
                  condition map:
                       Inner Join 0 to 1
                  keys:
                    0 _col0 (type: int)
                    1 _col0 (type: int)
                  outputColumnNames: _col1, _col2, _col3, _col5, _col6, _col9, _col10
                  input vertices:
                    1 Map 26
                  Statistics: Num rows: 15987214 Data size: 3768671760 Basic stats: COMPLETE Column stats: COMPLETE
                  Reduce Output Operator
                    key expressions: _col1 (type: int)
                    sort order: +
                    Map-reduce partition columns: _col1 (type: int)
                    Statistics: Num rows: 15987214 Data size: 3768671760 Basic stats: COMPLETE Column stats: COMPLETE
                    value expressions: _col2 (type: int), _col3 (type: int), _col5 (type: decimal(7,2)), _col6 (type: decimal(7,2)), _col9 (type: decimal(7,2)), _col10 (type: decimal(7,2))
        Reducer 23 
            Local Work:
              Map Reduce Local Work
            Reduce Operator Tree:
              Join Operator
                condition map:
                     Inner Join 0 to 1
                keys:
                  0 _col1 (type: int)
                  1 _col0 (type: int)
                outputColumnNames: _col2, _col3, _col5, _col6, _col9, _col10
                Statistics: Num rows: 5329072 Data size: 1232033960 Basic stats: COMPLETE Column stats: COMPLETE
                Map Join Operator
                  condition map:
                       Inner Join 0 to 1
                  keys:
                    0 _col3 (type: int)
                    1 _col0 (type: int)
                  outputColumnNames: _col2, _col5, _col6, _col9, _col10
                  input vertices:
                    1 Map 28
                  Statistics: Num rows: 2664536 Data size: 603347844 Basic stats: COMPLETE Column stats: COMPLETE
                  Map Join Operator
                    condition map:
                         Inner Join 0 to 1
                    keys:
                      0 _col2 (type: int)
                      1 _col0 (type: int)
                    outputColumnNames: _col5, _col6, _col9, _col10, _col18
                    input vertices:
                      1 Map 29
                    Statistics: Num rows: 2664536 Data size: 859287184 Basic stats: COMPLETE Column stats: COMPLETE
                    Select Operator
                      expressions: _col18 (type: string), _col5 (type: decimal(7,2)), COALESCE(_col9,0) (type: decimal(12,2)), (_col6 - COALESCE(_col10,0)) (type: decimal(13,2))
                      outputColumnNames: _col0, _col1, _col2, _col3
                      Statistics: Num rows: 2664536 Data size: 859287184 Basic stats: COMPLETE Column stats: COMPLETE
                      Group By Operator
                        aggregations: sum(_col1), sum(_col2), sum(_col3)
                        keys: _col0 (type: string)
                        mode: hash
                        outputColumnNames: _col0, _col1, _col2, _col3
                        Statistics: Num rows: 212 Data size: 92432 Basic stats: COMPLETE Column stats: COMPLETE
                        Reduce Output Operator
                          key expressions: _col0 (type: string)
                          sort order: +
                          Map-reduce partition columns: _col0 (type: string)
                          Statistics: Num rows: 212 Data size: 92432 Basic stats: COMPLETE Column stats: COMPLETE
                          value expressions: _col1 (type: decimal(17,2)), _col2 (type: decimal(22,2)), _col3 (type: decimal(23,2))
        Reducer 24 
            Execution mode: vectorized
            Reduce Operator Tree:
              Group By Operator
                aggregations: sum(VALUE._col0), sum(VALUE._col1), sum(VALUE._col2)
                keys: KEY._col0 (type: string)
                mode: mergepartial
                outputColumnNames: _col0, _col1, _col2, _col3
                Statistics: Num rows: 53 Data size: 23108 Basic stats: COMPLETE Column stats: COMPLETE
                Select Operator
                  expressions: 'web channel' (type: string), concat('web_site', _col0) (type: string), _col1 (type: decimal(17,2)), _col2 (type: decimal(22,2)), _col3 (type: decimal(23,2))
                  outputColumnNames: _col0, _col1, _col2, _col3, _col4
                  Statistics: Num rows: 53 Data size: 32595 Basic stats: COMPLETE Column stats: COMPLETE
                  Group By Operator
                    aggregations: sum(_col2), sum(_col3), sum(_col4)
                    keys: _col0 (type: string), _col1 (type: string), 0L (type: bigint)
                    mode: hash
                    outputColumnNames: _col0, _col1, _col2, _col3, _col4, _col5
                    Statistics: Num rows: 59581 Data size: 37357287 Basic stats: COMPLETE Column stats: COMPLETE
                    Reduce Output Operator
                      key expressions: _col0 (type: string), _col1 (type: string), _col2 (type: bigint)
                      sort order: +++
                      Map-reduce partition columns: _col0 (type: string), _col1 (type: string), _col2 (type: bigint)
                      Statistics: Num rows: 59581 Data size: 37357287 Basic stats: COMPLETE Column stats: COMPLETE
                      TopN Hash Memory Usage: 0.1
                      value expressions: _col3 (type: decimal(27,2)), _col4 (type: decimal(32,2)), _col5 (type: decimal(33,2))
        Reducer 9 
            Execution mode: vectorized
            Reduce Operator Tree:
              Group By Operator
                aggregations: sum(VALUE._col0), sum(VALUE._col1), sum(VALUE._col2)
                keys: KEY._col0 (type: string)
                mode: mergepartial
                outputColumnNames: _col0, _col1, _col2, _col3
                Statistics: Num rows: 822 Data size: 358392 Basic stats: COMPLETE Column stats: COMPLETE
                Select Operator
                  expressions: 'store channel' (type: string), concat('store', _col0) (type: string), _col1 (type: decimal(17,2)), _col2 (type: decimal(22,2)), _col3 (type: decimal(23,2))
                  outputColumnNames: _col0, _col1, _col2, _col3, _col4
                  Statistics: Num rows: 822 Data size: 507174 Basic stats: COMPLETE Column stats: COMPLETE
                  Group By Operator
                    aggregations: sum(_col2), sum(_col3), sum(_col4)
                    keys: _col0 (type: string), _col1 (type: string), 0L (type: bigint)
                    mode: hash
                    outputColumnNames: _col0, _col1, _col2, _col3, _col4, _col5
                    Statistics: Num rows: 59581 Data size: 37357287 Basic stats: COMPLETE Column stats: COMPLETE
                    Reduce Output Operator
                      key expressions: _col0 (type: string), _col1 (type: string), _col2 (type: bigint)
                      sort order: +++
                      Map-reduce partition columns: _col0 (type: string), _col1 (type: string), _col2 (type: bigint)
                      Statistics: Num rows: 59581 Data size: 37357287 Basic stats: COMPLETE Column stats: COMPLETE
                      TopN Hash Memory Usage: 0.1
                      value expressions: _col3 (type: decimal(27,2)), _col4 (type: decimal(32,2)), _col5 (type: decimal(33,2))

  Stage: Stage-0
    Fetch Operator
      limit: 100
      Processor Tree:
        ListSink

