PREHOOK: query: explain
select 
	s_store_name,
	i_item_desc,
	sc.revenue,
	i_current_price,
	i_wholesale_cost,
	i_brand
 from store, item,
     (select ss_store_sk, avg(revenue) as ave
 	from
 	    (select  ss_store_sk, ss_item_sk, 
 		     sum(ss_sales_price) as revenue
 		from store_sales, date_dim
 		where ss_sold_date_sk = d_date_sk and d_month_seq between 1212 and 1212+11
 		group by ss_store_sk, ss_item_sk) sa
 	group by ss_store_sk) sb,
     (select  ss_store_sk, ss_item_sk, sum(ss_sales_price) as revenue
 	from store_sales, date_dim
 	where ss_sold_date_sk = d_date_sk and d_month_seq between 1212 and 1212+11
 	group by ss_store_sk, ss_item_sk) sc
 where sb.ss_store_sk = sc.ss_store_sk and 
       sc.revenue <= 0.1 * sb.ave and
       s_store_sk = sc.ss_store_sk and
       i_item_sk = sc.ss_item_sk
 order by s_store_name, i_item_desc
limit 100
PREHOOK: type: QUERY
POSTHOOK: query: explain
select 
	s_store_name,
	i_item_desc,
	sc.revenue,
	i_current_price,
	i_wholesale_cost,
	i_brand
 from store, item,
     (select ss_store_sk, avg(revenue) as ave
 	from
 	    (select  ss_store_sk, ss_item_sk, 
 		     sum(ss_sales_price) as revenue
 		from store_sales, date_dim
 		where ss_sold_date_sk = d_date_sk and d_month_seq between 1212 and 1212+11
 		group by ss_store_sk, ss_item_sk) sa
 	group by ss_store_sk) sb,
     (select  ss_store_sk, ss_item_sk, sum(ss_sales_price) as revenue
 	from store_sales, date_dim
 	where ss_sold_date_sk = d_date_sk and d_month_seq between 1212 and 1212+11
 	group by ss_store_sk, ss_item_sk) sc
 where sb.ss_store_sk = sc.ss_store_sk and 
       sc.revenue <= 0.1 * sb.ave and
       s_store_sk = sc.ss_store_sk and
       i_item_sk = sc.ss_item_sk
 order by s_store_name, i_item_desc
limit 100
POSTHOOK: type: QUERY
STAGE DEPENDENCIES:
  Stage-3 is a root stage
  Stage-2 depends on stages: Stage-3
  Stage-4 depends on stages: Stage-2
  Stage-1 depends on stages: Stage-4
  Stage-0 depends on stages: Stage-1

STAGE PLANS:
  Stage: Stage-3
    Spark
#### A masked pattern was here ####
      Vertices:
        Map 8 
            Map Operator Tree:
                TableScan
                  alias: date_dim
                  filterExpr: (d_month_seq BETWEEN 1212 AND 1223 and d_date_sk is not null) (type: boolean)
                  Statistics: Num rows: 73049 Data size: 584392 Basic stats: COMPLETE Column stats: COMPLETE
                  Filter Operator
                    predicate: (d_date_sk is not null and d_month_seq BETWEEN 1212 AND 1223) (type: boolean)
                    Statistics: Num rows: 317 Data size: 2536 Basic stats: COMPLETE Column stats: COMPLETE
                    Select Operator
                      expressions: d_date_sk (type: int)
                      outputColumnNames: _col0
                      Statistics: Num rows: 317 Data size: 2536 Basic stats: COMPLETE Column stats: COMPLETE
                      Spark HashTable Sink Operator
                        keys:
                          0 _col0 (type: int)
                          1 _col0 (type: int)
            Execution mode: vectorized
            Local Work:
              Map Reduce Local Work

  Stage: Stage-2
    Spark
      Edges:
        Reducer 7 <- Map 6 (GROUP PARTITION-LEVEL SORT, 6)
#### A masked pattern was here ####
      Vertices:
        Map 6 
            Map Operator Tree:
                TableScan
                  alias: store_sales
                  filterExpr: (ss_sold_date_sk is not null and ss_store_sk is not null) (type: boolean)
                  Statistics: Num rows: 575995635 Data size: 68313011672 Basic stats: COMPLETE Column stats: COMPLETE
                  Filter Operator
                    predicate: (ss_sold_date_sk is not null and ss_store_sk is not null) (type: boolean)
                    Statistics: Num rows: 525329897 Data size: 62304061328 Basic stats: COMPLETE Column stats: COMPLETE
                    Select Operator
                      expressions: ss_sold_date_sk (type: int), ss_item_sk (type: int), ss_store_sk (type: int), ss_sales_price (type: decimal(7,2))
                      outputColumnNames: _col0, _col1, _col2, _col3
                      Statistics: Num rows: 525329897 Data size: 62304061328 Basic stats: COMPLETE Column stats: COMPLETE
                      Map Join Operator
                        condition map:
                             Inner Join 0 to 1
                        keys:
                          0 _col0 (type: int)
                          1 _col0 (type: int)
                        outputColumnNames: _col1, _col2, _col3
                        input vertices:
                          1 Map 8
                        Statistics: Num rows: 91197860 Data size: 8201454040 Basic stats: COMPLETE Column stats: COMPLETE
                        Group By Operator
                          aggregations: sum(_col3)
                          keys: _col2 (type: int), _col1 (type: int)
                          mode: hash
                          outputColumnNames: _col0, _col1, _col2
                          Statistics: Num rows: 5734608 Data size: 682208612 Basic stats: COMPLETE Column stats: COMPLETE
                          Reduce Output Operator
                            key expressions: _col0 (type: int), _col1 (type: int)
                            sort order: ++
                            Map-reduce partition columns: _col0 (type: int)
                            Statistics: Num rows: 5734608 Data size: 682208612 Basic stats: COMPLETE Column stats: COMPLETE
                            value expressions: _col2 (type: decimal(17,2))
            Execution mode: vectorized
            Local Work:
              Map Reduce Local Work
        Map 9 
            Map Operator Tree:
                TableScan
                  alias: store
                  filterExpr: s_store_sk is not null (type: boolean)
                  Statistics: Num rows: 1704 Data size: 156768 Basic stats: COMPLETE Column stats: COMPLETE
                  Filter Operator
                    predicate: s_store_sk is not null (type: boolean)
                    Statistics: Num rows: 1704 Data size: 156768 Basic stats: COMPLETE Column stats: COMPLETE
                    Select Operator
                      expressions: s_store_sk (type: int), s_store_name (type: string)
                      outputColumnNames: _col0, _col1
                      Statistics: Num rows: 1704 Data size: 156768 Basic stats: COMPLETE Column stats: COMPLETE
                      Spark HashTable Sink Operator
                        keys:
                          0 _col0 (type: int)
                          1 _col0 (type: int)
                          2 _col0 (type: int)
            Execution mode: vectorized
            Local Work:
              Map Reduce Local Work
        Reducer 7 
            Execution mode: vectorized
            Local Work:
              Map Reduce Local Work
            Reduce Operator Tree:
              Group By Operator
                aggregations: sum(VALUE._col0)
                keys: KEY._col0 (type: int), KEY._col1 (type: int)
                mode: mergepartial
                outputColumnNames: _col0, _col1, _col2
                Statistics: Num rows: 173776 Data size: 20672992 Basic stats: COMPLETE Column stats: COMPLETE
                Select Operator
                  expressions: _col0 (type: int), _col2 (type: decimal(17,2))
                  outputColumnNames: _col1, _col2
                  Statistics: Num rows: 173776 Data size: 20672992 Basic stats: COMPLETE Column stats: COMPLETE
                  Group By Operator
                    aggregations: sum(_col2), count(_col2)
                    keys: _col1 (type: int)
                    mode: complete
                    outputColumnNames: _col0, _col1, _col2
                    Statistics: Num rows: 16 Data size: 1972 Basic stats: COMPLETE Column stats: COMPLETE
                    Select Operator
                      expressions: _col0 (type: int), (_col1 / _col2) (type: decimal(38,13))
                      outputColumnNames: _col0, _col1
                      Statistics: Num rows: 16 Data size: 1844 Basic stats: COMPLETE Column stats: COMPLETE
                      Spark HashTable Sink Operator
                        keys:
                          0 _col0 (type: int)
                          1 _col0 (type: int)
                          2 _col0 (type: int)

  Stage: Stage-4
    Spark
#### A masked pattern was here ####
      Vertices:
        Map 5 
            Map Operator Tree:
                TableScan
                  alias: date_dim
                  filterExpr: (d_month_seq BETWEEN 1212 AND 1223 and d_date_sk is not null) (type: boolean)
                  Statistics: Num rows: 73049 Data size: 584392 Basic stats: COMPLETE Column stats: COMPLETE
                  Filter Operator
                    predicate: (d_date_sk is not null and d_month_seq BETWEEN 1212 AND 1223) (type: boolean)
                    Statistics: Num rows: 317 Data size: 2536 Basic stats: COMPLETE Column stats: COMPLETE
                    Select Operator
                      expressions: d_date_sk (type: int)
                      outputColumnNames: _col0
                      Statistics: Num rows: 317 Data size: 2536 Basic stats: COMPLETE Column stats: COMPLETE
                      Spark HashTable Sink Operator
                        keys:
                          0 _col0 (type: int)
                          1 _col0 (type: int)
            Execution mode: vectorized
            Local Work:
              Map Reduce Local Work

  Stage: Stage-1
    Spark
      Edges:
        Reducer 2 <- Map 1 (GROUP, 6)
        Reducer 3 <- Map 10 (PARTITION-LEVEL SORT, 2), Reducer 2 (PARTITION-LEVEL SORT, 2)
        Reducer 4 <- Reducer 3 (SORT, 1)
#### A masked pattern was here ####
      Vertices:
        Map 1 
            Map Operator Tree:
                TableScan
                  alias: store_sales
                  filterExpr: (ss_sold_date_sk is not null and ss_store_sk is not null and ss_item_sk is not null) (type: boolean)
                  Statistics: Num rows: 575995635 Data size: 68313011672 Basic stats: COMPLETE Column stats: COMPLETE
                  Filter Operator
                    predicate: (ss_item_sk is not null and ss_sold_date_sk is not null and ss_store_sk is not null) (type: boolean)
                    Statistics: Num rows: 525329897 Data size: 62304061328 Basic stats: COMPLETE Column stats: COMPLETE
                    Select Operator
                      expressions: ss_sold_date_sk (type: int), ss_item_sk (type: int), ss_store_sk (type: int), ss_sales_price (type: decimal(7,2))
                      outputColumnNames: _col0, _col1, _col2, _col3
                      Statistics: Num rows: 525329897 Data size: 62304061328 Basic stats: COMPLETE Column stats: COMPLETE
                      Map Join Operator
                        condition map:
                             Inner Join 0 to 1
                        keys:
                          0 _col0 (type: int)
                          1 _col0 (type: int)
                        outputColumnNames: _col1, _col2, _col3
                        input vertices:
                          1 Map 5
                        Statistics: Num rows: 91197860 Data size: 8201454040 Basic stats: COMPLETE Column stats: COMPLETE
                        Group By Operator
                          aggregations: sum(_col3)
                          keys: _col2 (type: int), _col1 (type: int)
                          mode: hash
                          outputColumnNames: _col0, _col1, _col2
                          Statistics: Num rows: 5557266 Data size: 661111400 Basic stats: COMPLETE Column stats: COMPLETE
                          Reduce Output Operator
                            key expressions: _col0 (type: int), _col1 (type: int)
                            sort order: ++
                            Map-reduce partition columns: _col0 (type: int), _col1 (type: int)
                            Statistics: Num rows: 5557266 Data size: 661111400 Basic stats: COMPLETE Column stats: COMPLETE
                            value expressions: _col2 (type: decimal(17,2))
            Execution mode: vectorized
            Local Work:
              Map Reduce Local Work
        Map 10 
            Map Operator Tree:
                TableScan
                  alias: item
                  filterExpr: i_item_sk is not null (type: boolean)
                  Statistics: Num rows: 462000 Data size: 236288080 Basic stats: COMPLETE Column stats: COMPLETE
                  Filter Operator
                    predicate: i_item_sk is not null (type: boolean)
                    Statistics: Num rows: 462000 Data size: 236288080 Basic stats: COMPLETE Column stats: COMPLETE
                    Select Operator
                      expressions: i_item_sk (type: int), i_item_desc (type: string), i_current_price (type: decimal(7,2)), i_wholesale_cost (type: decimal(7,2)), i_brand (type: string)
                      outputColumnNames: _col0, _col1, _col2, _col3, _col4
                      Statistics: Num rows: 462000 Data size: 236288080 Basic stats: COMPLETE Column stats: COMPLETE
                      Reduce Output Operator
                        key expressions: _col0 (type: int)
                        sort order: +
                        Map-reduce partition columns: _col0 (type: int)
                        Statistics: Num rows: 462000 Data size: 236288080 Basic stats: COMPLETE Column stats: COMPLETE
                        value expressions: _col1 (type: string), _col2 (type: decimal(7,2)), _col3 (type: decimal(7,2)), _col4 (type: string)
            Execution mode: vectorized
        Reducer 2 
            Execution mode: vectorized
            Local Work:
              Map Reduce Local Work
            Reduce Operator Tree:
              Group By Operator
                aggregations: sum(VALUE._col0)
                keys: KEY._col0 (type: int), KEY._col1 (type: int)
                mode: mergepartial
                outputColumnNames: _col0, _col1, _col2
                Statistics: Num rows: 168402 Data size: 20033684 Basic stats: COMPLETE Column stats: COMPLETE
                Map Join Operator
                  condition map:
                       Inner Join 0 to 1
                       Inner Join 0 to 2
                  keys:
                    0 _col0 (type: int)
                    1 _col0 (type: int)
                    2 _col0 (type: int)
                  outputColumnNames: _col1, _col2, _col4, _col6
                  input vertices:
                    1 Reducer 7
                    2 Map 9
                  Statistics: Num rows: 168402 Data size: 53215032 Basic stats: COMPLETE Column stats: COMPLETE
                  Filter Operator
                    predicate: (_col2 <= (0.1 * _col4)) (type: boolean)
                    Statistics: Num rows: 56134 Data size: 17738344 Basic stats: COMPLETE Column stats: COMPLETE
                    Reduce Output Operator
                      key expressions: _col1 (type: int)
                      sort order: +
                      Map-reduce partition columns: _col1 (type: int)
                      Statistics: Num rows: 56134 Data size: 17738344 Basic stats: COMPLETE Column stats: COMPLETE
                      value expressions: _col2 (type: decimal(17,2)), _col6 (type: string)
        Reducer 3 
            Reduce Operator Tree:
              Join Operator
                condition map:
                     Inner Join 0 to 1
                keys:
                  0 _col1 (type: int)
                  1 _col0 (type: int)
                outputColumnNames: _col2, _col6, _col8, _col9, _col10, _col11
                Statistics: Num rows: 56134 Data size: 39486952 Basic stats: COMPLETE Column stats: COMPLETE
                Select Operator
                  expressions: _col6 (type: string), _col8 (type: string), _col2 (type: decimal(17,2)), _col9 (type: decimal(7,2)), _col10 (type: decimal(7,2)), _col11 (type: string)
                  outputColumnNames: _col0, _col1, _col2, _col3, _col4, _col5
                  Statistics: Num rows: 56134 Data size: 39486952 Basic stats: COMPLETE Column stats: COMPLETE
                  Reduce Output Operator
                    key expressions: _col0 (type: string), _col1 (type: string)
                    sort order: ++
                    Statistics: Num rows: 56134 Data size: 39486952 Basic stats: COMPLETE Column stats: COMPLETE
                    TopN Hash Memory Usage: 0.1
                    value expressions: _col2 (type: decimal(17,2)), _col3 (type: decimal(7,2)), _col4 (type: decimal(7,2)), _col5 (type: string)
        Reducer 4 
            Execution mode: vectorized
            Reduce Operator Tree:
              Select Operator
                expressions: KEY.reducesinkkey0 (type: string), KEY.reducesinkkey1 (type: string), VALUE._col0 (type: decimal(17,2)), VALUE._col1 (type: decimal(7,2)), VALUE._col2 (type: decimal(7,2)), VALUE._col3 (type: string)
                outputColumnNames: _col0, _col1, _col2, _col3, _col4, _col5
                Statistics: Num rows: 56134 Data size: 39486952 Basic stats: COMPLETE Column stats: COMPLETE
                Limit
                  Number of rows: 100
                  Statistics: Num rows: 100 Data size: 70576 Basic stats: COMPLETE Column stats: COMPLETE
                  File Output Operator
                    compressed: false
                    Statistics: Num rows: 100 Data size: 70576 Basic stats: COMPLETE Column stats: COMPLETE
                    table:
                        input format: org.apache.hadoop.mapred.SequenceFileInputFormat
                        output format: org.apache.hadoop.hive.ql.io.HiveSequenceFileOutputFormat
                        serde: org.apache.hadoop.hive.serde2.lazy.LazySimpleSerDe

  Stage: Stage-0
    Fetch Operator
      limit: 100
      Processor Tree:
        ListSink

