PREHOOK: query: explain
with customer_total_return as
(select sr_customer_sk as ctr_customer_sk
,sr_store_sk as ctr_store_sk
,sum(SR_FEE) as ctr_total_return
from store_returns
,date_dim
where sr_returned_date_sk = d_date_sk
and d_year =2000
group by sr_customer_sk
,sr_store_sk)
 select  c_customer_id
from customer_total_return ctr1
,store
,customer
where ctr1.ctr_total_return > (select avg(ctr_total_return)*1.2
from customer_total_return ctr2
where ctr1.ctr_store_sk = ctr2.ctr_store_sk)
and s_store_sk = ctr1.ctr_store_sk
and s_state = 'NM'
and ctr1.ctr_customer_sk = c_customer_sk
order by c_customer_id
limit 100
PREHOOK: type: QUERY
POSTHOOK: query: explain
with customer_total_return as
(select sr_customer_sk as ctr_customer_sk
,sr_store_sk as ctr_store_sk
,sum(SR_FEE) as ctr_total_return
from store_returns
,date_dim
where sr_returned_date_sk = d_date_sk
and d_year =2000
group by sr_customer_sk
,sr_store_sk)
 select  c_customer_id
from customer_total_return ctr1
,store
,customer
where ctr1.ctr_total_return > (select avg(ctr_total_return)*1.2
from customer_total_return ctr2
where ctr1.ctr_store_sk = ctr2.ctr_store_sk)
and s_store_sk = ctr1.ctr_store_sk
and s_state = 'NM'
and ctr1.ctr_customer_sk = c_customer_sk
order by c_customer_id
limit 100
POSTHOOK: type: QUERY
STAGE DEPENDENCIES:
  Stage-3 is a root stage
  Stage-2 depends on stages: Stage-3
  Stage-4 depends on stages: Stage-2
  Stage-5 depends on stages: Stage-4
  Stage-1 depends on stages: Stage-5
  Stage-0 depends on stages: Stage-1

STAGE PLANS:
  Stage: Stage-3
    Spark
#### A masked pattern was here ####
      Vertices:
        Map 10 
            Map Operator Tree:
                TableScan
                  alias: date_dim
                  filterExpr: ((d_year = 2000) and d_date_sk is not null) (type: boolean)
                  Statistics: Num rows: 73049 Data size: 584392 Basic stats: COMPLETE Column stats: COMPLETE
                  Filter Operator
                    predicate: ((d_year = 2000) and d_date_sk is not null) (type: boolean)
                    Statistics: Num rows: 652 Data size: 5216 Basic stats: COMPLETE Column stats: COMPLETE
                    Select Operator
                      expressions: d_date_sk (type: int)
                      outputColumnNames: _col0
                      Statistics: Num rows: 652 Data size: 5216 Basic stats: COMPLETE Column stats: COMPLETE
                      Spark HashTable Sink Operator
                        keys:
                          0 _col0 (type: int)
                          1 _col0 (type: int)
            Execution mode: vectorized
            Local Work:
              Map Reduce Local Work

  Stage: Stage-2
    Spark
      Edges:
        Reducer 9 <- Map 8 (GROUP PARTITION-LEVEL SORT, 17)
#### A masked pattern was here ####
      Vertices:
        Map 8 
            Map Operator Tree:
                TableScan
                  alias: store_returns
                  filterExpr: (sr_returned_date_sk is not null and sr_store_sk is not null) (type: boolean)
                  Statistics: Num rows: 57591150 Data size: 6891360020 Basic stats: COMPLETE Column stats: COMPLETE
                  Filter Operator
                    predicate: (sr_returned_date_sk is not null and sr_store_sk is not null) (type: boolean)
                    Statistics: Num rows: 53634860 Data size: 6417950124 Basic stats: COMPLETE Column stats: COMPLETE
                    Select Operator
                      expressions: sr_returned_date_sk (type: int), sr_customer_sk (type: int), sr_store_sk (type: int), sr_fee (type: decimal(7,2))
                      outputColumnNames: _col0, _col1, _col2, _col3
                      Statistics: Num rows: 53634860 Data size: 6417950124 Basic stats: COMPLETE Column stats: COMPLETE
                      Map Join Operator
                        condition map:
                             Inner Join 0 to 1
                        keys:
                          0 _col0 (type: int)
                          1 _col0 (type: int)
                        outputColumnNames: _col1, _col2, _col3
                        input vertices:
                          1 Map 10
                        Statistics: Num rows: 17467258 Data size: 1870797840 Basic stats: COMPLETE Column stats: COMPLETE
                        Group By Operator
                          aggregations: sum(_col3)
                          keys: _col2 (type: int), _col1 (type: int)
                          mode: hash
                          outputColumnNames: _col0, _col1, _col2
                          Statistics: Num rows: 17467258 Data size: 2081058800 Basic stats: COMPLETE Column stats: COMPLETE
                          Reduce Output Operator
                            key expressions: _col0 (type: int), _col1 (type: int)
                            sort order: ++
                            Map-reduce partition columns: _col0 (type: int)
                            Statistics: Num rows: 17467258 Data size: 2081058800 Basic stats: COMPLETE Column stats: COMPLETE
                            value expressions: _col2 (type: decimal(17,2))
            Execution mode: vectorized
            Local Work:
              Map Reduce Local Work
        Reducer 9 
            Execution mode: vectorized
            Local Work:
              Map Reduce Local Work
            Reduce Operator Tree:
              Group By Operator
                aggregations: sum(VALUE._col0)
                keys: KEY._col0 (type: int), KEY._col1 (type: int)
                mode: mergepartial
                outputColumnNames: _col0, _col1, _col2
                Statistics: Num rows: 13369812 Data size: 1592886816 Basic stats: COMPLETE Column stats: COMPLETE
                Select Operator
                  expressions: _col0 (type: int), _col2 (type: decimal(17,2))
                  outputColumnNames: _col1, _col2
                  Statistics: Num rows: 13369812 Data size: 1592886816 Basic stats: COMPLETE Column stats: COMPLETE
                  Group By Operator
                    aggregations: sum(_col2), count(_col2)
                    keys: _col1 (type: int)
                    mode: complete
                    outputColumnNames: _col0, _col1, _col2
                    Statistics: Num rows: 29 Data size: 3588 Basic stats: COMPLETE Column stats: COMPLETE
                    Select Operator
                      expressions: ((_col1 / _col2) * 1.2) (type: decimal(38,11)), _col0 (type: int)
                      outputColumnNames: _col0, _col1
                      Statistics: Num rows: 29 Data size: 3356 Basic stats: COMPLETE Column stats: COMPLETE
                      Spark HashTable Sink Operator
                        keys:
                          0 _col1 (type: int)
                          1 _col1 (type: int)

  Stage: Stage-4
    Spark
#### A masked pattern was here ####
      Vertices:
        Map 6 
            Map Operator Tree:
                TableScan
                  alias: store
                  filterExpr: ((s_state = 'NM') and s_store_sk is not null) (type: boolean)
                  Statistics: Num rows: 1704 Data size: 153360 Basic stats: COMPLETE Column stats: COMPLETE
                  Filter Operator
                    predicate: ((s_state = 'NM') and s_store_sk is not null) (type: boolean)
                    Statistics: Num rows: 35 Data size: 3150 Basic stats: COMPLETE Column stats: COMPLETE
                    Select Operator
                      expressions: s_store_sk (type: int)
                      outputColumnNames: _col0
                      Statistics: Num rows: 35 Data size: 3150 Basic stats: COMPLETE Column stats: COMPLETE
                      Spark HashTable Sink Operator
                        keys:
                          0 _col1 (type: int)
                          1 _col0 (type: int)
            Execution mode: vectorized
            Local Work:
              Map Reduce Local Work

  Stage: Stage-5
    Spark
#### A masked pattern was here ####
      Vertices:
        Map 5 
            Map Operator Tree:
                TableScan
                  alias: date_dim
                  filterExpr: ((d_year = 2000) and d_date_sk is not null) (type: boolean)
                  Statistics: Num rows: 73049 Data size: 584392 Basic stats: COMPLETE Column stats: COMPLETE
                  Filter Operator
                    predicate: ((d_year = 2000) and d_date_sk is not null) (type: boolean)
                    Statistics: Num rows: 652 Data size: 5216 Basic stats: COMPLETE Column stats: COMPLETE
                    Select Operator
                      expressions: d_date_sk (type: int)
                      outputColumnNames: _col0
                      Statistics: Num rows: 652 Data size: 5216 Basic stats: COMPLETE Column stats: COMPLETE
                      Spark HashTable Sink Operator
                        keys:
                          0 _col0 (type: int)
                          1 _col0 (type: int)
            Execution mode: vectorized
            Local Work:
              Map Reduce Local Work

  Stage: Stage-1
    Spark
      Edges:
        Reducer 2 <- Map 1 (GROUP, 16)
        Reducer 3 <- Map 7 (PARTITION-LEVEL SORT, 67), Reducer 2 (PARTITION-LEVEL SORT, 67)
        Reducer 4 <- Reducer 3 (SORT, 1)
#### A masked pattern was here ####
      Vertices:
        Map 1 
            Map Operator Tree:
                TableScan
                  alias: store_returns
                  filterExpr: (sr_returned_date_sk is not null and sr_store_sk is not null and sr_customer_sk is not null) (type: boolean)
                  Statistics: Num rows: 57591150 Data size: 6891360020 Basic stats: COMPLETE Column stats: COMPLETE
                  Filter Operator
                    predicate: (sr_customer_sk is not null and sr_returned_date_sk is not null and sr_store_sk is not null) (type: boolean)
                    Statistics: Num rows: 51757026 Data size: 6193248408 Basic stats: COMPLETE Column stats: COMPLETE
                    Select Operator
                      expressions: sr_returned_date_sk (type: int), sr_customer_sk (type: int), sr_store_sk (type: int), sr_fee (type: decimal(7,2))
                      outputColumnNames: _col0, _col1, _col2, _col3
                      Statistics: Num rows: 51757026 Data size: 6193248408 Basic stats: COMPLETE Column stats: COMPLETE
                      Map Join Operator
                        condition map:
                             Inner Join 0 to 1
                        keys:
                          0 _col0 (type: int)
                          1 _col0 (type: int)
                        outputColumnNames: _col1, _col2, _col3
                        input vertices:
                          1 Map 5
                        Statistics: Num rows: 16855704 Data size: 1805298496 Basic stats: COMPLETE Column stats: COMPLETE
                        Group By Operator
                          aggregations: sum(_col3)
                          keys: _col2 (type: int), _col1 (type: int)
                          mode: hash
                          outputColumnNames: _col0, _col1, _col2
                          Statistics: Num rows: 16855704 Data size: 2008197920 Basic stats: COMPLETE Column stats: COMPLETE
                          Reduce Output Operator
                            key expressions: _col0 (type: int), _col1 (type: int)
                            sort order: ++
                            Map-reduce partition columns: _col0 (type: int), _col1 (type: int)
                            Statistics: Num rows: 16855704 Data size: 2008197920 Basic stats: COMPLETE Column stats: COMPLETE
                            value expressions: _col2 (type: decimal(17,2))
            Execution mode: vectorized
            Local Work:
              Map Reduce Local Work
        Map 7 
            Map Operator Tree:
                TableScan
                  alias: customer
                  filterExpr: c_customer_sk is not null (type: boolean)
                  Statistics: Num rows: 80000000 Data size: 8320000000 Basic stats: COMPLETE Column stats: COMPLETE
                  Filter Operator
                    predicate: c_customer_sk is not null (type: boolean)
                    Statistics: Num rows: 80000000 Data size: 8320000000 Basic stats: COMPLETE Column stats: COMPLETE
                    Select Operator
                      expressions: c_customer_sk (type: int), c_customer_id (type: string)
                      outputColumnNames: _col0, _col1
                      Statistics: Num rows: 80000000 Data size: 8320000000 Basic stats: COMPLETE Column stats: COMPLETE
                      Reduce Output Operator
                        key expressions: _col0 (type: int)
                        sort order: +
                        Map-reduce partition columns: _col0 (type: int)
                        Statistics: Num rows: 80000000 Data size: 8320000000 Basic stats: COMPLETE Column stats: COMPLETE
                        value expressions: _col1 (type: string)
            Execution mode: vectorized
        Reducer 2 
            Execution mode: vectorized
            Local Work:
              Map Reduce Local Work
            Reduce Operator Tree:
              Group By Operator
                aggregations: sum(VALUE._col0)
                keys: KEY._col0 (type: int), KEY._col1 (type: int)
                mode: mergepartial
                outputColumnNames: _col0, _col1, _col2
                Statistics: Num rows: 12844075 Data size: 1530250220 Basic stats: COMPLETE Column stats: COMPLETE
                Select Operator
                  expressions: _col1 (type: int), _col0 (type: int), _col2 (type: decimal(17,2))
                  outputColumnNames: _col0, _col1, _col2
                  Statistics: Num rows: 12844075 Data size: 1530250220 Basic stats: COMPLETE Column stats: COMPLETE
                  Map Join Operator
                    condition map:
                         Inner Join 0 to 1
                    keys:
                      0 _col1 (type: int)
                      1 _col0 (type: int)
                    outputColumnNames: _col0, _col1, _col2
                    input vertices:
                      1 Map 6
                    Statistics: Num rows: 2129284 Data size: 244475300 Basic stats: COMPLETE Column stats: COMPLETE
                    Reduce Output Operator
                      key expressions: _col0 (type: int)
                      sort order: +
                      Map-reduce partition columns: _col0 (type: int)
                      Statistics: Num rows: 2129284 Data size: 244475300 Basic stats: COMPLETE Column stats: COMPLETE
                      value expressions: _col1 (type: int), _col2 (type: decimal(17,2))
        Reducer 3 
            Local Work:
              Map Reduce Local Work
            Reduce Operator Tree:
              Join Operator
                condition map:
                     Inner Join 0 to 1
                keys:
                  0 _col0 (type: int)
                  1 _col0 (type: int)
                outputColumnNames: _col1, _col2, _col6
                Statistics: Num rows: 2129284 Data size: 454409816 Basic stats: COMPLETE Column stats: COMPLETE
                Map Join Operator
                  condition map:
                       Inner Join 0 to 1
                  keys:
                    0 _col1 (type: int)
                    1 _col1 (type: int)
                  outputColumnNames: _col2, _col6, _col7
                  input vertices:
                    1 Reducer 9
                  Statistics: Num rows: 2205329 Data size: 714526596 Basic stats: COMPLETE Column stats: COMPLETE
                  Filter Operator
                    predicate: (_col2 > _col7) (type: boolean)
                    Statistics: Num rows: 735109 Data size: 238175316 Basic stats: COMPLETE Column stats: COMPLETE
                    Select Operator
                      expressions: _col6 (type: string)
                      outputColumnNames: _col0
                      Statistics: Num rows: 735109 Data size: 73510900 Basic stats: COMPLETE Column stats: COMPLETE
                      Reduce Output Operator
                        key expressions: _col0 (type: string)
                        sort order: +
                        Statistics: Num rows: 735109 Data size: 73510900 Basic stats: COMPLETE Column stats: COMPLETE
                        TopN Hash Memory Usage: 0.1
        Reducer 4 
            Execution mode: vectorized
            Reduce Operator Tree:
              Select Operator
                expressions: KEY.reducesinkkey0 (type: string)
                outputColumnNames: _col0
                Statistics: Num rows: 735109 Data size: 73510900 Basic stats: COMPLETE Column stats: COMPLETE
                Limit
                  Number of rows: 100
                  Statistics: Num rows: 100 Data size: 10000 Basic stats: COMPLETE Column stats: COMPLETE
                  File Output Operator
                    compressed: false
                    Statistics: Num rows: 100 Data size: 10000 Basic stats: COMPLETE Column stats: COMPLETE
                    table:
                        input format: org.apache.hadoop.mapred.SequenceFileInputFormat
                        output format: org.apache.hadoop.hive.ql.io.HiveSequenceFileOutputFormat
                        serde: org.apache.hadoop.hive.serde2.lazy.LazySimpleSerDe

  Stage: Stage-0
    Fetch Operator
      limit: 100
      Processor Tree:
        ListSink

