Warning: Map Join MAPJOIN[83][bigTable=?] in task 'Stage-2:MAPRED' is a cross product
Warning: Map Join MAPJOIN[85][bigTable=?] in task 'Stage-4:MAPRED' is a cross product
PREHOOK: query: explain
select  asceding.rnk, i1.i_product_name best_performing, i2.i_product_name worst_performing
from(select *
     from (select item_sk,rank() over (order by rank_col asc) rnk
           from (select ss_item_sk item_sk,avg(ss_net_profit) rank_col 
                 from store_sales ss1
                 where ss_store_sk = 410
                 group by ss_item_sk
                 having avg(ss_net_profit) > 0.9*(select avg(ss_net_profit) rank_col
                                                  from store_sales
                                                  where ss_store_sk = 410
                                                    and ss_hdemo_sk is null
                                                  group by ss_store_sk))V1)V11
     where rnk  < 11) asceding,
    (select *
     from (select item_sk,rank() over (order by rank_col desc) rnk
           from (select ss_item_sk item_sk,avg(ss_net_profit) rank_col
                 from store_sales ss1
                 where ss_store_sk = 410
                 group by ss_item_sk
                 having avg(ss_net_profit) > 0.9*(select avg(ss_net_profit) rank_col
                                                  from store_sales
                                                  where ss_store_sk = 410
                                                    and ss_hdemo_sk is null
                                                  group by ss_store_sk))V2)V21
     where rnk  < 11) descending,
item i1,
item i2
where asceding.rnk = descending.rnk 
  and i1.i_item_sk=asceding.item_sk
  and i2.i_item_sk=descending.item_sk
order by asceding.rnk
limit 100
PREHOOK: type: QUERY
POSTHOOK: query: explain
select  asceding.rnk, i1.i_product_name best_performing, i2.i_product_name worst_performing
from(select *
     from (select item_sk,rank() over (order by rank_col asc) rnk
           from (select ss_item_sk item_sk,avg(ss_net_profit) rank_col 
                 from store_sales ss1
                 where ss_store_sk = 410
                 group by ss_item_sk
                 having avg(ss_net_profit) > 0.9*(select avg(ss_net_profit) rank_col
                                                  from store_sales
                                                  where ss_store_sk = 410
                                                    and ss_hdemo_sk is null
                                                  group by ss_store_sk))V1)V11
     where rnk  < 11) asceding,
    (select *
     from (select item_sk,rank() over (order by rank_col desc) rnk
           from (select ss_item_sk item_sk,avg(ss_net_profit) rank_col
                 from store_sales ss1
                 where ss_store_sk = 410
                 group by ss_item_sk
                 having avg(ss_net_profit) > 0.9*(select avg(ss_net_profit) rank_col
                                                  from store_sales
                                                  where ss_store_sk = 410
                                                    and ss_hdemo_sk is null
                                                  group by ss_store_sk))V2)V21
     where rnk  < 11) descending,
item i1,
item i2
where asceding.rnk = descending.rnk 
  and i1.i_item_sk=asceding.item_sk
  and i2.i_item_sk=descending.item_sk
order by asceding.rnk
limit 100
POSTHOOK: type: QUERY
STAGE DEPENDENCIES:
  Stage-3 is a root stage
  Stage-2 depends on stages: Stage-3, Stage-4
  Stage-1 depends on stages: Stage-2
  Stage-5 is a root stage
  Stage-4 depends on stages: Stage-5
  Stage-0 depends on stages: Stage-1

STAGE PLANS:
  Stage: Stage-3
    Spark
      Edges:
        Reducer 7 <- Map 6 (GROUP, 2)
#### A masked pattern was here ####
      Vertices:
        Map 6 
            Map Operator Tree:
                TableScan
                  alias: store_sales
                  filterExpr: ((ss_store_sk = 410) and ss_hdemo_sk is null) (type: boolean)
                  Statistics: Num rows: 575995635 Data size: 66010018768 Basic stats: COMPLETE Column stats: COMPLETE
                  Filter Operator
                    predicate: ((ss_store_sk = 410) and ss_hdemo_sk is null) (type: boolean)
                    Statistics: Num rows: 287946 Data size: 32999156 Basic stats: COMPLETE Column stats: COMPLETE
                    Select Operator
                      expressions: ss_net_profit (type: decimal(7,2))
                      outputColumnNames: _col1
                      Statistics: Num rows: 287946 Data size: 32999156 Basic stats: COMPLETE Column stats: COMPLETE
                      Group By Operator
                        aggregations: sum(_col1), count(_col1)
                        keys: 410 (type: int)
                        mode: hash
                        outputColumnNames: _col0, _col1, _col2
                        Statistics: Num rows: 258 Data size: 31992 Basic stats: COMPLETE Column stats: COMPLETE
                        Reduce Output Operator
                          key expressions: _col0 (type: int)
                          sort order: +
                          Map-reduce partition columns: _col0 (type: int)
                          Statistics: Num rows: 258 Data size: 31992 Basic stats: COMPLETE Column stats: COMPLETE
                          value expressions: _col1 (type: decimal(17,2)), _col2 (type: bigint)
            Execution mode: vectorized
        Reducer 7 
            Execution mode: vectorized
            Local Work:
              Map Reduce Local Work
            Reduce Operator Tree:
              Group By Operator
                aggregations: sum(VALUE._col0), count(VALUE._col1)
                keys: KEY._col0 (type: int)
                mode: mergepartial
                outputColumnNames: _col0, _col1, _col2
                Statistics: Num rows: 1 Data size: 124 Basic stats: COMPLETE Column stats: COMPLETE
                Select Operator
                  expressions: (_col1 / _col2) (type: decimal(37,22))
                  outputColumnNames: _col0
                  Statistics: Num rows: 1 Data size: 112 Basic stats: COMPLETE Column stats: COMPLETE
                  Spark HashTable Sink Operator
                    keys:
                      0 
                      1 

  Stage: Stage-2
    Spark
      Edges:
        Reducer 4 <- Map 3 (GROUP, 4)
        Reducer 5 <- Reducer 4 (PARTITION-LEVEL SORT, 2)
#### A masked pattern was here ####
      Vertices:
        Map 3 
            Map Operator Tree:
                TableScan
                  alias: ss1
                  filterExpr: (ss_store_sk = 410) (type: boolean)
                  Statistics: Num rows: 575995635 Data size: 66113679180 Basic stats: COMPLETE Column stats: COMPLETE
                  Filter Operator
                    predicate: (ss_store_sk = 410) (type: boolean)
                    Statistics: Num rows: 6399952 Data size: 734596648 Basic stats: COMPLETE Column stats: COMPLETE
                    Select Operator
                      expressions: ss_item_sk (type: int), ss_net_profit (type: decimal(7,2))
                      outputColumnNames: ss_item_sk, ss_net_profit
                      Statistics: Num rows: 6399952 Data size: 734596648 Basic stats: COMPLETE Column stats: COMPLETE
                      Group By Operator
                        aggregations: sum(ss_net_profit), count(ss_net_profit)
                        keys: ss_item_sk (type: int)
                        mode: hash
                        outputColumnNames: _col0, _col1, _col2
                        Statistics: Num rows: 3199976 Data size: 396797024 Basic stats: COMPLETE Column stats: COMPLETE
                        Reduce Output Operator
                          key expressions: _col0 (type: int)
                          sort order: +
                          Map-reduce partition columns: _col0 (type: int)
                          Statistics: Num rows: 3199976 Data size: 396797024 Basic stats: COMPLETE Column stats: COMPLETE
                          value expressions: _col1 (type: decimal(17,2)), _col2 (type: bigint)
            Execution mode: vectorized
        Map 8 
            Map Operator Tree:
                TableScan
                  alias: i2
                  filterExpr: i_item_sk is not null (type: boolean)
                  Statistics: Num rows: 462000 Data size: 51282000 Basic stats: COMPLETE Column stats: COMPLETE
                  Filter Operator
                    predicate: i_item_sk is not null (type: boolean)
                    Statistics: Num rows: 462000 Data size: 51282000 Basic stats: COMPLETE Column stats: COMPLETE
                    Select Operator
<<<<<<< HEAD
                      expressions: i_item_sk (type: int), i_product_name (type: string)
                      outputColumnNames: _col0, _col1
                      Statistics: Num rows: 462000 Data size: 51282000 Basic stats: COMPLETE Column stats: COMPLETE
                      Map Join Operator
                        condition map:
                             Inner Join 0 to 1
                        keys:
                          0 _col0 (type: int)
                          1 _col0 (type: int)
                        outputColumnNames: _col1, _col3
                        input vertices:
                          1 Reducer 11
                        Statistics: Num rows: 6951 Data size: 771561 Basic stats: COMPLETE Column stats: COMPLETE
                        Spark HashTable Sink Operator
                          keys:
                            0 _col3 (type: int)
                            1 _col3 (type: int)
            Execution mode: vectorized
            Local Work:
              Map Reduce Local Work
        Reducer 4 
=======
                      expressions: ss_net_profit (type: decimal(7,2))
                      outputColumnNames: _col1
                      Statistics: Num rows: 143998908 Data size: 12703625455 Basic stats: COMPLETE Column stats: NONE
                      Group By Operator
                        aggregations: sum(_col1), count(_col1)
                        keys: true (type: boolean)
                        mode: hash
                        outputColumnNames: _col0, _col1, _col2
                        Statistics: Num rows: 143998908 Data size: 12703625455 Basic stats: COMPLETE Column stats: NONE
                        Reduce Output Operator
                          key expressions: _col0 (type: boolean)
                          sort order: +
                          Map-reduce partition columns: _col0 (type: boolean)
                          Statistics: Num rows: 143998908 Data size: 12703625455 Basic stats: COMPLETE Column stats: NONE
                          value expressions: _col1 (type: decimal(17,2)), _col2 (type: bigint)
            Execution mode: vectorized
        Reducer 10 
            Execution mode: vectorized
            Reduce Operator Tree:
              Group By Operator
                aggregations: sum(VALUE._col0), count(VALUE._col1)
                keys: KEY._col0 (type: boolean)
                mode: mergepartial
                outputColumnNames: _col0, _col1, _col2
                Statistics: Num rows: 71999454 Data size: 6351812727 Basic stats: COMPLETE Column stats: NONE
                Select Operator
                  expressions: (_col1 / _col2) (type: decimal(37,22))
                  outputColumnNames: _col0
                  Statistics: Num rows: 71999454 Data size: 6351812727 Basic stats: COMPLETE Column stats: NONE
                  Reduce Output Operator
                    sort order: 
                    Statistics: Num rows: 71999454 Data size: 6351812727 Basic stats: COMPLETE Column stats: NONE
                    value expressions: _col0 (type: decimal(37,22))
        Reducer 12 
            Reduce Operator Tree:
              Join Operator
                condition map:
                     Inner Join 0 to 1
                keys:
                  0 _col0 (type: int)
                  1 _col0 (type: int)
                outputColumnNames: _col1, _col3
                Statistics: Num rows: 1267180808338276 Data size: 224849298143006048 Basic stats: COMPLETE Column stats: NONE
                Reduce Output Operator
                  key expressions: _col3 (type: int)
                  sort order: +
                  Map-reduce partition columns: _col3 (type: int)
                  Statistics: Num rows: 1267180808338276 Data size: 224849298143006048 Basic stats: COMPLETE Column stats: NONE
                  value expressions: _col1 (type: string)
        Reducer 14 
>>>>>>> asf/master
            Execution mode: vectorized
            Local Work:
              Map Reduce Local Work
            Reduce Operator Tree:
              Group By Operator
                aggregations: sum(VALUE._col0), count(VALUE._col1)
                keys: KEY._col0 (type: int)
                mode: mergepartial
                outputColumnNames: _col0, _col1, _col2
                Statistics: Num rows: 62562 Data size: 7757688 Basic stats: COMPLETE Column stats: COMPLETE
                Select Operator
                  expressions: _col0 (type: int), (_col1 / _col2) (type: decimal(37,22))
                  outputColumnNames: _col0, _col1
                  Statistics: Num rows: 62562 Data size: 7257192 Basic stats: COMPLETE Column stats: COMPLETE
                  Map Join Operator
                    condition map:
                         Inner Join 0 to 1
                    keys:
                      0 
                      1 
                    outputColumnNames: _col0, _col1, _col2
                    input vertices:
                      1 Reducer 7
                    Statistics: Num rows: 62562 Data size: 14264136 Basic stats: COMPLETE Column stats: COMPLETE
                    Filter Operator
                      predicate: (_col1 > (0.9 * _col2)) (type: boolean)
                      Statistics: Num rows: 20854 Data size: 4754712 Basic stats: COMPLETE Column stats: COMPLETE
                      Reduce Output Operator
                        key expressions: 0 (type: int), _col1 (type: decimal(37,22))
                        sort order: ++
                        Map-reduce partition columns: 0 (type: int)
                        Statistics: Num rows: 20854 Data size: 4754712 Basic stats: COMPLETE Column stats: COMPLETE
                        TopN Hash Memory Usage: 0.1
                        value expressions: _col0 (type: int)
        Reducer 5 
            Execution mode: vectorized
            Local Work:
              Map Reduce Local Work
            Reduce Operator Tree:
              Select Operator
                expressions: VALUE._col0 (type: int), KEY.reducesinkkey1 (type: decimal(37,22))
                outputColumnNames: _col0, _col1
                Statistics: Num rows: 20854 Data size: 2419064 Basic stats: COMPLETE Column stats: COMPLETE
                PTF Operator
                  Function definitions:
                      Input definition
                        input alias: ptf_0
                        output shape: _col0: int, _col1: decimal(37,22)
                        type: WINDOWING
                      Windowing table definition
                        input alias: ptf_1
                        name: windowingtablefunction
                        order by: _col1 ASC NULLS FIRST
                        partition by: 0
                        raw input shape:
                        window functions:
                            window function definition
                              alias: rank_window_0
                              arguments: _col1
                              name: rank
                              window function: GenericUDAFRankEvaluator
                              window frame: ROWS PRECEDING(MAX)~FOLLOWING(MAX)
                              isPivotResult: true
                  Statistics: Num rows: 20854 Data size: 2419064 Basic stats: COMPLETE Column stats: COMPLETE
                  Filter Operator
                    predicate: ((rank_window_0 < 11) and _col0 is not null) (type: boolean)
                    Statistics: Num rows: 6951 Data size: 806316 Basic stats: COMPLETE Column stats: COMPLETE
                    Select Operator
                      expressions: _col0 (type: int), rank_window_0 (type: int)
                      outputColumnNames: _col0, _col1
                      Statistics: Num rows: 6951 Data size: 55608 Basic stats: COMPLETE Column stats: COMPLETE
                      Spark HashTable Sink Operator
                        keys:
                          0 _col0 (type: int)
                          1 _col0 (type: int)

  Stage: Stage-1
    Spark
      Edges:
        Reducer 2 <- Map 1 (SORT, 1)
#### A masked pattern was here ####
      Vertices:
        Map 1 
            Map Operator Tree:
                TableScan
                  alias: i1
                  filterExpr: i_item_sk is not null (type: boolean)
                  Statistics: Num rows: 462000 Data size: 51282000 Basic stats: COMPLETE Column stats: COMPLETE
                  Filter Operator
                    predicate: i_item_sk is not null (type: boolean)
                    Statistics: Num rows: 462000 Data size: 51282000 Basic stats: COMPLETE Column stats: COMPLETE
                    Select Operator
                      expressions: i_item_sk (type: int), i_product_name (type: string)
                      outputColumnNames: _col0, _col1
                      Statistics: Num rows: 462000 Data size: 51282000 Basic stats: COMPLETE Column stats: COMPLETE
                      Map Join Operator
                        condition map:
                             Inner Join 0 to 1
                        keys:
                          0 _col0 (type: int)
                          1 _col0 (type: int)
                        outputColumnNames: _col1, _col3
                        input vertices:
                          1 Reducer 5
                        Statistics: Num rows: 6951 Data size: 771561 Basic stats: COMPLETE Column stats: COMPLETE
                        Map Join Operator
                          condition map:
                               Inner Join 0 to 1
                          keys:
                            0 _col3 (type: int)
                            1 _col3 (type: int)
                          outputColumnNames: _col1, _col3, _col5
                          input vertices:
                            1 Map 8
                          Statistics: Num rows: 6951 Data size: 1515318 Basic stats: COMPLETE Column stats: COMPLETE
                          Select Operator
                            expressions: _col3 (type: int), _col1 (type: string), _col5 (type: string)
                            outputColumnNames: _col0, _col1, _col2
                            Statistics: Num rows: 6951 Data size: 1515318 Basic stats: COMPLETE Column stats: COMPLETE
                            Reduce Output Operator
                              key expressions: _col0 (type: int)
                              sort order: +
                              Statistics: Num rows: 6951 Data size: 1515318 Basic stats: COMPLETE Column stats: COMPLETE
                              TopN Hash Memory Usage: 0.1
                              value expressions: _col1 (type: string), _col2 (type: string)
            Execution mode: vectorized
<<<<<<< HEAD
            Local Work:
              Map Reduce Local Work
=======
            Reduce Operator Tree:
              Group By Operator
                aggregations: sum(VALUE._col0), count(VALUE._col1)
                keys: KEY._col0 (type: boolean)
                mode: mergepartial
                outputColumnNames: _col0, _col1, _col2
                Statistics: Num rows: 71999454 Data size: 6351812727 Basic stats: COMPLETE Column stats: NONE
                Select Operator
                  expressions: (_col1 / _col2) (type: decimal(37,22))
                  outputColumnNames: _col0
                  Statistics: Num rows: 71999454 Data size: 6351812727 Basic stats: COMPLETE Column stats: NONE
                  Reduce Output Operator
                    sort order: 
                    Statistics: Num rows: 71999454 Data size: 6351812727 Basic stats: COMPLETE Column stats: NONE
                    value expressions: _col0 (type: decimal(37,22))
>>>>>>> asf/master
        Reducer 2 
            Execution mode: vectorized
            Reduce Operator Tree:
              Select Operator
                expressions: KEY.reducesinkkey0 (type: int), VALUE._col0 (type: string), VALUE._col1 (type: string)
                outputColumnNames: _col0, _col1, _col2
                Statistics: Num rows: 6951 Data size: 1515318 Basic stats: COMPLETE Column stats: COMPLETE
                Limit
                  Number of rows: 100
                  Statistics: Num rows: 100 Data size: 21800 Basic stats: COMPLETE Column stats: COMPLETE
                  File Output Operator
                    compressed: false
                    Statistics: Num rows: 100 Data size: 21800 Basic stats: COMPLETE Column stats: COMPLETE
                    table:
                        input format: org.apache.hadoop.mapred.SequenceFileInputFormat
                        output format: org.apache.hadoop.hive.ql.io.HiveSequenceFileOutputFormat
                        serde: org.apache.hadoop.hive.serde2.lazy.LazySimpleSerDe

  Stage: Stage-5
    Spark
      Edges:
        Reducer 13 <- Map 12 (GROUP, 2)
#### A masked pattern was here ####
      Vertices:
        Map 12 
            Map Operator Tree:
                TableScan
                  alias: store_sales
                  filterExpr: ((ss_store_sk = 410) and ss_hdemo_sk is null) (type: boolean)
                  Statistics: Num rows: 575995635 Data size: 66010018768 Basic stats: COMPLETE Column stats: COMPLETE
                  Filter Operator
                    predicate: ((ss_store_sk = 410) and ss_hdemo_sk is null) (type: boolean)
                    Statistics: Num rows: 287946 Data size: 32999156 Basic stats: COMPLETE Column stats: COMPLETE
                    Select Operator
                      expressions: ss_net_profit (type: decimal(7,2))
                      outputColumnNames: _col1
                      Statistics: Num rows: 287946 Data size: 32999156 Basic stats: COMPLETE Column stats: COMPLETE
                      Group By Operator
                        aggregations: sum(_col1), count(_col1)
                        keys: 410 (type: int)
                        mode: hash
                        outputColumnNames: _col0, _col1, _col2
                        Statistics: Num rows: 258 Data size: 31992 Basic stats: COMPLETE Column stats: COMPLETE
                        Reduce Output Operator
                          key expressions: _col0 (type: int)
                          sort order: +
                          Map-reduce partition columns: _col0 (type: int)
                          Statistics: Num rows: 258 Data size: 31992 Basic stats: COMPLETE Column stats: COMPLETE
                          value expressions: _col1 (type: decimal(17,2)), _col2 (type: bigint)
            Execution mode: vectorized
        Reducer 13 
            Execution mode: vectorized
            Local Work:
              Map Reduce Local Work
            Reduce Operator Tree:
              Group By Operator
                aggregations: sum(VALUE._col0), count(VALUE._col1)
                keys: KEY._col0 (type: int)
                mode: mergepartial
                outputColumnNames: _col0, _col1, _col2
                Statistics: Num rows: 1 Data size: 124 Basic stats: COMPLETE Column stats: COMPLETE
                Select Operator
                  expressions: (_col1 / _col2) (type: decimal(37,22))
                  outputColumnNames: _col0
                  Statistics: Num rows: 1 Data size: 112 Basic stats: COMPLETE Column stats: COMPLETE
                  Spark HashTable Sink Operator
                    keys:
                      0 
                      1 

  Stage: Stage-4
    Spark
      Edges:
        Reducer 10 <- Map 9 (GROUP, 4)
        Reducer 11 <- Reducer 10 (PARTITION-LEVEL SORT, 2)
#### A masked pattern was here ####
      Vertices:
        Map 9 
            Map Operator Tree:
                TableScan
                  alias: ss1
                  filterExpr: (ss_store_sk = 410) (type: boolean)
                  Statistics: Num rows: 575995635 Data size: 66113679180 Basic stats: COMPLETE Column stats: COMPLETE
                  Filter Operator
                    predicate: (ss_store_sk = 410) (type: boolean)
                    Statistics: Num rows: 6399952 Data size: 734596648 Basic stats: COMPLETE Column stats: COMPLETE
                    Select Operator
                      expressions: ss_item_sk (type: int), ss_net_profit (type: decimal(7,2))
                      outputColumnNames: ss_item_sk, ss_net_profit
                      Statistics: Num rows: 6399952 Data size: 734596648 Basic stats: COMPLETE Column stats: COMPLETE
                      Group By Operator
                        aggregations: sum(ss_net_profit), count(ss_net_profit)
                        keys: ss_item_sk (type: int)
                        mode: hash
                        outputColumnNames: _col0, _col1, _col2
                        Statistics: Num rows: 3199976 Data size: 396797024 Basic stats: COMPLETE Column stats: COMPLETE
                        Reduce Output Operator
                          key expressions: _col0 (type: int)
                          sort order: +
                          Map-reduce partition columns: _col0 (type: int)
                          Statistics: Num rows: 3199976 Data size: 396797024 Basic stats: COMPLETE Column stats: COMPLETE
                          value expressions: _col1 (type: decimal(17,2)), _col2 (type: bigint)
            Execution mode: vectorized
        Reducer 10 
            Execution mode: vectorized
            Local Work:
              Map Reduce Local Work
            Reduce Operator Tree:
              Group By Operator
                aggregations: sum(VALUE._col0), count(VALUE._col1)
                keys: KEY._col0 (type: int)
                mode: mergepartial
                outputColumnNames: _col0, _col1, _col2
                Statistics: Num rows: 62562 Data size: 7757688 Basic stats: COMPLETE Column stats: COMPLETE
                Select Operator
                  expressions: _col0 (type: int), (_col1 / _col2) (type: decimal(37,22))
                  outputColumnNames: _col0, _col1
                  Statistics: Num rows: 62562 Data size: 7257192 Basic stats: COMPLETE Column stats: COMPLETE
                  Map Join Operator
                    condition map:
                         Inner Join 0 to 1
                    keys:
                      0 
                      1 
                    outputColumnNames: _col0, _col1, _col2
                    input vertices:
                      1 Reducer 13
                    Statistics: Num rows: 62562 Data size: 14264136 Basic stats: COMPLETE Column stats: COMPLETE
                    Filter Operator
                      predicate: (_col1 > (0.9 * _col2)) (type: boolean)
                      Statistics: Num rows: 20854 Data size: 4754712 Basic stats: COMPLETE Column stats: COMPLETE
                      Reduce Output Operator
                        key expressions: 0 (type: int), _col1 (type: decimal(37,22))
                        sort order: +-
                        Map-reduce partition columns: 0 (type: int)
                        Statistics: Num rows: 20854 Data size: 4754712 Basic stats: COMPLETE Column stats: COMPLETE
                        TopN Hash Memory Usage: 0.1
                        value expressions: _col0 (type: int)
        Reducer 11 
            Execution mode: vectorized
            Local Work:
              Map Reduce Local Work
            Reduce Operator Tree:
              Select Operator
                expressions: VALUE._col0 (type: int), KEY.reducesinkkey1 (type: decimal(37,22))
                outputColumnNames: _col0, _col1
                Statistics: Num rows: 20854 Data size: 2419064 Basic stats: COMPLETE Column stats: COMPLETE
                PTF Operator
                  Function definitions:
                      Input definition
                        input alias: ptf_0
                        output shape: _col0: int, _col1: decimal(37,22)
                        type: WINDOWING
                      Windowing table definition
                        input alias: ptf_1
                        name: windowingtablefunction
                        order by: _col1 DESC NULLS LAST
                        partition by: 0
                        raw input shape:
                        window functions:
                            window function definition
                              alias: rank_window_0
                              arguments: _col1
                              name: rank
                              window function: GenericUDAFRankEvaluator
                              window frame: ROWS PRECEDING(MAX)~FOLLOWING(MAX)
                              isPivotResult: true
                  Statistics: Num rows: 20854 Data size: 2419064 Basic stats: COMPLETE Column stats: COMPLETE
                  Filter Operator
                    predicate: ((rank_window_0 < 11) and _col0 is not null) (type: boolean)
                    Statistics: Num rows: 6951 Data size: 806316 Basic stats: COMPLETE Column stats: COMPLETE
                    Select Operator
                      expressions: _col0 (type: int), rank_window_0 (type: int)
                      outputColumnNames: _col0, _col1
                      Statistics: Num rows: 6951 Data size: 55608 Basic stats: COMPLETE Column stats: COMPLETE
                      Spark HashTable Sink Operator
                        keys:
                          0 _col0 (type: int)
                          1 _col0 (type: int)

  Stage: Stage-0
    Fetch Operator
      limit: 100
      Processor Tree:
        ListSink

