PREHOOK: query: explain
select  
        cc_call_center_id Call_Center,
        cc_name Call_Center_Name,
        cc_manager Manager,
        sum(cr_net_loss) Returns_Loss
from
        call_center,
        catalog_returns,
        date_dim,
        customer,
        customer_address,
        customer_demographics,
        household_demographics
where
        cr_call_center_sk       = cc_call_center_sk
and     cr_returned_date_sk     = d_date_sk
and     cr_returning_customer_sk= c_customer_sk
and     cd_demo_sk              = c_current_cdemo_sk
and     hd_demo_sk              = c_current_hdemo_sk
and     ca_address_sk           = c_current_addr_sk
and     d_year                  = 1999 
and     d_moy                   = 11
and     ( (cd_marital_status       = 'M' and cd_education_status     = 'Unknown')
        or(cd_marital_status       = 'W' and cd_education_status     = 'Advanced Degree'))
and     hd_buy_potential like '0-500%'
and     ca_gmt_offset           = -7
group by cc_call_center_id,cc_name,cc_manager,cd_marital_status,cd_education_status
order by sum(cr_net_loss) desc
PREHOOK: type: QUERY
POSTHOOK: query: explain
select  
        cc_call_center_id Call_Center,
        cc_name Call_Center_Name,
        cc_manager Manager,
        sum(cr_net_loss) Returns_Loss
from
        call_center,
        catalog_returns,
        date_dim,
        customer,
        customer_address,
        customer_demographics,
        household_demographics
where
        cr_call_center_sk       = cc_call_center_sk
and     cr_returned_date_sk     = d_date_sk
and     cr_returning_customer_sk= c_customer_sk
and     cd_demo_sk              = c_current_cdemo_sk
and     hd_demo_sk              = c_current_hdemo_sk
and     ca_address_sk           = c_current_addr_sk
and     d_year                  = 1999 
and     d_moy                   = 11
and     ( (cd_marital_status       = 'M' and cd_education_status     = 'Unknown')
        or(cd_marital_status       = 'W' and cd_education_status     = 'Advanced Degree'))
and     hd_buy_potential like '0-500%'
and     ca_gmt_offset           = -7
group by cc_call_center_id,cc_name,cc_manager,cd_marital_status,cd_education_status
order by sum(cr_net_loss) desc
POSTHOOK: type: QUERY
STAGE DEPENDENCIES:
  Stage-2 is a root stage
  Stage-3 depends on stages: Stage-2
  Stage-1 depends on stages: Stage-3
  Stage-0 depends on stages: Stage-1

STAGE PLANS:
  Stage: Stage-2
    Spark
      Edges:
        Reducer 19 <- Map 18 (GROUP, 2)
#### A masked pattern was here ####
      Vertices:
        Map 18 
            Map Operator Tree:
                TableScan
                  alias: household_demographics
                  filterExpr: ((hd_buy_potential like '0-500%') and hd_demo_sk is not null) (type: boolean)
                  Statistics: Num rows: 7200 Data size: 770400 Basic stats: COMPLETE Column stats: NONE
                  Filter Operator
                    predicate: ((hd_buy_potential like '0-500%') and hd_demo_sk is not null) (type: boolean)
                    Statistics: Num rows: 3600 Data size: 385200 Basic stats: COMPLETE Column stats: NONE
                    Select Operator
                      expressions: hd_demo_sk (type: int)
                      outputColumnNames: _col0
                      Statistics: Num rows: 3600 Data size: 385200 Basic stats: COMPLETE Column stats: NONE
                      Group By Operator
                        aggregations: count()
                        keys: _col0 (type: int)
                        mode: hash
                        outputColumnNames: _col0, _col1
                        Statistics: Num rows: 3600 Data size: 385200 Basic stats: COMPLETE Column stats: NONE
                        Reduce Output Operator
                          key expressions: _col0 (type: int)
                          sort order: +
                          Map-reduce partition columns: _col0 (type: int)
                          Statistics: Num rows: 3600 Data size: 385200 Basic stats: COMPLETE Column stats: NONE
                          value expressions: _col1 (type: bigint)
            Execution mode: vectorized
        Reducer 19 
            Execution mode: vectorized
            Local Work:
              Map Reduce Local Work
            Reduce Operator Tree:
              Group By Operator
                aggregations: count(VALUE._col0)
                keys: KEY._col0 (type: int)
                mode: mergepartial
                outputColumnNames: _col0, _col1
                Statistics: Num rows: 1800 Data size: 192600 Basic stats: COMPLETE Column stats: NONE
                Spark HashTable Sink Operator
                  keys:
                    0 _col0 (type: int)
                    1 _col0 (type: int)

  Stage: Stage-3
    Spark
      Edges:
        Reducer 17 <- Map 16 (GROUP, 2)
#### A masked pattern was here ####
      Vertices:
        Map 16 
            Map Operator Tree:
                TableScan
                  alias: call_center
                  filterExpr: cc_call_center_sk is not null (type: boolean)
                  Statistics: Num rows: 60 Data size: 122700 Basic stats: COMPLETE Column stats: NONE
                  Filter Operator
                    predicate: cc_call_center_sk is not null (type: boolean)
                    Statistics: Num rows: 60 Data size: 122700 Basic stats: COMPLETE Column stats: NONE
                    Select Operator
                      expressions: cc_call_center_sk (type: int), cc_call_center_id (type: string), cc_name (type: string), cc_manager (type: string)
                      outputColumnNames: _col0, _col1, _col2, _col3
                      Statistics: Num rows: 60 Data size: 122700 Basic stats: COMPLETE Column stats: NONE
                      Group By Operator
                        aggregations: count()
                        keys: _col0 (type: int), _col1 (type: string), _col2 (type: string), _col3 (type: string)
                        mode: hash
                        outputColumnNames: _col0, _col1, _col2, _col3, _col4
                        Statistics: Num rows: 60 Data size: 122700 Basic stats: COMPLETE Column stats: NONE
                        Reduce Output Operator
                          key expressions: _col0 (type: int), _col1 (type: string), _col2 (type: string), _col3 (type: string)
                          sort order: ++++
                          Map-reduce partition columns: _col0 (type: int), _col1 (type: string), _col2 (type: string), _col3 (type: string)
                          Statistics: Num rows: 60 Data size: 122700 Basic stats: COMPLETE Column stats: NONE
                          value expressions: _col4 (type: bigint)
            Execution mode: vectorized
        Reducer 17 
            Execution mode: vectorized
            Local Work:
              Map Reduce Local Work
            Reduce Operator Tree:
              Group By Operator
                aggregations: count(VALUE._col0)
                keys: KEY._col0 (type: int), KEY._col1 (type: string), KEY._col2 (type: string), KEY._col3 (type: string)
                mode: mergepartial
                outputColumnNames: _col0, _col1, _col2, _col3, _col4
                Statistics: Num rows: 30 Data size: 61350 Basic stats: COMPLETE Column stats: NONE
                Spark HashTable Sink Operator
                  keys:
                    0 _col1 (type: int)
                    1 _col0 (type: int)

  Stage: Stage-1
    Spark
      Edges:
        Reducer 12 <- Map 11 (PARTITION-LEVEL SORT, 25), Map 15 (PARTITION-LEVEL SORT, 25)
        Reducer 13 <- Reducer 12 (GROUP, 27)
        Reducer 14 <- Reducer 13 (GROUP, 15)
        Reducer 2 <- Map 1 (PARTITION-LEVEL SORT, 541), Map 9 (PARTITION-LEVEL SORT, 541)
        Reducer 3 <- Map 10 (PARTITION-LEVEL SORT, 750), Reducer 2 (PARTITION-LEVEL SORT, 750)
        Reducer 4 <- Reducer 3 (GROUP, 651)
        Reducer 5 <- Reducer 14 (PARTITION-LEVEL SORT, 333), Reducer 4 (PARTITION-LEVEL SORT, 333)
        Reducer 6 <- Reducer 5 (GROUP, 358)
        Reducer 7 <- Reducer 6 (GROUP, 197)
        Reducer 8 <- Reducer 7 (SORT, 1)
#### A masked pattern was here ####
      Vertices:
        Map 1 
            Map Operator Tree:
                TableScan
                  alias: customer
                  filterExpr: (c_customer_sk is not null and c_current_addr_sk is not null and c_current_cdemo_sk is not null and c_current_hdemo_sk is not null) (type: boolean)
                  Statistics: Num rows: 80000000 Data size: 68801615852 Basic stats: COMPLETE Column stats: NONE
                  Filter Operator
                    predicate: (c_current_addr_sk is not null and c_current_cdemo_sk is not null and c_current_hdemo_sk is not null and c_customer_sk is not null) (type: boolean)
                    Statistics: Num rows: 80000000 Data size: 68801615852 Basic stats: COMPLETE Column stats: NONE
                    Select Operator
                      expressions: c_customer_sk (type: int), c_current_cdemo_sk (type: int), c_current_hdemo_sk (type: int), c_current_addr_sk (type: int)
                      outputColumnNames: _col0, _col1, _col2, _col3
                      Statistics: Num rows: 80000000 Data size: 68801615852 Basic stats: COMPLETE Column stats: NONE
                      Reduce Output Operator
                        key expressions: _col1 (type: int)
                        sort order: +
                        Map-reduce partition columns: _col1 (type: int)
                        Statistics: Num rows: 80000000 Data size: 68801615852 Basic stats: COMPLETE Column stats: NONE
                        value expressions: _col0 (type: int), _col2 (type: int), _col3 (type: int)
            Execution mode: vectorized
        Map 10 
            Map Operator Tree:
                TableScan
                  alias: customer_address
                  filterExpr: ((ca_gmt_offset = -7) and ca_address_sk is not null) (type: boolean)
                  Statistics: Num rows: 40000000 Data size: 40595195284 Basic stats: COMPLETE Column stats: NONE
                  Filter Operator
                    predicate: ((ca_gmt_offset = -7) and ca_address_sk is not null) (type: boolean)
                    Statistics: Num rows: 20000000 Data size: 20297597642 Basic stats: COMPLETE Column stats: NONE
                    Select Operator
                      expressions: ca_address_sk (type: int)
                      outputColumnNames: _col0
                      Statistics: Num rows: 20000000 Data size: 20297597642 Basic stats: COMPLETE Column stats: NONE
                      Reduce Output Operator
                        key expressions: _col0 (type: int)
                        sort order: +
                        Map-reduce partition columns: _col0 (type: int)
                        Statistics: Num rows: 20000000 Data size: 20297597642 Basic stats: COMPLETE Column stats: NONE
            Execution mode: vectorized
        Map 11 
            Map Operator Tree:
                TableScan
                  alias: catalog_returns
                  filterExpr: (cr_call_center_sk is not null and cr_returned_date_sk is not null and cr_returning_customer_sk is not null) (type: boolean)
                  Statistics: Num rows: 28798881 Data size: 3057234680 Basic stats: COMPLETE Column stats: NONE
                  Filter Operator
                    predicate: (cr_call_center_sk is not null and cr_returned_date_sk is not null and cr_returning_customer_sk is not null) (type: boolean)
                    Statistics: Num rows: 28798881 Data size: 3057234680 Basic stats: COMPLETE Column stats: NONE
                    Select Operator
                      expressions: cr_returned_date_sk (type: int), cr_returning_customer_sk (type: int), cr_call_center_sk (type: int), cr_net_loss (type: decimal(7,2))
                      outputColumnNames: _col0, _col1, _col2, _col3
                      Statistics: Num rows: 28798881 Data size: 3057234680 Basic stats: COMPLETE Column stats: NONE
                      Reduce Output Operator
                        key expressions: _col0 (type: int)
                        sort order: +
                        Map-reduce partition columns: _col0 (type: int)
                        Statistics: Num rows: 28798881 Data size: 3057234680 Basic stats: COMPLETE Column stats: NONE
                        value expressions: _col1 (type: int), _col2 (type: int), _col3 (type: decimal(7,2))
            Execution mode: vectorized
        Map 15 
            Map Operator Tree:
                TableScan
                  alias: date_dim
                  filterExpr: ((d_year = 1999) and (d_moy = 11) and d_date_sk is not null) (type: boolean)
                  Statistics: Num rows: 73049 Data size: 81741831 Basic stats: COMPLETE Column stats: NONE
                  Filter Operator
                    predicate: ((d_moy = 11) and (d_year = 1999) and d_date_sk is not null) (type: boolean)
                    Statistics: Num rows: 18262 Data size: 20435178 Basic stats: COMPLETE Column stats: NONE
                    Select Operator
                      expressions: d_date_sk (type: int)
                      outputColumnNames: _col0
                      Statistics: Num rows: 18262 Data size: 20435178 Basic stats: COMPLETE Column stats: NONE
                      Reduce Output Operator
                        key expressions: _col0 (type: int)
                        sort order: +
                        Map-reduce partition columns: _col0 (type: int)
                        Statistics: Num rows: 18262 Data size: 20435178 Basic stats: COMPLETE Column stats: NONE
            Execution mode: vectorized
        Map 9 
            Map Operator Tree:
                TableScan
                  alias: customer_demographics
                  filterExpr: ((cd_education_status) IN ('Unknown', 'Advanced Degree') and (cd_marital_status) IN ('M', 'W') and (struct(cd_marital_status,cd_education_status)) IN (const struct('M','Unknown'), const struct('W','Advanced Degree')) and cd_demo_sk is not null) (type: boolean)
                  Statistics: Num rows: 1861800 Data size: 717186159 Basic stats: COMPLETE Column stats: NONE
                  Filter Operator
                    predicate: ((cd_education_status) IN ('Unknown', 'Advanced Degree') and (cd_marital_status) IN ('M', 'W') and (struct(cd_marital_status,cd_education_status)) IN (const struct('M','Unknown'), const struct('W','Advanced Degree')) and cd_demo_sk is not null) (type: boolean)
                    Statistics: Num rows: 930900 Data size: 358593079 Basic stats: COMPLETE Column stats: NONE
                    Select Operator
                      expressions: cd_demo_sk (type: int), cd_marital_status (type: string), cd_education_status (type: string)
                      outputColumnNames: _col0, _col1, _col2
                      Statistics: Num rows: 930900 Data size: 358593079 Basic stats: COMPLETE Column stats: NONE
                      Reduce Output Operator
                        key expressions: _col0 (type: int)
                        sort order: +
                        Map-reduce partition columns: _col0 (type: int)
                        Statistics: Num rows: 930900 Data size: 358593079 Basic stats: COMPLETE Column stats: NONE
                        value expressions: _col1 (type: string), _col2 (type: string)
            Execution mode: vectorized
        Reducer 12 
            Reduce Operator Tree:
              Join Operator
                condition map:
                     Inner Join 0 to 1
                keys:
                  0 _col0 (type: int)
                  1 _col0 (type: int)
                outputColumnNames: _col1, _col2, _col3
                Statistics: Num rows: 31678769 Data size: 3362958220 Basic stats: COMPLETE Column stats: NONE
                Group By Operator
                  aggregations: sum(_col3)
                  keys: _col2 (type: int), _col1 (type: int)
                  mode: hash
                  outputColumnNames: _col0, _col1, _col2
                  Statistics: Num rows: 31678769 Data size: 3362958220 Basic stats: COMPLETE Column stats: NONE
                  Reduce Output Operator
                    key expressions: _col0 (type: int), _col1 (type: int)
                    sort order: ++
                    Map-reduce partition columns: _col0 (type: int), _col1 (type: int)
                    Statistics: Num rows: 31678769 Data size: 3362958220 Basic stats: COMPLETE Column stats: NONE
                    value expressions: _col2 (type: decimal(17,2))
        Reducer 13 
            Execution mode: vectorized
            Local Work:
              Map Reduce Local Work
            Reduce Operator Tree:
              Group By Operator
                aggregations: sum(VALUE._col0)
                keys: KEY._col0 (type: int), KEY._col1 (type: int)
                mode: mergepartial
                outputColumnNames: _col0, _col1, _col2
                Statistics: Num rows: 15839384 Data size: 1681479056 Basic stats: COMPLETE Column stats: NONE
                Select Operator
                  expressions: _col1 (type: int), _col0 (type: int), _col2 (type: decimal(17,2))
                  outputColumnNames: _col0, _col1, _col2
                  Statistics: Num rows: 15839384 Data size: 1681479056 Basic stats: COMPLETE Column stats: NONE
                  Map Join Operator
                    condition map:
                         Inner Join 0 to 1
                    keys:
                      0 _col1 (type: int)
                      1 _col0 (type: int)
                    outputColumnNames: _col0, _col2, _col4, _col5, _col6, _col7
                    input vertices:
                      1 Reducer 17
                    Statistics: Num rows: 17423322 Data size: 1849627001 Basic stats: COMPLETE Column stats: NONE
                    Select Operator
                      expressions: _col0 (type: int), _col4 (type: string), _col5 (type: string), _col6 (type: string), CAST( (_col2 * _col7) AS decimal(17,2)) (type: decimal(17,2))
                      outputColumnNames: _col0, _col4, _col5, _col6, _col8
                      Statistics: Num rows: 17423322 Data size: 1849627001 Basic stats: COMPLETE Column stats: NONE
                      Group By Operator
                        aggregations: sum(_col8)
                        keys: _col0 (type: int), _col4 (type: string), _col5 (type: string), _col6 (type: string)
                        mode: hash
                        outputColumnNames: _col0, _col1, _col2, _col3, _col4
                        Statistics: Num rows: 17423322 Data size: 1849627001 Basic stats: COMPLETE Column stats: NONE
                        Reduce Output Operator
                          key expressions: _col0 (type: int), _col1 (type: string), _col2 (type: string), _col3 (type: string)
                          sort order: ++++
                          Map-reduce partition columns: _col0 (type: int), _col1 (type: string), _col2 (type: string), _col3 (type: string)
                          Statistics: Num rows: 17423322 Data size: 1849627001 Basic stats: COMPLETE Column stats: NONE
                          value expressions: _col4 (type: decimal(27,2))
        Reducer 14 
            Execution mode: vectorized
            Reduce Operator Tree:
              Group By Operator
                aggregations: sum(VALUE._col0)
                keys: KEY._col0 (type: int), KEY._col1 (type: string), KEY._col2 (type: string), KEY._col3 (type: string)
                mode: mergepartial
                outputColumnNames: _col0, _col1, _col2, _col3, _col4
                Statistics: Num rows: 8711661 Data size: 924813500 Basic stats: COMPLETE Column stats: NONE
                Reduce Output Operator
                  key expressions: _col0 (type: int)
                  sort order: +
                  Map-reduce partition columns: _col0 (type: int)
                  Statistics: Num rows: 8711661 Data size: 924813500 Basic stats: COMPLETE Column stats: NONE
                  value expressions: _col1 (type: string), _col2 (type: string), _col3 (type: string), _col4 (type: decimal(27,2))
        Reducer 2 
            Reduce Operator Tree:
              Join Operator
                condition map:
                     Inner Join 0 to 1
                keys:
                  0 _col1 (type: int)
                  1 _col0 (type: int)
                outputColumnNames: _col0, _col2, _col3, _col5, _col6
                Statistics: Num rows: 88000001 Data size: 75681779077 Basic stats: COMPLETE Column stats: NONE
                Reduce Output Operator
                  key expressions: _col3 (type: int)
                  sort order: +
                  Map-reduce partition columns: _col3 (type: int)
                  Statistics: Num rows: 88000001 Data size: 75681779077 Basic stats: COMPLETE Column stats: NONE
                  value expressions: _col0 (type: int), _col2 (type: int), _col5 (type: string), _col6 (type: string)
        Reducer 3 
            Reduce Operator Tree:
              Join Operator
                condition map:
                     Inner Join 0 to 1
                keys:
                  0 _col3 (type: int)
                  1 _col0 (type: int)
                outputColumnNames: _col0, _col2, _col5, _col6
                Statistics: Num rows: 96800003 Data size: 83249958789 Basic stats: COMPLETE Column stats: NONE
                Group By Operator
                  aggregations: count()
                  keys: _col0 (type: int), _col2 (type: int), _col5 (type: string), _col6 (type: string)
                  mode: hash
                  outputColumnNames: _col0, _col1, _col2, _col3, _col4
                  Statistics: Num rows: 96800003 Data size: 83249958789 Basic stats: COMPLETE Column stats: NONE
                  Reduce Output Operator
                    key expressions: _col0 (type: int), _col1 (type: int), _col2 (type: string), _col3 (type: string)
                    sort order: ++++
                    Map-reduce partition columns: _col0 (type: int), _col1 (type: int), _col2 (type: string), _col3 (type: string)
                    Statistics: Num rows: 96800003 Data size: 83249958789 Basic stats: COMPLETE Column stats: NONE
                    value expressions: _col4 (type: bigint)
        Reducer 4 
            Execution mode: vectorized
            Reduce Operator Tree:
              Group By Operator
                aggregations: count(VALUE._col0)
                keys: KEY._col0 (type: int), KEY._col1 (type: int), KEY._col2 (type: string), KEY._col3 (type: string)
                mode: mergepartial
                outputColumnNames: _col0, _col1, _col2, _col3, _col4
                Statistics: Num rows: 48400001 Data size: 41624978964 Basic stats: COMPLETE Column stats: NONE
                Reduce Output Operator
                  key expressions: _col0 (type: int)
                  sort order: +
                  Map-reduce partition columns: _col0 (type: int)
                  Statistics: Num rows: 48400001 Data size: 41624978964 Basic stats: COMPLETE Column stats: NONE
                  value expressions: _col1 (type: int), _col2 (type: string), _col3 (type: string), _col4 (type: bigint)
        Reducer 5 
            Reduce Operator Tree:
              Join Operator
                condition map:
                     Inner Join 0 to 1
                keys:
                  0 _col0 (type: int)
                  1 _col0 (type: int)
                outputColumnNames: _col1, _col2, _col3, _col4, _col6, _col7, _col8, _col9
                Statistics: Num rows: 53240002 Data size: 45787477852 Basic stats: COMPLETE Column stats: NONE
                Select Operator
                  expressions: _col1 (type: int), _col2 (type: string), _col3 (type: string), _col6 (type: string), _col7 (type: string), _col8 (type: string), CAST( (_col4 * _col9) AS decimal(17,2)) (type: decimal(17,2))
                  outputColumnNames: _col1, _col2, _col3, _col6, _col7, _col8, _col10
                  Statistics: Num rows: 53240002 Data size: 45787477852 Basic stats: COMPLETE Column stats: NONE
                  Group By Operator
                    aggregations: sum(_col10)
                    keys: _col1 (type: int), _col2 (type: string), _col3 (type: string), _col6 (type: string), _col7 (type: string), _col8 (type: string)
                    mode: hash
                    outputColumnNames: _col0, _col1, _col2, _col3, _col4, _col5, _col6
                    Statistics: Num rows: 53240002 Data size: 45787477852 Basic stats: COMPLETE Column stats: NONE
                    Reduce Output Operator
                      key expressions: _col0 (type: int), _col1 (type: string), _col2 (type: string), _col3 (type: string), _col4 (type: string), _col5 (type: string)
                      sort order: ++++++
                      Map-reduce partition columns: _col0 (type: int), _col1 (type: string), _col2 (type: string), _col3 (type: string), _col4 (type: string), _col5 (type: string)
                      Statistics: Num rows: 53240002 Data size: 45787477852 Basic stats: COMPLETE Column stats: NONE
                      value expressions: _col6 (type: decimal(27,2))
        Reducer 6 
            Execution mode: vectorized
            Local Work:
              Map Reduce Local Work
            Reduce Operator Tree:
              Group By Operator
                aggregations: sum(VALUE._col0)
                keys: KEY._col0 (type: int), KEY._col1 (type: string), KEY._col2 (type: string), KEY._col3 (type: string), KEY._col4 (type: string), KEY._col5 (type: string)
                mode: mergepartial
                outputColumnNames: _col0, _col1, _col2, _col3, _col4, _col5, _col6
                Statistics: Num rows: 26620001 Data size: 22893738926 Basic stats: COMPLETE Column stats: NONE
                Map Join Operator
                  condition map:
                       Inner Join 0 to 1
                  keys:
                    0 _col0 (type: int)
                    1 _col0 (type: int)
                  outputColumnNames: _col1, _col2, _col3, _col4, _col5, _col6, _col8
                  input vertices:
                    1 Reducer 19
                  Statistics: Num rows: 29282001 Data size: 25183113364 Basic stats: COMPLETE Column stats: NONE
                  Select Operator
                    expressions: _col1 (type: string), _col2 (type: string), _col3 (type: string), _col4 (type: string), _col5 (type: string), CAST( (_col6 * _col8) AS decimal(17,2)) (type: decimal(17,2))
                    outputColumnNames: _col1, _col2, _col3, _col4, _col5, _col9
                    Statistics: Num rows: 29282001 Data size: 25183113364 Basic stats: COMPLETE Column stats: NONE
                    Group By Operator
                      aggregations: sum(_col9)
                      keys: _col1 (type: string), _col2 (type: string), _col3 (type: string), _col4 (type: string), _col5 (type: string)
                      mode: hash
                      outputColumnNames: _col0, _col1, _col2, _col3, _col4, _col5
                      Statistics: Num rows: 29282001 Data size: 25183113364 Basic stats: COMPLETE Column stats: NONE
                      Reduce Output Operator
                        key expressions: _col0 (type: string), _col1 (type: string), _col2 (type: string), _col3 (type: string), _col4 (type: string)
                        sort order: +++++
                        Map-reduce partition columns: _col0 (type: string), _col1 (type: string), _col2 (type: string), _col3 (type: string), _col4 (type: string)
                        Statistics: Num rows: 29282001 Data size: 25183113364 Basic stats: COMPLETE Column stats: NONE
                        value expressions: _col5 (type: decimal(27,2))
        Reducer 7 
            Execution mode: vectorized
            Reduce Operator Tree:
              Group By Operator
                aggregations: sum(VALUE._col0)
                keys: KEY._col0 (type: string), KEY._col1 (type: string), KEY._col2 (type: string), KEY._col3 (type: string), KEY._col4 (type: string)
                mode: mergepartial
                outputColumnNames: _col0, _col1, _col2, _col3, _col4, _col5
                Statistics: Num rows: 14641000 Data size: 12591556251 Basic stats: COMPLETE Column stats: NONE
                Select Operator
                  expressions: _col2 (type: string), _col3 (type: string), _col4 (type: string), _col5 (type: decimal(27,2))
                  outputColumnNames: _col0, _col1, _col2, _col4
                  Statistics: Num rows: 14641000 Data size: 12591556251 Basic stats: COMPLETE Column stats: NONE
                  Reduce Output Operator
                    key expressions: _col4 (type: decimal(27,2))
                    sort order: -
                    Statistics: Num rows: 14641000 Data size: 12591556251 Basic stats: COMPLETE Column stats: NONE
                    value expressions: _col0 (type: string), _col1 (type: string), _col2 (type: string)
        Reducer 8 
            Execution mode: vectorized
            Reduce Operator Tree:
              Select Operator
                expressions: VALUE._col0 (type: string), VALUE._col1 (type: string), VALUE._col2 (type: string), KEY.reducesinkkey0 (type: decimal(27,2))
                outputColumnNames: _col0, _col1, _col2, _col3
                Statistics: Num rows: 14641000 Data size: 12591556251 Basic stats: COMPLETE Column stats: NONE
                File Output Operator
                  compressed: false
                  Statistics: Num rows: 14641000 Data size: 12591556251 Basic stats: COMPLETE Column stats: NONE
                  table:
                      input format: org.apache.hadoop.mapred.SequenceFileInputFormat
                      output format: org.apache.hadoop.hive.ql.io.HiveSequenceFileOutputFormat
                      serde: org.apache.hadoop.hive.serde2.lazy.LazySimpleSerDe

  Stage: Stage-0
    Fetch Operator
      limit: -1
      Processor Tree:
        ListSink

