Warning: Map Join MAPJOIN[367][bigTable=?] in task 'Stage-1:MAPRED' is a cross product
Warning: Map Join MAPJOIN[379][bigTable=?] in task 'Stage-1:MAPRED' is a cross product
PREHOOK: query: explain
with frequent_ss_items as 
 (select substr(i_item_desc,1,30) itemdesc,i_item_sk item_sk,d_date solddate,count(*) cnt
  from store_sales
      ,date_dim 
      ,item
  where ss_sold_date_sk = d_date_sk
    and ss_item_sk = i_item_sk 
    and d_year in (1999,1999+1,1999+2,1999+3)
  group by substr(i_item_desc,1,30),i_item_sk,d_date
  having count(*) >4),
 max_store_sales as
 (select max(csales) tpcds_cmax 
  from (select c_customer_sk,sum(ss_quantity*ss_sales_price) csales
        from store_sales
            ,customer
            ,date_dim 
        where ss_customer_sk = c_customer_sk
         and ss_sold_date_sk = d_date_sk
         and d_year in (1999,1999+1,1999+2,1999+3) 
        group by c_customer_sk) x),
 best_ss_customer as
 (select c_customer_sk,sum(ss_quantity*ss_sales_price) ssales
  from store_sales
      ,customer
  where ss_customer_sk = c_customer_sk
  group by c_customer_sk
  having sum(ss_quantity*ss_sales_price) > (95/100.0) * (select
  *
from
 max_store_sales))
  select  sum(sales)
 from ((select cs_quantity*cs_list_price sales
       from catalog_sales
           ,date_dim 
       where d_year = 1999 
         and d_moy = 1 
         and cs_sold_date_sk = d_date_sk 
         and cs_item_sk in (select item_sk from frequent_ss_items)
         and cs_bill_customer_sk in (select c_customer_sk from best_ss_customer))
      union all
      (select ws_quantity*ws_list_price sales
       from web_sales 
           ,date_dim 
       where d_year = 1999 
         and d_moy = 1 
         and ws_sold_date_sk = d_date_sk 
         and ws_item_sk in (select item_sk from frequent_ss_items)
         and ws_bill_customer_sk in (select c_customer_sk from best_ss_customer))) y
 limit 100
PREHOOK: type: QUERY
POSTHOOK: query: explain
with frequent_ss_items as 
 (select substr(i_item_desc,1,30) itemdesc,i_item_sk item_sk,d_date solddate,count(*) cnt
  from store_sales
      ,date_dim 
      ,item
  where ss_sold_date_sk = d_date_sk
    and ss_item_sk = i_item_sk 
    and d_year in (1999,1999+1,1999+2,1999+3)
  group by substr(i_item_desc,1,30),i_item_sk,d_date
  having count(*) >4),
 max_store_sales as
 (select max(csales) tpcds_cmax 
  from (select c_customer_sk,sum(ss_quantity*ss_sales_price) csales
        from store_sales
            ,customer
            ,date_dim 
        where ss_customer_sk = c_customer_sk
         and ss_sold_date_sk = d_date_sk
         and d_year in (1999,1999+1,1999+2,1999+3) 
        group by c_customer_sk) x),
 best_ss_customer as
 (select c_customer_sk,sum(ss_quantity*ss_sales_price) ssales
  from store_sales
      ,customer
  where ss_customer_sk = c_customer_sk
  group by c_customer_sk
  having sum(ss_quantity*ss_sales_price) > (95/100.0) * (select
  *
from
 max_store_sales))
  select  sum(sales)
 from ((select cs_quantity*cs_list_price sales
       from catalog_sales
           ,date_dim 
       where d_year = 1999 
         and d_moy = 1 
         and cs_sold_date_sk = d_date_sk 
         and cs_item_sk in (select item_sk from frequent_ss_items)
         and cs_bill_customer_sk in (select c_customer_sk from best_ss_customer))
      union all
      (select ws_quantity*ws_list_price sales
       from web_sales 
           ,date_dim 
       where d_year = 1999 
         and d_moy = 1 
         and ws_sold_date_sk = d_date_sk 
         and ws_item_sk in (select item_sk from frequent_ss_items)
         and ws_bill_customer_sk in (select c_customer_sk from best_ss_customer))) y
 limit 100
POSTHOOK: type: QUERY
STAGE DEPENDENCIES:
  Stage-4 is a root stage
  Stage-3 depends on stages: Stage-4
  Stage-2 depends on stages: Stage-3, Stage-5, Stage-7
  Stage-11 depends on stages: Stage-2
  Stage-10 depends on stages: Stage-11
  Stage-9 depends on stages: Stage-10, Stage-12, Stage-14
  Stage-1 depends on stages: Stage-9
  Stage-6 is a root stage
  Stage-5 depends on stages: Stage-6
  Stage-8 is a root stage
  Stage-7 depends on stages: Stage-8
  Stage-13 is a root stage
  Stage-12 depends on stages: Stage-13
  Stage-15 is a root stage
  Stage-14 depends on stages: Stage-15
  Stage-0 depends on stages: Stage-1

STAGE PLANS:
  Stage: Stage-4
    Spark
#### A masked pattern was here ####
      Vertices:
        Map 14 
            Map Operator Tree:
                TableScan
                  alias: date_dim
                  filterExpr: ((d_year) IN (1999, 2000, 2001, 2002) and d_date_sk is not null) (type: boolean)
                  Statistics: Num rows: 73049 Data size: 584392 Basic stats: COMPLETE Column stats: COMPLETE
                  Filter Operator
                    predicate: ((d_year) IN (1999, 2000, 2001, 2002) and d_date_sk is not null) (type: boolean)
                    Statistics: Num rows: 2609 Data size: 20872 Basic stats: COMPLETE Column stats: COMPLETE
                    Select Operator
                      expressions: d_date_sk (type: int)
                      outputColumnNames: _col0
                      Statistics: Num rows: 2609 Data size: 20872 Basic stats: COMPLETE Column stats: COMPLETE
                      Spark HashTable Sink Operator
                        keys:
                          0 _col0 (type: int)
                          1 _col0 (type: int)
            Execution mode: vectorized
            Local Work:
              Map Reduce Local Work

  Stage: Stage-3
    Spark
#### A masked pattern was here ####
      Vertices:
        Map 13 
            Map Operator Tree:
                TableScan
                  alias: store_sales
                  filterExpr: (ss_customer_sk is not null and ss_sold_date_sk is not null) (type: boolean)
                  Statistics: Num rows: 575995635 Data size: 68209339028 Basic stats: COMPLETE Column stats: COMPLETE
                  Filter Operator
                    predicate: (ss_customer_sk is not null and ss_sold_date_sk is not null) (type: boolean)
                    Statistics: Num rows: 525327388 Data size: 62209210836 Basic stats: COMPLETE Column stats: COMPLETE
                    Select Operator
                      expressions: ss_sold_date_sk (type: int), ss_customer_sk (type: int), ss_quantity (type: int), ss_sales_price (type: decimal(7,2))
                      outputColumnNames: _col0, _col1, _col2, _col3
                      Statistics: Num rows: 525327388 Data size: 62209210836 Basic stats: COMPLETE Column stats: COMPLETE
                      Map Join Operator
                        condition map:
                             Inner Join 0 to 1
                        keys:
                          0 _col0 (type: int)
                          1 _col0 (type: int)
                        outputColumnNames: _col1, _col2, _col3
                        input vertices:
                          1 Map 14
                        Statistics: Num rows: 18762463 Data size: 120 Basic stats: COMPLETE Column stats: COMPLETE
                        Spark HashTable Sink Operator
                          keys:
                            0 _col1 (type: int)
                            1 _col0 (type: int)
            Execution mode: vectorized
            Local Work:
              Map Reduce Local Work

  Stage: Stage-2
    Spark
      Edges:
        Reducer 11 <- Map 10 (GROUP, 2)
        Reducer 12 <- Reducer 11 (GROUP, 1)
        Reducer 16 <- Map 15 (GROUP, 2)
        Reducer 17 <- Reducer 16 (GROUP, 1)
#### A masked pattern was here ####
      Vertices:
        Map 1 
            Map Operator Tree:
                TableScan
                  alias: catalog_sales
                  filterExpr: (cs_item_sk is not null and cs_bill_customer_sk is not null and cs_sold_date_sk is not null) (type: boolean)
                  Statistics: Num rows: 287989836 Data size: 36684057852 Basic stats: COMPLETE Column stats: COMPLETE
                  Filter Operator
                    predicate: (cs_bill_customer_sk is not null and cs_item_sk is not null and cs_sold_date_sk is not null) (type: boolean)
                    Statistics: Num rows: 285117831 Data size: 36318222704 Basic stats: COMPLETE Column stats: COMPLETE
                    Select Operator
                      expressions: cs_sold_date_sk (type: int), cs_bill_customer_sk (type: int), cs_item_sk (type: int), cs_quantity (type: int), cs_list_price (type: decimal(7,2))
                      outputColumnNames: _col0, _col1, _col2, _col3, _col4
                      Statistics: Num rows: 285117831 Data size: 36318222704 Basic stats: COMPLETE Column stats: COMPLETE
                      Map Join Operator
                        condition map:
                             Inner Join 0 to 1
                        keys:
                          0 _col0 (type: int)
                          1 _col0 (type: int)
                        outputColumnNames: _col1, _col2, _col3, _col4
                        input vertices:
                          1 Map 2
                        Statistics: Num rows: 7751875 Data size: 790075820 Basic stats: COMPLETE Column stats: COMPLETE
                        Map Join Operator
                          condition map:
                               Inner Join 0 to 1
                          keys:
                            0 _col2 (type: int)
                            1 _col0 (type: int)
                          outputColumnNames: _col1, _col3, _col4
                          input vertices:
                            1 Reducer 5
                          Statistics: Num rows: 290 Data size: 120 Basic stats: COMPLETE Column stats: COMPLETE
                          Spark HashTable Sink Operator
                            keys:
                              0 _col1 (type: int)
                              1 _col0 (type: int)
            Execution mode: vectorized
            Local Work:
              Map Reduce Local Work
        Map 10 
            Map Operator Tree:
                TableScan
                  alias: customer
                  filterExpr: c_customer_sk is not null (type: boolean)
                  Statistics: Num rows: 80000000 Data size: 320000000 Basic stats: COMPLETE Column stats: COMPLETE
                  Filter Operator
                    predicate: c_customer_sk is not null (type: boolean)
                    Statistics: Num rows: 80000000 Data size: 320000000 Basic stats: COMPLETE Column stats: COMPLETE
                    Select Operator
                      expressions: c_customer_sk (type: int)
                      outputColumnNames: _col0
                      Statistics: Num rows: 80000000 Data size: 320000000 Basic stats: COMPLETE Column stats: COMPLETE
                      Map Join Operator
                        condition map:
                             Inner Join 0 to 1
                        keys:
                          0 _col1 (type: int)
                          1 _col0 (type: int)
                        outputColumnNames: _col2, _col3, _col6
                        input vertices:
                          0 Map 8
                        Statistics: Num rows: 18762463 Data size: 75049968 Basic stats: COMPLETE Column stats: COMPLETE
                        Select Operator
                          expressions: _col6 (type: int), (CAST( _col2 AS decimal(10,0)) * _col3) (type: decimal(18,2))
                          outputColumnNames: _col0, _col1
                          Statistics: Num rows: 18762463 Data size: 75049968 Basic stats: COMPLETE Column stats: COMPLETE
                          Group By Operator
                            aggregations: sum(_col1)
                            keys: _col0 (type: int)
                            mode: hash
                            outputColumnNames: _col0, _col1
                            Statistics: Num rows: 11859 Data size: 1375644 Basic stats: COMPLETE Column stats: COMPLETE
                            Reduce Output Operator
                              key expressions: _col0 (type: int)
                              sort order: +
                              Map-reduce partition columns: _col0 (type: int)
                              Statistics: Num rows: 11859 Data size: 1375644 Basic stats: COMPLETE Column stats: COMPLETE
                              value expressions: _col1 (type: decimal(28,2))
            Execution mode: vectorized
            Local Work:
              Map Reduce Local Work
        Map 15 
            Map Operator Tree:
                TableScan
                  alias: customer
                  filterExpr: c_customer_sk is not null (type: boolean)
                  Statistics: Num rows: 80000000 Data size: 320000000 Basic stats: COMPLETE Column stats: COMPLETE
                  Filter Operator
                    predicate: c_customer_sk is not null (type: boolean)
                    Statistics: Num rows: 80000000 Data size: 320000000 Basic stats: COMPLETE Column stats: COMPLETE
                    Select Operator
                      expressions: c_customer_sk (type: int)
                      outputColumnNames: _col0
                      Statistics: Num rows: 80000000 Data size: 320000000 Basic stats: COMPLETE Column stats: COMPLETE
                      Map Join Operator
                        condition map:
                             Inner Join 0 to 1
                        keys:
                          0 _col1 (type: int)
                          1 _col0 (type: int)
                        outputColumnNames: _col2, _col3, _col6
                        input vertices:
                          0 Map 13
                        Statistics: Num rows: 18762463 Data size: 75049968 Basic stats: COMPLETE Column stats: COMPLETE
                        Select Operator
                          expressions: _col6 (type: int), (CAST( _col2 AS decimal(10,0)) * _col3) (type: decimal(18,2))
                          outputColumnNames: _col0, _col1
                          Statistics: Num rows: 18762463 Data size: 75049968 Basic stats: COMPLETE Column stats: COMPLETE
                          Group By Operator
                            aggregations: sum(_col1)
                            keys: _col0 (type: int)
                            mode: hash
                            outputColumnNames: _col0, _col1
                            Statistics: Num rows: 11859 Data size: 1375644 Basic stats: COMPLETE Column stats: COMPLETE
                            Reduce Output Operator
                              key expressions: _col0 (type: int)
                              sort order: +
                              Map-reduce partition columns: _col0 (type: int)
                              Statistics: Num rows: 11859 Data size: 1375644 Basic stats: COMPLETE Column stats: COMPLETE
                              value expressions: _col1 (type: decimal(28,2))
            Execution mode: vectorized
            Local Work:
              Map Reduce Local Work
        Reducer 11 
            Execution mode: vectorized
            Reduce Operator Tree:
              Group By Operator
                aggregations: sum(VALUE._col0)
                keys: KEY._col0 (type: int)
                mode: mergepartial
                outputColumnNames: _col0, _col1
                Statistics: Num rows: 11859 Data size: 1375644 Basic stats: COMPLETE Column stats: COMPLETE
                Select Operator
                  expressions: _col0 (type: int)
                  outputColumnNames: _col0
                  Statistics: Num rows: 11859 Data size: 1375644 Basic stats: COMPLETE Column stats: COMPLETE
                  Group By Operator
                    aggregations: count(_col0)
                    mode: hash
                    outputColumnNames: _col0
                    Statistics: Num rows: 1 Data size: 8 Basic stats: COMPLETE Column stats: COMPLETE
                    Reduce Output Operator
                      sort order: 
                      Statistics: Num rows: 1 Data size: 8 Basic stats: COMPLETE Column stats: COMPLETE
                      value expressions: _col0 (type: bigint)
        Reducer 12 
            Execution mode: vectorized
            Local Work:
              Map Reduce Local Work
            Reduce Operator Tree:
              Group By Operator
                aggregations: count(VALUE._col0)
                mode: mergepartial
                outputColumnNames: _col0
                Statistics: Num rows: 1 Data size: 8 Basic stats: COMPLETE Column stats: COMPLETE
                Select Operator
                  Statistics: Num rows: 1 Data size: 8 Basic stats: COMPLETE Column stats: COMPLETE
                  Group By Operator
                    aggregations: count()
                    mode: complete
                    outputColumnNames: _col0
                    Statistics: Num rows: 1 Data size: 8 Basic stats: COMPLETE Column stats: COMPLETE
                    Filter Operator
                      predicate: (sq_count_check(_col0) <= 1) (type: boolean)
                      Statistics: Num rows: 1 Data size: 8 Basic stats: COMPLETE Column stats: COMPLETE
                      Select Operator
                        Statistics: Num rows: 1 Data size: 8 Basic stats: COMPLETE Column stats: COMPLETE
                        Spark HashTable Sink Operator
                          keys:
                            0 
                            1 
                            2 
        Reducer 16 
            Execution mode: vectorized
            Reduce Operator Tree:
              Group By Operator
                aggregations: sum(VALUE._col0)
                keys: KEY._col0 (type: int)
                mode: mergepartial
                outputColumnNames: _col0, _col1
                Statistics: Num rows: 11859 Data size: 1375644 Basic stats: COMPLETE Column stats: COMPLETE
                Select Operator
                  expressions: _col1 (type: decimal(28,2))
                  outputColumnNames: _col1
                  Statistics: Num rows: 11859 Data size: 1375644 Basic stats: COMPLETE Column stats: COMPLETE
                  Group By Operator
                    aggregations: max(_col1)
                    mode: hash
                    outputColumnNames: _col0
                    Statistics: Num rows: 1 Data size: 112 Basic stats: COMPLETE Column stats: COMPLETE
                    Reduce Output Operator
                      sort order: 
                      Statistics: Num rows: 1 Data size: 112 Basic stats: COMPLETE Column stats: COMPLETE
                      value expressions: _col0 (type: decimal(28,2))
        Reducer 17 
            Execution mode: vectorized
            Local Work:
              Map Reduce Local Work
            Reduce Operator Tree:
              Group By Operator
                aggregations: max(VALUE._col0)
                mode: mergepartial
                outputColumnNames: _col0
                Statistics: Num rows: 1 Data size: 112 Basic stats: COMPLETE Column stats: COMPLETE
                Spark HashTable Sink Operator
                  keys:
                    0 
                    1 
                    2 

  Stage: Stage-11
    Spark
#### A masked pattern was here ####
      Vertices:
        Map 31 
            Map Operator Tree:
                TableScan
                  alias: date_dim
                  filterExpr: ((d_year) IN (1999, 2000, 2001, 2002) and d_date_sk is not null) (type: boolean)
                  Statistics: Num rows: 73049 Data size: 584392 Basic stats: COMPLETE Column stats: COMPLETE
                  Filter Operator
                    predicate: ((d_year) IN (1999, 2000, 2001, 2002) and d_date_sk is not null) (type: boolean)
                    Statistics: Num rows: 2609 Data size: 20872 Basic stats: COMPLETE Column stats: COMPLETE
                    Select Operator
                      expressions: d_date_sk (type: int)
                      outputColumnNames: _col0
                      Statistics: Num rows: 2609 Data size: 20872 Basic stats: COMPLETE Column stats: COMPLETE
                      Spark HashTable Sink Operator
                        keys:
                          0 _col0 (type: int)
                          1 _col0 (type: int)
            Execution mode: vectorized
            Local Work:
              Map Reduce Local Work

  Stage: Stage-10
    Spark
#### A masked pattern was here ####
      Vertices:
        Map 30 
            Map Operator Tree:
                TableScan
                  alias: store_sales
                  filterExpr: (ss_customer_sk is not null and ss_sold_date_sk is not null) (type: boolean)
                  Statistics: Num rows: 575995635 Data size: 68209339028 Basic stats: COMPLETE Column stats: COMPLETE
                  Filter Operator
                    predicate: (ss_customer_sk is not null and ss_sold_date_sk is not null) (type: boolean)
                    Statistics: Num rows: 525327388 Data size: 62209210836 Basic stats: COMPLETE Column stats: COMPLETE
                    Select Operator
                      expressions: ss_sold_date_sk (type: int), ss_customer_sk (type: int), ss_quantity (type: int), ss_sales_price (type: decimal(7,2))
                      outputColumnNames: _col0, _col1, _col2, _col3
                      Statistics: Num rows: 525327388 Data size: 62209210836 Basic stats: COMPLETE Column stats: COMPLETE
                      Map Join Operator
                        condition map:
                             Inner Join 0 to 1
                        keys:
                          0 _col0 (type: int)
                          1 _col0 (type: int)
                        outputColumnNames: _col1, _col2, _col3
                        input vertices:
                          1 Map 31
                        Statistics: Num rows: 18762463 Data size: 120 Basic stats: COMPLETE Column stats: COMPLETE
                        Spark HashTable Sink Operator
                          keys:
                            0 _col1 (type: int)
                            1 _col0 (type: int)
            Execution mode: vectorized
            Local Work:
              Map Reduce Local Work

  Stage: Stage-9
    Spark
      Edges:
        Reducer 33 <- Map 32 (GROUP, 2)
        Reducer 34 <- Reducer 33 (GROUP, 1)
        Reducer 38 <- Map 37 (GROUP, 2)
        Reducer 39 <- Reducer 38 (GROUP, 1)
#### A masked pattern was here ####
      Vertices:
        Map 23 
            Map Operator Tree:
                TableScan
                  alias: web_sales
                  filterExpr: (ws_item_sk is not null and ws_bill_customer_sk is not null and ws_sold_date_sk is not null) (type: boolean)
                  Statistics: Num rows: 144002668 Data size: 18427882036 Basic stats: COMPLETE Column stats: COMPLETE
                  Filter Operator
                    predicate: (ws_bill_customer_sk is not null and ws_item_sk is not null and ws_sold_date_sk is not null) (type: boolean)
                    Statistics: Num rows: 143930993 Data size: 18418709868 Basic stats: COMPLETE Column stats: COMPLETE
                    Select Operator
                      expressions: ws_sold_date_sk (type: int), ws_item_sk (type: int), ws_bill_customer_sk (type: int), ws_quantity (type: int), ws_list_price (type: decimal(7,2))
                      outputColumnNames: _col0, _col1, _col2, _col3, _col4
                      Statistics: Num rows: 143930993 Data size: 18418709868 Basic stats: COMPLETE Column stats: COMPLETE
                      Map Join Operator
                        condition map:
                             Inner Join 0 to 1
                        keys:
                          0 _col0 (type: int)
                          1 _col0 (type: int)
                        outputColumnNames: _col1, _col2, _col3, _col4
                        input vertices:
                          1 Map 24
                        Statistics: Num rows: 3941102 Data size: 484382552 Basic stats: COMPLETE Column stats: COMPLETE
                        Map Join Operator
                          condition map:
                               Inner Join 0 to 1
                          keys:
                            0 _col1 (type: int)
                            1 _col0 (type: int)
                          outputColumnNames: _col2, _col3, _col4
                          input vertices:
                            1 Reducer 27
                          Statistics: Num rows: 148 Data size: 120 Basic stats: COMPLETE Column stats: COMPLETE
                          Spark HashTable Sink Operator
                            keys:
                              0 _col2 (type: int)
                              1 _col0 (type: int)
            Execution mode: vectorized
            Local Work:
              Map Reduce Local Work
        Map 32 
            Map Operator Tree:
                TableScan
                  alias: customer
                  filterExpr: c_customer_sk is not null (type: boolean)
                  Statistics: Num rows: 80000000 Data size: 320000000 Basic stats: COMPLETE Column stats: COMPLETE
                  Filter Operator
                    predicate: c_customer_sk is not null (type: boolean)
                    Statistics: Num rows: 80000000 Data size: 320000000 Basic stats: COMPLETE Column stats: COMPLETE
                    Select Operator
                      expressions: c_customer_sk (type: int)
                      outputColumnNames: _col0
                      Statistics: Num rows: 80000000 Data size: 320000000 Basic stats: COMPLETE Column stats: COMPLETE
                      Map Join Operator
                        condition map:
                             Inner Join 0 to 1
                        keys:
                          0 _col1 (type: int)
                          1 _col0 (type: int)
                        outputColumnNames: _col2, _col3, _col6
                        input vertices:
                          0 Map 30
                        Statistics: Num rows: 18762463 Data size: 75049968 Basic stats: COMPLETE Column stats: COMPLETE
                        Select Operator
                          expressions: _col6 (type: int), (CAST( _col2 AS decimal(10,0)) * _col3) (type: decimal(18,2))
                          outputColumnNames: _col0, _col1
                          Statistics: Num rows: 18762463 Data size: 75049968 Basic stats: COMPLETE Column stats: COMPLETE
                          Group By Operator
                            aggregations: sum(_col1)
                            keys: _col0 (type: int)
                            mode: hash
                            outputColumnNames: _col0, _col1
                            Statistics: Num rows: 11859 Data size: 1375644 Basic stats: COMPLETE Column stats: COMPLETE
                            Reduce Output Operator
                              key expressions: _col0 (type: int)
                              sort order: +
                              Map-reduce partition columns: _col0 (type: int)
                              Statistics: Num rows: 11859 Data size: 1375644 Basic stats: COMPLETE Column stats: COMPLETE
                              value expressions: _col1 (type: decimal(28,2))
            Execution mode: vectorized
            Local Work:
              Map Reduce Local Work
        Map 37 
            Map Operator Tree:
                TableScan
                  alias: customer
                  filterExpr: c_customer_sk is not null (type: boolean)
                  Statistics: Num rows: 80000000 Data size: 320000000 Basic stats: COMPLETE Column stats: COMPLETE
                  Filter Operator
                    predicate: c_customer_sk is not null (type: boolean)
                    Statistics: Num rows: 80000000 Data size: 320000000 Basic stats: COMPLETE Column stats: COMPLETE
                    Select Operator
                      expressions: c_customer_sk (type: int)
                      outputColumnNames: _col0
                      Statistics: Num rows: 80000000 Data size: 320000000 Basic stats: COMPLETE Column stats: COMPLETE
                      Map Join Operator
                        condition map:
                             Inner Join 0 to 1
                        keys:
                          0 _col1 (type: int)
                          1 _col0 (type: int)
                        outputColumnNames: _col2, _col3, _col6
                        input vertices:
                          0 Map 35
                        Statistics: Num rows: 18762463 Data size: 75049968 Basic stats: COMPLETE Column stats: COMPLETE
                        Select Operator
                          expressions: _col6 (type: int), (CAST( _col2 AS decimal(10,0)) * _col3) (type: decimal(18,2))
                          outputColumnNames: _col0, _col1
                          Statistics: Num rows: 18762463 Data size: 75049968 Basic stats: COMPLETE Column stats: COMPLETE
                          Group By Operator
                            aggregations: sum(_col1)
                            keys: _col0 (type: int)
                            mode: hash
                            outputColumnNames: _col0, _col1
                            Statistics: Num rows: 11859 Data size: 1375644 Basic stats: COMPLETE Column stats: COMPLETE
                            Reduce Output Operator
                              key expressions: _col0 (type: int)
                              sort order: +
                              Map-reduce partition columns: _col0 (type: int)
                              Statistics: Num rows: 11859 Data size: 1375644 Basic stats: COMPLETE Column stats: COMPLETE
                              value expressions: _col1 (type: decimal(28,2))
            Execution mode: vectorized
            Local Work:
              Map Reduce Local Work
        Reducer 33 
            Execution mode: vectorized
            Reduce Operator Tree:
              Group By Operator
                aggregations: sum(VALUE._col0)
                keys: KEY._col0 (type: int)
                mode: mergepartial
                outputColumnNames: _col0, _col1
                Statistics: Num rows: 11859 Data size: 1375644 Basic stats: COMPLETE Column stats: COMPLETE
                Select Operator
                  expressions: _col0 (type: int)
                  outputColumnNames: _col0
                  Statistics: Num rows: 11859 Data size: 1375644 Basic stats: COMPLETE Column stats: COMPLETE
                  Group By Operator
                    aggregations: count(_col0)
                    mode: hash
                    outputColumnNames: _col0
                    Statistics: Num rows: 1 Data size: 8 Basic stats: COMPLETE Column stats: COMPLETE
                    Reduce Output Operator
                      sort order: 
                      Statistics: Num rows: 1 Data size: 8 Basic stats: COMPLETE Column stats: COMPLETE
                      value expressions: _col0 (type: bigint)
        Reducer 34 
            Execution mode: vectorized
            Local Work:
              Map Reduce Local Work
            Reduce Operator Tree:
              Group By Operator
                aggregations: count(VALUE._col0)
                mode: mergepartial
                outputColumnNames: _col0
                Statistics: Num rows: 1 Data size: 8 Basic stats: COMPLETE Column stats: COMPLETE
                Select Operator
                  Statistics: Num rows: 1 Data size: 8 Basic stats: COMPLETE Column stats: COMPLETE
                  Group By Operator
                    aggregations: count()
                    mode: complete
                    outputColumnNames: _col0
                    Statistics: Num rows: 1 Data size: 8 Basic stats: COMPLETE Column stats: COMPLETE
                    Filter Operator
                      predicate: (sq_count_check(_col0) <= 1) (type: boolean)
                      Statistics: Num rows: 1 Data size: 8 Basic stats: COMPLETE Column stats: COMPLETE
                      Select Operator
                        Statistics: Num rows: 1 Data size: 8 Basic stats: COMPLETE Column stats: COMPLETE
                        Spark HashTable Sink Operator
                          keys:
                            0 
                            1 
                            2 
        Reducer 38 
            Execution mode: vectorized
            Reduce Operator Tree:
              Group By Operator
                aggregations: sum(VALUE._col0)
                keys: KEY._col0 (type: int)
                mode: mergepartial
                outputColumnNames: _col0, _col1
                Statistics: Num rows: 11859 Data size: 1375644 Basic stats: COMPLETE Column stats: COMPLETE
                Select Operator
                  expressions: _col1 (type: decimal(28,2))
                  outputColumnNames: _col1
                  Statistics: Num rows: 11859 Data size: 1375644 Basic stats: COMPLETE Column stats: COMPLETE
                  Group By Operator
                    aggregations: max(_col1)
                    mode: hash
                    outputColumnNames: _col0
                    Statistics: Num rows: 1 Data size: 112 Basic stats: COMPLETE Column stats: COMPLETE
                    Reduce Output Operator
                      sort order: 
                      Statistics: Num rows: 1 Data size: 112 Basic stats: COMPLETE Column stats: COMPLETE
                      value expressions: _col0 (type: decimal(28,2))
        Reducer 39 
            Execution mode: vectorized
            Local Work:
              Map Reduce Local Work
            Reduce Operator Tree:
              Group By Operator
                aggregations: max(VALUE._col0)
                mode: mergepartial
                outputColumnNames: _col0
                Statistics: Num rows: 1 Data size: 112 Basic stats: COMPLETE Column stats: COMPLETE
                Spark HashTable Sink Operator
                  keys:
                    0 
                    1 
                    2 

  Stage: Stage-1
    Spark
      Edges:
        Reducer 19 <- Map 18 (PARTITION-LEVEL SORT, 495), Map 22 (PARTITION-LEVEL SORT, 495)
        Reducer 20 <- Reducer 19 (GROUP, 250)
        Reducer 21 <- Reducer 20 (GROUP, 1), Reducer 42 (GROUP, 1)
        Reducer 42 <- Reducer 19 (GROUP, 250)
#### A masked pattern was here ####
      Vertices:
        Map 18 
            Map Operator Tree:
                TableScan
                  alias: store_sales
                  filterExpr: ss_customer_sk is not null (type: boolean)
                  Statistics: Num rows: 575995635 Data size: 66009032808 Basic stats: COMPLETE Column stats: COMPLETE
                  Filter Operator
                    predicate: ss_customer_sk is not null (type: boolean)
                    Statistics: Num rows: 550080312 Data size: 63039139860 Basic stats: COMPLETE Column stats: COMPLETE
                    Select Operator
                      expressions: ss_customer_sk (type: int), ss_quantity (type: int), ss_sales_price (type: decimal(7,2))
                      outputColumnNames: _col0, _col1, _col2
                      Statistics: Num rows: 550080312 Data size: 63039139860 Basic stats: COMPLETE Column stats: COMPLETE
                      Reduce Output Operator
                        key expressions: _col0 (type: int)
                        sort order: +
                        Map-reduce partition columns: _col0 (type: int)
                        Statistics: Num rows: 550080312 Data size: 63039139860 Basic stats: COMPLETE Column stats: COMPLETE
                        value expressions: _col1 (type: int), _col2 (type: decimal(7,2))
            Execution mode: vectorized
        Map 22 
            Map Operator Tree:
                TableScan
                  alias: customer
                  filterExpr: c_customer_sk is not null (type: boolean)
                  Statistics: Num rows: 80000000 Data size: 320000000 Basic stats: COMPLETE Column stats: COMPLETE
                  Filter Operator
                    predicate: c_customer_sk is not null (type: boolean)
                    Statistics: Num rows: 80000000 Data size: 320000000 Basic stats: COMPLETE Column stats: COMPLETE
                    Select Operator
                      expressions: c_customer_sk (type: int)
                      outputColumnNames: _col0
                      Statistics: Num rows: 80000000 Data size: 320000000 Basic stats: COMPLETE Column stats: COMPLETE
                      Reduce Output Operator
                        key expressions: _col0 (type: int)
                        sort order: +
                        Map-reduce partition columns: _col0 (type: int)
                        Statistics: Num rows: 80000000 Data size: 320000000 Basic stats: COMPLETE Column stats: COMPLETE
            Execution mode: vectorized
        Reducer 19 
            Reduce Operator Tree:
              Join Operator
                condition map:
                     Inner Join 0 to 1
                keys:
                  0 _col0 (type: int)
                  1 _col0 (type: int)
                outputColumnNames: _col1, _col2, _col3
                Statistics: Num rows: 550080312 Data size: 63138137196 Basic stats: COMPLETE Column stats: COMPLETE
                Select Operator
                  expressions: _col3 (type: int), (CAST( _col1 AS decimal(10,0)) * _col2) (type: decimal(18,2))
                  outputColumnNames: _col0, _col1
                  Statistics: Num rows: 550080312 Data size: 63138137196 Basic stats: COMPLETE Column stats: COMPLETE
                  Group By Operator
                    aggregations: sum(_col1)
                    keys: _col0 (type: int)
                    mode: hash
                    outputColumnNames: _col0, _col1
                    Statistics: Num rows: 275040156 Data size: 31904658096 Basic stats: COMPLETE Column stats: COMPLETE
                    Reduce Output Operator
                      key expressions: _col0 (type: int)
                      sort order: +
                      Map-reduce partition columns: _col0 (type: int)
                      Statistics: Num rows: 275040156 Data size: 31904658096 Basic stats: COMPLETE Column stats: COMPLETE
                      value expressions: _col1 (type: decimal(28,2))
        Reducer 20 
            Execution mode: vectorized
            Local Work:
              Map Reduce Local Work
            Reduce Operator Tree:
              Group By Operator
                aggregations: sum(VALUE._col0)
                keys: KEY._col0 (type: int)
                mode: mergepartial
                outputColumnNames: _col0, _col1
                Statistics: Num rows: 1351933 Data size: 156824228 Basic stats: COMPLETE Column stats: COMPLETE
                Map Join Operator
                  condition map:
                       Inner Join 0 to 1
                       Inner Join 0 to 2
                  keys:
                    0 
                    1 
                    2 
                  outputColumnNames: _col1, _col2, _col3
                  input vertices:
                    0 Reducer 12
                    1 Reducer 17
                  Statistics: Num rows: 1351933 Data size: 308240724 Basic stats: COMPLETE Column stats: COMPLETE
                  Filter Operator
                    predicate: (_col3 > (0.95 * _col1)) (type: boolean)
                    Statistics: Num rows: 450644 Data size: 102746832 Basic stats: COMPLETE Column stats: COMPLETE
                    Select Operator
                      expressions: _col2 (type: int)
                      outputColumnNames: _col0
                      Statistics: Num rows: 450644 Data size: 1802576 Basic stats: COMPLETE Column stats: COMPLETE
                      Map Join Operator
                        condition map:
                             Inner Join 0 to 1
                        keys:
                          0 _col1 (type: int)
                          1 _col0 (type: int)
                        outputColumnNames: _col3, _col4
                        input vertices:
                          0 Map 1
                        Statistics: Num rows: 97 Data size: 116 Basic stats: COMPLETE Column stats: COMPLETE
                        Select Operator
                          expressions: (CAST( _col3 AS decimal(10,0)) * _col4) (type: decimal(18,2))
                          outputColumnNames: _col0
                          Statistics: Num rows: 97 Data size: 10864 Basic stats: COMPLETE Column stats: COMPLETE
                          Group By Operator
                            aggregations: sum(_col0)
                            mode: hash
                            outputColumnNames: _col0
                            Statistics: Num rows: 1 Data size: 112 Basic stats: COMPLETE Column stats: COMPLETE
                            Reduce Output Operator
                              sort order: 
                              Statistics: Num rows: 1 Data size: 112 Basic stats: COMPLETE Column stats: COMPLETE
                              TopN Hash Memory Usage: 0.1
                              value expressions: _col0 (type: decimal(28,2))
        Reducer 21 
            Execution mode: vectorized
            Reduce Operator Tree:
              Group By Operator
                aggregations: sum(VALUE._col0)
                mode: mergepartial
                outputColumnNames: _col0
                Statistics: Num rows: 1 Data size: 112 Basic stats: COMPLETE Column stats: COMPLETE
                Limit
                  Number of rows: 100
                  Statistics: Num rows: 1 Data size: 112 Basic stats: COMPLETE Column stats: COMPLETE
                  File Output Operator
                    compressed: false
                    Statistics: Num rows: 1 Data size: 112 Basic stats: COMPLETE Column stats: COMPLETE
                    table:
                        input format: org.apache.hadoop.mapred.SequenceFileInputFormat
                        output format: org.apache.hadoop.hive.ql.io.HiveSequenceFileOutputFormat
                        serde: org.apache.hadoop.hive.serde2.lazy.LazySimpleSerDe
        Reducer 42 
            Execution mode: vectorized
            Local Work:
              Map Reduce Local Work
            Reduce Operator Tree:
              Group By Operator
                aggregations: sum(VALUE._col0)
                keys: KEY._col0 (type: int)
                mode: mergepartial
                outputColumnNames: _col0, _col1
                Statistics: Num rows: 1351933 Data size: 156824228 Basic stats: COMPLETE Column stats: COMPLETE
                Map Join Operator
                  condition map:
                       Inner Join 0 to 1
                       Inner Join 0 to 2
                  keys:
                    0 
                    1 
                    2 
                  outputColumnNames: _col1, _col2, _col3
                  input vertices:
                    0 Reducer 34
                    1 Reducer 39
                  Statistics: Num rows: 1351933 Data size: 308240724 Basic stats: COMPLETE Column stats: COMPLETE
                  Filter Operator
                    predicate: (_col3 > (0.95 * _col1)) (type: boolean)
                    Statistics: Num rows: 450644 Data size: 102746832 Basic stats: COMPLETE Column stats: COMPLETE
                    Select Operator
                      expressions: _col2 (type: int)
                      outputColumnNames: _col0
                      Statistics: Num rows: 450644 Data size: 1802576 Basic stats: COMPLETE Column stats: COMPLETE
                      Map Join Operator
                        condition map:
                             Inner Join 0 to 1
                        keys:
                          0 _col2 (type: int)
                          1 _col0 (type: int)
                        outputColumnNames: _col3, _col4
                        input vertices:
                          0 Map 23
                        Statistics: Num rows: 50 Data size: 116 Basic stats: COMPLETE Column stats: COMPLETE
                        Select Operator
                          expressions: (CAST( _col3 AS decimal(10,0)) * _col4) (type: decimal(18,2))
                          outputColumnNames: _col0
                          Statistics: Num rows: 50 Data size: 5600 Basic stats: COMPLETE Column stats: COMPLETE
                          Group By Operator
                            aggregations: sum(_col0)
                            mode: hash
                            outputColumnNames: _col0
                            Statistics: Num rows: 1 Data size: 112 Basic stats: COMPLETE Column stats: COMPLETE
                            Reduce Output Operator
                              sort order: 
                              Statistics: Num rows: 1 Data size: 112 Basic stats: COMPLETE Column stats: COMPLETE
                              TopN Hash Memory Usage: 0.1
                              value expressions: _col0 (type: decimal(28,2))

  Stage: Stage-6
    Spark
#### A masked pattern was here ####
      Vertices:
        Map 9 
            Map Operator Tree:
                TableScan
                  alias: date_dim
                  filterExpr: ((d_year) IN (1999, 2000, 2001, 2002) and d_date_sk is not null) (type: boolean)
                  Statistics: Num rows: 73049 Data size: 584392 Basic stats: COMPLETE Column stats: COMPLETE
                  Filter Operator
                    predicate: ((d_year) IN (1999, 2000, 2001, 2002) and d_date_sk is not null) (type: boolean)
                    Statistics: Num rows: 2609 Data size: 20872 Basic stats: COMPLETE Column stats: COMPLETE
                    Select Operator
                      expressions: d_date_sk (type: int)
                      outputColumnNames: _col0
                      Statistics: Num rows: 2609 Data size: 20872 Basic stats: COMPLETE Column stats: COMPLETE
                      Spark HashTable Sink Operator
                        keys:
                          0 _col0 (type: int)
                          1 _col0 (type: int)
            Execution mode: vectorized
            Local Work:
              Map Reduce Local Work

  Stage: Stage-5
    Spark
#### A masked pattern was here ####
      Vertices:
        Map 8 
            Map Operator Tree:
                TableScan
                  alias: store_sales
                  filterExpr: (ss_customer_sk is not null and ss_sold_date_sk is not null) (type: boolean)
                  Statistics: Num rows: 575995635 Data size: 68209339028 Basic stats: COMPLETE Column stats: COMPLETE
                  Filter Operator
                    predicate: (ss_customer_sk is not null and ss_sold_date_sk is not null) (type: boolean)
                    Statistics: Num rows: 525327388 Data size: 62209210836 Basic stats: COMPLETE Column stats: COMPLETE
                    Select Operator
                      expressions: ss_sold_date_sk (type: int), ss_customer_sk (type: int), ss_quantity (type: int), ss_sales_price (type: decimal(7,2))
                      outputColumnNames: _col0, _col1, _col2, _col3
                      Statistics: Num rows: 525327388 Data size: 62209210836 Basic stats: COMPLETE Column stats: COMPLETE
                      Map Join Operator
                        condition map:
                             Inner Join 0 to 1
                        keys:
                          0 _col0 (type: int)
                          1 _col0 (type: int)
                        outputColumnNames: _col1, _col2, _col3
                        input vertices:
                          1 Map 9
                        Statistics: Num rows: 18762463 Data size: 120 Basic stats: COMPLETE Column stats: COMPLETE
                        Spark HashTable Sink Operator
                          keys:
                            0 _col1 (type: int)
                            1 _col0 (type: int)
            Execution mode: vectorized
            Local Work:
              Map Reduce Local Work

  Stage: Stage-8
    Spark
#### A masked pattern was here ####
      Vertices:
        Map 6 
            Map Operator Tree:
                TableScan
                  alias: date_dim
                  filterExpr: ((d_year) IN (1999, 2000, 2001, 2002) and d_date_sk is not null) (type: boolean)
                  Statistics: Num rows: 73049 Data size: 7450998 Basic stats: COMPLETE Column stats: COMPLETE
                  Filter Operator
                    predicate: ((d_year) IN (1999, 2000, 2001, 2002) and d_date_sk is not null) (type: boolean)
                    Statistics: Num rows: 2609 Data size: 266118 Basic stats: COMPLETE Column stats: COMPLETE
                    Select Operator
                      expressions: d_date_sk (type: int), d_date (type: string)
                      outputColumnNames: _col0, _col1
                      Statistics: Num rows: 2609 Data size: 266118 Basic stats: COMPLETE Column stats: COMPLETE
                      Spark HashTable Sink Operator
                        keys:
                          0 _col0 (type: int)
                          1 _col0 (type: int)
            Execution mode: vectorized
            Local Work:
              Map Reduce Local Work

  Stage: Stage-7
    Spark
      Edges:
        Reducer 4 <- Map 3 (PARTITION-LEVEL SORT, 16), Map 7 (PARTITION-LEVEL SORT, 16)
        Reducer 5 <- Reducer 4 (GROUP PARTITION-LEVEL SORT, 45)
#### A masked pattern was here ####
      Vertices:
        Map 2 
            Map Operator Tree:
                TableScan
                  alias: date_dim
                  filterExpr: ((d_year = 1999) and (d_moy = 1) and d_date_sk is not null) (type: boolean)
                  Statistics: Num rows: 73049 Data size: 876588 Basic stats: COMPLETE Column stats: COMPLETE
                  Filter Operator
                    predicate: ((d_moy = 1) and (d_year = 1999) and d_date_sk is not null) (type: boolean)
                    Statistics: Num rows: 50 Data size: 600 Basic stats: COMPLETE Column stats: COMPLETE
                    Select Operator
                      expressions: d_date_sk (type: int)
                      outputColumnNames: _col0
                      Statistics: Num rows: 50 Data size: 600 Basic stats: COMPLETE Column stats: COMPLETE
                      Spark HashTable Sink Operator
                        keys:
                          0 _col0 (type: int)
                          1 _col0 (type: int)
            Execution mode: vectorized
            Local Work:
              Map Reduce Local Work
        Map 3 
            Map Operator Tree:
                TableScan
                  alias: store_sales
                  filterExpr: (ss_sold_date_sk is not null and ss_item_sk is not null) (type: boolean)
                  Statistics: Num rows: 575995635 Data size: 4504288760 Basic stats: COMPLETE Column stats: COMPLETE
                  Filter Operator
                    predicate: (ss_item_sk is not null and ss_sold_date_sk is not null) (type: boolean)
                    Statistics: Num rows: 550076554 Data size: 4301601416 Basic stats: COMPLETE Column stats: COMPLETE
                    Select Operator
                      expressions: ss_sold_date_sk (type: int), ss_item_sk (type: int)
                      outputColumnNames: _col0, _col1
                      Statistics: Num rows: 550076554 Data size: 4301601416 Basic stats: COMPLETE Column stats: COMPLETE
                      Map Join Operator
                        condition map:
                             Inner Join 0 to 1
                        keys:
                          0 _col0 (type: int)
                          1 _col0 (type: int)
                        outputColumnNames: _col1, _col3
                        input vertices:
                          1 Map 6
                        Statistics: Num rows: 19646398 Data size: 1925347004 Basic stats: COMPLETE Column stats: COMPLETE
                        Reduce Output Operator
                          key expressions: _col1 (type: int)
                          sort order: +
                          Map-reduce partition columns: _col1 (type: int)
                          Statistics: Num rows: 19646398 Data size: 1925347004 Basic stats: COMPLETE Column stats: COMPLETE
                          value expressions: _col3 (type: string)
            Execution mode: vectorized
            Local Work:
              Map Reduce Local Work
        Map 7 
            Map Operator Tree:
                TableScan
                  alias: item
                  filterExpr: i_item_sk is not null (type: boolean)
                  Statistics: Num rows: 462000 Data size: 86856000 Basic stats: COMPLETE Column stats: COMPLETE
                  Filter Operator
                    predicate: i_item_sk is not null (type: boolean)
                    Statistics: Num rows: 462000 Data size: 86856000 Basic stats: COMPLETE Column stats: COMPLETE
                    Select Operator
                      expressions: i_item_sk (type: int), i_item_desc (type: string)
                      outputColumnNames: _col0, _col1
                      Statistics: Num rows: 462000 Data size: 86856000 Basic stats: COMPLETE Column stats: COMPLETE
                      Reduce Output Operator
                        key expressions: _col0 (type: int)
                        sort order: +
                        Map-reduce partition columns: _col0 (type: int)
                        Statistics: Num rows: 462000 Data size: 86856000 Basic stats: COMPLETE Column stats: COMPLETE
                        value expressions: _col1 (type: string)
            Execution mode: vectorized
        Reducer 4 
            Reduce Operator Tree:
              Join Operator
                condition map:
                     Inner Join 0 to 1
                keys:
                  0 _col1 (type: int)
                  1 _col0 (type: int)
                outputColumnNames: _col3, _col5, _col6
                Statistics: Num rows: 19646398 Data size: 5540284236 Basic stats: COMPLETE Column stats: COMPLETE
                Select Operator
                  expressions: substr(_col6, 1, 30) (type: string), _col5 (type: int), _col3 (type: string)
                  outputColumnNames: _col0, _col1, _col2
                  Statistics: Num rows: 19646398 Data size: 5540284236 Basic stats: COMPLETE Column stats: COMPLETE
                  Group By Operator
                    aggregations: count()
                    keys: _col1 (type: int), _col0 (type: string), _col2 (type: string)
                    mode: hash
                    outputColumnNames: _col0, _col1, _col2, _col3
                    Statistics: Num rows: 19646398 Data size: 5697455420 Basic stats: COMPLETE Column stats: COMPLETE
                    Reduce Output Operator
                      key expressions: _col0 (type: int), _col1 (type: string), _col2 (type: string)
                      sort order: +++
                      Map-reduce partition columns: _col0 (type: int)
                      Statistics: Num rows: 19646398 Data size: 5697455420 Basic stats: COMPLETE Column stats: COMPLETE
                      value expressions: _col3 (type: bigint)
        Reducer 5 
            Execution mode: vectorized
            Local Work:
              Map Reduce Local Work
            Reduce Operator Tree:
              Group By Operator
                aggregations: count(VALUE._col0)
                keys: KEY._col0 (type: int), KEY._col1 (type: string), KEY._col2 (type: string)
                mode: mergepartial
                outputColumnNames: _col0, _col1, _col2, _col3
                Statistics: Num rows: 19646398 Data size: 5697455420 Basic stats: COMPLETE Column stats: COMPLETE
                Select Operator
                  expressions: _col0 (type: int), _col3 (type: bigint)
                  outputColumnNames: _col0, _col3
                  Statistics: Num rows: 19646398 Data size: 235756776 Basic stats: COMPLETE Column stats: COMPLETE
                  Filter Operator
                    predicate: (_col3 > 4L) (type: boolean)
                    Statistics: Num rows: 6548799 Data size: 78585588 Basic stats: COMPLETE Column stats: COMPLETE
                    Select Operator
                      expressions: _col0 (type: int)
                      outputColumnNames: _col1
                      Statistics: Num rows: 6548799 Data size: 78585588 Basic stats: COMPLETE Column stats: COMPLETE
                      Group By Operator
                        keys: _col1 (type: int)
                        mode: complete
                        outputColumnNames: _col0
                        Statistics: Num rows: 2134 Data size: 8536 Basic stats: COMPLETE Column stats: COMPLETE
                        Spark HashTable Sink Operator
                          keys:
                            0 _col2 (type: int)
                            1 _col0 (type: int)

  Stage: Stage-13
    Spark
#### A masked pattern was here ####
      Vertices:
        Map 36 
            Map Operator Tree:
                TableScan
                  alias: date_dim
                  filterExpr: ((d_year) IN (1999, 2000, 2001, 2002) and d_date_sk is not null) (type: boolean)
                  Statistics: Num rows: 73049 Data size: 584392 Basic stats: COMPLETE Column stats: COMPLETE
                  Filter Operator
                    predicate: ((d_year) IN (1999, 2000, 2001, 2002) and d_date_sk is not null) (type: boolean)
                    Statistics: Num rows: 2609 Data size: 20872 Basic stats: COMPLETE Column stats: COMPLETE
                    Select Operator
                      expressions: d_date_sk (type: int)
                      outputColumnNames: _col0
                      Statistics: Num rows: 2609 Data size: 20872 Basic stats: COMPLETE Column stats: COMPLETE
                      Spark HashTable Sink Operator
                        keys:
                          0 _col0 (type: int)
                          1 _col0 (type: int)
            Execution mode: vectorized
            Local Work:
              Map Reduce Local Work

  Stage: Stage-12
    Spark
#### A masked pattern was here ####
      Vertices:
        Map 35 
            Map Operator Tree:
                TableScan
                  alias: store_sales
                  filterExpr: (ss_customer_sk is not null and ss_sold_date_sk is not null) (type: boolean)
                  Statistics: Num rows: 575995635 Data size: 68209339028 Basic stats: COMPLETE Column stats: COMPLETE
                  Filter Operator
                    predicate: (ss_customer_sk is not null and ss_sold_date_sk is not null) (type: boolean)
                    Statistics: Num rows: 525327388 Data size: 62209210836 Basic stats: COMPLETE Column stats: COMPLETE
                    Select Operator
                      expressions: ss_sold_date_sk (type: int), ss_customer_sk (type: int), ss_quantity (type: int), ss_sales_price (type: decimal(7,2))
                      outputColumnNames: _col0, _col1, _col2, _col3
                      Statistics: Num rows: 525327388 Data size: 62209210836 Basic stats: COMPLETE Column stats: COMPLETE
                      Map Join Operator
                        condition map:
                             Inner Join 0 to 1
                        keys:
                          0 _col0 (type: int)
                          1 _col0 (type: int)
                        outputColumnNames: _col1, _col2, _col3
                        input vertices:
                          1 Map 36
                        Statistics: Num rows: 18762463 Data size: 120 Basic stats: COMPLETE Column stats: COMPLETE
                        Spark HashTable Sink Operator
                          keys:
                            0 _col1 (type: int)
                            1 _col0 (type: int)
            Execution mode: vectorized
            Local Work:
              Map Reduce Local Work

  Stage: Stage-15
    Spark
#### A masked pattern was here ####
      Vertices:
        Map 28 
            Map Operator Tree:
                TableScan
                  alias: date_dim
                  filterExpr: ((d_year) IN (1999, 2000, 2001, 2002) and d_date_sk is not null) (type: boolean)
                  Statistics: Num rows: 73049 Data size: 7450998 Basic stats: COMPLETE Column stats: COMPLETE
                  Filter Operator
                    predicate: ((d_year) IN (1999, 2000, 2001, 2002) and d_date_sk is not null) (type: boolean)
                    Statistics: Num rows: 2609 Data size: 266118 Basic stats: COMPLETE Column stats: COMPLETE
                    Select Operator
                      expressions: d_date_sk (type: int), d_date (type: string)
                      outputColumnNames: _col0, _col1
                      Statistics: Num rows: 2609 Data size: 266118 Basic stats: COMPLETE Column stats: COMPLETE
                      Spark HashTable Sink Operator
                        keys:
                          0 _col0 (type: int)
                          1 _col0 (type: int)
            Execution mode: vectorized
            Local Work:
              Map Reduce Local Work

  Stage: Stage-14
    Spark
      Edges:
        Reducer 26 <- Map 25 (PARTITION-LEVEL SORT, 16), Map 29 (PARTITION-LEVEL SORT, 16)
        Reducer 27 <- Reducer 26 (GROUP PARTITION-LEVEL SORT, 45)
#### A masked pattern was here ####
      Vertices:
        Map 24 
            Map Operator Tree:
                TableScan
                  alias: date_dim
                  filterExpr: ((d_year = 1999) and (d_moy = 1) and d_date_sk is not null) (type: boolean)
                  Statistics: Num rows: 73049 Data size: 876588 Basic stats: COMPLETE Column stats: COMPLETE
                  Filter Operator
                    predicate: ((d_moy = 1) and (d_year = 1999) and d_date_sk is not null) (type: boolean)
                    Statistics: Num rows: 50 Data size: 600 Basic stats: COMPLETE Column stats: COMPLETE
                    Select Operator
                      expressions: d_date_sk (type: int)
                      outputColumnNames: _col0
                      Statistics: Num rows: 50 Data size: 600 Basic stats: COMPLETE Column stats: COMPLETE
                      Spark HashTable Sink Operator
                        keys:
                          0 _col0 (type: int)
                          1 _col0 (type: int)
            Execution mode: vectorized
            Local Work:
              Map Reduce Local Work
        Map 25 
            Map Operator Tree:
                TableScan
                  alias: store_sales
                  filterExpr: (ss_sold_date_sk is not null and ss_item_sk is not null) (type: boolean)
                  Statistics: Num rows: 575995635 Data size: 4504288760 Basic stats: COMPLETE Column stats: COMPLETE
                  Filter Operator
                    predicate: (ss_item_sk is not null and ss_sold_date_sk is not null) (type: boolean)
                    Statistics: Num rows: 550076554 Data size: 4301601416 Basic stats: COMPLETE Column stats: COMPLETE
                    Select Operator
                      expressions: ss_sold_date_sk (type: int), ss_item_sk (type: int)
                      outputColumnNames: _col0, _col1
                      Statistics: Num rows: 550076554 Data size: 4301601416 Basic stats: COMPLETE Column stats: COMPLETE
                      Map Join Operator
                        condition map:
                             Inner Join 0 to 1
                        keys:
                          0 _col0 (type: int)
                          1 _col0 (type: int)
                        outputColumnNames: _col1, _col3
                        input vertices:
                          1 Map 28
                        Statistics: Num rows: 19646398 Data size: 1925347004 Basic stats: COMPLETE Column stats: COMPLETE
                        Reduce Output Operator
                          key expressions: _col1 (type: int)
                          sort order: +
                          Map-reduce partition columns: _col1 (type: int)
                          Statistics: Num rows: 19646398 Data size: 1925347004 Basic stats: COMPLETE Column stats: COMPLETE
                          value expressions: _col3 (type: string)
            Execution mode: vectorized
            Local Work:
              Map Reduce Local Work
        Map 29 
            Map Operator Tree:
                TableScan
                  alias: item
                  filterExpr: i_item_sk is not null (type: boolean)
                  Statistics: Num rows: 462000 Data size: 86856000 Basic stats: COMPLETE Column stats: COMPLETE
                  Filter Operator
                    predicate: i_item_sk is not null (type: boolean)
                    Statistics: Num rows: 462000 Data size: 86856000 Basic stats: COMPLETE Column stats: COMPLETE
                    Select Operator
                      expressions: i_item_sk (type: int), i_item_desc (type: string)
                      outputColumnNames: _col0, _col1
                      Statistics: Num rows: 462000 Data size: 86856000 Basic stats: COMPLETE Column stats: COMPLETE
                      Reduce Output Operator
                        key expressions: _col0 (type: int)
                        sort order: +
                        Map-reduce partition columns: _col0 (type: int)
                        Statistics: Num rows: 462000 Data size: 86856000 Basic stats: COMPLETE Column stats: COMPLETE
                        value expressions: _col1 (type: string)
            Execution mode: vectorized
        Reducer 26 
            Reduce Operator Tree:
              Join Operator
                condition map:
                     Inner Join 0 to 1
                keys:
                  0 _col1 (type: int)
                  1 _col0 (type: int)
                outputColumnNames: _col3, _col5, _col6
                Statistics: Num rows: 19646398 Data size: 5540284236 Basic stats: COMPLETE Column stats: COMPLETE
                Select Operator
                  expressions: substr(_col6, 1, 30) (type: string), _col5 (type: int), _col3 (type: string)
                  outputColumnNames: _col0, _col1, _col2
                  Statistics: Num rows: 19646398 Data size: 5540284236 Basic stats: COMPLETE Column stats: COMPLETE
                  Group By Operator
                    aggregations: count()
                    keys: _col1 (type: int), _col0 (type: string), _col2 (type: string)
                    mode: hash
                    outputColumnNames: _col0, _col1, _col2, _col3
                    Statistics: Num rows: 19646398 Data size: 5697455420 Basic stats: COMPLETE Column stats: COMPLETE
                    Reduce Output Operator
                      key expressions: _col0 (type: int), _col1 (type: string), _col2 (type: string)
                      sort order: +++
                      Map-reduce partition columns: _col0 (type: int)
                      Statistics: Num rows: 19646398 Data size: 5697455420 Basic stats: COMPLETE Column stats: COMPLETE
                      value expressions: _col3 (type: bigint)
        Reducer 27 
            Execution mode: vectorized
            Local Work:
              Map Reduce Local Work
            Reduce Operator Tree:
              Group By Operator
                aggregations: count(VALUE._col0)
                keys: KEY._col0 (type: int), KEY._col1 (type: string), KEY._col2 (type: string)
                mode: mergepartial
                outputColumnNames: _col0, _col1, _col2, _col3
                Statistics: Num rows: 19646398 Data size: 5697455420 Basic stats: COMPLETE Column stats: COMPLETE
                Select Operator
                  expressions: _col0 (type: int), _col3 (type: bigint)
                  outputColumnNames: _col0, _col3
                  Statistics: Num rows: 19646398 Data size: 235756776 Basic stats: COMPLETE Column stats: COMPLETE
                  Filter Operator
                    predicate: (_col3 > 4L) (type: boolean)
                    Statistics: Num rows: 6548799 Data size: 78585588 Basic stats: COMPLETE Column stats: COMPLETE
                    Select Operator
                      expressions: _col0 (type: int)
                      outputColumnNames: _col1
                      Statistics: Num rows: 6548799 Data size: 78585588 Basic stats: COMPLETE Column stats: COMPLETE
                      Group By Operator
                        keys: _col1 (type: int)
                        mode: complete
                        outputColumnNames: _col0
                        Statistics: Num rows: 2134 Data size: 8536 Basic stats: COMPLETE Column stats: COMPLETE
                        Spark HashTable Sink Operator
                          keys:
                            0 _col1 (type: int)
                            1 _col0 (type: int)

  Stage: Stage-0
    Fetch Operator
      limit: 100
      Processor Tree:
        ListSink

