Warning: Map Join MAPJOIN[251][bigTable=?] in task 'Stage-1:MAPRED' is a cross product
PREHOOK: query: explain
select  *
from
 (select count(*) h8_30_to_9
 from store_sales, household_demographics , time_dim, store
 where ss_sold_time_sk = time_dim.t_time_sk   
     and ss_hdemo_sk = household_demographics.hd_demo_sk 
     and ss_store_sk = s_store_sk
     and time_dim.t_hour = 8
     and time_dim.t_minute >= 30
     and ((household_demographics.hd_dep_count = 3 and household_demographics.hd_vehicle_count<=3+2) or
          (household_demographics.hd_dep_count = 0 and household_demographics.hd_vehicle_count<=0+2) or
          (household_demographics.hd_dep_count = 1 and household_demographics.hd_vehicle_count<=1+2)) 
     and store.s_store_name = 'ese') s1,
 (select count(*) h9_to_9_30 
 from store_sales, household_demographics , time_dim, store
 where ss_sold_time_sk = time_dim.t_time_sk
     and ss_hdemo_sk = household_demographics.hd_demo_sk
     and ss_store_sk = s_store_sk 
     and time_dim.t_hour = 9 
     and time_dim.t_minute < 30
     and ((household_demographics.hd_dep_count = 3 and household_demographics.hd_vehicle_count<=3+2) or
          (household_demographics.hd_dep_count = 0 and household_demographics.hd_vehicle_count<=0+2) or
          (household_demographics.hd_dep_count = 1 and household_demographics.hd_vehicle_count<=1+2))
     and store.s_store_name = 'ese') s2,
 (select count(*) h9_30_to_10 
 from store_sales, household_demographics , time_dim, store
 where ss_sold_time_sk = time_dim.t_time_sk
     and ss_hdemo_sk = household_demographics.hd_demo_sk
     and ss_store_sk = s_store_sk
     and time_dim.t_hour = 9
     and time_dim.t_minute >= 30
     and ((household_demographics.hd_dep_count = 3 and household_demographics.hd_vehicle_count<=3+2) or
          (household_demographics.hd_dep_count = 0 and household_demographics.hd_vehicle_count<=0+2) or
          (household_demographics.hd_dep_count = 1 and household_demographics.hd_vehicle_count<=1+2))
     and store.s_store_name = 'ese') s3,
 (select count(*) h10_to_10_30
 from store_sales, household_demographics , time_dim, store
 where ss_sold_time_sk = time_dim.t_time_sk
     and ss_hdemo_sk = household_demographics.hd_demo_sk
     and ss_store_sk = s_store_sk
     and time_dim.t_hour = 10 
     and time_dim.t_minute < 30
     and ((household_demographics.hd_dep_count = 3 and household_demographics.hd_vehicle_count<=3+2) or
          (household_demographics.hd_dep_count = 0 and household_demographics.hd_vehicle_count<=0+2) or
          (household_demographics.hd_dep_count = 1 and household_demographics.hd_vehicle_count<=1+2))
     and store.s_store_name = 'ese') s4,
 (select count(*) h10_30_to_11
 from store_sales, household_demographics , time_dim, store
 where ss_sold_time_sk = time_dim.t_time_sk
     and ss_hdemo_sk = household_demographics.hd_demo_sk
     and ss_store_sk = s_store_sk
     and time_dim.t_hour = 10 
     and time_dim.t_minute >= 30
     and ((household_demographics.hd_dep_count = 3 and household_demographics.hd_vehicle_count<=3+2) or
          (household_demographics.hd_dep_count = 0 and household_demographics.hd_vehicle_count<=0+2) or
          (household_demographics.hd_dep_count = 1 and household_demographics.hd_vehicle_count<=1+2))
     and store.s_store_name = 'ese') s5,
 (select count(*) h11_to_11_30
 from store_sales, household_demographics , time_dim, store
 where ss_sold_time_sk = time_dim.t_time_sk
     and ss_hdemo_sk = household_demographics.hd_demo_sk
     and ss_store_sk = s_store_sk 
     and time_dim.t_hour = 11
     and time_dim.t_minute < 30
     and ((household_demographics.hd_dep_count = 3 and household_demographics.hd_vehicle_count<=3+2) or
          (household_demographics.hd_dep_count = 0 and household_demographics.hd_vehicle_count<=0+2) or
          (household_demographics.hd_dep_count = 1 and household_demographics.hd_vehicle_count<=1+2))
     and store.s_store_name = 'ese') s6,
 (select count(*) h11_30_to_12
 from store_sales, household_demographics , time_dim, store
 where ss_sold_time_sk = time_dim.t_time_sk
     and ss_hdemo_sk = household_demographics.hd_demo_sk
     and ss_store_sk = s_store_sk
     and time_dim.t_hour = 11
     and time_dim.t_minute >= 30
     and ((household_demographics.hd_dep_count = 3 and household_demographics.hd_vehicle_count<=3+2) or
          (household_demographics.hd_dep_count = 0 and household_demographics.hd_vehicle_count<=0+2) or
          (household_demographics.hd_dep_count = 1 and household_demographics.hd_vehicle_count<=1+2))
     and store.s_store_name = 'ese') s7,
 (select count(*) h12_to_12_30
 from store_sales, household_demographics , time_dim, store
 where ss_sold_time_sk = time_dim.t_time_sk
     and ss_hdemo_sk = household_demographics.hd_demo_sk
     and ss_store_sk = s_store_sk
     and time_dim.t_hour = 12
     and time_dim.t_minute < 30
     and ((household_demographics.hd_dep_count = 3 and household_demographics.hd_vehicle_count<=3+2) or
          (household_demographics.hd_dep_count = 0 and household_demographics.hd_vehicle_count<=0+2) or
          (household_demographics.hd_dep_count = 1 and household_demographics.hd_vehicle_count<=1+2))
     and store.s_store_name = 'ese') s8
PREHOOK: type: QUERY
POSTHOOK: query: explain
select  *
from
 (select count(*) h8_30_to_9
 from store_sales, household_demographics , time_dim, store
 where ss_sold_time_sk = time_dim.t_time_sk   
     and ss_hdemo_sk = household_demographics.hd_demo_sk 
     and ss_store_sk = s_store_sk
     and time_dim.t_hour = 8
     and time_dim.t_minute >= 30
     and ((household_demographics.hd_dep_count = 3 and household_demographics.hd_vehicle_count<=3+2) or
          (household_demographics.hd_dep_count = 0 and household_demographics.hd_vehicle_count<=0+2) or
          (household_demographics.hd_dep_count = 1 and household_demographics.hd_vehicle_count<=1+2)) 
     and store.s_store_name = 'ese') s1,
 (select count(*) h9_to_9_30 
 from store_sales, household_demographics , time_dim, store
 where ss_sold_time_sk = time_dim.t_time_sk
     and ss_hdemo_sk = household_demographics.hd_demo_sk
     and ss_store_sk = s_store_sk 
     and time_dim.t_hour = 9 
     and time_dim.t_minute < 30
     and ((household_demographics.hd_dep_count = 3 and household_demographics.hd_vehicle_count<=3+2) or
          (household_demographics.hd_dep_count = 0 and household_demographics.hd_vehicle_count<=0+2) or
          (household_demographics.hd_dep_count = 1 and household_demographics.hd_vehicle_count<=1+2))
     and store.s_store_name = 'ese') s2,
 (select count(*) h9_30_to_10 
 from store_sales, household_demographics , time_dim, store
 where ss_sold_time_sk = time_dim.t_time_sk
     and ss_hdemo_sk = household_demographics.hd_demo_sk
     and ss_store_sk = s_store_sk
     and time_dim.t_hour = 9
     and time_dim.t_minute >= 30
     and ((household_demographics.hd_dep_count = 3 and household_demographics.hd_vehicle_count<=3+2) or
          (household_demographics.hd_dep_count = 0 and household_demographics.hd_vehicle_count<=0+2) or
          (household_demographics.hd_dep_count = 1 and household_demographics.hd_vehicle_count<=1+2))
     and store.s_store_name = 'ese') s3,
 (select count(*) h10_to_10_30
 from store_sales, household_demographics , time_dim, store
 where ss_sold_time_sk = time_dim.t_time_sk
     and ss_hdemo_sk = household_demographics.hd_demo_sk
     and ss_store_sk = s_store_sk
     and time_dim.t_hour = 10 
     and time_dim.t_minute < 30
     and ((household_demographics.hd_dep_count = 3 and household_demographics.hd_vehicle_count<=3+2) or
          (household_demographics.hd_dep_count = 0 and household_demographics.hd_vehicle_count<=0+2) or
          (household_demographics.hd_dep_count = 1 and household_demographics.hd_vehicle_count<=1+2))
     and store.s_store_name = 'ese') s4,
 (select count(*) h10_30_to_11
 from store_sales, household_demographics , time_dim, store
 where ss_sold_time_sk = time_dim.t_time_sk
     and ss_hdemo_sk = household_demographics.hd_demo_sk
     and ss_store_sk = s_store_sk
     and time_dim.t_hour = 10 
     and time_dim.t_minute >= 30
     and ((household_demographics.hd_dep_count = 3 and household_demographics.hd_vehicle_count<=3+2) or
          (household_demographics.hd_dep_count = 0 and household_demographics.hd_vehicle_count<=0+2) or
          (household_demographics.hd_dep_count = 1 and household_demographics.hd_vehicle_count<=1+2))
     and store.s_store_name = 'ese') s5,
 (select count(*) h11_to_11_30
 from store_sales, household_demographics , time_dim, store
 where ss_sold_time_sk = time_dim.t_time_sk
     and ss_hdemo_sk = household_demographics.hd_demo_sk
     and ss_store_sk = s_store_sk 
     and time_dim.t_hour = 11
     and time_dim.t_minute < 30
     and ((household_demographics.hd_dep_count = 3 and household_demographics.hd_vehicle_count<=3+2) or
          (household_demographics.hd_dep_count = 0 and household_demographics.hd_vehicle_count<=0+2) or
          (household_demographics.hd_dep_count = 1 and household_demographics.hd_vehicle_count<=1+2))
     and store.s_store_name = 'ese') s6,
 (select count(*) h11_30_to_12
 from store_sales, household_demographics , time_dim, store
 where ss_sold_time_sk = time_dim.t_time_sk
     and ss_hdemo_sk = household_demographics.hd_demo_sk
     and ss_store_sk = s_store_sk
     and time_dim.t_hour = 11
     and time_dim.t_minute >= 30
     and ((household_demographics.hd_dep_count = 3 and household_demographics.hd_vehicle_count<=3+2) or
          (household_demographics.hd_dep_count = 0 and household_demographics.hd_vehicle_count<=0+2) or
          (household_demographics.hd_dep_count = 1 and household_demographics.hd_vehicle_count<=1+2))
     and store.s_store_name = 'ese') s7,
 (select count(*) h12_to_12_30
 from store_sales, household_demographics , time_dim, store
 where ss_sold_time_sk = time_dim.t_time_sk
     and ss_hdemo_sk = household_demographics.hd_demo_sk
     and ss_store_sk = s_store_sk
     and time_dim.t_hour = 12
     and time_dim.t_minute < 30
     and ((household_demographics.hd_dep_count = 3 and household_demographics.hd_vehicle_count<=3+2) or
          (household_demographics.hd_dep_count = 0 and household_demographics.hd_vehicle_count<=0+2) or
          (household_demographics.hd_dep_count = 1 and household_demographics.hd_vehicle_count<=1+2))
     and store.s_store_name = 'ese') s8
POSTHOOK: type: QUERY
STAGE DEPENDENCIES:
  Stage-5 is a root stage
  Stage-4 depends on stages: Stage-5
  Stage-3 depends on stages: Stage-4
  Stage-2 depends on stages: Stage-3, Stage-6, Stage-9, Stage-12, Stage-15, Stage-18, Stage-21
  Stage-26 depends on stages: Stage-2
  Stage-25 depends on stages: Stage-26
  Stage-24 depends on stages: Stage-25
  Stage-1 depends on stages: Stage-24
  Stage-8 is a root stage
  Stage-7 depends on stages: Stage-8
  Stage-6 depends on stages: Stage-7
  Stage-11 is a root stage
  Stage-10 depends on stages: Stage-11
  Stage-9 depends on stages: Stage-10
  Stage-14 is a root stage
  Stage-13 depends on stages: Stage-14
  Stage-12 depends on stages: Stage-13
  Stage-17 is a root stage
  Stage-16 depends on stages: Stage-17
  Stage-15 depends on stages: Stage-16
  Stage-20 is a root stage
  Stage-19 depends on stages: Stage-20
  Stage-18 depends on stages: Stage-19
  Stage-23 is a root stage
  Stage-22 depends on stages: Stage-23
  Stage-21 depends on stages: Stage-22
  Stage-0 depends on stages: Stage-1

STAGE PLANS:
  Stage: Stage-5
    Spark
#### A masked pattern was here ####
      Vertices:
        Map 7 
            Map Operator Tree:
                TableScan
                  alias: time_dim
                  filterExpr: ((t_hour = 12) and (t_minute < 30) and t_time_sk is not null) (type: boolean)
                  Statistics: Num rows: 86400 Data size: 1036800 Basic stats: COMPLETE Column stats: COMPLETE
                  Filter Operator
                    predicate: ((t_hour = 12) and (t_minute < 30) and t_time_sk is not null) (type: boolean)
                    Statistics: Num rows: 1515 Data size: 18180 Basic stats: COMPLETE Column stats: COMPLETE
                    Select Operator
                      expressions: t_time_sk (type: int)
                      outputColumnNames: _col0
                      Statistics: Num rows: 1515 Data size: 18180 Basic stats: COMPLETE Column stats: COMPLETE
                      Spark HashTable Sink Operator
                        keys:
                          0 _col0 (type: int)
                          1 _col0 (type: int)
            Execution mode: vectorized
            Local Work:
              Map Reduce Local Work

  Stage: Stage-4
    Spark
#### A masked pattern was here ####
      Vertices:
        Map 6 
            Map Operator Tree:
                TableScan
                  alias: store_sales
                  filterExpr: (ss_hdemo_sk is not null and ss_sold_time_sk is not null and ss_store_sk is not null) (type: boolean)
                  Statistics: Num rows: 575995635 Data size: 6600966584 Basic stats: COMPLETE Column stats: COMPLETE
                  Filter Operator
                    predicate: (ss_hdemo_sk is not null and ss_sold_time_sk is not null and ss_store_sk is not null) (type: boolean)
                    Statistics: Num rows: 501695814 Data size: 5749483336 Basic stats: COMPLETE Column stats: COMPLETE
                    Select Operator
                      expressions: ss_sold_time_sk (type: int), ss_hdemo_sk (type: int), ss_store_sk (type: int)
                      outputColumnNames: _col0, _col1, _col2
                      Statistics: Num rows: 501695814 Data size: 5749483336 Basic stats: COMPLETE Column stats: COMPLETE
                      Map Join Operator
                        condition map:
                             Inner Join 0 to 1
                        keys:
                          0 _col0 (type: int)
                          1 _col0 (type: int)
                        outputColumnNames: _col1, _col2
                        input vertices:
                          1 Map 7
                        Statistics: Num rows: 16240953 Data size: 8 Basic stats: COMPLETE Column stats: COMPLETE
                        Spark HashTable Sink Operator
                          keys:
                            0 _col1 (type: int)
                            1 _col0 (type: int)
            Execution mode: vectorized
            Local Work:
              Map Reduce Local Work

  Stage: Stage-3
    Spark
#### A masked pattern was here ####
      Vertices:
        Map 8 
            Map Operator Tree:
                TableScan
                  alias: household_demographics
                  filterExpr: ((((hd_dep_count = 3) and (hd_vehicle_count <= 5)) or ((hd_dep_count = 0) and (hd_vehicle_count <= 2)) or ((hd_dep_count = 1) and (hd_vehicle_count <= 3))) and hd_demo_sk is not null) (type: boolean)
                  Statistics: Num rows: 7200 Data size: 86400 Basic stats: COMPLETE Column stats: COMPLETE
                  Filter Operator
                    predicate: ((((hd_dep_count = 3) and (hd_vehicle_count <= 5)) or ((hd_dep_count = 0) and (hd_vehicle_count <= 2)) or ((hd_dep_count = 1) and (hd_vehicle_count <= 3))) and hd_demo_sk is not null) (type: boolean)
                    Statistics: Num rows: 1091 Data size: 13092 Basic stats: COMPLETE Column stats: COMPLETE
                    Select Operator
                      expressions: hd_demo_sk (type: int)
                      outputColumnNames: _col0
                      Statistics: Num rows: 1091 Data size: 13092 Basic stats: COMPLETE Column stats: COMPLETE
                      Map Join Operator
                        condition map:
                             Inner Join 0 to 1
                        keys:
                          0 _col1 (type: int)
                          1 _col0 (type: int)
                        outputColumnNames: _col2
                        input vertices:
                          0 Map 6
                        Statistics: Num rows: 2460956 Data size: 4 Basic stats: COMPLETE Column stats: COMPLETE
                        Spark HashTable Sink Operator
                          keys:
                            0 _col2 (type: int)
                            1 _col0 (type: int)
            Execution mode: vectorized
            Local Work:
              Map Reduce Local Work

  Stage: Stage-2
    Spark
      Edges:
        Reducer 10 <- Map 9 (GROUP, 1)
        Reducer 15 <- Map 14 (GROUP, 1)
        Reducer 20 <- Map 19 (GROUP, 1)
        Reducer 25 <- Map 24 (GROUP, 1)
        Reducer 30 <- Map 29 (GROUP, 1)
        Reducer 35 <- Map 34 (GROUP, 1)
        Reducer 40 <- Map 39 (GROUP, 1)
#### A masked pattern was here ####
      Vertices:
        Map 14 
            Map Operator Tree:
                TableScan
                  alias: store
                  filterExpr: ((s_store_name = 'ese') and s_store_sk is not null) (type: boolean)
                  Statistics: Num rows: 1704 Data size: 156768 Basic stats: COMPLETE Column stats: COMPLETE
                  Filter Operator
                    predicate: ((s_store_name = 'ese') and s_store_sk is not null) (type: boolean)
                    Statistics: Num rows: 155 Data size: 14260 Basic stats: COMPLETE Column stats: COMPLETE
                    Select Operator
                      expressions: s_store_sk (type: int)
                      outputColumnNames: _col0
                      Statistics: Num rows: 155 Data size: 14105 Basic stats: COMPLETE Column stats: COMPLETE
                      Map Join Operator
                        condition map:
                             Inner Join 0 to 1
                        keys:
                          0 _col2 (type: int)
                          1 _col0 (type: int)
                        input vertices:
                          0 Map 13
                        Statistics: Num rows: 1806751 Data size: 14454008 Basic stats: COMPLETE Column stats: COMPLETE
                        Group By Operator
                          aggregations: count()
                          mode: hash
                          outputColumnNames: _col0
                          Statistics: Num rows: 1 Data size: 8 Basic stats: COMPLETE Column stats: COMPLETE
                          Reduce Output Operator
                            sort order: 
                            Statistics: Num rows: 1 Data size: 8 Basic stats: COMPLETE Column stats: COMPLETE
                            value expressions: _col0 (type: bigint)
            Execution mode: vectorized
            Local Work:
              Map Reduce Local Work
        Map 19 
            Map Operator Tree:
                TableScan
                  alias: store
                  filterExpr: ((s_store_name = 'ese') and s_store_sk is not null) (type: boolean)
                  Statistics: Num rows: 1704 Data size: 156768 Basic stats: COMPLETE Column stats: COMPLETE
                  Filter Operator
                    predicate: ((s_store_name = 'ese') and s_store_sk is not null) (type: boolean)
                    Statistics: Num rows: 155 Data size: 14260 Basic stats: COMPLETE Column stats: COMPLETE
                    Select Operator
                      expressions: s_store_sk (type: int)
                      outputColumnNames: _col0
                      Statistics: Num rows: 155 Data size: 14105 Basic stats: COMPLETE Column stats: COMPLETE
                      Map Join Operator
                        condition map:
                             Inner Join 0 to 1
                        keys:
                          0 _col2 (type: int)
                          1 _col0 (type: int)
                        input vertices:
                          0 Map 18
                        Statistics: Num rows: 1806751 Data size: 14454008 Basic stats: COMPLETE Column stats: COMPLETE
                        Group By Operator
                          aggregations: count()
                          mode: hash
                          outputColumnNames: _col0
                          Statistics: Num rows: 1 Data size: 8 Basic stats: COMPLETE Column stats: COMPLETE
                          Reduce Output Operator
                            sort order: 
                            Statistics: Num rows: 1 Data size: 8 Basic stats: COMPLETE Column stats: COMPLETE
                            value expressions: _col0 (type: bigint)
            Execution mode: vectorized
            Local Work:
              Map Reduce Local Work
        Map 24 
            Map Operator Tree:
                TableScan
                  alias: store
                  filterExpr: ((s_store_name = 'ese') and s_store_sk is not null) (type: boolean)
                  Statistics: Num rows: 1704 Data size: 156768 Basic stats: COMPLETE Column stats: COMPLETE
                  Filter Operator
                    predicate: ((s_store_name = 'ese') and s_store_sk is not null) (type: boolean)
                    Statistics: Num rows: 155 Data size: 14260 Basic stats: COMPLETE Column stats: COMPLETE
                    Select Operator
                      expressions: s_store_sk (type: int)
                      outputColumnNames: _col0
                      Statistics: Num rows: 155 Data size: 14105 Basic stats: COMPLETE Column stats: COMPLETE
                      Map Join Operator
                        condition map:
                             Inner Join 0 to 1
                        keys:
                          0 _col2 (type: int)
                          1 _col0 (type: int)
                        input vertices:
                          0 Map 23
                        Statistics: Num rows: 1806751 Data size: 14454008 Basic stats: COMPLETE Column stats: COMPLETE
                        Group By Operator
                          aggregations: count()
                          mode: hash
                          outputColumnNames: _col0
                          Statistics: Num rows: 1 Data size: 8 Basic stats: COMPLETE Column stats: COMPLETE
                          Reduce Output Operator
                            sort order: 
                            Statistics: Num rows: 1 Data size: 8 Basic stats: COMPLETE Column stats: COMPLETE
                            value expressions: _col0 (type: bigint)
            Execution mode: vectorized
            Local Work:
              Map Reduce Local Work
        Map 29 
            Map Operator Tree:
                TableScan
                  alias: store
                  filterExpr: ((s_store_name = 'ese') and s_store_sk is not null) (type: boolean)
                  Statistics: Num rows: 1704 Data size: 156768 Basic stats: COMPLETE Column stats: COMPLETE
                  Filter Operator
                    predicate: ((s_store_name = 'ese') and s_store_sk is not null) (type: boolean)
                    Statistics: Num rows: 155 Data size: 14260 Basic stats: COMPLETE Column stats: COMPLETE
                    Select Operator
                      expressions: s_store_sk (type: int)
                      outputColumnNames: _col0
                      Statistics: Num rows: 155 Data size: 14105 Basic stats: COMPLETE Column stats: COMPLETE
                      Map Join Operator
                        condition map:
                             Inner Join 0 to 1
                        keys:
                          0 _col2 (type: int)
                          1 _col0 (type: int)
                        input vertices:
                          0 Map 28
                        Statistics: Num rows: 1806751 Data size: 14454008 Basic stats: COMPLETE Column stats: COMPLETE
                        Group By Operator
                          aggregations: count()
                          mode: hash
                          outputColumnNames: _col0
                          Statistics: Num rows: 1 Data size: 8 Basic stats: COMPLETE Column stats: COMPLETE
                          Reduce Output Operator
                            sort order: 
                            Statistics: Num rows: 1 Data size: 8 Basic stats: COMPLETE Column stats: COMPLETE
                            value expressions: _col0 (type: bigint)
            Execution mode: vectorized
            Local Work:
              Map Reduce Local Work
        Map 34 
            Map Operator Tree:
                TableScan
                  alias: store
                  filterExpr: ((s_store_name = 'ese') and s_store_sk is not null) (type: boolean)
                  Statistics: Num rows: 1704 Data size: 156768 Basic stats: COMPLETE Column stats: COMPLETE
                  Filter Operator
                    predicate: ((s_store_name = 'ese') and s_store_sk is not null) (type: boolean)
                    Statistics: Num rows: 155 Data size: 14260 Basic stats: COMPLETE Column stats: COMPLETE
                    Select Operator
                      expressions: s_store_sk (type: int)
                      outputColumnNames: _col0
                      Statistics: Num rows: 155 Data size: 14105 Basic stats: COMPLETE Column stats: COMPLETE
                      Map Join Operator
                        condition map:
                             Inner Join 0 to 1
                        keys:
                          0 _col2 (type: int)
                          1 _col0 (type: int)
                        input vertices:
                          0 Map 33
                        Statistics: Num rows: 1806751 Data size: 14454008 Basic stats: COMPLETE Column stats: COMPLETE
                        Group By Operator
                          aggregations: count()
                          mode: hash
                          outputColumnNames: _col0
                          Statistics: Num rows: 1 Data size: 8 Basic stats: COMPLETE Column stats: COMPLETE
                          Reduce Output Operator
                            sort order: 
                            Statistics: Num rows: 1 Data size: 8 Basic stats: COMPLETE Column stats: COMPLETE
                            value expressions: _col0 (type: bigint)
            Execution mode: vectorized
            Local Work:
              Map Reduce Local Work
        Map 39 
            Map Operator Tree:
                TableScan
                  alias: store
                  filterExpr: ((s_store_name = 'ese') and s_store_sk is not null) (type: boolean)
                  Statistics: Num rows: 1704 Data size: 156768 Basic stats: COMPLETE Column stats: COMPLETE
                  Filter Operator
                    predicate: ((s_store_name = 'ese') and s_store_sk is not null) (type: boolean)
                    Statistics: Num rows: 155 Data size: 14260 Basic stats: COMPLETE Column stats: COMPLETE
                    Select Operator
                      expressions: s_store_sk (type: int)
                      outputColumnNames: _col0
                      Statistics: Num rows: 155 Data size: 14105 Basic stats: COMPLETE Column stats: COMPLETE
                      Map Join Operator
                        condition map:
                             Inner Join 0 to 1
                        keys:
                          0 _col2 (type: int)
                          1 _col0 (type: int)
                        input vertices:
                          0 Map 38
                        Statistics: Num rows: 1806751 Data size: 14454008 Basic stats: COMPLETE Column stats: COMPLETE
                        Group By Operator
                          aggregations: count()
                          mode: hash
                          outputColumnNames: _col0
                          Statistics: Num rows: 1 Data size: 8 Basic stats: COMPLETE Column stats: COMPLETE
                          Reduce Output Operator
                            sort order: 
                            Statistics: Num rows: 1 Data size: 8 Basic stats: COMPLETE Column stats: COMPLETE
                            value expressions: _col0 (type: bigint)
            Execution mode: vectorized
            Local Work:
              Map Reduce Local Work
        Map 9 
            Map Operator Tree:
                TableScan
                  alias: store
                  filterExpr: ((s_store_name = 'ese') and s_store_sk is not null) (type: boolean)
                  Statistics: Num rows: 1704 Data size: 156768 Basic stats: COMPLETE Column stats: COMPLETE
                  Filter Operator
                    predicate: ((s_store_name = 'ese') and s_store_sk is not null) (type: boolean)
                    Statistics: Num rows: 155 Data size: 14260 Basic stats: COMPLETE Column stats: COMPLETE
                    Select Operator
                      expressions: s_store_sk (type: int)
                      outputColumnNames: _col0
                      Statistics: Num rows: 155 Data size: 14105 Basic stats: COMPLETE Column stats: COMPLETE
                      Map Join Operator
                        condition map:
                             Inner Join 0 to 1
                        keys:
                          0 _col2 (type: int)
                          1 _col0 (type: int)
                        input vertices:
                          0 Map 8
                        Statistics: Num rows: 1806751 Data size: 14454008 Basic stats: COMPLETE Column stats: COMPLETE
                        Group By Operator
                          aggregations: count()
                          mode: hash
                          outputColumnNames: _col0
                          Statistics: Num rows: 1 Data size: 8 Basic stats: COMPLETE Column stats: COMPLETE
                          Reduce Output Operator
                            sort order: 
                            Statistics: Num rows: 1 Data size: 8 Basic stats: COMPLETE Column stats: COMPLETE
                            value expressions: _col0 (type: bigint)
            Execution mode: vectorized
            Local Work:
              Map Reduce Local Work
        Reducer 10 
            Execution mode: vectorized
            Local Work:
              Map Reduce Local Work
            Reduce Operator Tree:
              Group By Operator
                aggregations: count(VALUE._col0)
                mode: mergepartial
                outputColumnNames: _col0
                Statistics: Num rows: 1 Data size: 8 Basic stats: COMPLETE Column stats: COMPLETE
                Spark HashTable Sink Operator
                  keys:
                    0 
                    1 
                    2 
                    3 
                    4 
                    5 
                    6 
                    7 
        Reducer 15 
            Execution mode: vectorized
            Local Work:
              Map Reduce Local Work
            Reduce Operator Tree:
              Group By Operator
                aggregations: count(VALUE._col0)
                mode: mergepartial
                outputColumnNames: _col0
                Statistics: Num rows: 1 Data size: 8 Basic stats: COMPLETE Column stats: COMPLETE
                Spark HashTable Sink Operator
                  keys:
                    0 
                    1 
                    2 
                    3 
                    4 
                    5 
                    6 
                    7 
        Reducer 20 
            Execution mode: vectorized
            Local Work:
              Map Reduce Local Work
            Reduce Operator Tree:
              Group By Operator
                aggregations: count(VALUE._col0)
                mode: mergepartial
                outputColumnNames: _col0
                Statistics: Num rows: 1 Data size: 8 Basic stats: COMPLETE Column stats: COMPLETE
                Spark HashTable Sink Operator
                  keys:
                    0 
                    1 
                    2 
                    3 
                    4 
                    5 
                    6 
                    7 
        Reducer 25 
            Execution mode: vectorized
            Local Work:
              Map Reduce Local Work
            Reduce Operator Tree:
              Group By Operator
                aggregations: count(VALUE._col0)
                mode: mergepartial
                outputColumnNames: _col0
                Statistics: Num rows: 1 Data size: 8 Basic stats: COMPLETE Column stats: COMPLETE
                Spark HashTable Sink Operator
                  keys:
                    0 
                    1 
                    2 
                    3 
                    4 
                    5 
                    6 
                    7 
        Reducer 30 
            Execution mode: vectorized
            Local Work:
              Map Reduce Local Work
            Reduce Operator Tree:
              Group By Operator
                aggregations: count(VALUE._col0)
                mode: mergepartial
                outputColumnNames: _col0
                Statistics: Num rows: 1 Data size: 8 Basic stats: COMPLETE Column stats: COMPLETE
                Spark HashTable Sink Operator
                  keys:
                    0 
                    1 
                    2 
                    3 
                    4 
                    5 
                    6 
                    7 
        Reducer 35 
            Execution mode: vectorized
            Local Work:
              Map Reduce Local Work
            Reduce Operator Tree:
              Group By Operator
                aggregations: count(VALUE._col0)
                mode: mergepartial
                outputColumnNames: _col0
                Statistics: Num rows: 1 Data size: 8 Basic stats: COMPLETE Column stats: COMPLETE
                Spark HashTable Sink Operator
                  keys:
                    0 
                    1 
                    2 
                    3 
                    4 
                    5 
                    6 
                    7 
        Reducer 40 
            Execution mode: vectorized
            Local Work:
              Map Reduce Local Work
            Reduce Operator Tree:
              Group By Operator
                aggregations: count(VALUE._col0)
                mode: mergepartial
                outputColumnNames: _col0
                Statistics: Num rows: 1 Data size: 8 Basic stats: COMPLETE Column stats: COMPLETE
                Spark HashTable Sink Operator
                  keys:
                    0 
                    1 
                    2 
                    3 
                    4 
                    5 
                    6 
                    7 

  Stage: Stage-26
    Spark
#### A masked pattern was here ####
      Vertices:
        Map 2 
            Map Operator Tree:
                TableScan
                  alias: time_dim
                  filterExpr: ((t_hour = 8) and (t_minute >= 30) and t_time_sk is not null) (type: boolean)
                  Statistics: Num rows: 86400 Data size: 1036800 Basic stats: COMPLETE Column stats: COMPLETE
                  Filter Operator
                    predicate: ((t_hour = 8) and (t_minute >= 30) and t_time_sk is not null) (type: boolean)
                    Statistics: Num rows: 1515 Data size: 18180 Basic stats: COMPLETE Column stats: COMPLETE
                    Select Operator
                      expressions: t_time_sk (type: int)
                      outputColumnNames: _col0
                      Statistics: Num rows: 1515 Data size: 18180 Basic stats: COMPLETE Column stats: COMPLETE
                      Spark HashTable Sink Operator
                        keys:
                          0 _col0 (type: int)
                          1 _col0 (type: int)
            Execution mode: vectorized
            Local Work:
              Map Reduce Local Work

  Stage: Stage-25
    Spark
#### A masked pattern was here ####
      Vertices:
        Map 1 
            Map Operator Tree:
                TableScan
                  alias: store_sales
                  filterExpr: (ss_hdemo_sk is not null and ss_sold_time_sk is not null and ss_store_sk is not null) (type: boolean)
                  Statistics: Num rows: 575995635 Data size: 6600966584 Basic stats: COMPLETE Column stats: COMPLETE
                  Filter Operator
                    predicate: (ss_hdemo_sk is not null and ss_sold_time_sk is not null and ss_store_sk is not null) (type: boolean)
                    Statistics: Num rows: 501695814 Data size: 5749483336 Basic stats: COMPLETE Column stats: COMPLETE
                    Select Operator
                      expressions: ss_sold_time_sk (type: int), ss_hdemo_sk (type: int), ss_store_sk (type: int)
                      outputColumnNames: _col0, _col1, _col2
                      Statistics: Num rows: 501695814 Data size: 5749483336 Basic stats: COMPLETE Column stats: COMPLETE
                      Map Join Operator
                        condition map:
                             Inner Join 0 to 1
                        keys:
                          0 _col0 (type: int)
                          1 _col0 (type: int)
                        outputColumnNames: _col1, _col2
                        input vertices:
                          1 Map 2
                        Statistics: Num rows: 16240953 Data size: 8 Basic stats: COMPLETE Column stats: COMPLETE
                        Spark HashTable Sink Operator
                          keys:
                            0 _col1 (type: int)
                            1 _col0 (type: int)
            Execution mode: vectorized
            Local Work:
              Map Reduce Local Work

  Stage: Stage-24
    Spark
#### A masked pattern was here ####
      Vertices:
        Map 3 
            Map Operator Tree:
                TableScan
                  alias: household_demographics
                  filterExpr: ((((hd_dep_count = 3) and (hd_vehicle_count <= 5)) or ((hd_dep_count = 0) and (hd_vehicle_count <= 2)) or ((hd_dep_count = 1) and (hd_vehicle_count <= 3))) and hd_demo_sk is not null) (type: boolean)
                  Statistics: Num rows: 7200 Data size: 86400 Basic stats: COMPLETE Column stats: COMPLETE
                  Filter Operator
                    predicate: ((((hd_dep_count = 3) and (hd_vehicle_count <= 5)) or ((hd_dep_count = 0) and (hd_vehicle_count <= 2)) or ((hd_dep_count = 1) and (hd_vehicle_count <= 3))) and hd_demo_sk is not null) (type: boolean)
                    Statistics: Num rows: 1091 Data size: 13092 Basic stats: COMPLETE Column stats: COMPLETE
                    Select Operator
                      expressions: hd_demo_sk (type: int)
                      outputColumnNames: _col0
                      Statistics: Num rows: 1091 Data size: 13092 Basic stats: COMPLETE Column stats: COMPLETE
                      Map Join Operator
                        condition map:
                             Inner Join 0 to 1
                        keys:
                          0 _col1 (type: int)
                          1 _col0 (type: int)
                        outputColumnNames: _col2
                        input vertices:
                          0 Map 1
                        Statistics: Num rows: 2460956 Data size: 4 Basic stats: COMPLETE Column stats: COMPLETE
                        Spark HashTable Sink Operator
                          keys:
                            0 _col2 (type: int)
                            1 _col0 (type: int)
            Execution mode: vectorized
            Local Work:
              Map Reduce Local Work

  Stage: Stage-1
    Spark
      Edges:
        Reducer 5 <- Map 4 (GROUP, 1)
#### A masked pattern was here ####
      Vertices:
        Map 4 
            Map Operator Tree:
                TableScan
                  alias: store
                  filterExpr: ((s_store_name = 'ese') and s_store_sk is not null) (type: boolean)
                  Statistics: Num rows: 1704 Data size: 156768 Basic stats: COMPLETE Column stats: COMPLETE
                  Filter Operator
                    predicate: ((s_store_name = 'ese') and s_store_sk is not null) (type: boolean)
                    Statistics: Num rows: 155 Data size: 14260 Basic stats: COMPLETE Column stats: COMPLETE
                    Select Operator
                      expressions: s_store_sk (type: int)
                      outputColumnNames: _col0
                      Statistics: Num rows: 155 Data size: 14105 Basic stats: COMPLETE Column stats: COMPLETE
                      Map Join Operator
                        condition map:
                             Inner Join 0 to 1
                        keys:
                          0 _col2 (type: int)
                          1 _col0 (type: int)
                        input vertices:
                          0 Map 3
                        Statistics: Num rows: 1806751 Data size: 14454008 Basic stats: COMPLETE Column stats: COMPLETE
                        Group By Operator
                          aggregations: count()
                          mode: hash
                          outputColumnNames: _col0
                          Statistics: Num rows: 1 Data size: 8 Basic stats: COMPLETE Column stats: COMPLETE
                          Reduce Output Operator
                            sort order: 
                            Statistics: Num rows: 1 Data size: 8 Basic stats: COMPLETE Column stats: COMPLETE
                            value expressions: _col0 (type: bigint)
            Execution mode: vectorized
            Local Work:
              Map Reduce Local Work
        Reducer 5 
            Execution mode: vectorized
            Local Work:
              Map Reduce Local Work
            Reduce Operator Tree:
              Group By Operator
                aggregations: count(VALUE._col0)
                mode: mergepartial
                outputColumnNames: _col0
                Statistics: Num rows: 1 Data size: 8 Basic stats: COMPLETE Column stats: COMPLETE
                Map Join Operator
                  condition map:
                       Inner Join 0 to 1
                       Inner Join 0 to 2
                       Inner Join 0 to 3
                       Inner Join 0 to 4
                       Inner Join 0 to 5
                       Inner Join 0 to 6
                       Inner Join 0 to 7
                  keys:
                    0 
                    1 
                    2 
                    3 
                    4 
                    5 
                    6 
                    7 
                  outputColumnNames: _col0, _col1, _col2, _col3, _col4, _col5, _col6, _col7
                  input vertices:
                    1 Reducer 10
                    2 Reducer 15
                    3 Reducer 20
                    4 Reducer 25
                    5 Reducer 30
                    6 Reducer 35
                    7 Reducer 40
                  Statistics: Num rows: 1 Data size: 64 Basic stats: COMPLETE Column stats: COMPLETE
                  Select Operator
                    expressions: _col0 (type: bigint), _col7 (type: bigint), _col6 (type: bigint), _col5 (type: bigint), _col4 (type: bigint), _col3 (type: bigint), _col2 (type: bigint), _col1 (type: bigint)
                    outputColumnNames: _col0, _col1, _col2, _col3, _col4, _col5, _col6, _col7
                    Statistics: Num rows: 1 Data size: 64 Basic stats: COMPLETE Column stats: COMPLETE
                    File Output Operator
                      compressed: false
                      Statistics: Num rows: 1 Data size: 64 Basic stats: COMPLETE Column stats: COMPLETE
                      table:
                          input format: org.apache.hadoop.mapred.SequenceFileInputFormat
                          output format: org.apache.hadoop.hive.ql.io.HiveSequenceFileOutputFormat
                          serde: org.apache.hadoop.hive.serde2.lazy.LazySimpleSerDe

  Stage: Stage-8
    Spark
#### A masked pattern was here ####
      Vertices:
        Map 12 
            Map Operator Tree:
                TableScan
                  alias: time_dim
                  filterExpr: ((t_hour = 11) and (t_minute >= 30) and t_time_sk is not null) (type: boolean)
                  Statistics: Num rows: 86400 Data size: 1036800 Basic stats: COMPLETE Column stats: COMPLETE
                  Filter Operator
                    predicate: ((t_hour = 11) and (t_minute >= 30) and t_time_sk is not null) (type: boolean)
                    Statistics: Num rows: 1515 Data size: 18180 Basic stats: COMPLETE Column stats: COMPLETE
                    Select Operator
                      expressions: t_time_sk (type: int)
                      outputColumnNames: _col0
                      Statistics: Num rows: 1515 Data size: 18180 Basic stats: COMPLETE Column stats: COMPLETE
                      Spark HashTable Sink Operator
                        keys:
                          0 _col0 (type: int)
                          1 _col0 (type: int)
            Execution mode: vectorized
            Local Work:
              Map Reduce Local Work

  Stage: Stage-7
    Spark
#### A masked pattern was here ####
      Vertices:
        Map 11 
            Map Operator Tree:
                TableScan
                  alias: store_sales
                  filterExpr: (ss_hdemo_sk is not null and ss_sold_time_sk is not null and ss_store_sk is not null) (type: boolean)
                  Statistics: Num rows: 575995635 Data size: 6600966584 Basic stats: COMPLETE Column stats: COMPLETE
                  Filter Operator
                    predicate: (ss_hdemo_sk is not null and ss_sold_time_sk is not null and ss_store_sk is not null) (type: boolean)
                    Statistics: Num rows: 501695814 Data size: 5749483336 Basic stats: COMPLETE Column stats: COMPLETE
                    Select Operator
                      expressions: ss_sold_time_sk (type: int), ss_hdemo_sk (type: int), ss_store_sk (type: int)
                      outputColumnNames: _col0, _col1, _col2
                      Statistics: Num rows: 501695814 Data size: 5749483336 Basic stats: COMPLETE Column stats: COMPLETE
                      Map Join Operator
                        condition map:
                             Inner Join 0 to 1
                        keys:
                          0 _col0 (type: int)
                          1 _col0 (type: int)
                        outputColumnNames: _col1, _col2
                        input vertices:
                          1 Map 12
                        Statistics: Num rows: 16240953 Data size: 8 Basic stats: COMPLETE Column stats: COMPLETE
                        Spark HashTable Sink Operator
                          keys:
                            0 _col1 (type: int)
                            1 _col0 (type: int)
            Execution mode: vectorized
            Local Work:
              Map Reduce Local Work

  Stage: Stage-6
    Spark
#### A masked pattern was here ####
      Vertices:
        Map 13 
            Map Operator Tree:
                TableScan
                  alias: household_demographics
                  filterExpr: ((((hd_dep_count = 3) and (hd_vehicle_count <= 5)) or ((hd_dep_count = 0) and (hd_vehicle_count <= 2)) or ((hd_dep_count = 1) and (hd_vehicle_count <= 3))) and hd_demo_sk is not null) (type: boolean)
                  Statistics: Num rows: 7200 Data size: 86400 Basic stats: COMPLETE Column stats: COMPLETE
                  Filter Operator
                    predicate: ((((hd_dep_count = 3) and (hd_vehicle_count <= 5)) or ((hd_dep_count = 0) and (hd_vehicle_count <= 2)) or ((hd_dep_count = 1) and (hd_vehicle_count <= 3))) and hd_demo_sk is not null) (type: boolean)
                    Statistics: Num rows: 1091 Data size: 13092 Basic stats: COMPLETE Column stats: COMPLETE
                    Select Operator
                      expressions: hd_demo_sk (type: int)
                      outputColumnNames: _col0
                      Statistics: Num rows: 1091 Data size: 13092 Basic stats: COMPLETE Column stats: COMPLETE
                      Map Join Operator
                        condition map:
                             Inner Join 0 to 1
                        keys:
                          0 _col1 (type: int)
                          1 _col0 (type: int)
                        outputColumnNames: _col2
                        input vertices:
                          0 Map 11
                        Statistics: Num rows: 2460956 Data size: 4 Basic stats: COMPLETE Column stats: COMPLETE
                        Spark HashTable Sink Operator
                          keys:
                            0 _col2 (type: int)
                            1 _col0 (type: int)
            Execution mode: vectorized
            Local Work:
              Map Reduce Local Work

  Stage: Stage-11
    Spark
#### A masked pattern was here ####
      Vertices:
        Map 17 
            Map Operator Tree:
                TableScan
                  alias: time_dim
                  filterExpr: ((t_hour = 11) and (t_minute < 30) and t_time_sk is not null) (type: boolean)
                  Statistics: Num rows: 86400 Data size: 1036800 Basic stats: COMPLETE Column stats: COMPLETE
                  Filter Operator
                    predicate: ((t_hour = 11) and (t_minute < 30) and t_time_sk is not null) (type: boolean)
                    Statistics: Num rows: 1515 Data size: 18180 Basic stats: COMPLETE Column stats: COMPLETE
                    Select Operator
                      expressions: t_time_sk (type: int)
                      outputColumnNames: _col0
                      Statistics: Num rows: 1515 Data size: 18180 Basic stats: COMPLETE Column stats: COMPLETE
                      Spark HashTable Sink Operator
                        keys:
                          0 _col0 (type: int)
                          1 _col0 (type: int)
            Execution mode: vectorized
            Local Work:
              Map Reduce Local Work

  Stage: Stage-10
    Spark
#### A masked pattern was here ####
      Vertices:
        Map 16 
            Map Operator Tree:
                TableScan
                  alias: store_sales
                  filterExpr: (ss_hdemo_sk is not null and ss_sold_time_sk is not null and ss_store_sk is not null) (type: boolean)
                  Statistics: Num rows: 575995635 Data size: 6600966584 Basic stats: COMPLETE Column stats: COMPLETE
                  Filter Operator
                    predicate: (ss_hdemo_sk is not null and ss_sold_time_sk is not null and ss_store_sk is not null) (type: boolean)
                    Statistics: Num rows: 501695814 Data size: 5749483336 Basic stats: COMPLETE Column stats: COMPLETE
                    Select Operator
                      expressions: ss_sold_time_sk (type: int), ss_hdemo_sk (type: int), ss_store_sk (type: int)
                      outputColumnNames: _col0, _col1, _col2
                      Statistics: Num rows: 501695814 Data size: 5749483336 Basic stats: COMPLETE Column stats: COMPLETE
                      Map Join Operator
                        condition map:
                             Inner Join 0 to 1
                        keys:
                          0 _col0 (type: int)
                          1 _col0 (type: int)
                        outputColumnNames: _col1, _col2
                        input vertices:
                          1 Map 17
                        Statistics: Num rows: 16240953 Data size: 8 Basic stats: COMPLETE Column stats: COMPLETE
                        Spark HashTable Sink Operator
                          keys:
                            0 _col1 (type: int)
                            1 _col0 (type: int)
            Execution mode: vectorized
            Local Work:
              Map Reduce Local Work

  Stage: Stage-9
    Spark
#### A masked pattern was here ####
      Vertices:
        Map 18 
            Map Operator Tree:
                TableScan
                  alias: household_demographics
                  filterExpr: ((((hd_dep_count = 3) and (hd_vehicle_count <= 5)) or ((hd_dep_count = 0) and (hd_vehicle_count <= 2)) or ((hd_dep_count = 1) and (hd_vehicle_count <= 3))) and hd_demo_sk is not null) (type: boolean)
                  Statistics: Num rows: 7200 Data size: 86400 Basic stats: COMPLETE Column stats: COMPLETE
                  Filter Operator
                    predicate: ((((hd_dep_count = 3) and (hd_vehicle_count <= 5)) or ((hd_dep_count = 0) and (hd_vehicle_count <= 2)) or ((hd_dep_count = 1) and (hd_vehicle_count <= 3))) and hd_demo_sk is not null) (type: boolean)
                    Statistics: Num rows: 1091 Data size: 13092 Basic stats: COMPLETE Column stats: COMPLETE
                    Select Operator
                      expressions: hd_demo_sk (type: int)
                      outputColumnNames: _col0
                      Statistics: Num rows: 1091 Data size: 13092 Basic stats: COMPLETE Column stats: COMPLETE
                      Map Join Operator
                        condition map:
                             Inner Join 0 to 1
                        keys:
                          0 _col1 (type: int)
                          1 _col0 (type: int)
                        outputColumnNames: _col2
                        input vertices:
                          0 Map 16
                        Statistics: Num rows: 2460956 Data size: 4 Basic stats: COMPLETE Column stats: COMPLETE
                        Spark HashTable Sink Operator
                          keys:
                            0 _col2 (type: int)
                            1 _col0 (type: int)
            Execution mode: vectorized
            Local Work:
              Map Reduce Local Work

  Stage: Stage-14
    Spark
#### A masked pattern was here ####
      Vertices:
        Map 22 
            Map Operator Tree:
                TableScan
                  alias: time_dim
                  filterExpr: ((t_hour = 10) and (t_minute >= 30) and t_time_sk is not null) (type: boolean)
                  Statistics: Num rows: 86400 Data size: 1036800 Basic stats: COMPLETE Column stats: COMPLETE
                  Filter Operator
                    predicate: ((t_hour = 10) and (t_minute >= 30) and t_time_sk is not null) (type: boolean)
                    Statistics: Num rows: 1515 Data size: 18180 Basic stats: COMPLETE Column stats: COMPLETE
                    Select Operator
                      expressions: t_time_sk (type: int)
                      outputColumnNames: _col0
                      Statistics: Num rows: 1515 Data size: 18180 Basic stats: COMPLETE Column stats: COMPLETE
                      Spark HashTable Sink Operator
                        keys:
                          0 _col0 (type: int)
                          1 _col0 (type: int)
            Execution mode: vectorized
            Local Work:
              Map Reduce Local Work

  Stage: Stage-13
    Spark
#### A masked pattern was here ####
      Vertices:
        Map 21 
            Map Operator Tree:
                TableScan
                  alias: store_sales
                  filterExpr: (ss_hdemo_sk is not null and ss_sold_time_sk is not null and ss_store_sk is not null) (type: boolean)
                  Statistics: Num rows: 575995635 Data size: 6600966584 Basic stats: COMPLETE Column stats: COMPLETE
                  Filter Operator
                    predicate: (ss_hdemo_sk is not null and ss_sold_time_sk is not null and ss_store_sk is not null) (type: boolean)
                    Statistics: Num rows: 501695814 Data size: 5749483336 Basic stats: COMPLETE Column stats: COMPLETE
                    Select Operator
                      expressions: ss_sold_time_sk (type: int), ss_hdemo_sk (type: int), ss_store_sk (type: int)
                      outputColumnNames: _col0, _col1, _col2
                      Statistics: Num rows: 501695814 Data size: 5749483336 Basic stats: COMPLETE Column stats: COMPLETE
                      Map Join Operator
                        condition map:
                             Inner Join 0 to 1
                        keys:
                          0 _col0 (type: int)
                          1 _col0 (type: int)
                        outputColumnNames: _col1, _col2
                        input vertices:
                          1 Map 22
                        Statistics: Num rows: 16240953 Data size: 8 Basic stats: COMPLETE Column stats: COMPLETE
                        Spark HashTable Sink Operator
                          keys:
                            0 _col1 (type: int)
                            1 _col0 (type: int)
            Execution mode: vectorized
            Local Work:
              Map Reduce Local Work

  Stage: Stage-12
    Spark
#### A masked pattern was here ####
      Vertices:
        Map 23 
            Map Operator Tree:
                TableScan
                  alias: household_demographics
                  filterExpr: ((((hd_dep_count = 3) and (hd_vehicle_count <= 5)) or ((hd_dep_count = 0) and (hd_vehicle_count <= 2)) or ((hd_dep_count = 1) and (hd_vehicle_count <= 3))) and hd_demo_sk is not null) (type: boolean)
                  Statistics: Num rows: 7200 Data size: 86400 Basic stats: COMPLETE Column stats: COMPLETE
                  Filter Operator
                    predicate: ((((hd_dep_count = 3) and (hd_vehicle_count <= 5)) or ((hd_dep_count = 0) and (hd_vehicle_count <= 2)) or ((hd_dep_count = 1) and (hd_vehicle_count <= 3))) and hd_demo_sk is not null) (type: boolean)
                    Statistics: Num rows: 1091 Data size: 13092 Basic stats: COMPLETE Column stats: COMPLETE
                    Select Operator
                      expressions: hd_demo_sk (type: int)
                      outputColumnNames: _col0
                      Statistics: Num rows: 1091 Data size: 13092 Basic stats: COMPLETE Column stats: COMPLETE
                      Map Join Operator
                        condition map:
                             Inner Join 0 to 1
                        keys:
                          0 _col1 (type: int)
                          1 _col0 (type: int)
                        outputColumnNames: _col2
                        input vertices:
                          0 Map 21
                        Statistics: Num rows: 2460956 Data size: 4 Basic stats: COMPLETE Column stats: COMPLETE
                        Spark HashTable Sink Operator
                          keys:
                            0 _col2 (type: int)
                            1 _col0 (type: int)
            Execution mode: vectorized
            Local Work:
              Map Reduce Local Work

  Stage: Stage-17
    Spark
#### A masked pattern was here ####
      Vertices:
        Map 27 
            Map Operator Tree:
                TableScan
                  alias: time_dim
                  filterExpr: ((t_hour = 10) and (t_minute < 30) and t_time_sk is not null) (type: boolean)
                  Statistics: Num rows: 86400 Data size: 1036800 Basic stats: COMPLETE Column stats: COMPLETE
                  Filter Operator
                    predicate: ((t_hour = 10) and (t_minute < 30) and t_time_sk is not null) (type: boolean)
                    Statistics: Num rows: 1515 Data size: 18180 Basic stats: COMPLETE Column stats: COMPLETE
                    Select Operator
                      expressions: t_time_sk (type: int)
                      outputColumnNames: _col0
                      Statistics: Num rows: 1515 Data size: 18180 Basic stats: COMPLETE Column stats: COMPLETE
                      Spark HashTable Sink Operator
                        keys:
                          0 _col0 (type: int)
                          1 _col0 (type: int)
            Execution mode: vectorized
            Local Work:
              Map Reduce Local Work

  Stage: Stage-16
    Spark
#### A masked pattern was here ####
      Vertices:
        Map 26 
            Map Operator Tree:
                TableScan
                  alias: store_sales
                  filterExpr: (ss_hdemo_sk is not null and ss_sold_time_sk is not null and ss_store_sk is not null) (type: boolean)
                  Statistics: Num rows: 575995635 Data size: 6600966584 Basic stats: COMPLETE Column stats: COMPLETE
                  Filter Operator
                    predicate: (ss_hdemo_sk is not null and ss_sold_time_sk is not null and ss_store_sk is not null) (type: boolean)
                    Statistics: Num rows: 501695814 Data size: 5749483336 Basic stats: COMPLETE Column stats: COMPLETE
                    Select Operator
                      expressions: ss_sold_time_sk (type: int), ss_hdemo_sk (type: int), ss_store_sk (type: int)
                      outputColumnNames: _col0, _col1, _col2
                      Statistics: Num rows: 501695814 Data size: 5749483336 Basic stats: COMPLETE Column stats: COMPLETE
                      Map Join Operator
                        condition map:
                             Inner Join 0 to 1
                        keys:
                          0 _col0 (type: int)
                          1 _col0 (type: int)
                        outputColumnNames: _col1, _col2
                        input vertices:
                          1 Map 27
                        Statistics: Num rows: 16240953 Data size: 8 Basic stats: COMPLETE Column stats: COMPLETE
                        Spark HashTable Sink Operator
                          keys:
                            0 _col1 (type: int)
                            1 _col0 (type: int)
            Execution mode: vectorized
            Local Work:
              Map Reduce Local Work

  Stage: Stage-15
    Spark
#### A masked pattern was here ####
      Vertices:
        Map 28 
            Map Operator Tree:
                TableScan
                  alias: household_demographics
                  filterExpr: ((((hd_dep_count = 3) and (hd_vehicle_count <= 5)) or ((hd_dep_count = 0) and (hd_vehicle_count <= 2)) or ((hd_dep_count = 1) and (hd_vehicle_count <= 3))) and hd_demo_sk is not null) (type: boolean)
                  Statistics: Num rows: 7200 Data size: 86400 Basic stats: COMPLETE Column stats: COMPLETE
                  Filter Operator
                    predicate: ((((hd_dep_count = 3) and (hd_vehicle_count <= 5)) or ((hd_dep_count = 0) and (hd_vehicle_count <= 2)) or ((hd_dep_count = 1) and (hd_vehicle_count <= 3))) and hd_demo_sk is not null) (type: boolean)
                    Statistics: Num rows: 1091 Data size: 13092 Basic stats: COMPLETE Column stats: COMPLETE
                    Select Operator
                      expressions: hd_demo_sk (type: int)
                      outputColumnNames: _col0
                      Statistics: Num rows: 1091 Data size: 13092 Basic stats: COMPLETE Column stats: COMPLETE
                      Map Join Operator
                        condition map:
                             Inner Join 0 to 1
                        keys:
                          0 _col1 (type: int)
                          1 _col0 (type: int)
                        outputColumnNames: _col2
                        input vertices:
                          0 Map 26
                        Statistics: Num rows: 2460956 Data size: 4 Basic stats: COMPLETE Column stats: COMPLETE
                        Spark HashTable Sink Operator
                          keys:
                            0 _col2 (type: int)
                            1 _col0 (type: int)
            Execution mode: vectorized
            Local Work:
              Map Reduce Local Work

  Stage: Stage-20
    Spark
#### A masked pattern was here ####
      Vertices:
        Map 32 
            Map Operator Tree:
                TableScan
                  alias: time_dim
                  filterExpr: ((t_hour = 9) and (t_minute >= 30) and t_time_sk is not null) (type: boolean)
                  Statistics: Num rows: 86400 Data size: 1036800 Basic stats: COMPLETE Column stats: COMPLETE
                  Filter Operator
                    predicate: ((t_hour = 9) and (t_minute >= 30) and t_time_sk is not null) (type: boolean)
                    Statistics: Num rows: 1515 Data size: 18180 Basic stats: COMPLETE Column stats: COMPLETE
                    Select Operator
                      expressions: t_time_sk (type: int)
                      outputColumnNames: _col0
                      Statistics: Num rows: 1515 Data size: 18180 Basic stats: COMPLETE Column stats: COMPLETE
                      Spark HashTable Sink Operator
                        keys:
                          0 _col0 (type: int)
                          1 _col0 (type: int)
            Execution mode: vectorized
            Local Work:
              Map Reduce Local Work

  Stage: Stage-19
    Spark
#### A masked pattern was here ####
      Vertices:
        Map 31 
            Map Operator Tree:
                TableScan
                  alias: store_sales
                  filterExpr: (ss_hdemo_sk is not null and ss_sold_time_sk is not null and ss_store_sk is not null) (type: boolean)
                  Statistics: Num rows: 575995635 Data size: 6600966584 Basic stats: COMPLETE Column stats: COMPLETE
                  Filter Operator
                    predicate: (ss_hdemo_sk is not null and ss_sold_time_sk is not null and ss_store_sk is not null) (type: boolean)
                    Statistics: Num rows: 501695814 Data size: 5749483336 Basic stats: COMPLETE Column stats: COMPLETE
                    Select Operator
                      expressions: ss_sold_time_sk (type: int), ss_hdemo_sk (type: int), ss_store_sk (type: int)
                      outputColumnNames: _col0, _col1, _col2
                      Statistics: Num rows: 501695814 Data size: 5749483336 Basic stats: COMPLETE Column stats: COMPLETE
                      Map Join Operator
                        condition map:
                             Inner Join 0 to 1
                        keys:
                          0 _col0 (type: int)
                          1 _col0 (type: int)
                        outputColumnNames: _col1, _col2
                        input vertices:
                          1 Map 32
                        Statistics: Num rows: 16240953 Data size: 8 Basic stats: COMPLETE Column stats: COMPLETE
                        Spark HashTable Sink Operator
                          keys:
                            0 _col1 (type: int)
                            1 _col0 (type: int)
            Execution mode: vectorized
            Local Work:
              Map Reduce Local Work

  Stage: Stage-18
    Spark
#### A masked pattern was here ####
      Vertices:
        Map 33 
            Map Operator Tree:
                TableScan
                  alias: household_demographics
                  filterExpr: ((((hd_dep_count = 3) and (hd_vehicle_count <= 5)) or ((hd_dep_count = 0) and (hd_vehicle_count <= 2)) or ((hd_dep_count = 1) and (hd_vehicle_count <= 3))) and hd_demo_sk is not null) (type: boolean)
                  Statistics: Num rows: 7200 Data size: 86400 Basic stats: COMPLETE Column stats: COMPLETE
                  Filter Operator
                    predicate: ((((hd_dep_count = 3) and (hd_vehicle_count <= 5)) or ((hd_dep_count = 0) and (hd_vehicle_count <= 2)) or ((hd_dep_count = 1) and (hd_vehicle_count <= 3))) and hd_demo_sk is not null) (type: boolean)
                    Statistics: Num rows: 1091 Data size: 13092 Basic stats: COMPLETE Column stats: COMPLETE
                    Select Operator
                      expressions: hd_demo_sk (type: int)
                      outputColumnNames: _col0
                      Statistics: Num rows: 1091 Data size: 13092 Basic stats: COMPLETE Column stats: COMPLETE
                      Map Join Operator
                        condition map:
                             Inner Join 0 to 1
                        keys:
                          0 _col1 (type: int)
                          1 _col0 (type: int)
                        outputColumnNames: _col2
                        input vertices:
                          0 Map 31
                        Statistics: Num rows: 2460956 Data size: 4 Basic stats: COMPLETE Column stats: COMPLETE
                        Spark HashTable Sink Operator
                          keys:
                            0 _col2 (type: int)
                            1 _col0 (type: int)
            Execution mode: vectorized
            Local Work:
              Map Reduce Local Work

  Stage: Stage-23
    Spark
#### A masked pattern was here ####
      Vertices:
        Map 37 
            Map Operator Tree:
                TableScan
                  alias: time_dim
                  filterExpr: ((t_hour = 9) and (t_minute < 30) and t_time_sk is not null) (type: boolean)
                  Statistics: Num rows: 86400 Data size: 1036800 Basic stats: COMPLETE Column stats: COMPLETE
                  Filter Operator
                    predicate: ((t_hour = 9) and (t_minute < 30) and t_time_sk is not null) (type: boolean)
                    Statistics: Num rows: 1515 Data size: 18180 Basic stats: COMPLETE Column stats: COMPLETE
                    Select Operator
                      expressions: t_time_sk (type: int)
                      outputColumnNames: _col0
                      Statistics: Num rows: 1515 Data size: 18180 Basic stats: COMPLETE Column stats: COMPLETE
                      Spark HashTable Sink Operator
                        keys:
                          0 _col0 (type: int)
                          1 _col0 (type: int)
            Execution mode: vectorized
            Local Work:
              Map Reduce Local Work

  Stage: Stage-22
    Spark
#### A masked pattern was here ####
      Vertices:
        Map 36 
            Map Operator Tree:
                TableScan
                  alias: store_sales
                  filterExpr: (ss_hdemo_sk is not null and ss_sold_time_sk is not null and ss_store_sk is not null) (type: boolean)
                  Statistics: Num rows: 575995635 Data size: 6600966584 Basic stats: COMPLETE Column stats: COMPLETE
                  Filter Operator
                    predicate: (ss_hdemo_sk is not null and ss_sold_time_sk is not null and ss_store_sk is not null) (type: boolean)
                    Statistics: Num rows: 501695814 Data size: 5749483336 Basic stats: COMPLETE Column stats: COMPLETE
                    Select Operator
                      expressions: ss_sold_time_sk (type: int), ss_hdemo_sk (type: int), ss_store_sk (type: int)
                      outputColumnNames: _col0, _col1, _col2
                      Statistics: Num rows: 501695814 Data size: 5749483336 Basic stats: COMPLETE Column stats: COMPLETE
                      Map Join Operator
                        condition map:
                             Inner Join 0 to 1
                        keys:
                          0 _col0 (type: int)
                          1 _col0 (type: int)
                        outputColumnNames: _col1, _col2
                        input vertices:
                          1 Map 37
                        Statistics: Num rows: 16240953 Data size: 8 Basic stats: COMPLETE Column stats: COMPLETE
                        Spark HashTable Sink Operator
                          keys:
                            0 _col1 (type: int)
                            1 _col0 (type: int)
            Execution mode: vectorized
            Local Work:
              Map Reduce Local Work

  Stage: Stage-21
    Spark
#### A masked pattern was here ####
      Vertices:
        Map 38 
            Map Operator Tree:
                TableScan
                  alias: household_demographics
                  filterExpr: ((((hd_dep_count = 3) and (hd_vehicle_count <= 5)) or ((hd_dep_count = 0) and (hd_vehicle_count <= 2)) or ((hd_dep_count = 1) and (hd_vehicle_count <= 3))) and hd_demo_sk is not null) (type: boolean)
                  Statistics: Num rows: 7200 Data size: 86400 Basic stats: COMPLETE Column stats: COMPLETE
                  Filter Operator
                    predicate: ((((hd_dep_count = 3) and (hd_vehicle_count <= 5)) or ((hd_dep_count = 0) and (hd_vehicle_count <= 2)) or ((hd_dep_count = 1) and (hd_vehicle_count <= 3))) and hd_demo_sk is not null) (type: boolean)
                    Statistics: Num rows: 1091 Data size: 13092 Basic stats: COMPLETE Column stats: COMPLETE
                    Select Operator
                      expressions: hd_demo_sk (type: int)
                      outputColumnNames: _col0
                      Statistics: Num rows: 1091 Data size: 13092 Basic stats: COMPLETE Column stats: COMPLETE
                      Map Join Operator
                        condition map:
                             Inner Join 0 to 1
                        keys:
                          0 _col1 (type: int)
                          1 _col0 (type: int)
                        outputColumnNames: _col2
                        input vertices:
                          0 Map 36
                        Statistics: Num rows: 2460956 Data size: 4 Basic stats: COMPLETE Column stats: COMPLETE
                        Spark HashTable Sink Operator
                          keys:
                            0 _col2 (type: int)
                            1 _col0 (type: int)
            Execution mode: vectorized
            Local Work:
              Map Reduce Local Work

  Stage: Stage-0
    Fetch Operator
      limit: -1
      Processor Tree:
        ListSink

