PREHOOK: query: explain
select  c_customer_id as customer_id
       ,c_last_name || ', ' || c_first_name as customername
 from customer
     ,customer_address
     ,customer_demographics
     ,household_demographics
     ,income_band
     ,store_returns
 where ca_city	        =  'Hopewell'
   and c_current_addr_sk = ca_address_sk
   and ib_lower_bound   >=  32287
   and ib_upper_bound   <=  32287 + 50000
   and ib_income_band_sk = hd_income_band_sk
   and cd_demo_sk = c_current_cdemo_sk
   and hd_demo_sk = c_current_hdemo_sk
   and sr_cdemo_sk = cd_demo_sk
 order by c_customer_id
 limit 100
PREHOOK: type: QUERY
POSTHOOK: query: explain
select  c_customer_id as customer_id
       ,c_last_name || ', ' || c_first_name as customername
 from customer
     ,customer_address
     ,customer_demographics
     ,household_demographics
     ,income_band
     ,store_returns
 where ca_city	        =  'Hopewell'
   and c_current_addr_sk = ca_address_sk
   and ib_lower_bound   >=  32287
   and ib_upper_bound   <=  32287 + 50000
   and ib_income_band_sk = hd_income_band_sk
   and cd_demo_sk = c_current_cdemo_sk
   and hd_demo_sk = c_current_hdemo_sk
   and sr_cdemo_sk = cd_demo_sk
 order by c_customer_id
 limit 100
POSTHOOK: type: QUERY
STAGE DEPENDENCIES:
  Stage-4 is a root stage
  Stage-3 depends on stages: Stage-4
  Stage-2 depends on stages: Stage-3
  Stage-1 depends on stages: Stage-2
  Stage-0 depends on stages: Stage-1

STAGE PLANS:
  Stage: Stage-4
    Spark
#### A masked pattern was here ####
      Vertices:
        Map 7 
            Map Operator Tree:
                TableScan
                  alias: income_band
                  filterExpr: ((ib_lower_bound >= 32287) and (ib_upper_bound <= 82287) and ib_income_band_sk is not null) (type: boolean)
                  Statistics: Num rows: 20 Data size: 240 Basic stats: COMPLETE Column stats: COMPLETE
                  Filter Operator
                    predicate: ((ib_lower_bound >= 32287) and (ib_upper_bound <= 82287) and ib_income_band_sk is not null) (type: boolean)
                    Statistics: Num rows: 2 Data size: 24 Basic stats: COMPLETE Column stats: COMPLETE
                    Select Operator
                      expressions: ib_income_band_sk (type: int)
                      outputColumnNames: _col0
                      Statistics: Num rows: 2 Data size: 24 Basic stats: COMPLETE Column stats: COMPLETE
                      Spark HashTable Sink Operator
                        keys:
                          0 _col1 (type: int)
                          1 _col0 (type: int)
            Execution mode: vectorized
            Local Work:
              Map Reduce Local Work

  Stage: Stage-3
    Spark
#### A masked pattern was here ####
      Vertices:
        Map 5 
            Map Operator Tree:
                TableScan
                  alias: customer_address
                  filterExpr: ((ca_city = 'Hopewell') and ca_address_sk is not null) (type: boolean)
                  Statistics: Num rows: 40000000 Data size: 3880000000 Basic stats: COMPLETE Column stats: COMPLETE
                  Filter Operator
                    predicate: ((ca_city = 'Hopewell') and ca_address_sk is not null) (type: boolean)
                    Statistics: Num rows: 44643 Data size: 4330371 Basic stats: COMPLETE Column stats: COMPLETE
                    Select Operator
                      expressions: ca_address_sk (type: int)
                      outputColumnNames: _col0
                      Statistics: Num rows: 44643 Data size: 4285728 Basic stats: COMPLETE Column stats: COMPLETE
                      Spark HashTable Sink Operator
                        keys:
                          0 _col3 (type: int)
                          1 _col0 (type: int)
            Execution mode: vectorized
            Local Work:
              Map Reduce Local Work
        Map 6 
            Map Operator Tree:
                TableScan
                  alias: household_demographics
                  filterExpr: (hd_demo_sk is not null and hd_income_band_sk is not null) (type: boolean)
                  Statistics: Num rows: 7200 Data size: 57600 Basic stats: COMPLETE Column stats: COMPLETE
                  Filter Operator
                    predicate: (hd_demo_sk is not null and hd_income_band_sk is not null) (type: boolean)
                    Statistics: Num rows: 7200 Data size: 57600 Basic stats: COMPLETE Column stats: COMPLETE
                    Select Operator
                      expressions: hd_demo_sk (type: int), hd_income_band_sk (type: int)
                      outputColumnNames: _col0, _col1
                      Statistics: Num rows: 7200 Data size: 57600 Basic stats: COMPLETE Column stats: COMPLETE
                      Map Join Operator
                        condition map:
                             Inner Join 0 to 1
                        keys:
                          0 _col1 (type: int)
                          1 _col0 (type: int)
                        outputColumnNames: _col0
                        input vertices:
                          1 Map 7
                        Statistics: Num rows: 721 Data size: 2884 Basic stats: COMPLETE Column stats: COMPLETE
                        Spark HashTable Sink Operator
                          keys:
                            0 _col2 (type: int)
                            1 _col0 (type: int)
            Execution mode: vectorized
            Local Work:
              Map Reduce Local Work

  Stage: Stage-2
    Spark
#### A masked pattern was here ####
      Vertices:
        Map 3 
            Map Operator Tree:
                TableScan
                  alias: customer_demographics
                  filterExpr: cd_demo_sk is not null (type: boolean)
                  Statistics: Num rows: 1861800 Data size: 7447200 Basic stats: COMPLETE Column stats: COMPLETE
                  Filter Operator
                    predicate: cd_demo_sk is not null (type: boolean)
                    Statistics: Num rows: 1861800 Data size: 7447200 Basic stats: COMPLETE Column stats: COMPLETE
                    Select Operator
                      expressions: cd_demo_sk (type: int)
                      outputColumnNames: _col0
                      Statistics: Num rows: 1861800 Data size: 7447200 Basic stats: COMPLETE Column stats: COMPLETE
                      Spark HashTable Sink Operator
                        keys:
                          0 _col0 (type: int)
                          1 _col0 (type: int)
                          2 _col1 (type: int)
            Execution mode: vectorized
            Local Work:
              Map Reduce Local Work
        Map 4 
            Map Operator Tree:
                TableScan
                  alias: customer
                  filterExpr: (c_current_addr_sk is not null and c_current_cdemo_sk is not null and c_current_hdemo_sk is not null) (type: boolean)
                  Statistics: Num rows: 80000000 Data size: 23337609520 Basic stats: COMPLETE Column stats: COMPLETE
                  Filter Operator
                    predicate: (c_current_addr_sk is not null and c_current_cdemo_sk is not null and c_current_hdemo_sk is not null) (type: boolean)
                    Statistics: Num rows: 74500295 Data size: 21733234924 Basic stats: COMPLETE Column stats: COMPLETE
                    Select Operator
                      expressions: c_customer_id (type: string), c_current_cdemo_sk (type: int), c_current_hdemo_sk (type: int), c_current_addr_sk (type: int), c_first_name (type: string), c_last_name (type: string)
                      outputColumnNames: _col0, _col1, _col2, _col3, _col4, _col5
                      Statistics: Num rows: 74500295 Data size: 21733234924 Basic stats: COMPLETE Column stats: COMPLETE
                      Map Join Operator
                        condition map:
                             Inner Join 0 to 1
                        keys:
                          0 _col3 (type: int)
                          1 _col0 (type: int)
                        outputColumnNames: _col0, _col1, _col2, _col4, _col5
                        input vertices:
                          1 Map 5
                        Statistics: Num rows: 83148 Data size: 23281448 Basic stats: COMPLETE Column stats: COMPLETE
                        Map Join Operator
                          condition map:
                               Inner Join 0 to 1
                          keys:
                            0 _col2 (type: int)
                            1 _col0 (type: int)
                          outputColumnNames: _col0, _col1, _col4, _col5
                          input vertices:
                            1 Map 6
                          Statistics: Num rows: 8315 Data size: 2328204 Basic stats: COMPLETE Column stats: COMPLETE
                          Spark HashTable Sink Operator
                            keys:
                              0 _col0 (type: int)
                              1 _col0 (type: int)
                              2 _col1 (type: int)
            Execution mode: vectorized
            Local Work:
              Map Reduce Local Work

  Stage: Stage-1
    Spark
      Edges:
        Reducer 2 <- Map 1 (SORT, 1)
#### A masked pattern was here ####
      Vertices:
        Map 1 
            Map Operator Tree:
                TableScan
                  alias: store_returns
                  filterExpr: sr_cdemo_sk is not null (type: boolean)
                  Statistics: Num rows: 57591150 Data size: 222310796 Basic stats: COMPLETE Column stats: COMPLETE
                  Filter Operator
                    predicate: sr_cdemo_sk is not null (type: boolean)
                    Statistics: Num rows: 55577698 Data size: 214538560 Basic stats: COMPLETE Column stats: COMPLETE
                    Select Operator
                      expressions: sr_cdemo_sk (type: int)
                      outputColumnNames: _col0
                      Statistics: Num rows: 55577698 Data size: 214538560 Basic stats: COMPLETE Column stats: COMPLETE
                      Map Join Operator
                        condition map:
                             Inner Join 0 to 1
                             Inner Join 1 to 2
                        keys:
                          0 _col0 (type: int)
                          1 _col0 (type: int)
                          2 _col1 (type: int)
                        outputColumnNames: _col2, _col6, _col7
                        input vertices:
                          1 Map 3
                          2 Map 4
                        Statistics: Num rows: 264534 Data size: 74069520 Basic stats: COMPLETE Column stats: COMPLETE
                        Select Operator
                          expressions: concat(concat(_col7, ', '), _col6) (type: string), _col2 (type: string)
                          outputColumnNames: _col1, _col2
                          Statistics: Num rows: 264534 Data size: 101581056 Basic stats: COMPLETE Column stats: COMPLETE
                          Reduce Output Operator
                            key expressions: _col2 (type: string)
                            sort order: +
                            Statistics: Num rows: 264534 Data size: 101581056 Basic stats: COMPLETE Column stats: COMPLETE
                            TopN Hash Memory Usage: 0.1
                            value expressions: _col1 (type: string)
            Execution mode: vectorized
            Local Work:
              Map Reduce Local Work
        Reducer 2 
            Execution mode: vectorized
            Reduce Operator Tree:
              Select Operator
                expressions: KEY.reducesinkkey0 (type: string), VALUE._col0 (type: string)
                outputColumnNames: _col0, _col1
                Statistics: Num rows: 264534 Data size: 101581056 Basic stats: COMPLETE Column stats: COMPLETE
                Limit
                  Number of rows: 100
                  Statistics: Num rows: 100 Data size: 38400 Basic stats: COMPLETE Column stats: COMPLETE
                  File Output Operator
                    compressed: false
                    Statistics: Num rows: 100 Data size: 38400 Basic stats: COMPLETE Column stats: COMPLETE
                    table:
                        input format: org.apache.hadoop.mapred.SequenceFileInputFormat
                        output format: org.apache.hadoop.hive.ql.io.HiveSequenceFileOutputFormat
                        serde: org.apache.hadoop.hive.serde2.lazy.LazySimpleSerDe

  Stage: Stage-0
    Fetch Operator
      limit: -1
      Processor Tree:
        ListSink

