PREHOOK: query: explain
with year_total as (
 select c_customer_id customer_id
       ,c_first_name customer_first_name
       ,c_last_name customer_last_name
       ,d_year as year
       ,max(ss_net_paid) year_total
       ,'s' sale_type
 from customer
     ,store_sales
     ,date_dim
 where c_customer_sk = ss_customer_sk
   and ss_sold_date_sk = d_date_sk
   and d_year in (2001,2001+1)
 group by c_customer_id
         ,c_first_name
         ,c_last_name
         ,d_year
 union all
 select c_customer_id customer_id
       ,c_first_name customer_first_name
       ,c_last_name customer_last_name
       ,d_year as year
       ,max(ws_net_paid) year_total
       ,'w' sale_type
 from customer
     ,web_sales
     ,date_dim
 where c_customer_sk = ws_bill_customer_sk
   and ws_sold_date_sk = d_date_sk
   and d_year in (2001,2001+1)
 group by c_customer_id
         ,c_first_name
         ,c_last_name
         ,d_year
         )
  select 
        t_s_secyear.customer_id, t_s_secyear.customer_first_name, t_s_secyear.customer_last_name
 from year_total t_s_firstyear
     ,year_total t_s_secyear
     ,year_total t_w_firstyear
     ,year_total t_w_secyear
 where t_s_secyear.customer_id = t_s_firstyear.customer_id
         and t_s_firstyear.customer_id = t_w_secyear.customer_id
         and t_s_firstyear.customer_id = t_w_firstyear.customer_id
         and t_s_firstyear.sale_type = 's'
         and t_w_firstyear.sale_type = 'w'
         and t_s_secyear.sale_type = 's'
         and t_w_secyear.sale_type = 'w'
         and t_s_firstyear.year = 2001
         and t_s_secyear.year = 2001+1
         and t_w_firstyear.year = 2001
         and t_w_secyear.year = 2001+1
         and t_s_firstyear.year_total > 0
         and t_w_firstyear.year_total > 0
         and case when t_w_firstyear.year_total > 0 then t_w_secyear.year_total / t_w_firstyear.year_total else null end
           > case when t_s_firstyear.year_total > 0 then t_s_secyear.year_total / t_s_firstyear.year_total else null end
 order by 2,1,3
limit 100
PREHOOK: type: QUERY
POSTHOOK: query: explain
with year_total as (
 select c_customer_id customer_id
       ,c_first_name customer_first_name
       ,c_last_name customer_last_name
       ,d_year as year
       ,max(ss_net_paid) year_total
       ,'s' sale_type
 from customer
     ,store_sales
     ,date_dim
 where c_customer_sk = ss_customer_sk
   and ss_sold_date_sk = d_date_sk
   and d_year in (2001,2001+1)
 group by c_customer_id
         ,c_first_name
         ,c_last_name
         ,d_year
 union all
 select c_customer_id customer_id
       ,c_first_name customer_first_name
       ,c_last_name customer_last_name
       ,d_year as year
       ,max(ws_net_paid) year_total
       ,'w' sale_type
 from customer
     ,web_sales
     ,date_dim
 where c_customer_sk = ws_bill_customer_sk
   and ws_sold_date_sk = d_date_sk
   and d_year in (2001,2001+1)
 group by c_customer_id
         ,c_first_name
         ,c_last_name
         ,d_year
         )
  select 
        t_s_secyear.customer_id, t_s_secyear.customer_first_name, t_s_secyear.customer_last_name
 from year_total t_s_firstyear
     ,year_total t_s_secyear
     ,year_total t_w_firstyear
     ,year_total t_w_secyear
 where t_s_secyear.customer_id = t_s_firstyear.customer_id
         and t_s_firstyear.customer_id = t_w_secyear.customer_id
         and t_s_firstyear.customer_id = t_w_firstyear.customer_id
         and t_s_firstyear.sale_type = 's'
         and t_w_firstyear.sale_type = 'w'
         and t_s_secyear.sale_type = 's'
         and t_w_secyear.sale_type = 'w'
         and t_s_firstyear.year = 2001
         and t_s_secyear.year = 2001+1
         and t_w_firstyear.year = 2001
         and t_w_secyear.year = 2001+1
         and t_s_firstyear.year_total > 0
         and t_w_firstyear.year_total > 0
         and case when t_w_firstyear.year_total > 0 then t_w_secyear.year_total / t_w_firstyear.year_total else null end
           > case when t_s_firstyear.year_total > 0 then t_s_secyear.year_total / t_s_firstyear.year_total else null end
 order by 2,1,3
limit 100
POSTHOOK: type: QUERY
STAGE DEPENDENCIES:
  Stage-2 is a root stage
  Stage-3 depends on stages: Stage-2
  Stage-4 depends on stages: Stage-3
  Stage-5 depends on stages: Stage-4
  Stage-1 depends on stages: Stage-5
  Stage-0 depends on stages: Stage-1

STAGE PLANS:
  Stage: Stage-2
    Spark
#### A masked pattern was here ####
      Vertices:
        Map 6 
            Map Operator Tree:
                TableScan
                  alias: date_dim
                  filterExpr: ((d_year) IN (2001, 2002) and (d_year = 2002) and d_date_sk is not null) (type: boolean)
                  Statistics: Num rows: 73049 Data size: 584392 Basic stats: COMPLETE Column stats: COMPLETE
                  Filter Operator
                    predicate: ((d_year = 2002) and (d_year) IN (2001, 2002) and d_date_sk is not null) (type: boolean)
                    Statistics: Num rows: 652 Data size: 5216 Basic stats: COMPLETE Column stats: COMPLETE
                    Select Operator
                      expressions: d_date_sk (type: int), 2002 (type: int)
                      outputColumnNames: _col0, _col1
                      Statistics: Num rows: 652 Data size: 5216 Basic stats: COMPLETE Column stats: COMPLETE
                      Spark HashTable Sink Operator
                        keys:
                          0 _col0 (type: int)
                          1 _col0 (type: int)
            Execution mode: vectorized
            Local Work:
              Map Reduce Local Work

  Stage: Stage-3
    Spark
#### A masked pattern was here ####
      Vertices:
        Map 11 
            Map Operator Tree:
                TableScan
                  alias: date_dim
                  filterExpr: ((d_year) IN (2001, 2002) and (d_year = 2001) and d_date_sk is not null) (type: boolean)
                  Statistics: Num rows: 73049 Data size: 584392 Basic stats: COMPLETE Column stats: COMPLETE
                  Filter Operator
                    predicate: ((d_year = 2001) and (d_year) IN (2001, 2002) and d_date_sk is not null) (type: boolean)
                    Statistics: Num rows: 652 Data size: 5216 Basic stats: COMPLETE Column stats: COMPLETE
                    Select Operator
                      expressions: d_date_sk (type: int), 2001 (type: int)
                      outputColumnNames: _col0, _col1
                      Statistics: Num rows: 652 Data size: 5216 Basic stats: COMPLETE Column stats: COMPLETE
                      Spark HashTable Sink Operator
                        keys:
                          0 _col0 (type: int)
                          1 _col0 (type: int)
            Execution mode: vectorized
            Local Work:
              Map Reduce Local Work

  Stage: Stage-4
    Spark
#### A masked pattern was here ####
      Vertices:
        Map 16 
            Map Operator Tree:
                TableScan
                  alias: date_dim
                  filterExpr: ((d_year) IN (2001, 2002) and (d_year = 2001) and d_date_sk is not null) (type: boolean)
                  Statistics: Num rows: 73049 Data size: 584392 Basic stats: COMPLETE Column stats: COMPLETE
                  Filter Operator
                    predicate: ((d_year = 2001) and (d_year) IN (2001, 2002) and d_date_sk is not null) (type: boolean)
                    Statistics: Num rows: 652 Data size: 5216 Basic stats: COMPLETE Column stats: COMPLETE
                    Select Operator
                      expressions: d_date_sk (type: int), 2001 (type: int)
                      outputColumnNames: _col0, _col1
                      Statistics: Num rows: 652 Data size: 5216 Basic stats: COMPLETE Column stats: COMPLETE
                      Spark HashTable Sink Operator
                        keys:
                          0 _col0 (type: int)
                          1 _col0 (type: int)
            Execution mode: vectorized
            Local Work:
              Map Reduce Local Work

  Stage: Stage-5
    Spark
#### A masked pattern was here ####
      Vertices:
        Map 21 
            Map Operator Tree:
                TableScan
                  alias: date_dim
                  filterExpr: ((d_year) IN (2001, 2002) and (d_year = 2002) and d_date_sk is not null) (type: boolean)
                  Statistics: Num rows: 73049 Data size: 584392 Basic stats: COMPLETE Column stats: COMPLETE
                  Filter Operator
                    predicate: ((d_year = 2002) and (d_year) IN (2001, 2002) and d_date_sk is not null) (type: boolean)
                    Statistics: Num rows: 652 Data size: 5216 Basic stats: COMPLETE Column stats: COMPLETE
                    Select Operator
                      expressions: d_date_sk (type: int), 2002 (type: int)
                      outputColumnNames: _col0, _col1
                      Statistics: Num rows: 652 Data size: 5216 Basic stats: COMPLETE Column stats: COMPLETE
                      Spark HashTable Sink Operator
                        keys:
                          0 _col0 (type: int)
                          1 _col0 (type: int)
            Execution mode: vectorized
            Local Work:
              Map Reduce Local Work

  Stage: Stage-1
    Spark
      Edges:
        Reducer 10 <- Reducer 9 (GROUP, 581)
        Reducer 14 <- Map 13 (PARTITION-LEVEL SORT, 226), Map 17 (PARTITION-LEVEL SORT, 226)
        Reducer 15 <- Reducer 14 (GROUP, 159)
        Reducer 19 <- Map 18 (PARTITION-LEVEL SORT, 332), Map 22 (PARTITION-LEVEL SORT, 332)
        Reducer 2 <- Map 1 (PARTITION-LEVEL SORT, 226), Map 7 (PARTITION-LEVEL SORT, 226)
        Reducer 20 <- Reducer 19 (GROUP, 581)
        Reducer 3 <- Reducer 2 (GROUP, 159)
        Reducer 4 <- Reducer 10 (PARTITION-LEVEL SORT, 792), Reducer 15 (PARTITION-LEVEL SORT, 792), Reducer 20 (PARTITION-LEVEL SORT, 792), Reducer 3 (PARTITION-LEVEL SORT, 792)
        Reducer 5 <- Reducer 4 (SORT, 1)
        Reducer 9 <- Map 12 (PARTITION-LEVEL SORT, 332), Map 8 (PARTITION-LEVEL SORT, 332)
#### A masked pattern was here ####
      Vertices:
        Map 1 
            Map Operator Tree:
                TableScan
                  alias: web_sales
                  filterExpr: (ws_bill_customer_sk is not null and ws_sold_date_sk is not null) (type: boolean)
                  Statistics: Num rows: 144002668 Data size: 17276024392 Basic stats: COMPLETE Column stats: COMPLETE
                  Filter Operator
                    predicate: (ws_bill_customer_sk is not null and ws_sold_date_sk is not null) (type: boolean)
                    Statistics: Num rows: 143930993 Data size: 17267425552 Basic stats: COMPLETE Column stats: COMPLETE
                    Select Operator
                      expressions: ws_sold_date_sk (type: int), ws_bill_customer_sk (type: int), ws_net_paid (type: decimal(7,2))
                      outputColumnNames: _col0, _col1, _col2
                      Statistics: Num rows: 143930993 Data size: 17267425552 Basic stats: COMPLETE Column stats: COMPLETE
                      Map Join Operator
                        condition map:
                             Inner Join 0 to 1
                        keys:
                          0 _col0 (type: int)
                          1 _col0 (type: int)
                        outputColumnNames: _col1, _col2, _col4
                        input vertices:
                          1 Map 6
                        Statistics: Num rows: 51391963 Data size: 6162885092 Basic stats: COMPLETE Column stats: COMPLETE
                        Reduce Output Operator
                          key expressions: _col1 (type: int)
                          sort order: +
                          Map-reduce partition columns: _col1 (type: int)
                          Statistics: Num rows: 51391963 Data size: 6162885092 Basic stats: COMPLETE Column stats: COMPLETE
                          value expressions: _col2 (type: decimal(7,2)), _col4 (type: int)
            Execution mode: vectorized
            Local Work:
              Map Reduce Local Work
        Map 12 
            Map Operator Tree:
                TableScan
                  alias: customer
                  filterExpr: (c_customer_sk is not null and c_customer_id is not null) (type: boolean)
                  Statistics: Num rows: 80000000 Data size: 22720000000 Basic stats: COMPLETE Column stats: COMPLETE
                  Filter Operator
                    predicate: (c_customer_id is not null and c_customer_sk is not null) (type: boolean)
                    Statistics: Num rows: 80000000 Data size: 22720000000 Basic stats: COMPLETE Column stats: COMPLETE
                    Select Operator
                      expressions: c_customer_sk (type: int), c_customer_id (type: string), c_first_name (type: string), c_last_name (type: string)
                      outputColumnNames: _col0, _col1, _col2, _col3
                      Statistics: Num rows: 80000000 Data size: 22720000000 Basic stats: COMPLETE Column stats: COMPLETE
                      Reduce Output Operator
                        key expressions: _col0 (type: int)
                        sort order: +
                        Map-reduce partition columns: _col0 (type: int)
                        Statistics: Num rows: 80000000 Data size: 22720000000 Basic stats: COMPLETE Column stats: COMPLETE
                        value expressions: _col1 (type: string), _col2 (type: string), _col3 (type: string)
            Execution mode: vectorized
        Map 13 
            Map Operator Tree:
                TableScan
                  alias: web_sales
                  filterExpr: (ws_bill_customer_sk is not null and ws_sold_date_sk is not null) (type: boolean)
                  Statistics: Num rows: 144002668 Data size: 17276024392 Basic stats: COMPLETE Column stats: COMPLETE
                  Filter Operator
                    predicate: (ws_bill_customer_sk is not null and ws_sold_date_sk is not null) (type: boolean)
                    Statistics: Num rows: 143930993 Data size: 17267425552 Basic stats: COMPLETE Column stats: COMPLETE
                    Select Operator
                      expressions: ws_sold_date_sk (type: int), ws_bill_customer_sk (type: int), ws_net_paid (type: decimal(7,2))
                      outputColumnNames: _col0, _col1, _col2
                      Statistics: Num rows: 143930993 Data size: 17267425552 Basic stats: COMPLETE Column stats: COMPLETE
                      Map Join Operator
                        condition map:
                             Inner Join 0 to 1
                        keys:
                          0 _col0 (type: int)
                          1 _col0 (type: int)
                        outputColumnNames: _col1, _col2, _col4
                        input vertices:
                          1 Map 16
                        Statistics: Num rows: 51391963 Data size: 6162885092 Basic stats: COMPLETE Column stats: COMPLETE
                        Reduce Output Operator
                          key expressions: _col1 (type: int)
                          sort order: +
                          Map-reduce partition columns: _col1 (type: int)
                          Statistics: Num rows: 51391963 Data size: 6162885092 Basic stats: COMPLETE Column stats: COMPLETE
                          value expressions: _col2 (type: decimal(7,2)), _col4 (type: int)
            Execution mode: vectorized
            Local Work:
              Map Reduce Local Work
        Map 17 
            Map Operator Tree:
                TableScan
                  alias: customer
                  filterExpr: (c_customer_sk is not null and c_customer_id is not null) (type: boolean)
                  Statistics: Num rows: 80000000 Data size: 22720000000 Basic stats: COMPLETE Column stats: COMPLETE
                  Filter Operator
                    predicate: (c_customer_id is not null and c_customer_sk is not null) (type: boolean)
                    Statistics: Num rows: 80000000 Data size: 22720000000 Basic stats: COMPLETE Column stats: COMPLETE
                    Select Operator
                      expressions: c_customer_sk (type: int), c_customer_id (type: string), c_first_name (type: string), c_last_name (type: string)
                      outputColumnNames: _col0, _col1, _col2, _col3
                      Statistics: Num rows: 80000000 Data size: 22720000000 Basic stats: COMPLETE Column stats: COMPLETE
                      Reduce Output Operator
                        key expressions: _col0 (type: int)
                        sort order: +
                        Map-reduce partition columns: _col0 (type: int)
                        Statistics: Num rows: 80000000 Data size: 22720000000 Basic stats: COMPLETE Column stats: COMPLETE
                        value expressions: _col1 (type: string), _col2 (type: string), _col3 (type: string)
            Execution mode: vectorized
        Map 18 
            Map Operator Tree:
                TableScan
                  alias: store_sales
                  filterExpr: (ss_customer_sk is not null and ss_sold_date_sk is not null) (type: boolean)
                  Statistics: Num rows: 575995635 Data size: 66009192560 Basic stats: COMPLETE Column stats: COMPLETE
                  Filter Operator
                    predicate: (ss_customer_sk is not null and ss_sold_date_sk is not null) (type: boolean)
                    Statistics: Num rows: 525327388 Data size: 60202603340 Basic stats: COMPLETE Column stats: COMPLETE
                    Select Operator
                      expressions: ss_sold_date_sk (type: int), ss_customer_sk (type: int), ss_net_paid (type: decimal(7,2))
                      outputColumnNames: _col0, _col1, _col2
                      Statistics: Num rows: 525327388 Data size: 60202603340 Basic stats: COMPLETE Column stats: COMPLETE
                      Map Join Operator
                        condition map:
                             Inner Join 0 to 1
                        keys:
                          0 _col0 (type: int)
                          1 _col0 (type: int)
                        outputColumnNames: _col1, _col2, _col4
                        input vertices:
                          1 Map 21
                        Statistics: Num rows: 187573258 Data size: 19766664028 Basic stats: COMPLETE Column stats: COMPLETE
                        Reduce Output Operator
                          key expressions: _col1 (type: int)
                          sort order: +
                          Map-reduce partition columns: _col1 (type: int)
                          Statistics: Num rows: 187573258 Data size: 19766664028 Basic stats: COMPLETE Column stats: COMPLETE
                          value expressions: _col2 (type: decimal(7,2)), _col4 (type: int)
            Execution mode: vectorized
            Local Work:
              Map Reduce Local Work
        Map 22 
            Map Operator Tree:
                TableScan
                  alias: customer
                  filterExpr: (c_customer_sk is not null and c_customer_id is not null) (type: boolean)
                  Statistics: Num rows: 80000000 Data size: 22720000000 Basic stats: COMPLETE Column stats: COMPLETE
                  Filter Operator
                    predicate: (c_customer_id is not null and c_customer_sk is not null) (type: boolean)
                    Statistics: Num rows: 80000000 Data size: 22720000000 Basic stats: COMPLETE Column stats: COMPLETE
                    Select Operator
                      expressions: c_customer_sk (type: int), c_customer_id (type: string), c_first_name (type: string), c_last_name (type: string)
                      outputColumnNames: _col0, _col1, _col2, _col3
                      Statistics: Num rows: 80000000 Data size: 22720000000 Basic stats: COMPLETE Column stats: COMPLETE
                      Reduce Output Operator
                        key expressions: _col0 (type: int)
                        sort order: +
                        Map-reduce partition columns: _col0 (type: int)
                        Statistics: Num rows: 80000000 Data size: 22720000000 Basic stats: COMPLETE Column stats: COMPLETE
                        value expressions: _col1 (type: string), _col2 (type: string), _col3 (type: string)
            Execution mode: vectorized
        Map 7 
            Map Operator Tree:
                TableScan
                  alias: customer
                  filterExpr: (c_customer_sk is not null and c_customer_id is not null) (type: boolean)
                  Statistics: Num rows: 80000000 Data size: 22720000000 Basic stats: COMPLETE Column stats: COMPLETE
                  Filter Operator
                    predicate: (c_customer_id is not null and c_customer_sk is not null) (type: boolean)
                    Statistics: Num rows: 80000000 Data size: 22720000000 Basic stats: COMPLETE Column stats: COMPLETE
                    Select Operator
                      expressions: c_customer_sk (type: int), c_customer_id (type: string), c_first_name (type: string), c_last_name (type: string)
                      outputColumnNames: _col0, _col1, _col2, _col3
                      Statistics: Num rows: 80000000 Data size: 22720000000 Basic stats: COMPLETE Column stats: COMPLETE
                      Reduce Output Operator
                        key expressions: _col0 (type: int)
                        sort order: +
                        Map-reduce partition columns: _col0 (type: int)
                        Statistics: Num rows: 80000000 Data size: 22720000000 Basic stats: COMPLETE Column stats: COMPLETE
                        value expressions: _col1 (type: string), _col2 (type: string), _col3 (type: string)
            Execution mode: vectorized
        Map 8 
            Map Operator Tree:
                TableScan
                  alias: store_sales
                  filterExpr: (ss_customer_sk is not null and ss_sold_date_sk is not null) (type: boolean)
                  Statistics: Num rows: 575995635 Data size: 66009192560 Basic stats: COMPLETE Column stats: COMPLETE
                  Filter Operator
                    predicate: (ss_customer_sk is not null and ss_sold_date_sk is not null) (type: boolean)
                    Statistics: Num rows: 525327388 Data size: 60202603340 Basic stats: COMPLETE Column stats: COMPLETE
                    Select Operator
                      expressions: ss_sold_date_sk (type: int), ss_customer_sk (type: int), ss_net_paid (type: decimal(7,2))
                      outputColumnNames: _col0, _col1, _col2
                      Statistics: Num rows: 525327388 Data size: 60202603340 Basic stats: COMPLETE Column stats: COMPLETE
                      Map Join Operator
                        condition map:
                             Inner Join 0 to 1
                        keys:
                          0 _col0 (type: int)
                          1 _col0 (type: int)
                        outputColumnNames: _col1, _col2, _col4
                        input vertices:
                          1 Map 11
                        Statistics: Num rows: 187573258 Data size: 19766664028 Basic stats: COMPLETE Column stats: COMPLETE
                        Reduce Output Operator
                          key expressions: _col1 (type: int)
                          sort order: +
                          Map-reduce partition columns: _col1 (type: int)
                          Statistics: Num rows: 187573258 Data size: 19766664028 Basic stats: COMPLETE Column stats: COMPLETE
                          value expressions: _col2 (type: decimal(7,2)), _col4 (type: int)
            Execution mode: vectorized
            Local Work:
              Map Reduce Local Work
        Reducer 10 
            Execution mode: vectorized
            Reduce Operator Tree:
              Group By Operator
                aggregations: max(VALUE._col0)
                keys: KEY._col0 (type: string), KEY._col1 (type: string), KEY._col2 (type: string), KEY._col3 (type: int)
                mode: mergepartial
                outputColumnNames: _col0, _col1, _col2, _col3, _col4
                Statistics: Num rows: 187573258 Data size: 74279010168 Basic stats: COMPLETE Column stats: COMPLETE
                Select Operator
                  expressions: _col0 (type: string), _col4 (type: decimal(7,2))
                  outputColumnNames: _col0, _col4
                  Statistics: Num rows: 187573258 Data size: 39765530696 Basic stats: COMPLETE Column stats: COMPLETE
                  Filter Operator
                    predicate: (_col4 > 0) (type: boolean)
                    Statistics: Num rows: 62524419 Data size: 13255176828 Basic stats: COMPLETE Column stats: COMPLETE
                    Select Operator
                      expressions: _col0 (type: string), _col4 (type: decimal(7,2))
                      outputColumnNames: _col0, _col1
                      Statistics: Num rows: 62524419 Data size: 13255176828 Basic stats: COMPLETE Column stats: COMPLETE
                      Reduce Output Operator
                        key expressions: _col0 (type: string)
                        sort order: +
                        Map-reduce partition columns: _col0 (type: string)
                        Statistics: Num rows: 62524419 Data size: 13255176828 Basic stats: COMPLETE Column stats: COMPLETE
                        value expressions: _col1 (type: decimal(7,2))
        Reducer 14 
            Reduce Operator Tree:
              Join Operator
                condition map:
                     Inner Join 0 to 1
                keys:
                  0 _col1 (type: int)
                  1 _col0 (type: int)
                outputColumnNames: _col2, _col4, _col6, _col7, _col8
                Statistics: Num rows: 51391963 Data size: 20347210324 Basic stats: COMPLETE Column stats: COMPLETE
                Group By Operator
                  aggregations: max(_col2)
                  keys: _col6 (type: string), _col7 (type: string), _col8 (type: string), _col4 (type: int)
                  mode: hash
                  outputColumnNames: _col0, _col1, _col2, _col3, _col4
                  Statistics: Num rows: 51391963 Data size: 20351217348 Basic stats: COMPLETE Column stats: COMPLETE
                  Reduce Output Operator
                    key expressions: _col0 (type: string), _col1 (type: string), _col2 (type: string), _col3 (type: int)
                    sort order: ++++
                    Map-reduce partition columns: _col0 (type: string), _col1 (type: string), _col2 (type: string), _col3 (type: int)
                    Statistics: Num rows: 51391963 Data size: 20351217348 Basic stats: COMPLETE Column stats: COMPLETE
                    value expressions: _col4 (type: decimal(7,2))
        Reducer 15 
            Execution mode: vectorized
            Reduce Operator Tree:
              Group By Operator
                aggregations: max(VALUE._col0)
                keys: KEY._col0 (type: string), KEY._col1 (type: string), KEY._col2 (type: string), KEY._col3 (type: int)
                mode: mergepartial
                outputColumnNames: _col0, _col1, _col2, _col3, _col4
                Statistics: Num rows: 51391963 Data size: 20351217348 Basic stats: COMPLETE Column stats: COMPLETE
                Select Operator
                  expressions: _col0 (type: string), _col4 (type: decimal(7,2))
                  outputColumnNames: _col0, _col4
                  Statistics: Num rows: 51391963 Data size: 10895096156 Basic stats: COMPLETE Column stats: COMPLETE
                  Filter Operator
                    predicate: (_col4 > 0) (type: boolean)
                    Statistics: Num rows: 17130654 Data size: 3631698648 Basic stats: COMPLETE Column stats: COMPLETE
                    Select Operator
                      expressions: _col0 (type: string), _col4 (type: decimal(7,2))
                      outputColumnNames: _col0, _col1
                      Statistics: Num rows: 17130654 Data size: 3631698648 Basic stats: COMPLETE Column stats: COMPLETE
                      Reduce Output Operator
                        key expressions: _col0 (type: string)
                        sort order: +
                        Map-reduce partition columns: _col0 (type: string)
                        Statistics: Num rows: 17130654 Data size: 3631698648 Basic stats: COMPLETE Column stats: COMPLETE
                        value expressions: _col1 (type: decimal(7,2))
        Reducer 19 
            Reduce Operator Tree:
              Join Operator
                condition map:
                     Inner Join 0 to 1
                keys:
                  0 _col1 (type: int)
                  1 _col0 (type: int)
                outputColumnNames: _col2, _col4, _col6, _col7, _col8
                Statistics: Num rows: 187573258 Data size: 71631425816 Basic stats: COMPLETE Column stats: COMPLETE
                Group By Operator
                  aggregations: max(_col2)
                  keys: _col6 (type: string), _col7 (type: string), _col8 (type: string), _col4 (type: int)
                  mode: hash
                  outputColumnNames: _col0, _col1, _col2, _col3, _col4
                  Statistics: Num rows: 187573258 Data size: 74279010168 Basic stats: COMPLETE Column stats: COMPLETE
                  Reduce Output Operator
                    key expressions: _col0 (type: string), _col1 (type: string), _col2 (type: string), _col3 (type: int)
                    sort order: ++++
                    Map-reduce partition columns: _col0 (type: string), _col1 (type: string), _col2 (type: string), _col3 (type: int)
                    Statistics: Num rows: 187573258 Data size: 74279010168 Basic stats: COMPLETE Column stats: COMPLETE
                    value expressions: _col4 (type: decimal(7,2))
        Reducer 2 
            Reduce Operator Tree:
              Join Operator
                condition map:
                     Inner Join 0 to 1
                keys:
                  0 _col1 (type: int)
                  1 _col0 (type: int)
                outputColumnNames: _col2, _col4, _col6, _col7, _col8
                Statistics: Num rows: 51391963 Data size: 20347210324 Basic stats: COMPLETE Column stats: COMPLETE
                Group By Operator
                  aggregations: max(_col2)
                  keys: _col6 (type: string), _col7 (type: string), _col8 (type: string), _col4 (type: int)
                  mode: hash
                  outputColumnNames: _col0, _col1, _col2, _col3, _col4
                  Statistics: Num rows: 51391963 Data size: 20351217348 Basic stats: COMPLETE Column stats: COMPLETE
                  Reduce Output Operator
                    key expressions: _col0 (type: string), _col1 (type: string), _col2 (type: string), _col3 (type: int)
                    sort order: ++++
                    Map-reduce partition columns: _col0 (type: string), _col1 (type: string), _col2 (type: string), _col3 (type: int)
                    Statistics: Num rows: 51391963 Data size: 20351217348 Basic stats: COMPLETE Column stats: COMPLETE
                    value expressions: _col4 (type: decimal(7,2))
        Reducer 20 
            Execution mode: vectorized
            Reduce Operator Tree:
              Group By Operator
                aggregations: max(VALUE._col0)
                keys: KEY._col0 (type: string), KEY._col1 (type: string), KEY._col2 (type: string), KEY._col3 (type: int)
                mode: mergepartial
                outputColumnNames: _col0, _col1, _col2, _col3, _col4
                Statistics: Num rows: 187573258 Data size: 74279010168 Basic stats: COMPLETE Column stats: COMPLETE
                Select Operator
                  expressions: _col0 (type: string), _col1 (type: string), _col2 (type: string), _col4 (type: decimal(7,2))
                  outputColumnNames: _col0, _col1, _col2, _col3
                  Statistics: Num rows: 187573258 Data size: 73528717136 Basic stats: COMPLETE Column stats: COMPLETE
                  Reduce Output Operator
                    key expressions: _col0 (type: string)
                    sort order: +
                    Map-reduce partition columns: _col0 (type: string)
                    Statistics: Num rows: 187573258 Data size: 73528717136 Basic stats: COMPLETE Column stats: COMPLETE
                    value expressions: _col1 (type: string), _col2 (type: string), _col3 (type: decimal(7,2))
        Reducer 3 
            Execution mode: vectorized
            Reduce Operator Tree:
              Group By Operator
                aggregations: max(VALUE._col0)
                keys: KEY._col0 (type: string), KEY._col1 (type: string), KEY._col2 (type: string), KEY._col3 (type: int)
                mode: mergepartial
                outputColumnNames: _col0, _col1, _col2, _col3, _col4
                Statistics: Num rows: 51391963 Data size: 20351217348 Basic stats: COMPLETE Column stats: COMPLETE
                Select Operator
                  expressions: _col0 (type: string), _col4 (type: decimal(7,2))
                  outputColumnNames: _col0, _col1
                  Statistics: Num rows: 51391963 Data size: 10895096156 Basic stats: COMPLETE Column stats: COMPLETE
                  Reduce Output Operator
                    key expressions: _col0 (type: string)
                    sort order: +
                    Map-reduce partition columns: _col0 (type: string)
                    Statistics: Num rows: 51391963 Data size: 10895096156 Basic stats: COMPLETE Column stats: COMPLETE
                    value expressions: _col1 (type: decimal(7,2))
        Reducer 4 
            Reduce Operator Tree:
              Join Operator
                condition map:
                     Inner Join 0 to 1
                     Inner Join 1 to 2
                     Inner Join 1 to 3
                keys:
                  0 _col0 (type: string)
                  1 _col0 (type: string)
                  2 _col0 (type: string)
                  3 _col0 (type: string)
                outputColumnNames: _col1, _col3, _col5, _col6, _col7, _col8, _col9
                Statistics: Num rows: 187573258 Data size: 136553331824 Basic stats: COMPLETE Column stats: COMPLETE
                Filter Operator
                  predicate: CASE WHEN (_col3 is not null) THEN (CASE WHEN (_col5 is not null) THEN (((_col1 / _col5) > (_col9 / _col3))) ELSE ((null > (_col9 / _col3))) END) ELSE (CASE WHEN (_col5 is not null) THEN (((_col1 / _col5) > null)) ELSE (null) END) END (type: boolean)
                  Statistics: Num rows: 93786629 Data size: 68276665912 Basic stats: COMPLETE Column stats: COMPLETE
                  Select Operator
                    expressions: _col6 (type: string), _col7 (type: string), _col8 (type: string)
                    outputColumnNames: _col0, _col1, _col2
                    Statistics: Num rows: 93786629 Data size: 26260256120 Basic stats: COMPLETE Column stats: COMPLETE
                    Reduce Output Operator
                      key expressions: _col1 (type: string), _col0 (type: string), _col2 (type: string)
                      sort order: +++
                      Statistics: Num rows: 93786629 Data size: 26260256120 Basic stats: COMPLETE Column stats: COMPLETE
                      TopN Hash Memory Usage: 0.1
        Reducer 5 
            Execution mode: vectorized
            Reduce Operator Tree:
              Select Operator
                expressions: KEY.reducesinkkey1 (type: string), KEY.reducesinkkey0 (type: string), KEY.reducesinkkey2 (type: string)
                outputColumnNames: _col0, _col1, _col2
                Statistics: Num rows: 93786629 Data size: 26260256120 Basic stats: COMPLETE Column stats: COMPLETE
                Limit
                  Number of rows: 100
                  Statistics: Num rows: 100 Data size: 28000 Basic stats: COMPLETE Column stats: COMPLETE
                  File Output Operator
                    compressed: false
                    Statistics: Num rows: 100 Data size: 28000 Basic stats: COMPLETE Column stats: COMPLETE
                    table:
                        input format: org.apache.hadoop.mapred.SequenceFileInputFormat
                        output format: org.apache.hadoop.hive.ql.io.HiveSequenceFileOutputFormat
                        serde: org.apache.hadoop.hive.serde2.lazy.LazySimpleSerDe
        Reducer 9 
            Reduce Operator Tree:
              Join Operator
                condition map:
                     Inner Join 0 to 1
                keys:
                  0 _col1 (type: int)
                  1 _col0 (type: int)
                outputColumnNames: _col2, _col4, _col6, _col7, _col8
                Statistics: Num rows: 187573258 Data size: 71631425816 Basic stats: COMPLETE Column stats: COMPLETE
                Group By Operator
                  aggregations: max(_col2)
                  keys: _col6 (type: string), _col7 (type: string), _col8 (type: string), _col4 (type: int)
                  mode: hash
                  outputColumnNames: _col0, _col1, _col2, _col3, _col4
                  Statistics: Num rows: 187573258 Data size: 74279010168 Basic stats: COMPLETE Column stats: COMPLETE
                  Reduce Output Operator
                    key expressions: _col0 (type: string), _col1 (type: string), _col2 (type: string), _col3 (type: int)
                    sort order: ++++
                    Map-reduce partition columns: _col0 (type: string), _col1 (type: string), _col2 (type: string), _col3 (type: int)
                    Statistics: Num rows: 187573258 Data size: 74279010168 Basic stats: COMPLETE Column stats: COMPLETE
                    value expressions: _col4 (type: decimal(7,2))

  Stage: Stage-0
    Fetch Operator
      limit: 100
      Processor Tree:
        ListSink

