PREHOOK: query: explain
select  
  cd_gender,
  cd_marital_status,
  cd_education_status,
  count(*) cnt1,
  cd_purchase_estimate,
  count(*) cnt2,
  cd_credit_rating,
  count(*) cnt3
 from
  customer c,customer_address ca,customer_demographics
 where
  c.c_current_addr_sk = ca.ca_address_sk and
  ca_state in ('CO','IL','MN') and
  cd_demo_sk = c.c_current_cdemo_sk and 
  exists (select *
          from store_sales,date_dim
          where c.c_customer_sk = ss_customer_sk and
                ss_sold_date_sk = d_date_sk and
                d_year = 1999 and
                d_moy between 1 and 1+2) and
   (not exists (select *
            from web_sales,date_dim
            where c.c_customer_sk = ws_bill_customer_sk and
                  ws_sold_date_sk = d_date_sk and
                  d_year = 1999 and
                  d_moy between 1 and 1+2) and
    not exists (select * 
            from catalog_sales,date_dim
            where c.c_customer_sk = cs_ship_customer_sk and
                  cs_sold_date_sk = d_date_sk and
                  d_year = 1999 and
                  d_moy between 1 and 1+2))
 group by cd_gender,
          cd_marital_status,
          cd_education_status,
          cd_purchase_estimate,
          cd_credit_rating
 order by cd_gender,
          cd_marital_status,
          cd_education_status,
          cd_purchase_estimate,
          cd_credit_rating
 limit 100
PREHOOK: type: QUERY
POSTHOOK: query: explain
select  
  cd_gender,
  cd_marital_status,
  cd_education_status,
  count(*) cnt1,
  cd_purchase_estimate,
  count(*) cnt2,
  cd_credit_rating,
  count(*) cnt3
 from
  customer c,customer_address ca,customer_demographics
 where
  c.c_current_addr_sk = ca.ca_address_sk and
  ca_state in ('CO','IL','MN') and
  cd_demo_sk = c.c_current_cdemo_sk and 
  exists (select *
          from store_sales,date_dim
          where c.c_customer_sk = ss_customer_sk and
                ss_sold_date_sk = d_date_sk and
                d_year = 1999 and
                d_moy between 1 and 1+2) and
   (not exists (select *
            from web_sales,date_dim
            where c.c_customer_sk = ws_bill_customer_sk and
                  ws_sold_date_sk = d_date_sk and
                  d_year = 1999 and
                  d_moy between 1 and 1+2) and
    not exists (select * 
            from catalog_sales,date_dim
            where c.c_customer_sk = cs_ship_customer_sk and
                  cs_sold_date_sk = d_date_sk and
                  d_year = 1999 and
                  d_moy between 1 and 1+2))
 group by cd_gender,
          cd_marital_status,
          cd_education_status,
          cd_purchase_estimate,
          cd_credit_rating
 order by cd_gender,
          cd_marital_status,
          cd_education_status,
          cd_purchase_estimate,
          cd_credit_rating
 limit 100
POSTHOOK: type: QUERY
STAGE DEPENDENCIES:
  Stage-3 is a root stage
  Stage-2 depends on stages: Stage-3, Stage-4, Stage-5
  Stage-1 depends on stages: Stage-2
  Stage-4 is a root stage
  Stage-5 is a root stage
  Stage-0 depends on stages: Stage-1

STAGE PLANS:
  Stage: Stage-3
    Spark
#### A masked pattern was here ####
      Vertices:
        Map 9 
            Map Operator Tree:
                TableScan
                  alias: date_dim
                  filterExpr: ((d_year = 1999) and d_moy BETWEEN 1 AND 3 and d_date_sk is not null) (type: boolean)
                  Statistics: Num rows: 73049 Data size: 876588 Basic stats: COMPLETE Column stats: COMPLETE
                  Filter Operator
                    predicate: ((d_year = 1999) and d_date_sk is not null and d_moy BETWEEN 1 AND 3) (type: boolean)
                    Statistics: Num rows: 217 Data size: 2604 Basic stats: COMPLETE Column stats: COMPLETE
                    Select Operator
                      expressions: d_date_sk (type: int)
                      outputColumnNames: _col0
                      Statistics: Num rows: 217 Data size: 2604 Basic stats: COMPLETE Column stats: COMPLETE
                      Spark HashTable Sink Operator
                        keys:
                          0 _col0 (type: int)
                          1 _col0 (type: int)
            Execution mode: vectorized
            Local Work:
              Map Reduce Local Work

  Stage: Stage-2
    Spark
      Edges:
        Reducer 11 <- Map 10 (GROUP, 2)
        Reducer 14 <- Map 13 (GROUP, 2)
#### A masked pattern was here ####
      Vertices:
        Map 10 
            Map Operator Tree:
                TableScan
                  alias: web_sales
                  filterExpr: (ws_bill_customer_sk is not null and ws_sold_date_sk is not null) (type: boolean)
                  Statistics: Num rows: 144002668 Data size: 1151734616 Basic stats: COMPLETE Column stats: COMPLETE
                  Filter Operator
                    predicate: (ws_bill_customer_sk is not null and ws_sold_date_sk is not null) (type: boolean)
                    Statistics: Num rows: 143930993 Data size: 1151161360 Basic stats: COMPLETE Column stats: COMPLETE
                    Select Operator
                      expressions: ws_sold_date_sk (type: int), ws_bill_customer_sk (type: int)
                      outputColumnNames: _col0, _col1
                      Statistics: Num rows: 143930993 Data size: 1151161360 Basic stats: COMPLETE Column stats: COMPLETE
                      Map Join Operator
                        condition map:
                             Inner Join 0 to 1
                        keys:
                          0 _col0 (type: int)
                          1 _col0 (type: int)
                        outputColumnNames: _col1
                        input vertices:
                          1 Map 12
                        Statistics: Num rows: 17104380 Data size: 68274076 Basic stats: COMPLETE Column stats: COMPLETE
                        Group By Operator
                          keys: _col1 (type: int)
                          mode: hash
                          outputColumnNames: _col0
                          Statistics: Num rows: 168231 Data size: 671516 Basic stats: COMPLETE Column stats: COMPLETE
                          Reduce Output Operator
                            key expressions: _col0 (type: int)
                            sort order: +
                            Map-reduce partition columns: _col0 (type: int)
                            Statistics: Num rows: 168231 Data size: 671516 Basic stats: COMPLETE Column stats: COMPLETE
            Execution mode: vectorized
            Local Work:
              Map Reduce Local Work
        Map 13 
            Map Operator Tree:
                TableScan
                  alias: catalog_sales
                  filterExpr: (cs_ship_customer_sk is not null and cs_sold_date_sk is not null) (type: boolean)
                  Statistics: Num rows: 287989836 Data size: 2292391500 Basic stats: COMPLETE Column stats: COMPLETE
                  Filter Operator
                    predicate: (cs_ship_customer_sk is not null and cs_sold_date_sk is not null) (type: boolean)
                    Statistics: Num rows: 285115246 Data size: 2269509840 Basic stats: COMPLETE Column stats: COMPLETE
                    Select Operator
                      expressions: cs_sold_date_sk (type: int), cs_ship_customer_sk (type: int)
                      outputColumnNames: _col0, _col1
                      Statistics: Num rows: 285115246 Data size: 2269509840 Basic stats: COMPLETE Column stats: COMPLETE
                      Map Join Operator
                        condition map:
                             Inner Join 0 to 1
                        keys:
                          0 _col0 (type: int)
                          1 _col0 (type: int)
                        outputColumnNames: _col1
                        input vertices:
                          1 Map 15
                        Statistics: Num rows: 33642830 Data size: 128862124 Basic stats: COMPLETE Column stats: COMPLETE
                        Group By Operator
                          keys: _col1 (type: int)
                          mode: hash
                          outputColumnNames: _col0
                          Statistics: Num rows: 167041 Data size: 639820 Basic stats: COMPLETE Column stats: COMPLETE
                          Reduce Output Operator
                            key expressions: _col0 (type: int)
                            sort order: +
                            Map-reduce partition columns: _col0 (type: int)
                            Statistics: Num rows: 167041 Data size: 639820 Basic stats: COMPLETE Column stats: COMPLETE
            Execution mode: vectorized
            Local Work:
              Map Reduce Local Work
        Map 8 
            Map Operator Tree:
                TableScan
                  alias: store_sales
                  filterExpr: (ss_customer_sk is not null and ss_sold_date_sk is not null) (type: boolean)
                  Statistics: Num rows: 575995635 Data size: 4400627472 Basic stats: COMPLETE Column stats: COMPLETE
                  Filter Operator
                    predicate: (ss_customer_sk is not null and ss_sold_date_sk is not null) (type: boolean)
                    Statistics: Num rows: 525327388 Data size: 4013520236 Basic stats: COMPLETE Column stats: COMPLETE
                    Select Operator
                      expressions: ss_sold_date_sk (type: int), ss_customer_sk (type: int)
                      outputColumnNames: _col0, _col1
                      Statistics: Num rows: 525327388 Data size: 4013520236 Basic stats: COMPLETE Column stats: COMPLETE
                      Map Join Operator
                        condition map:
                             Inner Join 0 to 1
                        keys:
                          0 _col0 (type: int)
                          1 _col0 (type: int)
                        outputColumnNames: _col1
                        input vertices:
                          1 Map 9
                        Statistics: Num rows: 62428523 Data size: 155171512 Basic stats: COMPLETE Column stats: COMPLETE
                        Select Operator
                          expressions: _col1 (type: int)
                          outputColumnNames: _col0
                          Statistics: Num rows: 62428523 Data size: 155171512 Basic stats: COMPLETE Column stats: COMPLETE
                          Group By Operator
                            keys: _col0 (type: int)
                            mode: hash
                            outputColumnNames: _col0
                            Statistics: Num rows: 168231 Data size: 418156 Basic stats: COMPLETE Column stats: COMPLETE
                            Spark HashTable Sink Operator
                              keys:
                                0 _col0 (type: int)
                                1 _col0 (type: int)
                                2 _col0 (type: int)
            Execution mode: vectorized
            Local Work:
              Map Reduce Local Work
        Reducer 11 
            Execution mode: vectorized
            Local Work:
              Map Reduce Local Work
            Reduce Operator Tree:
              Group By Operator
                keys: KEY._col0 (type: int)
                mode: mergepartial
                outputColumnNames: _col0
                Statistics: Num rows: 168231 Data size: 671516 Basic stats: COMPLETE Column stats: COMPLETE
                Select Operator
                  expressions: _col0 (type: int), true (type: boolean)
                  outputColumnNames: _col0, _col1
                  Statistics: Num rows: 168231 Data size: 1344440 Basic stats: COMPLETE Column stats: COMPLETE
                  Spark HashTable Sink Operator
                    keys:
                      0 _col0 (type: int)
                      1 _col0 (type: int)
                      2 _col0 (type: int)
        Reducer 14 
            Execution mode: vectorized
            Local Work:
              Map Reduce Local Work
            Reduce Operator Tree:
              Group By Operator
                keys: KEY._col0 (type: int)
                mode: mergepartial
                outputColumnNames: _col0
                Statistics: Num rows: 167041 Data size: 639820 Basic stats: COMPLETE Column stats: COMPLETE
                Select Operator
                  expressions: _col0 (type: int), true (type: boolean)
                  outputColumnNames: _col0, _col1
                  Statistics: Num rows: 167041 Data size: 1307984 Basic stats: COMPLETE Column stats: COMPLETE
                  Spark HashTable Sink Operator
                    keys:
                      0 _col0 (type: int)
                      1 _col0 (type: int)

  Stage: Stage-1
    Spark
      Edges:
        Reducer 2 <- Map 1 (PARTITION-LEVEL SORT, 9), Map 6 (PARTITION-LEVEL SORT, 9)
        Reducer 3 <- Map 7 (PARTITION-LEVEL SORT, 6), Reducer 2 (PARTITION-LEVEL SORT, 6)
        Reducer 4 <- Reducer 3 (GROUP, 2)
        Reducer 5 <- Reducer 4 (SORT, 1)
#### A masked pattern was here ####
      Vertices:
        Map 1 
            Map Operator Tree:
                TableScan
                  alias: c
                  filterExpr: (c_current_addr_sk is not null and c_current_cdemo_sk is not null and c_customer_sk is not null) (type: boolean)
                  Statistics: Num rows: 80000000 Data size: 948805540 Basic stats: COMPLETE Column stats: COMPLETE
                  Filter Operator
                    predicate: (c_current_addr_sk is not null and c_current_cdemo_sk is not null and c_customer_sk is not null) (type: boolean)
                    Statistics: Num rows: 77201384 Data size: 915613760 Basic stats: COMPLETE Column stats: COMPLETE
                    Select Operator
                      expressions: c_customer_sk (type: int), c_current_cdemo_sk (type: int), c_current_addr_sk (type: int)
                      outputColumnNames: _col0, _col1, _col2
                      Statistics: Num rows: 77201384 Data size: 915613760 Basic stats: COMPLETE Column stats: COMPLETE
                      Reduce Output Operator
                        key expressions: _col2 (type: int)
                        sort order: +
                        Map-reduce partition columns: _col2 (type: int)
                        Statistics: Num rows: 77201384 Data size: 915613760 Basic stats: COMPLETE Column stats: COMPLETE
                        value expressions: _col0 (type: int), _col1 (type: int)
            Execution mode: vectorized
        Map 6 
            Map Operator Tree:
                TableScan
                  alias: ca
                  filterExpr: ((ca_state) IN ('CO', 'IL', 'MN') and ca_address_sk is not null) (type: boolean)
                  Statistics: Num rows: 40000000 Data size: 3600000000 Basic stats: COMPLETE Column stats: COMPLETE
                  Filter Operator
                    predicate: ((ca_state) IN ('CO', 'IL', 'MN') and ca_address_sk is not null) (type: boolean)
                    Statistics: Num rows: 2352941 Data size: 211764690 Basic stats: COMPLETE Column stats: COMPLETE
                    Select Operator
                      expressions: ca_address_sk (type: int)
                      outputColumnNames: _col0
                      Statistics: Num rows: 2352941 Data size: 211764690 Basic stats: COMPLETE Column stats: COMPLETE
                      Reduce Output Operator
                        key expressions: _col0 (type: int)
                        sort order: +
                        Map-reduce partition columns: _col0 (type: int)
                        Statistics: Num rows: 2352941 Data size: 211764690 Basic stats: COMPLETE Column stats: COMPLETE
            Execution mode: vectorized
        Map 7 
            Map Operator Tree:
                TableScan
                  alias: customer_demographics
                  filterExpr: cd_demo_sk is not null (type: boolean)
                  Statistics: Num rows: 1861800 Data size: 675833400 Basic stats: COMPLETE Column stats: COMPLETE
                  Filter Operator
                    predicate: cd_demo_sk is not null (type: boolean)
                    Statistics: Num rows: 1861800 Data size: 675833400 Basic stats: COMPLETE Column stats: COMPLETE
                    Select Operator
                      expressions: cd_demo_sk (type: int), cd_gender (type: string), cd_marital_status (type: string), cd_education_status (type: string), cd_purchase_estimate (type: int), cd_credit_rating (type: string)
                      outputColumnNames: _col0, _col1, _col2, _col3, _col4, _col5
                      Statistics: Num rows: 1861800 Data size: 675833400 Basic stats: COMPLETE Column stats: COMPLETE
                      Reduce Output Operator
                        key expressions: _col0 (type: int)
                        sort order: +
                        Map-reduce partition columns: _col0 (type: int)
                        Statistics: Num rows: 1861800 Data size: 675833400 Basic stats: COMPLETE Column stats: COMPLETE
                        value expressions: _col1 (type: string), _col2 (type: string), _col3 (type: string), _col4 (type: int), _col5 (type: string)
            Execution mode: vectorized
        Reducer 2 
            Reduce Operator Tree:
              Join Operator
                condition map:
                     Inner Join 0 to 1
                keys:
                  0 _col2 (type: int)
                  1 _col0 (type: int)
                outputColumnNames: _col0, _col1
                Statistics: Num rows: 4541258 Data size: 25527216 Basic stats: COMPLETE Column stats: COMPLETE
                Reduce Output Operator
                  key expressions: _col1 (type: int)
                  sort order: +
                  Map-reduce partition columns: _col1 (type: int)
                  Statistics: Num rows: 4541258 Data size: 25527216 Basic stats: COMPLETE Column stats: COMPLETE
                  value expressions: _col0 (type: int)
        Reducer 3 
            Local Work:
              Map Reduce Local Work
            Reduce Operator Tree:
              Join Operator
                condition map:
                     Inner Join 0 to 1
                keys:
                  0 _col1 (type: int)
                  1 _col0 (type: int)
                outputColumnNames: _col0, _col6, _col7, _col8, _col9, _col10
                Statistics: Num rows: 4605476 Data size: 1671787788 Basic stats: COMPLETE Column stats: COMPLETE
                Map Join Operator
                  condition map:
                       Left Semi Join 0 to 1
                       Left Outer Join 0 to 2
                  keys:
                    0 _col0 (type: int)
                    1 _col0 (type: int)
                    2 _col0 (type: int)
                  outputColumnNames: _col0, _col6, _col7, _col8, _col9, _col10, _col12
                  input vertices:
                    1 Map 8
                    2 Reducer 11
                  Statistics: Num rows: 9896 Data size: 3631832 Basic stats: COMPLETE Column stats: COMPLETE
                  Filter Operator
                    predicate: _col12 is null (type: boolean)
                    Statistics: Num rows: 1 Data size: 367 Basic stats: COMPLETE Column stats: COMPLETE
                    Select Operator
                      expressions: _col0 (type: int), _col6 (type: string), _col7 (type: string), _col8 (type: string), _col9 (type: int), _col10 (type: string)
                      outputColumnNames: _col0, _col6, _col7, _col8, _col9, _col10
                      Statistics: Num rows: 1 Data size: 367 Basic stats: COMPLETE Column stats: COMPLETE
                      Map Join Operator
                        condition map:
                             Left Outer Join 0 to 1
                        keys:
                          0 _col0 (type: int)
                          1 _col0 (type: int)
                        outputColumnNames: _col6, _col7, _col8, _col9, _col10, _col14
                        input vertices:
                          1 Reducer 14
                        Statistics: Num rows: 844 Data size: 303000 Basic stats: COMPLETE Column stats: COMPLETE
                        Filter Operator
                          predicate: _col14 is null (type: boolean)
                          Statistics: Num rows: 844 Data size: 303000 Basic stats: COMPLETE Column stats: COMPLETE
                          Select Operator
                            expressions: _col6 (type: string), _col7 (type: string), _col8 (type: string), _col9 (type: int), _col10 (type: string)
                            outputColumnNames: _col6, _col7, _col8, _col9, _col10
                            Statistics: Num rows: 844 Data size: 303000 Basic stats: COMPLETE Column stats: COMPLETE
                            Group By Operator
                              aggregations: count()
                              keys: _col6 (type: string), _col7 (type: string), _col8 (type: string), _col9 (type: int), _col10 (type: string)
                              mode: hash
                              outputColumnNames: _col0, _col1, _col2, _col3, _col4, _col5
                              Statistics: Num rows: 1 Data size: 367 Basic stats: COMPLETE Column stats: COMPLETE
                              Reduce Output Operator
                                key expressions: _col0 (type: string), _col1 (type: string), _col2 (type: string), _col3 (type: int), _col4 (type: string)
                                sort order: +++++
                                Map-reduce partition columns: _col0 (type: string), _col1 (type: string), _col2 (type: string), _col3 (type: int), _col4 (type: string)
                                Statistics: Num rows: 1 Data size: 367 Basic stats: COMPLETE Column stats: COMPLETE
                                TopN Hash Memory Usage: 0.1
                                value expressions: _col5 (type: bigint)
        Reducer 4 
            Execution mode: vectorized
            Reduce Operator Tree:
              Group By Operator
                aggregations: count(VALUE._col0)
                keys: KEY._col0 (type: string), KEY._col1 (type: string), KEY._col2 (type: string), KEY._col3 (type: int), KEY._col4 (type: string)
                mode: mergepartial
                outputColumnNames: _col0, _col1, _col2, _col3, _col4, _col5
                Statistics: Num rows: 1 Data size: 367 Basic stats: COMPLETE Column stats: COMPLETE
                Select Operator
                  expressions: _col0 (type: string), _col1 (type: string), _col2 (type: string), _col5 (type: bigint), _col3 (type: int), _col4 (type: string)
                  outputColumnNames: _col0, _col1, _col2, _col3, _col4, _col6
                  Statistics: Num rows: 1 Data size: 383 Basic stats: COMPLETE Column stats: COMPLETE
                  Reduce Output Operator
                    key expressions: _col0 (type: string), _col1 (type: string), _col2 (type: string), _col4 (type: int), _col6 (type: string)
                    sort order: +++++
                    Statistics: Num rows: 1 Data size: 383 Basic stats: COMPLETE Column stats: COMPLETE
                    TopN Hash Memory Usage: 0.1
                    value expressions: _col3 (type: bigint)
        Reducer 5 
            Execution mode: vectorized
            Reduce Operator Tree:
              Select Operator
                expressions: KEY.reducesinkkey0 (type: string), KEY.reducesinkkey1 (type: string), KEY.reducesinkkey2 (type: string), VALUE._col0 (type: bigint), KEY.reducesinkkey3 (type: int), VALUE._col0 (type: bigint), KEY.reducesinkkey4 (type: string), VALUE._col0 (type: bigint)
                outputColumnNames: _col0, _col1, _col2, _col3, _col4, _col5, _col6, _col7
                Statistics: Num rows: 1 Data size: 383 Basic stats: COMPLETE Column stats: COMPLETE
                Limit
                  Number of rows: 100
                  Statistics: Num rows: 1 Data size: 383 Basic stats: COMPLETE Column stats: COMPLETE
                  File Output Operator
                    compressed: false
                    Statistics: Num rows: 1 Data size: 383 Basic stats: COMPLETE Column stats: COMPLETE
                    table:
                        input format: org.apache.hadoop.mapred.SequenceFileInputFormat
                        output format: org.apache.hadoop.hive.ql.io.HiveSequenceFileOutputFormat
                        serde: org.apache.hadoop.hive.serde2.lazy.LazySimpleSerDe

  Stage: Stage-4
    Spark
#### A masked pattern was here ####
      Vertices:
        Map 12 
            Map Operator Tree:
                TableScan
                  alias: date_dim
                  filterExpr: ((d_year = 1999) and d_moy BETWEEN 1 AND 3 and d_date_sk is not null) (type: boolean)
                  Statistics: Num rows: 73049 Data size: 876588 Basic stats: COMPLETE Column stats: COMPLETE
                  Filter Operator
                    predicate: ((d_year = 1999) and d_date_sk is not null and d_moy BETWEEN 1 AND 3) (type: boolean)
                    Statistics: Num rows: 217 Data size: 2604 Basic stats: COMPLETE Column stats: COMPLETE
                    Select Operator
                      expressions: d_date_sk (type: int)
                      outputColumnNames: _col0
                      Statistics: Num rows: 217 Data size: 2604 Basic stats: COMPLETE Column stats: COMPLETE
                      Spark HashTable Sink Operator
                        keys:
                          0 _col0 (type: int)
                          1 _col0 (type: int)
            Execution mode: vectorized
            Local Work:
              Map Reduce Local Work

  Stage: Stage-5
    Spark
#### A masked pattern was here ####
      Vertices:
        Map 15 
            Map Operator Tree:
                TableScan
                  alias: date_dim
                  filterExpr: ((d_year = 1999) and d_moy BETWEEN 1 AND 3 and d_date_sk is not null) (type: boolean)
                  Statistics: Num rows: 73049 Data size: 876588 Basic stats: COMPLETE Column stats: COMPLETE
                  Filter Operator
                    predicate: ((d_year = 1999) and d_date_sk is not null and d_moy BETWEEN 1 AND 3) (type: boolean)
                    Statistics: Num rows: 217 Data size: 2604 Basic stats: COMPLETE Column stats: COMPLETE
                    Select Operator
                      expressions: d_date_sk (type: int)
                      outputColumnNames: _col0
                      Statistics: Num rows: 217 Data size: 2604 Basic stats: COMPLETE Column stats: COMPLETE
                      Spark HashTable Sink Operator
                        keys:
                          0 _col0 (type: int)
                          1 _col0 (type: int)
            Execution mode: vectorized
            Local Work:
              Map Reduce Local Work

  Stage: Stage-0
    Fetch Operator
      limit: 100
      Processor Tree:
        ListSink

