Warning: Map Join MAPJOIN[240][bigTable=?] in task 'Stage-1:MAPRED' is a cross product
Warning: Map Join MAPJOIN[241][bigTable=?] in task 'Stage-1:MAPRED' is a cross product
Warning: Map Join MAPJOIN[242][bigTable=?] in task 'Stage-1:MAPRED' is a cross product
PREHOOK: query: explain
with ss_items as
 (select i_item_id item_id
        ,sum(ss_ext_sales_price) ss_item_rev 
 from store_sales
     ,item
     ,date_dim
 where ss_item_sk = i_item_sk
   and d_date in (select d_date
                  from date_dim
                  where d_week_seq = (select d_week_seq 
                                      from date_dim
                                      where d_date = '1998-02-19'))
   and ss_sold_date_sk   = d_date_sk
 group by i_item_id),
 cs_items as
 (select i_item_id item_id
        ,sum(cs_ext_sales_price) cs_item_rev
  from catalog_sales
      ,item
      ,date_dim
 where cs_item_sk = i_item_sk
  and  d_date in (select d_date
                  from date_dim
                  where d_week_seq = (select d_week_seq 
                                      from date_dim
                                      where d_date = '1998-02-19'))
  and  cs_sold_date_sk = d_date_sk
 group by i_item_id),
 ws_items as
 (select i_item_id item_id
        ,sum(ws_ext_sales_price) ws_item_rev
  from web_sales
      ,item
      ,date_dim
 where ws_item_sk = i_item_sk
  and  d_date in (select d_date
                  from date_dim
                  where d_week_seq =(select d_week_seq 
                                     from date_dim
                                     where d_date = '1998-02-19'))
  and ws_sold_date_sk   = d_date_sk
 group by i_item_id)
  select  ss_items.item_id
       ,ss_item_rev
       ,ss_item_rev/(ss_item_rev+cs_item_rev+ws_item_rev)/3 * 100 ss_dev
       ,cs_item_rev
       ,cs_item_rev/(ss_item_rev+cs_item_rev+ws_item_rev)/3 * 100 cs_dev
       ,ws_item_rev
       ,ws_item_rev/(ss_item_rev+cs_item_rev+ws_item_rev)/3 * 100 ws_dev
       ,(ss_item_rev+cs_item_rev+ws_item_rev)/3 average
 from ss_items,cs_items,ws_items
 where ss_items.item_id=cs_items.item_id
   and ss_items.item_id=ws_items.item_id 
   and ss_item_rev between 0.9 * cs_item_rev and 1.1 * cs_item_rev
   and ss_item_rev between 0.9 * ws_item_rev and 1.1 * ws_item_rev
   and cs_item_rev between 0.9 * ss_item_rev and 1.1 * ss_item_rev
   and cs_item_rev between 0.9 * ws_item_rev and 1.1 * ws_item_rev
   and ws_item_rev between 0.9 * ss_item_rev and 1.1 * ss_item_rev
   and ws_item_rev between 0.9 * cs_item_rev and 1.1 * cs_item_rev
 order by item_id
         ,ss_item_rev
 limit 100
PREHOOK: type: QUERY
POSTHOOK: query: explain
with ss_items as
 (select i_item_id item_id
        ,sum(ss_ext_sales_price) ss_item_rev 
 from store_sales
     ,item
     ,date_dim
 where ss_item_sk = i_item_sk
   and d_date in (select d_date
                  from date_dim
                  where d_week_seq = (select d_week_seq 
                                      from date_dim
                                      where d_date = '1998-02-19'))
   and ss_sold_date_sk   = d_date_sk
 group by i_item_id),
 cs_items as
 (select i_item_id item_id
        ,sum(cs_ext_sales_price) cs_item_rev
  from catalog_sales
      ,item
      ,date_dim
 where cs_item_sk = i_item_sk
  and  d_date in (select d_date
                  from date_dim
                  where d_week_seq = (select d_week_seq 
                                      from date_dim
                                      where d_date = '1998-02-19'))
  and  cs_sold_date_sk = d_date_sk
 group by i_item_id),
 ws_items as
 (select i_item_id item_id
        ,sum(ws_ext_sales_price) ws_item_rev
  from web_sales
      ,item
      ,date_dim
 where ws_item_sk = i_item_sk
  and  d_date in (select d_date
                  from date_dim
                  where d_week_seq =(select d_week_seq 
                                     from date_dim
                                     where d_date = '1998-02-19'))
  and ws_sold_date_sk   = d_date_sk
 group by i_item_id)
  select  ss_items.item_id
       ,ss_item_rev
       ,ss_item_rev/(ss_item_rev+cs_item_rev+ws_item_rev)/3 * 100 ss_dev
       ,cs_item_rev
       ,cs_item_rev/(ss_item_rev+cs_item_rev+ws_item_rev)/3 * 100 cs_dev
       ,ws_item_rev
       ,ws_item_rev/(ss_item_rev+cs_item_rev+ws_item_rev)/3 * 100 ws_dev
       ,(ss_item_rev+cs_item_rev+ws_item_rev)/3 average
 from ss_items,cs_items,ws_items
 where ss_items.item_id=cs_items.item_id
   and ss_items.item_id=ws_items.item_id 
   and ss_item_rev between 0.9 * cs_item_rev and 1.1 * cs_item_rev
   and ss_item_rev between 0.9 * ws_item_rev and 1.1 * ws_item_rev
   and cs_item_rev between 0.9 * ss_item_rev and 1.1 * ss_item_rev
   and cs_item_rev between 0.9 * ws_item_rev and 1.1 * ws_item_rev
   and ws_item_rev between 0.9 * ss_item_rev and 1.1 * ss_item_rev
   and ws_item_rev between 0.9 * cs_item_rev and 1.1 * cs_item_rev
 order by item_id
         ,ss_item_rev
 limit 100
POSTHOOK: type: QUERY
STAGE DEPENDENCIES:
  Stage-2 is a root stage
  Stage-3 depends on stages: Stage-2
  Stage-4 depends on stages: Stage-3
  Stage-1 depends on stages: Stage-4
  Stage-0 depends on stages: Stage-1

STAGE PLANS:
  Stage: Stage-2
    Spark
      Edges:
        Reducer 15 <- Map 14 (GROUP, 1)
#### A masked pattern was here ####
      Vertices:
        Map 14 
            Map Operator Tree:
                TableScan
                  alias: date_dim
                  filterExpr: (d_date = '1998-02-19') (type: boolean)
                  Statistics: Num rows: 73049 Data size: 81741831 Basic stats: COMPLETE Column stats: NONE
                  Filter Operator
                    predicate: (d_date = '1998-02-19') (type: boolean)
                    Statistics: Num rows: 36524 Data size: 40870356 Basic stats: COMPLETE Column stats: NONE
                    Select Operator
                      Statistics: Num rows: 36524 Data size: 40870356 Basic stats: COMPLETE Column stats: NONE
                      Group By Operator
                        aggregations: count()
                        mode: hash
                        outputColumnNames: _col0
                        Statistics: Num rows: 1 Data size: 8 Basic stats: COMPLETE Column stats: NONE
                        Reduce Output Operator
                          sort order: 
                          Statistics: Num rows: 1 Data size: 8 Basic stats: COMPLETE Column stats: NONE
                          value expressions: _col0 (type: bigint)
            Execution mode: vectorized
        Reducer 15 
            Execution mode: vectorized
            Local Work:
              Map Reduce Local Work
            Reduce Operator Tree:
              Group By Operator
                aggregations: count(VALUE._col0)
                mode: mergepartial
                outputColumnNames: _col0
                Statistics: Num rows: 1 Data size: 8 Basic stats: COMPLETE Column stats: NONE
                Filter Operator
                  predicate: (sq_count_check(_col0) <= 1) (type: boolean)
                  Statistics: Num rows: 1 Data size: 8 Basic stats: COMPLETE Column stats: NONE
                  Select Operator
                    Statistics: Num rows: 1 Data size: 8 Basic stats: COMPLETE Column stats: NONE
                    Spark HashTable Sink Operator
                      keys:
                        0 
                        1 

  Stage: Stage-3
    Spark
      Edges:
        Reducer 31 <- Map 30 (GROUP, 1)
#### A masked pattern was here ####
      Vertices:
        Map 30 
            Map Operator Tree:
                TableScan
                  alias: date_dim
                  filterExpr: (d_date = '1998-02-19') (type: boolean)
                  Statistics: Num rows: 73049 Data size: 81741831 Basic stats: COMPLETE Column stats: NONE
                  Filter Operator
                    predicate: (d_date = '1998-02-19') (type: boolean)
                    Statistics: Num rows: 36524 Data size: 40870356 Basic stats: COMPLETE Column stats: NONE
                    Select Operator
                      Statistics: Num rows: 36524 Data size: 40870356 Basic stats: COMPLETE Column stats: NONE
                      Group By Operator
                        aggregations: count()
                        mode: hash
                        outputColumnNames: _col0
                        Statistics: Num rows: 1 Data size: 8 Basic stats: COMPLETE Column stats: NONE
                        Reduce Output Operator
                          sort order: 
                          Statistics: Num rows: 1 Data size: 8 Basic stats: COMPLETE Column stats: NONE
                          value expressions: _col0 (type: bigint)
            Execution mode: vectorized
        Reducer 31 
            Execution mode: vectorized
            Local Work:
              Map Reduce Local Work
            Reduce Operator Tree:
              Group By Operator
                aggregations: count(VALUE._col0)
                mode: mergepartial
                outputColumnNames: _col0
                Statistics: Num rows: 1 Data size: 8 Basic stats: COMPLETE Column stats: NONE
                Filter Operator
                  predicate: (sq_count_check(_col0) <= 1) (type: boolean)
                  Statistics: Num rows: 1 Data size: 8 Basic stats: COMPLETE Column stats: NONE
                  Select Operator
                    Statistics: Num rows: 1 Data size: 8 Basic stats: COMPLETE Column stats: NONE
                    Spark HashTable Sink Operator
                      keys:
                        0 
                        1 

  Stage: Stage-4
    Spark
      Edges:
        Reducer 47 <- Map 46 (GROUP, 1)
#### A masked pattern was here ####
      Vertices:
        Map 46 
            Map Operator Tree:
                TableScan
                  alias: date_dim
                  filterExpr: (d_date = '1998-02-19') (type: boolean)
                  Statistics: Num rows: 73049 Data size: 81741831 Basic stats: COMPLETE Column stats: NONE
                  Filter Operator
                    predicate: (d_date = '1998-02-19') (type: boolean)
                    Statistics: Num rows: 36524 Data size: 40870356 Basic stats: COMPLETE Column stats: NONE
                    Select Operator
                      Statistics: Num rows: 36524 Data size: 40870356 Basic stats: COMPLETE Column stats: NONE
                      Group By Operator
                        aggregations: count()
                        mode: hash
                        outputColumnNames: _col0
                        Statistics: Num rows: 1 Data size: 8 Basic stats: COMPLETE Column stats: NONE
                        Reduce Output Operator
                          sort order: 
                          Statistics: Num rows: 1 Data size: 8 Basic stats: COMPLETE Column stats: NONE
                          value expressions: _col0 (type: bigint)
            Execution mode: vectorized
        Reducer 47 
            Execution mode: vectorized
            Local Work:
              Map Reduce Local Work
            Reduce Operator Tree:
              Group By Operator
                aggregations: count(VALUE._col0)
                mode: mergepartial
                outputColumnNames: _col0
                Statistics: Num rows: 1 Data size: 8 Basic stats: COMPLETE Column stats: NONE
                Filter Operator
                  predicate: (sq_count_check(_col0) <= 1) (type: boolean)
                  Statistics: Num rows: 1 Data size: 8 Basic stats: COMPLETE Column stats: NONE
                  Select Operator
                    Statistics: Num rows: 1 Data size: 8 Basic stats: COMPLETE Column stats: NONE
                    Spark HashTable Sink Operator
                      keys:
                        0 
                        1 

  Stage: Stage-1
    Spark
      Edges:
        Reducer 10 <- Map 25 (GROUP, 6)
        Reducer 12 <- Map 11 (PARTITION-LEVEL SORT, 2), Reducer 17 (PARTITION-LEVEL SORT, 2)
        Reducer 13 <- Reducer 12 (GROUP, 2)
        Reducer 17 <- Map 16 (PARTITION-LEVEL SORT, 2), Map 18 (PARTITION-LEVEL SORT, 2)
        Reducer 2 <- Map 1 (GROUP, 305)
        Reducer 20 <- Map 19 (GROUP, 397)
        Reducer 21 <- Reducer 20 (PARTITION-LEVEL SORT, 202), Reducer 26 (PARTITION-LEVEL SORT, 202)
        Reducer 22 <- Reducer 21 (GROUP, 219)
        Reducer 23 <- Reducer 22 (PARTITION-LEVEL SORT, 110), Reducer 29 (PARTITION-LEVEL SORT, 110)
        Reducer 24 <- Reducer 23 (GROUP, 121)
        Reducer 26 <- Map 25 (GROUP, 6)
        Reducer 28 <- Map 27 (PARTITION-LEVEL SORT, 2), Reducer 33 (PARTITION-LEVEL SORT, 2)
        Reducer 29 <- Reducer 28 (GROUP, 2)
        Reducer 3 <- Reducer 10 (PARTITION-LEVEL SORT, 155), Reducer 2 (PARTITION-LEVEL SORT, 155)
        Reducer 33 <- Map 32 (PARTITION-LEVEL SORT, 2), Map 34 (PARTITION-LEVEL SORT, 2)
        Reducer 36 <- Map 35 (GROUP, 153)
        Reducer 37 <- Reducer 36 (PARTITION-LEVEL SORT, 80), Reducer 42 (PARTITION-LEVEL SORT, 80)
        Reducer 38 <- Reducer 37 (GROUP, 85)
        Reducer 39 <- Reducer 38 (PARTITION-LEVEL SORT, 43), Reducer 45 (PARTITION-LEVEL SORT, 43)
        Reducer 4 <- Reducer 3 (GROUP, 168)
        Reducer 40 <- Reducer 39 (GROUP, 47)
        Reducer 42 <- Map 25 (GROUP, 6)
        Reducer 44 <- Map 43 (PARTITION-LEVEL SORT, 2), Reducer 49 (PARTITION-LEVEL SORT, 2)
        Reducer 45 <- Reducer 44 (GROUP, 2)
        Reducer 49 <- Map 48 (PARTITION-LEVEL SORT, 2), Map 50 (PARTITION-LEVEL SORT, 2)
        Reducer 5 <- Reducer 13 (PARTITION-LEVEL SORT, 85), Reducer 4 (PARTITION-LEVEL SORT, 85)
        Reducer 6 <- Reducer 5 (GROUP, 93)
        Reducer 7 <- Reducer 24 (PARTITION-LEVEL SORT, 130), Reducer 40 (PARTITION-LEVEL SORT, 130), Reducer 6 (PARTITION-LEVEL SORT, 130)
        Reducer 8 <- Reducer 7 (SORT, 1)
#### A masked pattern was here ####
      Vertices:
        Map 1 
            Map Operator Tree:
                TableScan
                  alias: catalog_sales
                  filterExpr: (cs_item_sk is not null and cs_sold_date_sk is not null) (type: boolean)
                  Statistics: Num rows: 287989836 Data size: 38999608952 Basic stats: COMPLETE Column stats: NONE
                  Filter Operator
                    predicate: (cs_item_sk is not null and cs_sold_date_sk is not null) (type: boolean)
                    Statistics: Num rows: 287989836 Data size: 38999608952 Basic stats: COMPLETE Column stats: NONE
                    Select Operator
                      expressions: cs_sold_date_sk (type: int), cs_item_sk (type: int), cs_ext_sales_price (type: decimal(7,2))
                      outputColumnNames: _col0, _col1, _col2
                      Statistics: Num rows: 287989836 Data size: 38999608952 Basic stats: COMPLETE Column stats: NONE
                      Group By Operator
                        aggregations: sum(_col2)
                        keys: _col1 (type: int), _col0 (type: int)
                        mode: hash
                        outputColumnNames: _col0, _col1, _col2
                        Statistics: Num rows: 287989836 Data size: 38999608952 Basic stats: COMPLETE Column stats: NONE
                        Reduce Output Operator
                          key expressions: _col0 (type: int), _col1 (type: int)
                          sort order: ++
                          Map-reduce partition columns: _col0 (type: int), _col1 (type: int)
                          Statistics: Num rows: 287989836 Data size: 38999608952 Basic stats: COMPLETE Column stats: NONE
                          value expressions: _col2 (type: decimal(17,2))
            Execution mode: vectorized
        Map 11 
            Map Operator Tree:
                TableScan
                  alias: date_dim
                  filterExpr: (d_date is not null and d_date_sk is not null) (type: boolean)
                  Statistics: Num rows: 73049 Data size: 81741831 Basic stats: COMPLETE Column stats: NONE
                  Filter Operator
                    predicate: (d_date is not null and d_date_sk is not null) (type: boolean)
                    Statistics: Num rows: 73049 Data size: 81741831 Basic stats: COMPLETE Column stats: NONE
                    Select Operator
                      expressions: d_date_sk (type: int), d_date (type: string)
                      outputColumnNames: _col0, _col1
                      Statistics: Num rows: 73049 Data size: 81741831 Basic stats: COMPLETE Column stats: NONE
                      Reduce Output Operator
                        key expressions: _col1 (type: string)
                        sort order: +
                        Map-reduce partition columns: _col1 (type: string)
                        Statistics: Num rows: 73049 Data size: 81741831 Basic stats: COMPLETE Column stats: NONE
                        value expressions: _col0 (type: int)
            Execution mode: vectorized
        Map 16 
            Map Operator Tree:
                TableScan
                  alias: date_dim
                  filterExpr: ((d_date = '1998-02-19') and d_week_seq is not null) (type: boolean)
                  Statistics: Num rows: 73049 Data size: 81741831 Basic stats: COMPLETE Column stats: NONE
                  Filter Operator
                    predicate: ((d_date = '1998-02-19') and d_week_seq is not null) (type: boolean)
                    Statistics: Num rows: 36524 Data size: 40870356 Basic stats: COMPLETE Column stats: NONE
                    Select Operator
                      expressions: d_week_seq (type: int)
                      outputColumnNames: _col0
                      Statistics: Num rows: 36524 Data size: 40870356 Basic stats: COMPLETE Column stats: NONE
                      Map Join Operator
                        condition map:
                             Inner Join 0 to 1
                        keys:
                          0 
                          1 
                        outputColumnNames: _col1
                        input vertices:
                          0 Reducer 15
                        Statistics: Num rows: 36524 Data size: 41199072 Basic stats: COMPLETE Column stats: NONE
                        Reduce Output Operator
                          key expressions: _col1 (type: int)
                          sort order: +
                          Map-reduce partition columns: _col1 (type: int)
                          Statistics: Num rows: 36524 Data size: 41199072 Basic stats: COMPLETE Column stats: NONE
            Execution mode: vectorized
            Local Work:
              Map Reduce Local Work
        Map 18 
            Map Operator Tree:
                TableScan
                  alias: date_dim
                  filterExpr: (d_week_seq is not null and d_date is not null) (type: boolean)
                  Statistics: Num rows: 73049 Data size: 81741831 Basic stats: COMPLETE Column stats: NONE
                  Filter Operator
                    predicate: (d_date is not null and d_week_seq is not null) (type: boolean)
                    Statistics: Num rows: 73049 Data size: 81741831 Basic stats: COMPLETE Column stats: NONE
                    Select Operator
                      expressions: d_date (type: string), d_week_seq (type: int)
                      outputColumnNames: _col0, _col1
                      Statistics: Num rows: 73049 Data size: 81741831 Basic stats: COMPLETE Column stats: NONE
                      Reduce Output Operator
                        key expressions: _col1 (type: int)
                        sort order: +
                        Map-reduce partition columns: _col1 (type: int)
                        Statistics: Num rows: 73049 Data size: 81741831 Basic stats: COMPLETE Column stats: NONE
                        value expressions: _col0 (type: string)
            Execution mode: vectorized
        Map 19 
            Map Operator Tree:
                TableScan
                  alias: store_sales
                  filterExpr: (ss_item_sk is not null and ss_sold_date_sk is not null) (type: boolean)
                  Statistics: Num rows: 575995635 Data size: 50814502088 Basic stats: COMPLETE Column stats: NONE
                  Filter Operator
                    predicate: (ss_item_sk is not null and ss_sold_date_sk is not null) (type: boolean)
                    Statistics: Num rows: 575995635 Data size: 50814502088 Basic stats: COMPLETE Column stats: NONE
                    Select Operator
                      expressions: ss_sold_date_sk (type: int), ss_item_sk (type: int), ss_ext_sales_price (type: decimal(7,2))
                      outputColumnNames: _col0, _col1, _col2
                      Statistics: Num rows: 575995635 Data size: 50814502088 Basic stats: COMPLETE Column stats: NONE
                      Group By Operator
                        aggregations: sum(_col2)
                        keys: _col1 (type: int), _col0 (type: int)
                        mode: hash
                        outputColumnNames: _col0, _col1, _col2
                        Statistics: Num rows: 575995635 Data size: 50814502088 Basic stats: COMPLETE Column stats: NONE
                        Reduce Output Operator
                          key expressions: _col0 (type: int), _col1 (type: int)
                          sort order: ++
                          Map-reduce partition columns: _col0 (type: int), _col1 (type: int)
                          Statistics: Num rows: 575995635 Data size: 50814502088 Basic stats: COMPLETE Column stats: NONE
                          value expressions: _col2 (type: decimal(17,2))
            Execution mode: vectorized
        Map 25 
            Map Operator Tree:
                TableScan
                  alias: item
                  filterExpr: (i_item_sk is not null and i_item_id is not null) (type: boolean)
                  Statistics: Num rows: 462000 Data size: 663560457 Basic stats: COMPLETE Column stats: NONE
                  Filter Operator
                    predicate: (i_item_id is not null and i_item_sk is not null) (type: boolean)
                    Statistics: Num rows: 462000 Data size: 663560457 Basic stats: COMPLETE Column stats: NONE
                    Select Operator
                      expressions: i_item_sk (type: int), i_item_id (type: string)
                      outputColumnNames: _col0, _col1
                      Statistics: Num rows: 462000 Data size: 663560457 Basic stats: COMPLETE Column stats: NONE
                      Group By Operator
                        aggregations: count()
                        keys: _col0 (type: int), _col1 (type: string)
                        mode: hash
                        outputColumnNames: _col0, _col1, _col2
                        Statistics: Num rows: 462000 Data size: 663560457 Basic stats: COMPLETE Column stats: NONE
                        Reduce Output Operator
                          key expressions: _col0 (type: int), _col1 (type: string)
                          sort order: ++
                          Map-reduce partition columns: _col0 (type: int), _col1 (type: string)
                          Statistics: Num rows: 462000 Data size: 663560457 Basic stats: COMPLETE Column stats: NONE
                          value expressions: _col2 (type: bigint)
            Execution mode: vectorized
        Map 27 
            Map Operator Tree:
                TableScan
                  alias: date_dim
                  filterExpr: (d_date is not null and d_date_sk is not null) (type: boolean)
                  Statistics: Num rows: 73049 Data size: 81741831 Basic stats: COMPLETE Column stats: NONE
                  Filter Operator
                    predicate: (d_date is not null and d_date_sk is not null) (type: boolean)
                    Statistics: Num rows: 73049 Data size: 81741831 Basic stats: COMPLETE Column stats: NONE
                    Select Operator
                      expressions: d_date_sk (type: int), d_date (type: string)
                      outputColumnNames: _col0, _col1
                      Statistics: Num rows: 73049 Data size: 81741831 Basic stats: COMPLETE Column stats: NONE
                      Reduce Output Operator
                        key expressions: _col1 (type: string)
                        sort order: +
                        Map-reduce partition columns: _col1 (type: string)
                        Statistics: Num rows: 73049 Data size: 81741831 Basic stats: COMPLETE Column stats: NONE
                        value expressions: _col0 (type: int)
            Execution mode: vectorized
        Map 32 
            Map Operator Tree:
                TableScan
                  alias: date_dim
                  filterExpr: ((d_date = '1998-02-19') and d_week_seq is not null) (type: boolean)
                  Statistics: Num rows: 73049 Data size: 81741831 Basic stats: COMPLETE Column stats: NONE
                  Filter Operator
                    predicate: ((d_date = '1998-02-19') and d_week_seq is not null) (type: boolean)
                    Statistics: Num rows: 36524 Data size: 40870356 Basic stats: COMPLETE Column stats: NONE
                    Select Operator
                      expressions: d_week_seq (type: int)
                      outputColumnNames: _col0
                      Statistics: Num rows: 36524 Data size: 40870356 Basic stats: COMPLETE Column stats: NONE
                      Map Join Operator
                        condition map:
                             Inner Join 0 to 1
                        keys:
                          0 
                          1 
                        outputColumnNames: _col1
                        input vertices:
                          0 Reducer 31
                        Statistics: Num rows: 36524 Data size: 41199072 Basic stats: COMPLETE Column stats: NONE
                        Reduce Output Operator
                          key expressions: _col1 (type: int)
                          sort order: +
                          Map-reduce partition columns: _col1 (type: int)
                          Statistics: Num rows: 36524 Data size: 41199072 Basic stats: COMPLETE Column stats: NONE
            Execution mode: vectorized
            Local Work:
              Map Reduce Local Work
        Map 34 
            Map Operator Tree:
                TableScan
                  alias: date_dim
                  filterExpr: (d_week_seq is not null and d_date is not null) (type: boolean)
                  Statistics: Num rows: 73049 Data size: 81741831 Basic stats: COMPLETE Column stats: NONE
                  Filter Operator
                    predicate: (d_date is not null and d_week_seq is not null) (type: boolean)
                    Statistics: Num rows: 73049 Data size: 81741831 Basic stats: COMPLETE Column stats: NONE
                    Select Operator
                      expressions: d_date (type: string), d_week_seq (type: int)
                      outputColumnNames: _col0, _col1
                      Statistics: Num rows: 73049 Data size: 81741831 Basic stats: COMPLETE Column stats: NONE
                      Reduce Output Operator
                        key expressions: _col1 (type: int)
                        sort order: +
                        Map-reduce partition columns: _col1 (type: int)
                        Statistics: Num rows: 73049 Data size: 81741831 Basic stats: COMPLETE Column stats: NONE
                        value expressions: _col0 (type: string)
            Execution mode: vectorized
        Map 35 
            Map Operator Tree:
                TableScan
                  alias: web_sales
                  filterExpr: (ws_item_sk is not null and ws_sold_date_sk is not null) (type: boolean)
                  Statistics: Num rows: 144002668 Data size: 19580198212 Basic stats: COMPLETE Column stats: NONE
                  Filter Operator
                    predicate: (ws_item_sk is not null and ws_sold_date_sk is not null) (type: boolean)
                    Statistics: Num rows: 144002668 Data size: 19580198212 Basic stats: COMPLETE Column stats: NONE
                    Select Operator
                      expressions: ws_sold_date_sk (type: int), ws_item_sk (type: int), ws_ext_sales_price (type: decimal(7,2))
                      outputColumnNames: _col0, _col1, _col2
                      Statistics: Num rows: 144002668 Data size: 19580198212 Basic stats: COMPLETE Column stats: NONE
                      Group By Operator
                        aggregations: sum(_col2)
                        keys: _col1 (type: int), _col0 (type: int)
                        mode: hash
                        outputColumnNames: _col0, _col1, _col2
                        Statistics: Num rows: 144002668 Data size: 19580198212 Basic stats: COMPLETE Column stats: NONE
                        Reduce Output Operator
                          key expressions: _col0 (type: int), _col1 (type: int)
                          sort order: ++
                          Map-reduce partition columns: _col0 (type: int), _col1 (type: int)
                          Statistics: Num rows: 144002668 Data size: 19580198212 Basic stats: COMPLETE Column stats: NONE
                          value expressions: _col2 (type: decimal(17,2))
            Execution mode: vectorized
        Map 43 
            Map Operator Tree:
                TableScan
                  alias: date_dim
                  filterExpr: (d_date is not null and d_date_sk is not null) (type: boolean)
                  Statistics: Num rows: 73049 Data size: 81741831 Basic stats: COMPLETE Column stats: NONE
                  Filter Operator
                    predicate: (d_date is not null and d_date_sk is not null) (type: boolean)
                    Statistics: Num rows: 73049 Data size: 81741831 Basic stats: COMPLETE Column stats: NONE
                    Select Operator
                      expressions: d_date_sk (type: int), d_date (type: string)
                      outputColumnNames: _col0, _col1
                      Statistics: Num rows: 73049 Data size: 81741831 Basic stats: COMPLETE Column stats: NONE
                      Reduce Output Operator
                        key expressions: _col1 (type: string)
                        sort order: +
                        Map-reduce partition columns: _col1 (type: string)
                        Statistics: Num rows: 73049 Data size: 81741831 Basic stats: COMPLETE Column stats: NONE
                        value expressions: _col0 (type: int)
            Execution mode: vectorized
        Map 48 
            Map Operator Tree:
                TableScan
                  alias: date_dim
                  filterExpr: ((d_date = '1998-02-19') and d_week_seq is not null) (type: boolean)
                  Statistics: Num rows: 73049 Data size: 81741831 Basic stats: COMPLETE Column stats: NONE
                  Filter Operator
                    predicate: ((d_date = '1998-02-19') and d_week_seq is not null) (type: boolean)
                    Statistics: Num rows: 36524 Data size: 40870356 Basic stats: COMPLETE Column stats: NONE
                    Select Operator
                      expressions: d_week_seq (type: int)
                      outputColumnNames: _col0
                      Statistics: Num rows: 36524 Data size: 40870356 Basic stats: COMPLETE Column stats: NONE
                      Map Join Operator
                        condition map:
                             Inner Join 0 to 1
                        keys:
                          0 
                          1 
                        outputColumnNames: _col1
                        input vertices:
                          0 Reducer 47
                        Statistics: Num rows: 36524 Data size: 41199072 Basic stats: COMPLETE Column stats: NONE
                        Reduce Output Operator
                          key expressions: _col1 (type: int)
                          sort order: +
                          Map-reduce partition columns: _col1 (type: int)
                          Statistics: Num rows: 36524 Data size: 41199072 Basic stats: COMPLETE Column stats: NONE
            Execution mode: vectorized
            Local Work:
              Map Reduce Local Work
        Map 50 
            Map Operator Tree:
                TableScan
                  alias: date_dim
                  filterExpr: (d_week_seq is not null and d_date is not null) (type: boolean)
                  Statistics: Num rows: 73049 Data size: 81741831 Basic stats: COMPLETE Column stats: NONE
                  Filter Operator
                    predicate: (d_date is not null and d_week_seq is not null) (type: boolean)
                    Statistics: Num rows: 73049 Data size: 81741831 Basic stats: COMPLETE Column stats: NONE
                    Select Operator
                      expressions: d_date (type: string), d_week_seq (type: int)
                      outputColumnNames: _col0, _col1
                      Statistics: Num rows: 73049 Data size: 81741831 Basic stats: COMPLETE Column stats: NONE
                      Reduce Output Operator
                        key expressions: _col1 (type: int)
                        sort order: +
                        Map-reduce partition columns: _col1 (type: int)
                        Statistics: Num rows: 73049 Data size: 81741831 Basic stats: COMPLETE Column stats: NONE
                        value expressions: _col0 (type: string)
            Execution mode: vectorized
        Reducer 10 
            Execution mode: vectorized
            Reduce Operator Tree:
              Group By Operator
                aggregations: count(VALUE._col0)
                keys: KEY._col0 (type: int), KEY._col1 (type: string)
                mode: mergepartial
                outputColumnNames: _col0, _col1, _col2
                Statistics: Num rows: 231000 Data size: 331780228 Basic stats: COMPLETE Column stats: NONE
                Reduce Output Operator
                  key expressions: _col0 (type: int)
                  sort order: +
                  Map-reduce partition columns: _col0 (type: int)
                  Statistics: Num rows: 231000 Data size: 331780228 Basic stats: COMPLETE Column stats: NONE
                  value expressions: _col1 (type: string), _col2 (type: bigint)
        Reducer 12 
            Reduce Operator Tree:
              Join Operator
                condition map:
                     Left Semi Join 0 to 1
                keys:
                  0 _col1 (type: string)
                  1 _col0 (type: string)
                outputColumnNames: _col0
                Statistics: Num rows: 88388 Data size: 98907619 Basic stats: COMPLETE Column stats: NONE
                Group By Operator
                  aggregations: count()
                  keys: _col0 (type: int)
                  mode: hash
                  outputColumnNames: _col0, _col1
                  Statistics: Num rows: 88388 Data size: 98907619 Basic stats: COMPLETE Column stats: NONE
                  Reduce Output Operator
                    key expressions: _col0 (type: int)
                    sort order: +
                    Map-reduce partition columns: _col0 (type: int)
                    Statistics: Num rows: 88388 Data size: 98907619 Basic stats: COMPLETE Column stats: NONE
                    value expressions: _col1 (type: bigint)
        Reducer 13 
            Execution mode: vectorized
            Reduce Operator Tree:
              Group By Operator
                aggregations: count(VALUE._col0)
                keys: KEY._col0 (type: int)
                mode: mergepartial
                outputColumnNames: _col0, _col1
                Statistics: Num rows: 44194 Data size: 49453809 Basic stats: COMPLETE Column stats: NONE
                Reduce Output Operator
                  key expressions: _col0 (type: int)
                  sort order: +
                  Map-reduce partition columns: _col0 (type: int)
                  Statistics: Num rows: 44194 Data size: 49453809 Basic stats: COMPLETE Column stats: NONE
                  value expressions: _col1 (type: bigint)
        Reducer 17 
            Reduce Operator Tree:
              Join Operator
                condition map:
                     Inner Join 0 to 1
                keys:
                  0 _col1 (type: int)
                  1 _col1 (type: int)
                outputColumnNames: _col2
                Statistics: Num rows: 80353 Data size: 89916016 Basic stats: COMPLETE Column stats: NONE
                Select Operator
                  expressions: _col2 (type: string)
                  outputColumnNames: _col0
                  Statistics: Num rows: 80353 Data size: 89916016 Basic stats: COMPLETE Column stats: NONE
                  Group By Operator
                    keys: _col0 (type: string)
                    mode: hash
                    outputColumnNames: _col0
                    Statistics: Num rows: 80353 Data size: 89916016 Basic stats: COMPLETE Column stats: NONE
                    Reduce Output Operator
                      key expressions: _col0 (type: string)
                      sort order: +
                      Map-reduce partition columns: _col0 (type: string)
                      Statistics: Num rows: 80353 Data size: 89916016 Basic stats: COMPLETE Column stats: NONE
        Reducer 2 
            Execution mode: vectorized
            Reduce Operator Tree:
              Group By Operator
                aggregations: sum(VALUE._col0)
                keys: KEY._col0 (type: int), KEY._col1 (type: int)
                mode: mergepartial
                outputColumnNames: _col0, _col1, _col2
                Statistics: Num rows: 143994918 Data size: 19499804476 Basic stats: COMPLETE Column stats: NONE
                Select Operator
                  expressions: _col1 (type: int), _col0 (type: int), _col2 (type: decimal(17,2))
                  outputColumnNames: _col0, _col1, _col2
                  Statistics: Num rows: 143994918 Data size: 19499804476 Basic stats: COMPLETE Column stats: NONE
                  Reduce Output Operator
                    key expressions: _col1 (type: int)
                    sort order: +
                    Map-reduce partition columns: _col1 (type: int)
                    Statistics: Num rows: 143994918 Data size: 19499804476 Basic stats: COMPLETE Column stats: NONE
                    value expressions: _col0 (type: int), _col2 (type: decimal(17,2))
        Reducer 20 
            Execution mode: vectorized
            Reduce Operator Tree:
              Group By Operator
                aggregations: sum(VALUE._col0)
                keys: KEY._col0 (type: int), KEY._col1 (type: int)
                mode: mergepartial
                outputColumnNames: _col0, _col1, _col2
                Statistics: Num rows: 287997817 Data size: 25407250999 Basic stats: COMPLETE Column stats: NONE
                Select Operator
                  expressions: _col1 (type: int), _col0 (type: int), _col2 (type: decimal(17,2))
                  outputColumnNames: _col0, _col1, _col2
                  Statistics: Num rows: 287997817 Data size: 25407250999 Basic stats: COMPLETE Column stats: NONE
                  Reduce Output Operator
                    key expressions: _col1 (type: int)
                    sort order: +
                    Map-reduce partition columns: _col1 (type: int)
                    Statistics: Num rows: 287997817 Data size: 25407250999 Basic stats: COMPLETE Column stats: NONE
                    value expressions: _col0 (type: int), _col2 (type: decimal(17,2))
        Reducer 21 
            Reduce Operator Tree:
              Join Operator
                condition map:
                     Inner Join 0 to 1
                keys:
                  0 _col1 (type: int)
                  1 _col0 (type: int)
                outputColumnNames: _col0, _col2, _col4, _col5
                Statistics: Num rows: 316797605 Data size: 27947976704 Basic stats: COMPLETE Column stats: NONE
                Select Operator
                  expressions: _col0 (type: int), _col4 (type: string), CAST( (_col2 * _col5) AS decimal(17,2)) (type: decimal(17,2))
                  outputColumnNames: _col0, _col4, _col6
                  Statistics: Num rows: 316797605 Data size: 27947976704 Basic stats: COMPLETE Column stats: NONE
                  Group By Operator
                    aggregations: sum(_col6)
                    keys: _col0 (type: int), _col4 (type: string)
                    mode: hash
                    outputColumnNames: _col0, _col1, _col2
                    Statistics: Num rows: 316797605 Data size: 27947976704 Basic stats: COMPLETE Column stats: NONE
                    Reduce Output Operator
                      key expressions: _col0 (type: int), _col1 (type: string)
                      sort order: ++
                      Map-reduce partition columns: _col0 (type: int), _col1 (type: string)
                      Statistics: Num rows: 316797605 Data size: 27947976704 Basic stats: COMPLETE Column stats: NONE
                      value expressions: _col2 (type: decimal(27,2))
        Reducer 22 
            Execution mode: vectorized
            Reduce Operator Tree:
              Group By Operator
                aggregations: sum(VALUE._col0)
                keys: KEY._col0 (type: int), KEY._col1 (type: string)
                mode: mergepartial
                outputColumnNames: _col0, _col1, _col2
                Statistics: Num rows: 158398802 Data size: 13973988307 Basic stats: COMPLETE Column stats: NONE
                Reduce Output Operator
                  key expressions: _col0 (type: int)
                  sort order: +
                  Map-reduce partition columns: _col0 (type: int)
                  Statistics: Num rows: 158398802 Data size: 13973988307 Basic stats: COMPLETE Column stats: NONE
                  value expressions: _col1 (type: string), _col2 (type: decimal(27,2))
        Reducer 23 
            Reduce Operator Tree:
              Join Operator
                condition map:
                     Inner Join 0 to 1
                keys:
                  0 _col0 (type: int)
                  1 _col0 (type: int)
                outputColumnNames: _col1, _col2, _col4
                Statistics: Num rows: 174238685 Data size: 15371387470 Basic stats: COMPLETE Column stats: NONE
                Select Operator
                  expressions: _col1 (type: string), CAST( (_col2 * _col4) AS decimal(17,2)) (type: decimal(17,2))
                  outputColumnNames: _col1, _col5
                  Statistics: Num rows: 174238685 Data size: 15371387470 Basic stats: COMPLETE Column stats: NONE
                  Group By Operator
                    aggregations: sum(_col5)
                    keys: _col1 (type: string)
                    mode: hash
                    outputColumnNames: _col0, _col1
                    Statistics: Num rows: 174238685 Data size: 15371387470 Basic stats: COMPLETE Column stats: NONE
                    Reduce Output Operator
                      key expressions: _col0 (type: string)
                      sort order: +
                      Map-reduce partition columns: _col0 (type: string)
                      Statistics: Num rows: 174238685 Data size: 15371387470 Basic stats: COMPLETE Column stats: NONE
                      value expressions: _col1 (type: decimal(27,2))
        Reducer 24 
            Execution mode: vectorized
            Reduce Operator Tree:
              Group By Operator
                aggregations: sum(VALUE._col0)
                keys: KEY._col0 (type: string)
                mode: mergepartial
                outputColumnNames: _col0, _col1
                Statistics: Num rows: 87119342 Data size: 7685693690 Basic stats: COMPLETE Column stats: NONE
                Reduce Output Operator
                  key expressions: _col0 (type: string)
                  sort order: +
                  Map-reduce partition columns: _col0 (type: string)
                  Statistics: Num rows: 87119342 Data size: 7685693690 Basic stats: COMPLETE Column stats: NONE
                  value expressions: _col1 (type: decimal(27,2))
        Reducer 26 
            Execution mode: vectorized
            Reduce Operator Tree:
              Group By Operator
                aggregations: count(VALUE._col0)
                keys: KEY._col0 (type: int), KEY._col1 (type: string)
                mode: mergepartial
                outputColumnNames: _col0, _col1, _col2
                Statistics: Num rows: 231000 Data size: 331780228 Basic stats: COMPLETE Column stats: NONE
                Reduce Output Operator
                  key expressions: _col0 (type: int)
                  sort order: +
                  Map-reduce partition columns: _col0 (type: int)
                  Statistics: Num rows: 231000 Data size: 331780228 Basic stats: COMPLETE Column stats: NONE
                  value expressions: _col1 (type: string), _col2 (type: bigint)
        Reducer 28 
            Reduce Operator Tree:
              Join Operator
                condition map:
                     Left Semi Join 0 to 1
                keys:
                  0 _col1 (type: string)
                  1 _col0 (type: string)
                outputColumnNames: _col0
                Statistics: Num rows: 88388 Data size: 98907619 Basic stats: COMPLETE Column stats: NONE
                Group By Operator
                  aggregations: count()
                  keys: _col0 (type: int)
                  mode: hash
                  outputColumnNames: _col0, _col1
                  Statistics: Num rows: 88388 Data size: 98907619 Basic stats: COMPLETE Column stats: NONE
                  Reduce Output Operator
                    key expressions: _col0 (type: int)
                    sort order: +
                    Map-reduce partition columns: _col0 (type: int)
                    Statistics: Num rows: 88388 Data size: 98907619 Basic stats: COMPLETE Column stats: NONE
                    value expressions: _col1 (type: bigint)
        Reducer 29 
            Execution mode: vectorized
            Reduce Operator Tree:
              Group By Operator
                aggregations: count(VALUE._col0)
                keys: KEY._col0 (type: int)
                mode: mergepartial
                outputColumnNames: _col0, _col1
                Statistics: Num rows: 44194 Data size: 49453809 Basic stats: COMPLETE Column stats: NONE
                Reduce Output Operator
                  key expressions: _col0 (type: int)
                  sort order: +
                  Map-reduce partition columns: _col0 (type: int)
                  Statistics: Num rows: 44194 Data size: 49453809 Basic stats: COMPLETE Column stats: NONE
                  value expressions: _col1 (type: bigint)
        Reducer 3 
            Reduce Operator Tree:
              Join Operator
                condition map:
                     Inner Join 0 to 1
                keys:
                  0 _col1 (type: int)
                  1 _col0 (type: int)
                outputColumnNames: _col0, _col2, _col4, _col5
                Statistics: Num rows: 158394413 Data size: 21449785388 Basic stats: COMPLETE Column stats: NONE
                Select Operator
                  expressions: _col0 (type: int), _col4 (type: string), CAST( (_col2 * _col5) AS decimal(17,2)) (type: decimal(17,2))
                  outputColumnNames: _col0, _col4, _col6
                  Statistics: Num rows: 158394413 Data size: 21449785388 Basic stats: COMPLETE Column stats: NONE
                  Group By Operator
                    aggregations: sum(_col6)
                    keys: _col0 (type: int), _col4 (type: string)
                    mode: hash
                    outputColumnNames: _col0, _col1, _col2
                    Statistics: Num rows: 158394413 Data size: 21449785388 Basic stats: COMPLETE Column stats: NONE
                    Reduce Output Operator
                      key expressions: _col0 (type: int), _col1 (type: string)
                      sort order: ++
                      Map-reduce partition columns: _col0 (type: int), _col1 (type: string)
                      Statistics: Num rows: 158394413 Data size: 21449785388 Basic stats: COMPLETE Column stats: NONE
                      value expressions: _col2 (type: decimal(27,2))
        Reducer 33 
            Reduce Operator Tree:
              Join Operator
                condition map:
                     Inner Join 0 to 1
                keys:
                  0 _col1 (type: int)
                  1 _col1 (type: int)
                outputColumnNames: _col2
                Statistics: Num rows: 80353 Data size: 89916016 Basic stats: COMPLETE Column stats: NONE
                Select Operator
                  expressions: _col2 (type: string)
                  outputColumnNames: _col0
                  Statistics: Num rows: 80353 Data size: 89916016 Basic stats: COMPLETE Column stats: NONE
                  Group By Operator
                    keys: _col0 (type: string)
                    mode: hash
                    outputColumnNames: _col0
                    Statistics: Num rows: 80353 Data size: 89916016 Basic stats: COMPLETE Column stats: NONE
                    Reduce Output Operator
                      key expressions: _col0 (type: string)
                      sort order: +
                      Map-reduce partition columns: _col0 (type: string)
                      Statistics: Num rows: 80353 Data size: 89916016 Basic stats: COMPLETE Column stats: NONE
        Reducer 36 
            Execution mode: vectorized
            Reduce Operator Tree:
              Group By Operator
                aggregations: sum(VALUE._col0)
                keys: KEY._col0 (type: int), KEY._col1 (type: int)
                mode: mergepartial
                outputColumnNames: _col0, _col1, _col2
                Statistics: Num rows: 72001334 Data size: 9790099106 Basic stats: COMPLETE Column stats: NONE
                Select Operator
                  expressions: _col1 (type: int), _col0 (type: int), _col2 (type: decimal(17,2))
                  outputColumnNames: _col0, _col1, _col2
                  Statistics: Num rows: 72001334 Data size: 9790099106 Basic stats: COMPLETE Column stats: NONE
                  Reduce Output Operator
                    key expressions: _col1 (type: int)
                    sort order: +
                    Map-reduce partition columns: _col1 (type: int)
                    Statistics: Num rows: 72001334 Data size: 9790099106 Basic stats: COMPLETE Column stats: NONE
                    value expressions: _col0 (type: int), _col2 (type: decimal(17,2))
        Reducer 37 
            Reduce Operator Tree:
              Join Operator
                condition map:
                     Inner Join 0 to 1
                keys:
                  0 _col1 (type: int)
                  1 _col0 (type: int)
                outputColumnNames: _col0, _col2, _col4, _col5
                Statistics: Num rows: 79201469 Data size: 10769109250 Basic stats: COMPLETE Column stats: NONE
                Select Operator
                  expressions: _col0 (type: int), _col4 (type: string), CAST( (_col2 * _col5) AS decimal(17,2)) (type: decimal(17,2))
                  outputColumnNames: _col0, _col4, _col6
                  Statistics: Num rows: 79201469 Data size: 10769109250 Basic stats: COMPLETE Column stats: NONE
                  Group By Operator
                    aggregations: sum(_col6)
                    keys: _col0 (type: int), _col4 (type: string)
                    mode: hash
                    outputColumnNames: _col0, _col1, _col2
                    Statistics: Num rows: 79201469 Data size: 10769109250 Basic stats: COMPLETE Column stats: NONE
                    Reduce Output Operator
                      key expressions: _col0 (type: int), _col1 (type: string)
                      sort order: ++
                      Map-reduce partition columns: _col0 (type: int), _col1 (type: string)
                      Statistics: Num rows: 79201469 Data size: 10769109250 Basic stats: COMPLETE Column stats: NONE
                      value expressions: _col2 (type: decimal(27,2))
        Reducer 38 
            Execution mode: vectorized
            Reduce Operator Tree:
              Group By Operator
                aggregations: sum(VALUE._col0)
                keys: KEY._col0 (type: int), KEY._col1 (type: string)
                mode: mergepartial
                outputColumnNames: _col0, _col1, _col2
                Statistics: Num rows: 39600734 Data size: 5384554557 Basic stats: COMPLETE Column stats: NONE
                Reduce Output Operator
                  key expressions: _col0 (type: int)
                  sort order: +
                  Map-reduce partition columns: _col0 (type: int)
                  Statistics: Num rows: 39600734 Data size: 5384554557 Basic stats: COMPLETE Column stats: NONE
                  value expressions: _col1 (type: string), _col2 (type: decimal(27,2))
        Reducer 39 
            Reduce Operator Tree:
              Join Operator
                condition map:
                     Inner Join 0 to 1
                keys:
                  0 _col0 (type: int)
                  1 _col0 (type: int)
                outputColumnNames: _col1, _col2, _col4
                Statistics: Num rows: 43560808 Data size: 5923010141 Basic stats: COMPLETE Column stats: NONE
                Select Operator
                  expressions: _col1 (type: string), CAST( (_col2 * _col4) AS decimal(17,2)) (type: decimal(17,2))
                  outputColumnNames: _col1, _col5
                  Statistics: Num rows: 43560808 Data size: 5923010141 Basic stats: COMPLETE Column stats: NONE
                  Group By Operator
                    aggregations: sum(_col5)
                    keys: _col1 (type: string)
                    mode: hash
                    outputColumnNames: _col0, _col1
                    Statistics: Num rows: 43560808 Data size: 5923010141 Basic stats: COMPLETE Column stats: NONE
                    Reduce Output Operator
                      key expressions: _col0 (type: string)
                      sort order: +
                      Map-reduce partition columns: _col0 (type: string)
                      Statistics: Num rows: 43560808 Data size: 5923010141 Basic stats: COMPLETE Column stats: NONE
                      value expressions: _col1 (type: decimal(27,2))
        Reducer 4 
            Execution mode: vectorized
            Reduce Operator Tree:
              Group By Operator
                aggregations: sum(VALUE._col0)
                keys: KEY._col0 (type: int), KEY._col1 (type: string)
                mode: mergepartial
                outputColumnNames: _col0, _col1, _col2
                Statistics: Num rows: 79197206 Data size: 10724892626 Basic stats: COMPLETE Column stats: NONE
                Reduce Output Operator
                  key expressions: _col0 (type: int)
                  sort order: +
                  Map-reduce partition columns: _col0 (type: int)
                  Statistics: Num rows: 79197206 Data size: 10724892626 Basic stats: COMPLETE Column stats: NONE
                  value expressions: _col1 (type: string), _col2 (type: decimal(27,2))
        Reducer 40 
            Execution mode: vectorized
            Reduce Operator Tree:
              Group By Operator
                aggregations: sum(VALUE._col0)
                keys: KEY._col0 (type: string)
                mode: mergepartial
                outputColumnNames: _col0, _col1
                Statistics: Num rows: 21780404 Data size: 2961505070 Basic stats: COMPLETE Column stats: NONE
                Reduce Output Operator
                  key expressions: _col0 (type: string)
                  sort order: +
                  Map-reduce partition columns: _col0 (type: string)
                  Statistics: Num rows: 21780404 Data size: 2961505070 Basic stats: COMPLETE Column stats: NONE
                  value expressions: _col1 (type: decimal(27,2))
        Reducer 42 
            Execution mode: vectorized
            Reduce Operator Tree:
              Group By Operator
                aggregations: count(VALUE._col0)
                keys: KEY._col0 (type: int), KEY._col1 (type: string)
                mode: mergepartial
                outputColumnNames: _col0, _col1, _col2
                Statistics: Num rows: 231000 Data size: 331780228 Basic stats: COMPLETE Column stats: NONE
                Reduce Output Operator
                  key expressions: _col0 (type: int)
                  sort order: +
                  Map-reduce partition columns: _col0 (type: int)
                  Statistics: Num rows: 231000 Data size: 331780228 Basic stats: COMPLETE Column stats: NONE
                  value expressions: _col1 (type: string), _col2 (type: bigint)
        Reducer 44 
            Reduce Operator Tree:
              Join Operator
                condition map:
                     Left Semi Join 0 to 1
                keys:
                  0 _col1 (type: string)
                  1 _col0 (type: string)
                outputColumnNames: _col0
                Statistics: Num rows: 88388 Data size: 98907619 Basic stats: COMPLETE Column stats: NONE
                Group By Operator
                  aggregations: count()
                  keys: _col0 (type: int)
                  mode: hash
                  outputColumnNames: _col0, _col1
                  Statistics: Num rows: 88388 Data size: 98907619 Basic stats: COMPLETE Column stats: NONE
                  Reduce Output Operator
                    key expressions: _col0 (type: int)
                    sort order: +
                    Map-reduce partition columns: _col0 (type: int)
                    Statistics: Num rows: 88388 Data size: 98907619 Basic stats: COMPLETE Column stats: NONE
                    value expressions: _col1 (type: bigint)
        Reducer 45 
            Execution mode: vectorized
            Reduce Operator Tree:
              Group By Operator
                aggregations: count(VALUE._col0)
                keys: KEY._col0 (type: int)
                mode: mergepartial
                outputColumnNames: _col0, _col1
                Statistics: Num rows: 44194 Data size: 49453809 Basic stats: COMPLETE Column stats: NONE
                Reduce Output Operator
                  key expressions: _col0 (type: int)
                  sort order: +
                  Map-reduce partition columns: _col0 (type: int)
                  Statistics: Num rows: 44194 Data size: 49453809 Basic stats: COMPLETE Column stats: NONE
                  value expressions: _col1 (type: bigint)
        Reducer 49 
            Reduce Operator Tree:
              Join Operator
                condition map:
                     Inner Join 0 to 1
                keys:
                  0 _col1 (type: int)
                  1 _col1 (type: int)
                outputColumnNames: _col2
                Statistics: Num rows: 80353 Data size: 89916016 Basic stats: COMPLETE Column stats: NONE
                Select Operator
                  expressions: _col2 (type: string)
                  outputColumnNames: _col0
                  Statistics: Num rows: 80353 Data size: 89916016 Basic stats: COMPLETE Column stats: NONE
                  Group By Operator
                    keys: _col0 (type: string)
                    mode: hash
                    outputColumnNames: _col0
                    Statistics: Num rows: 80353 Data size: 89916016 Basic stats: COMPLETE Column stats: NONE
                    Reduce Output Operator
                      key expressions: _col0 (type: string)
                      sort order: +
                      Map-reduce partition columns: _col0 (type: string)
                      Statistics: Num rows: 80353 Data size: 89916016 Basic stats: COMPLETE Column stats: NONE
        Reducer 5 
            Reduce Operator Tree:
              Join Operator
                condition map:
                     Inner Join 0 to 1
                keys:
                  0 _col0 (type: int)
                  1 _col0 (type: int)
                outputColumnNames: _col1, _col2, _col4
                Statistics: Num rows: 87116928 Data size: 11797382144 Basic stats: COMPLETE Column stats: NONE
                Select Operator
                  expressions: _col1 (type: string), CAST( (_col2 * _col4) AS decimal(17,2)) (type: decimal(17,2))
                  outputColumnNames: _col1, _col5
                  Statistics: Num rows: 87116928 Data size: 11797382144 Basic stats: COMPLETE Column stats: NONE
                  Group By Operator
                    aggregations: sum(_col5)
                    keys: _col1 (type: string)
                    mode: hash
                    outputColumnNames: _col0, _col1
                    Statistics: Num rows: 87116928 Data size: 11797382144 Basic stats: COMPLETE Column stats: NONE
                    Reduce Output Operator
                      key expressions: _col0 (type: string)
                      sort order: +
                      Map-reduce partition columns: _col0 (type: string)
                      Statistics: Num rows: 87116928 Data size: 11797382144 Basic stats: COMPLETE Column stats: NONE
                      value expressions: _col1 (type: decimal(27,2))
        Reducer 6 
            Execution mode: vectorized
            Reduce Operator Tree:
              Group By Operator
                aggregations: sum(VALUE._col0)
                keys: KEY._col0 (type: string)
                mode: mergepartial
                outputColumnNames: _col0, _col1
                Statistics: Num rows: 43558464 Data size: 5898691072 Basic stats: COMPLETE Column stats: NONE
                Reduce Output Operator
                  key expressions: _col0 (type: string)
                  sort order: +
                  Map-reduce partition columns: _col0 (type: string)
                  Statistics: Num rows: 43558464 Data size: 5898691072 Basic stats: COMPLETE Column stats: NONE
                  value expressions: _col1 (type: decimal(27,2))
        Reducer 7 
            Reduce Operator Tree:
              Join Operator
                condition map:
                     Inner Join 0 to 1
                     Inner Join 0 to 2
                keys:
                  0 _col0 (type: string)
                  1 _col0 (type: string)
                  2 _col0 (type: string)
                outputColumnNames: _col0, _col1, _col3, _col5
                Statistics: Num rows: 191662556 Data size: 16908526484 Basic stats: COMPLETE Column stats: NONE
                Filter Operator
                  predicate: (_col1 BETWEEN (0.9 * _col3) AND (1.1 * _col3) and _col1 BETWEEN (0.9 * _col5) AND (1.1 * _col5) and _col3 BETWEEN (0.9 * _col1) AND (1.1 * _col1) and _col3 BETWEEN (0.9 * _col5) AND (1.1 * _col5) and _col5 BETWEEN (0.9 * _col1) AND (1.1 * _col1) and _col5 BETWEEN (0.9 * _col3) AND (1.1 * _col3)) (type: boolean)
                  Statistics: Num rows: 360 Data size: 31759 Basic stats: COMPLETE Column stats: NONE
                  Select Operator
                    expressions: _col0 (type: string), _col3 (type: decimal(27,2)), (((_col3 / ((_col3 + _col1) + _col5)) / 3) * 100) (type: decimal(38,7)), _col1 (type: decimal(27,2)), (((_col1 / ((_col3 + _col1) + _col5)) / 3) * 100) (type: decimal(38,7)), _col5 (type: decimal(27,2)), (((_col5 / ((_col3 + _col1) + _col5)) / 3) * 100) (type: decimal(38,7)), (((_col3 + _col1) + _col5) / 3) (type: decimal(33,6))
                    outputColumnNames: _col0, _col1, _col2, _col3, _col4, _col5, _col6, _col7
                    Statistics: Num rows: 360 Data size: 31759 Basic stats: COMPLETE Column stats: NONE
                    Reduce Output Operator
                      key expressions: _col0 (type: string), _col1 (type: decimal(27,2))
                      sort order: ++
                      Statistics: Num rows: 360 Data size: 31759 Basic stats: COMPLETE Column stats: NONE
                      TopN Hash Memory Usage: 0.1
                      value expressions: _col2 (type: decimal(38,7)), _col3 (type: decimal(27,2)), _col4 (type: decimal(38,7)), _col5 (type: decimal(27,2)), _col6 (type: decimal(38,7)), _col7 (type: decimal(33,6))
        Reducer 8 
            Execution mode: vectorized
            Reduce Operator Tree:
              Select Operator
                expressions: KEY.reducesinkkey0 (type: string), KEY.reducesinkkey1 (type: decimal(27,2)), VALUE._col0 (type: decimal(38,7)), VALUE._col1 (type: decimal(27,2)), VALUE._col2 (type: decimal(38,7)), VALUE._col3 (type: decimal(27,2)), VALUE._col4 (type: decimal(38,7)), VALUE._col5 (type: decimal(33,6))
                outputColumnNames: _col0, _col1, _col2, _col3, _col4, _col5, _col6, _col7
                Statistics: Num rows: 360 Data size: 31759 Basic stats: COMPLETE Column stats: NONE
                Limit
                  Number of rows: 100
                  Statistics: Num rows: 100 Data size: 8800 Basic stats: COMPLETE Column stats: NONE
                  File Output Operator
                    compressed: false
                    Statistics: Num rows: 100 Data size: 8800 Basic stats: COMPLETE Column stats: NONE
                    table:
                        input format: org.apache.hadoop.mapred.SequenceFileInputFormat
                        output format: org.apache.hadoop.hive.ql.io.HiveSequenceFileOutputFormat
                        serde: org.apache.hadoop.hive.serde2.lazy.LazySimpleSerDe

  Stage: Stage-0
    Fetch Operator
      limit: 100
      Processor Tree:
        ListSink

