PREHOOK: query: explain
select i_brand_id brand_id, i_brand brand,t_hour,t_minute,
 	sum(ext_price) ext_price
 from item, (select ws_ext_sales_price as ext_price, 
                        ws_sold_date_sk as sold_date_sk,
                        ws_item_sk as sold_item_sk,
                        ws_sold_time_sk as time_sk  
                 from web_sales,date_dim
                 where d_date_sk = ws_sold_date_sk
                   and d_moy=12
                   and d_year=2001
                 union all
                 select cs_ext_sales_price as ext_price,
                        cs_sold_date_sk as sold_date_sk,
                        cs_item_sk as sold_item_sk,
                        cs_sold_time_sk as time_sk
                 from catalog_sales,date_dim
                 where d_date_sk = cs_sold_date_sk
                   and d_moy=12
                   and d_year=2001
                 union all
                 select ss_ext_sales_price as ext_price,
                        ss_sold_date_sk as sold_date_sk,
                        ss_item_sk as sold_item_sk,
                        ss_sold_time_sk as time_sk
                 from store_sales,date_dim
                 where d_date_sk = ss_sold_date_sk
                   and d_moy=12
                   and d_year=2001
                 ) as tmp,time_dim
 where
   sold_item_sk = i_item_sk
   and i_manager_id=1
   and time_sk = t_time_sk
   and (t_meal_time = 'breakfast' or t_meal_time = 'dinner')
 group by i_brand, i_brand_id,t_hour,t_minute
 order by ext_price desc, i_brand_id
PREHOOK: type: QUERY
POSTHOOK: query: explain
select i_brand_id brand_id, i_brand brand,t_hour,t_minute,
 	sum(ext_price) ext_price
 from item, (select ws_ext_sales_price as ext_price, 
                        ws_sold_date_sk as sold_date_sk,
                        ws_item_sk as sold_item_sk,
                        ws_sold_time_sk as time_sk  
                 from web_sales,date_dim
                 where d_date_sk = ws_sold_date_sk
                   and d_moy=12
                   and d_year=2001
                 union all
                 select cs_ext_sales_price as ext_price,
                        cs_sold_date_sk as sold_date_sk,
                        cs_item_sk as sold_item_sk,
                        cs_sold_time_sk as time_sk
                 from catalog_sales,date_dim
                 where d_date_sk = cs_sold_date_sk
                   and d_moy=12
                   and d_year=2001
                 union all
                 select ss_ext_sales_price as ext_price,
                        ss_sold_date_sk as sold_date_sk,
                        ss_item_sk as sold_item_sk,
                        ss_sold_time_sk as time_sk
                 from store_sales,date_dim
                 where d_date_sk = ss_sold_date_sk
                   and d_moy=12
                   and d_year=2001
                 ) as tmp,time_dim
 where
   sold_item_sk = i_item_sk
   and i_manager_id=1
   and time_sk = t_time_sk
   and (t_meal_time = 'breakfast' or t_meal_time = 'dinner')
 group by i_brand, i_brand_id,t_hour,t_minute
 order by ext_price desc, i_brand_id
POSTHOOK: type: QUERY
STAGE DEPENDENCIES:
  Stage-2 is a root stage
  Stage-3 depends on stages: Stage-2
  Stage-4 depends on stages: Stage-3
  Stage-5 depends on stages: Stage-4
  Stage-1 depends on stages: Stage-5
  Stage-0 depends on stages: Stage-1

STAGE PLANS:
  Stage: Stage-2
    Spark
#### A masked pattern was here ####
      Vertices:
        Map 11 
            Map Operator Tree:
                TableScan
                  alias: time_dim
                  filterExpr: ((t_meal_time) IN ('breakfast', 'dinner') and t_time_sk is not null) (type: boolean)
                  Statistics: Num rows: 86400 Data size: 8553600 Basic stats: COMPLETE Column stats: COMPLETE
                  Filter Operator
                    predicate: ((t_meal_time) IN ('breakfast', 'dinner') and t_time_sk is not null) (type: boolean)
                    Statistics: Num rows: 43200 Data size: 4276800 Basic stats: COMPLETE Column stats: COMPLETE
                    Select Operator
                      expressions: t_time_sk (type: int), t_hour (type: int), t_minute (type: int)
                      outputColumnNames: _col0, _col1, _col2
                      Statistics: Num rows: 43200 Data size: 4276800 Basic stats: COMPLETE Column stats: COMPLETE
                      Spark HashTable Sink Operator
                        keys:
                          0 _col2 (type: int)
                          1 _col0 (type: int)
            Execution mode: vectorized
            Local Work:
              Map Reduce Local Work

  Stage: Stage-3
    Spark
#### A masked pattern was here ####
      Vertices:
        Map 5 
            Map Operator Tree:
                TableScan
                  alias: date_dim
                  filterExpr: ((d_moy = 12) and (d_year = 2001) and d_date_sk is not null) (type: boolean)
                  Statistics: Num rows: 73049 Data size: 876588 Basic stats: COMPLETE Column stats: COMPLETE
                  Filter Operator
                    predicate: ((d_moy = 12) and (d_year = 2001) and d_date_sk is not null) (type: boolean)
                    Statistics: Num rows: 50 Data size: 600 Basic stats: COMPLETE Column stats: COMPLETE
                    Select Operator
                      expressions: d_date_sk (type: int)
                      outputColumnNames: _col0
                      Statistics: Num rows: 50 Data size: 600 Basic stats: COMPLETE Column stats: COMPLETE
                      Spark HashTable Sink Operator
                        keys:
                          0 _col0 (type: int)
                          1 _col0 (type: int)
            Execution mode: vectorized
            Local Work:
              Map Reduce Local Work

  Stage: Stage-4
    Spark
#### A masked pattern was here ####
      Vertices:
        Map 7 
            Map Operator Tree:
                TableScan
                  alias: date_dim
                  filterExpr: ((d_moy = 12) and (d_year = 2001) and d_date_sk is not null) (type: boolean)
                  Statistics: Num rows: 73049 Data size: 876588 Basic stats: COMPLETE Column stats: COMPLETE
                  Filter Operator
                    predicate: ((d_moy = 12) and (d_year = 2001) and d_date_sk is not null) (type: boolean)
                    Statistics: Num rows: 50 Data size: 600 Basic stats: COMPLETE Column stats: COMPLETE
                    Select Operator
                      expressions: d_date_sk (type: int)
                      outputColumnNames: _col0
                      Statistics: Num rows: 50 Data size: 600 Basic stats: COMPLETE Column stats: COMPLETE
                      Spark HashTable Sink Operator
                        keys:
                          0 _col0 (type: int)
                          1 _col0 (type: int)
            Execution mode: vectorized
            Local Work:
              Map Reduce Local Work

  Stage: Stage-5
    Spark
#### A masked pattern was here ####
      Vertices:
        Map 9 
            Map Operator Tree:
                TableScan
                  alias: date_dim
                  filterExpr: ((d_moy = 12) and (d_year = 2001) and d_date_sk is not null) (type: boolean)
                  Statistics: Num rows: 73049 Data size: 876588 Basic stats: COMPLETE Column stats: COMPLETE
                  Filter Operator
                    predicate: ((d_moy = 12) and (d_year = 2001) and d_date_sk is not null) (type: boolean)
                    Statistics: Num rows: 50 Data size: 600 Basic stats: COMPLETE Column stats: COMPLETE
                    Select Operator
                      expressions: d_date_sk (type: int)
                      outputColumnNames: _col0
                      Statistics: Num rows: 50 Data size: 600 Basic stats: COMPLETE Column stats: COMPLETE
                      Spark HashTable Sink Operator
                        keys:
                          0 _col0 (type: int)
                          1 _col0 (type: int)
            Execution mode: vectorized
            Local Work:
              Map Reduce Local Work

  Stage: Stage-1
    Spark
      Edges:
        Reducer 2 <- Map 1 (PARTITION-LEVEL SORT, 11), Map 10 (PARTITION-LEVEL SORT, 11), Map 6 (PARTITION-LEVEL SORT, 11), Map 8 (PARTITION-LEVEL SORT, 11)
        Reducer 3 <- Reducer 2 (GROUP, 4)
        Reducer 4 <- Reducer 3 (SORT, 1)
#### A masked pattern was here ####
      Vertices:
        Map 1 
            Map Operator Tree:
                TableScan
                  alias: web_sales
                  filterExpr: (ws_sold_date_sk is not null and ws_item_sk is not null and ws_sold_time_sk is not null) (type: boolean)
                  Statistics: Num rows: 144002668 Data size: 17852017748 Basic stats: COMPLETE Column stats: COMPLETE
                  Filter Operator
                    predicate: (ws_item_sk is not null and ws_sold_date_sk is not null and ws_sold_time_sk is not null) (type: boolean)
                    Statistics: Num rows: 143930836 Data size: 17843112740 Basic stats: COMPLETE Column stats: COMPLETE
                    Select Operator
                      expressions: ws_sold_date_sk (type: int), ws_sold_time_sk (type: int), ws_item_sk (type: int), ws_ext_sales_price (type: decimal(7,2))
                      outputColumnNames: _col0, _col1, _col2, _col3
                      Statistics: Num rows: 143930836 Data size: 17843112740 Basic stats: COMPLETE Column stats: COMPLETE
                      Map Join Operator
                        condition map:
                             Inner Join 0 to 1
                        keys:
                          0 _col0 (type: int)
                          1 _col0 (type: int)
                        outputColumnNames: _col1, _col2, _col3
                        input vertices:
                          1 Map 5
                        Statistics: Num rows: 3941098 Data size: 468763976 Basic stats: COMPLETE Column stats: COMPLETE
                        Select Operator
                          expressions: _col3 (type: decimal(7,2)), _col2 (type: int), _col1 (type: int)
                          outputColumnNames: _col0, _col1, _col2
                          Statistics: Num rows: 3941098 Data size: 468763976 Basic stats: COMPLETE Column stats: COMPLETE
                          Reduce Output Operator
                            key expressions: _col1 (type: int)
                            sort order: +
                            Map-reduce partition columns: _col1 (type: int)
                            Statistics: Num rows: 26077346 Data size: 1291228396 Basic stats: COMPLETE Column stats: COMPLETE
                            value expressions: _col0 (type: decimal(7,2)), _col2 (type: int)
            Execution mode: vectorized
            Local Work:
              Map Reduce Local Work
        Map 10 
            Map Operator Tree:
                TableScan
                  alias: item
                  filterExpr: ((i_manager_id = 1) and i_item_sk is not null) (type: boolean)
                  Statistics: Num rows: 462000 Data size: 51734956 Basic stats: COMPLETE Column stats: COMPLETE
                  Filter Operator
                    predicate: ((i_manager_id = 1) and i_item_sk is not null) (type: boolean)
                    Statistics: Num rows: 7333 Data size: 821160 Basic stats: COMPLETE Column stats: COMPLETE
                    Select Operator
                      expressions: i_item_sk (type: int), i_brand_id (type: int), i_brand (type: string)
                      outputColumnNames: _col0, _col1, _col2
                      Statistics: Num rows: 7333 Data size: 821228 Basic stats: COMPLETE Column stats: COMPLETE
                      Reduce Output Operator
                        key expressions: _col0 (type: int)
                        sort order: +
                        Map-reduce partition columns: _col0 (type: int)
                        Statistics: Num rows: 7333 Data size: 821228 Basic stats: COMPLETE Column stats: COMPLETE
                        value expressions: _col1 (type: int), _col2 (type: string)
            Execution mode: vectorized
        Map 6 
            Map Operator Tree:
                TableScan
                  alias: catalog_sales
                  filterExpr: (cs_sold_date_sk is not null and cs_item_sk is not null and cs_sold_time_sk is not null) (type: boolean)
                  Statistics: Num rows: 287989836 Data size: 35538018272 Basic stats: COMPLETE Column stats: COMPLETE
                  Filter Operator
                    predicate: (cs_item_sk is not null and cs_sold_date_sk is not null and cs_sold_time_sk is not null) (type: boolean)
                    Statistics: Num rows: 285116947 Data size: 35183503056 Basic stats: COMPLETE Column stats: COMPLETE
                    Select Operator
                      expressions: cs_sold_date_sk (type: int), cs_sold_time_sk (type: int), cs_item_sk (type: int), cs_ext_sales_price (type: decimal(7,2))
                      outputColumnNames: _col0, _col1, _col2, _col3
                      Statistics: Num rows: 285116947 Data size: 35183503056 Basic stats: COMPLETE Column stats: COMPLETE
                      Map Join Operator
                        condition map:
                             Inner Join 0 to 1
                        keys:
                          0 _col0 (type: int)
                          1 _col0 (type: int)
                        outputColumnNames: _col1, _col2, _col3
                        input vertices:
                          1 Map 7
                        Statistics: Num rows: 7751851 Data size: 764926716 Basic stats: COMPLETE Column stats: COMPLETE
                        Select Operator
                          expressions: _col3 (type: decimal(7,2)), _col2 (type: int), _col1 (type: int)
                          outputColumnNames: _col0, _col1, _col2
                          Statistics: Num rows: 7751851 Data size: 764926716 Basic stats: COMPLETE Column stats: COMPLETE
                          Reduce Output Operator
                            key expressions: _col1 (type: int)
                            sort order: +
                            Map-reduce partition columns: _col1 (type: int)
                            Statistics: Num rows: 26077346 Data size: 1291228396 Basic stats: COMPLETE Column stats: COMPLETE
                            value expressions: _col0 (type: decimal(7,2)), _col2 (type: int)
            Execution mode: vectorized
            Local Work:
              Map Reduce Local Work
        Map 8 
            Map Operator Tree:
                TableScan
                  alias: store_sales
                  filterExpr: (ss_sold_date_sk is not null and ss_item_sk is not null and ss_sold_time_sk is not null) (type: boolean)
                  Statistics: Num rows: 575995635 Data size: 68313180432 Basic stats: COMPLETE Column stats: COMPLETE
                  Filter Operator
                    predicate: (ss_item_sk is not null and ss_sold_date_sk is not null and ss_sold_time_sk is not null) (type: boolean)
                    Statistics: Num rows: 525325345 Data size: 62303675448 Basic stats: COMPLETE Column stats: COMPLETE
                    Select Operator
                      expressions: ss_sold_date_sk (type: int), ss_sold_time_sk (type: int), ss_item_sk (type: int), ss_ext_sales_price (type: decimal(7,2))
                      outputColumnNames: _col0, _col1, _col2, _col3
                      Statistics: Num rows: 525325345 Data size: 62303675448 Basic stats: COMPLETE Column stats: COMPLETE
                      Map Join Operator
                        condition map:
                             Inner Join 0 to 1
                        keys:
                          0 _col0 (type: int)
                          1 _col0 (type: int)
                        outputColumnNames: _col1, _col2, _col3
                        input vertices:
                          1 Map 9
                        Statistics: Num rows: 14384397 Data size: 57537704 Basic stats: COMPLETE Column stats: COMPLETE
                        Select Operator
                          expressions: _col3 (type: decimal(7,2)), _col2 (type: int), _col1 (type: int)
                          outputColumnNames: _col0, _col1, _col2
                          Statistics: Num rows: 14384397 Data size: 57537704 Basic stats: COMPLETE Column stats: COMPLETE
                          Reduce Output Operator
                            key expressions: _col1 (type: int)
                            sort order: +
                            Map-reduce partition columns: _col1 (type: int)
                            Statistics: Num rows: 26077346 Data size: 1291228396 Basic stats: COMPLETE Column stats: COMPLETE
                            value expressions: _col0 (type: decimal(7,2)), _col2 (type: int)
            Execution mode: vectorized
            Local Work:
              Map Reduce Local Work
        Reducer 2 
            Local Work:
              Map Reduce Local Work
            Reduce Operator Tree:
              Join Operator
                condition map:
                     Inner Join 0 to 1
                keys:
                  0 _col1 (type: int)
                  1 _col0 (type: int)
                outputColumnNames: _col0, _col2, _col4, _col5
                Statistics: Num rows: 3983933 Data size: 414329080 Basic stats: COMPLETE Column stats: COMPLETE
                Map Join Operator
                  condition map:
                       Inner Join 0 to 1
                  keys:
                    0 _col2 (type: int)
                    1 _col0 (type: int)
                  outputColumnNames: _col0, _col4, _col5, _col8, _col9
                  input vertices:
                    1 Map 11
                  Statistics: Num rows: 1991967 Data size: 223100348 Basic stats: COMPLETE Column stats: COMPLETE
                  Group By Operator
                    aggregations: sum(_col0)
                    keys: _col4 (type: int), _col8 (type: int), _col9 (type: int), _col5 (type: string)
                    mode: hash
                    outputColumnNames: _col0, _col1, _col2, _col3, _col4
                    Statistics: Num rows: 1991967 Data size: 446200540 Basic stats: COMPLETE Column stats: COMPLETE
                    Reduce Output Operator
                      key expressions: _col0 (type: int), _col1 (type: int), _col2 (type: int), _col3 (type: string)
                      sort order: ++++
                      Map-reduce partition columns: _col0 (type: int), _col1 (type: int), _col2 (type: int), _col3 (type: string)
                      Statistics: Num rows: 1991967 Data size: 446200540 Basic stats: COMPLETE Column stats: COMPLETE
                      value expressions: _col4 (type: decimal(17,2))
        Reducer 3 
            Execution mode: vectorized
            Reduce Operator Tree:
              Group By Operator
                aggregations: sum(VALUE._col0)
                keys: KEY._col0 (type: int), KEY._col1 (type: int), KEY._col2 (type: int), KEY._col3 (type: string)
                mode: mergepartial
                outputColumnNames: _col0, _col1, _col2, _col3, _col4
                Statistics: Num rows: 1991967 Data size: 446200540 Basic stats: COMPLETE Column stats: COMPLETE
                Select Operator
                  expressions: _col3 (type: string), _col1 (type: int), _col2 (type: int), _col4 (type: decimal(17,2)), _col0 (type: int)
                  outputColumnNames: _col1, _col2, _col3, _col4, _col5
                  Statistics: Num rows: 1991967 Data size: 454168340 Basic stats: COMPLETE Column stats: COMPLETE
                  Reduce Output Operator
                    key expressions: _col4 (type: decimal(17,2)), _col5 (type: int)
                    sort order: -+
                    Statistics: Num rows: 1991967 Data size: 454168340 Basic stats: COMPLETE Column stats: COMPLETE
                    value expressions: _col1 (type: string), _col2 (type: int), _col3 (type: int)
        Reducer 4 
            Execution mode: vectorized
            Reduce Operator Tree:
              Select Operator
                expressions: KEY.reducesinkkey1 (type: int), VALUE._col0 (type: string), VALUE._col1 (type: int), VALUE._col2 (type: int), KEY.reducesinkkey0 (type: decimal(17,2))
                outputColumnNames: _col0, _col1, _col2, _col3, _col4
                Statistics: Num rows: 1991967 Data size: 446200540 Basic stats: COMPLETE Column stats: COMPLETE
                File Output Operator
                  compressed: false
                  Statistics: Num rows: 1991967 Data size: 446200540 Basic stats: COMPLETE Column stats: COMPLETE
                  table:
                      input format: org.apache.hadoop.mapred.SequenceFileInputFormat
                      output format: org.apache.hadoop.hive.ql.io.HiveSequenceFileOutputFormat
                      serde: org.apache.hadoop.hive.serde2.lazy.LazySimpleSerDe

  Stage: Stage-0
    Fetch Operator
      limit: -1
      Processor Tree:
        ListSink

