PREHOOK: query: explain
select  i_item_desc
      ,w_warehouse_name
      ,d1.d_week_seq
      ,count(case when p_promo_sk is null then 1 else 0 end) no_promo
      ,count(case when p_promo_sk is not null then 1 else 0 end) promo
      ,count(*) total_cnt
from catalog_sales
join inventory on (cs_item_sk = inv_item_sk)
join warehouse on (w_warehouse_sk=inv_warehouse_sk)
join item on (i_item_sk = cs_item_sk)
join customer_demographics on (cs_bill_cdemo_sk = cd_demo_sk)
join household_demographics on (cs_bill_hdemo_sk = hd_demo_sk)
join date_dim d1 on (cs_sold_date_sk = d1.d_date_sk)
join date_dim d2 on (inv_date_sk = d2.d_date_sk)
join date_dim d3 on (cs_ship_date_sk = d3.d_date_sk)
left outer join promotion on (cs_promo_sk=p_promo_sk)
left outer join catalog_returns on (cr_item_sk = cs_item_sk and cr_order_number = cs_order_number)
where d1.d_week_seq = d2.d_week_seq
  and inv_quantity_on_hand < cs_quantity 
  and d3.d_date > d1.d_date + 5
  and hd_buy_potential = '1001-5000'
  and d1.d_year = 2001
  and hd_buy_potential = '1001-5000'
  and cd_marital_status = 'M'
  and d1.d_year = 2001
group by i_item_desc,w_warehouse_name,d1.d_week_seq
order by total_cnt desc, i_item_desc, w_warehouse_name, d_week_seq
limit 100
PREHOOK: type: QUERY
POSTHOOK: query: explain
select  i_item_desc
      ,w_warehouse_name
      ,d1.d_week_seq
      ,count(case when p_promo_sk is null then 1 else 0 end) no_promo
      ,count(case when p_promo_sk is not null then 1 else 0 end) promo
      ,count(*) total_cnt
from catalog_sales
join inventory on (cs_item_sk = inv_item_sk)
join warehouse on (w_warehouse_sk=inv_warehouse_sk)
join item on (i_item_sk = cs_item_sk)
join customer_demographics on (cs_bill_cdemo_sk = cd_demo_sk)
join household_demographics on (cs_bill_hdemo_sk = hd_demo_sk)
join date_dim d1 on (cs_sold_date_sk = d1.d_date_sk)
join date_dim d2 on (inv_date_sk = d2.d_date_sk)
join date_dim d3 on (cs_ship_date_sk = d3.d_date_sk)
left outer join promotion on (cs_promo_sk=p_promo_sk)
left outer join catalog_returns on (cr_item_sk = cs_item_sk and cr_order_number = cs_order_number)
where d1.d_week_seq = d2.d_week_seq
  and inv_quantity_on_hand < cs_quantity 
  and d3.d_date > d1.d_date + 5
  and hd_buy_potential = '1001-5000'
  and d1.d_year = 2001
  and hd_buy_potential = '1001-5000'
  and cd_marital_status = 'M'
  and d1.d_year = 2001
group by i_item_desc,w_warehouse_name,d1.d_week_seq
order by total_cnt desc, i_item_desc, w_warehouse_name, d_week_seq
limit 100
POSTHOOK: type: QUERY
STAGE DEPENDENCIES:
  Stage-2 is a root stage
  Stage-3 depends on stages: Stage-2
  Stage-4 depends on stages: Stage-3
  Stage-5 depends on stages: Stage-4
  Stage-6 depends on stages: Stage-5
  Stage-1 depends on stages: Stage-6
  Stage-0 depends on stages: Stage-1

STAGE PLANS:
  Stage: Stage-2
    Spark
#### A masked pattern was here ####
      Vertices:
        Map 16 
            Map Operator Tree:
                TableScan
                  alias: d2
                  filterExpr: (d_date_sk is not null and d_week_seq is not null) (type: boolean)
                  Statistics: Num rows: 73049 Data size: 584392 Basic stats: COMPLETE Column stats: COMPLETE
                  Filter Operator
                    predicate: (d_date_sk is not null and d_week_seq is not null) (type: boolean)
                    Statistics: Num rows: 73049 Data size: 584392 Basic stats: COMPLETE Column stats: COMPLETE
                    Select Operator
                      expressions: d_date_sk (type: int), d_week_seq (type: int)
                      outputColumnNames: _col0, _col1
                      Statistics: Num rows: 73049 Data size: 584392 Basic stats: COMPLETE Column stats: COMPLETE
                      Spark HashTable Sink Operator
                        keys:
                          0 _col0 (type: int), _col20 (type: int)
                          1 _col0 (type: int), _col1 (type: int)
            Execution mode: vectorized
            Local Work:
              Map Reduce Local Work

  Stage: Stage-3
    Spark
#### A masked pattern was here ####
      Vertices:
        Map 6 
            Map Operator Tree:
                TableScan
                  alias: warehouse
                  filterExpr: w_warehouse_sk is not null (type: boolean)
                  Statistics: Num rows: 27 Data size: 2808 Basic stats: COMPLETE Column stats: COMPLETE
                  Filter Operator
                    predicate: w_warehouse_sk is not null (type: boolean)
                    Statistics: Num rows: 27 Data size: 2808 Basic stats: COMPLETE Column stats: COMPLETE
                    Select Operator
                      expressions: w_warehouse_sk (type: int), w_warehouse_name (type: string)
                      outputColumnNames: _col0, _col1
                      Statistics: Num rows: 27 Data size: 2808 Basic stats: COMPLETE Column stats: COMPLETE
                      Spark HashTable Sink Operator
                        keys:
                          0 _col2 (type: int)
                          1 _col0 (type: int)
            Execution mode: vectorized
            Local Work:
              Map Reduce Local Work

  Stage: Stage-4
    Spark
#### A masked pattern was here ####
      Vertices:
        Map 15 
            Map Operator Tree:
                TableScan
                  alias: d3
                  filterExpr: d_date_sk is not null (type: boolean)
                  Statistics: Num rows: 73049 Data size: 7158802 Basic stats: COMPLETE Column stats: COMPLETE
                  Filter Operator
                    predicate: d_date_sk is not null (type: boolean)
                    Statistics: Num rows: 73049 Data size: 7158802 Basic stats: COMPLETE Column stats: COMPLETE
                    Select Operator
                      expressions: d_date_sk (type: int), d_date (type: string)
                      outputColumnNames: _col0, _col1
                      Statistics: Num rows: 73049 Data size: 7158802 Basic stats: COMPLETE Column stats: COMPLETE
                      Spark HashTable Sink Operator
                        keys:
                          0 _col1 (type: int)
                          1 _col0 (type: int)
            Execution mode: vectorized
            Local Work:
              Map Reduce Local Work

  Stage: Stage-5
    Spark
#### A masked pattern was here ####
      Vertices:
        Map 12 
            Map Operator Tree:
                TableScan
                  alias: household_demographics
                  filterExpr: ((hd_buy_potential = '1001-5000') and hd_demo_sk is not null) (type: boolean)
                  Statistics: Num rows: 7200 Data size: 691200 Basic stats: COMPLETE Column stats: COMPLETE
                  Filter Operator
                    predicate: ((hd_buy_potential = '1001-5000') and hd_demo_sk is not null) (type: boolean)
                    Statistics: Num rows: 1440 Data size: 138240 Basic stats: COMPLETE Column stats: COMPLETE
                    Select Operator
                      expressions: hd_demo_sk (type: int)
                      outputColumnNames: _col0
                      Statistics: Num rows: 1440 Data size: 139680 Basic stats: COMPLETE Column stats: COMPLETE
                      Spark HashTable Sink Operator
                        keys:
                          0 _col3 (type: int)
                          1 _col0 (type: int)
            Execution mode: vectorized
            Local Work:
              Map Reduce Local Work
        Map 13 
            Map Operator Tree:
                TableScan
                  alias: promotion
                  Statistics: Num rows: 2300 Data size: 9200 Basic stats: COMPLETE Column stats: COMPLETE
                  Select Operator
                    expressions: p_promo_sk (type: int)
                    outputColumnNames: _col0
                    Statistics: Num rows: 2300 Data size: 9200 Basic stats: COMPLETE Column stats: COMPLETE
                    Spark HashTable Sink Operator
                      keys:
                        0 _col5 (type: int)
                        1 _col0 (type: int)
            Execution mode: vectorized
            Local Work:
              Map Reduce Local Work

  Stage: Stage-6
    Spark
#### A masked pattern was here ####
      Vertices:
        Map 10 
            Map Operator Tree:
                TableScan
                  alias: d1
                  filterExpr: ((d_year = 2001) and d_date_sk is not null and d_week_seq is not null) (type: boolean)
                  Statistics: Num rows: 73049 Data size: 7743194 Basic stats: COMPLETE Column stats: COMPLETE
                  Filter Operator
                    predicate: ((d_year = 2001) and d_date_sk is not null and d_week_seq is not null) (type: boolean)
                    Statistics: Num rows: 652 Data size: 69112 Basic stats: COMPLETE Column stats: COMPLETE
                    Select Operator
                      expressions: d_date_sk (type: int), d_date (type: string), d_week_seq (type: int)
                      outputColumnNames: _col0, _col1, _col2
                      Statistics: Num rows: 652 Data size: 69112 Basic stats: COMPLETE Column stats: COMPLETE
                      Spark HashTable Sink Operator
                        keys:
                          0 _col0 (type: int)
                          1 _col0 (type: int)
            Execution mode: vectorized
            Local Work:
              Map Reduce Local Work

  Stage: Stage-1
    Spark
      Edges:
        Reducer 2 <- Map 1 (PARTITION-LEVEL SORT, 42), Reducer 9 (PARTITION-LEVEL SORT, 42)
        Reducer 3 <- Map 17 (PARTITION-LEVEL SORT, 1009), Reducer 2 (PARTITION-LEVEL SORT, 1009)
        Reducer 4 <- Reducer 3 (GROUP, 1009)
        Reducer 5 <- Reducer 4 (SORT, 1)
        Reducer 8 <- Map 11 (PARTITION-LEVEL SORT, 99), Map 7 (PARTITION-LEVEL SORT, 99)
        Reducer 9 <- Map 14 (PARTITION-LEVEL SORT, 8), Reducer 8 (PARTITION-LEVEL SORT, 8)
#### A masked pattern was here ####
      Vertices:
        Map 1 
            Map Operator Tree:
                TableScan
                  alias: inventory
                  filterExpr: (inv_item_sk is not null and inv_warehouse_sk is not null and inv_date_sk is not null) (type: boolean)
                  Statistics: Num rows: 37584000 Data size: 593821108 Basic stats: COMPLETE Column stats: COMPLETE
                  Filter Operator
                    predicate: (inv_date_sk is not null and inv_item_sk is not null and inv_warehouse_sk is not null) (type: boolean)
                    Statistics: Num rows: 37584000 Data size: 593821108 Basic stats: COMPLETE Column stats: COMPLETE
                    Select Operator
                      expressions: inv_date_sk (type: int), inv_item_sk (type: int), inv_warehouse_sk (type: int), inv_quantity_on_hand (type: int)
                      outputColumnNames: _col0, _col1, _col2, _col3
                      Statistics: Num rows: 37584000 Data size: 593821108 Basic stats: COMPLETE Column stats: COMPLETE
                      Map Join Operator
                        condition map:
                             Inner Join 0 to 1
                        keys:
                          0 _col2 (type: int)
                          1 _col0 (type: int)
                        outputColumnNames: _col0, _col1, _col3, _col5
                        input vertices:
                          1 Map 6
                        Statistics: Num rows: 37584000 Data size: 4201885108 Basic stats: COMPLETE Column stats: COMPLETE
                        Reduce Output Operator
                          key expressions: _col1 (type: int)
                          sort order: +
                          Map-reduce partition columns: _col1 (type: int)
                          Statistics: Num rows: 37584000 Data size: 4201885108 Basic stats: COMPLETE Column stats: COMPLETE
                          value expressions: _col0 (type: int), _col3 (type: int), _col5 (type: string)
            Execution mode: vectorized
            Local Work:
              Map Reduce Local Work
        Map 11 
            Map Operator Tree:
                TableScan
                  alias: customer_demographics
                  filterExpr: ((cd_marital_status = 'M') and cd_demo_sk is not null) (type: boolean)
                  Statistics: Num rows: 1861800 Data size: 165700200 Basic stats: COMPLETE Column stats: COMPLETE
                  Filter Operator
                    predicate: ((cd_marital_status = 'M') and cd_demo_sk is not null) (type: boolean)
                    Statistics: Num rows: 265971 Data size: 23671419 Basic stats: COMPLETE Column stats: COMPLETE
                    Select Operator
                      expressions: cd_demo_sk (type: int)
                      outputColumnNames: _col0
                      Statistics: Num rows: 265971 Data size: 23671419 Basic stats: COMPLETE Column stats: COMPLETE
                      Reduce Output Operator
                        key expressions: _col0 (type: int)
                        sort order: +
                        Map-reduce partition columns: _col0 (type: int)
                        Statistics: Num rows: 265971 Data size: 23671419 Basic stats: COMPLETE Column stats: COMPLETE
            Execution mode: vectorized
        Map 14 
            Map Operator Tree:
                TableScan
                  alias: item
                  filterExpr: i_item_sk is not null (type: boolean)
                  Statistics: Num rows: 462000 Data size: 86856000 Basic stats: COMPLETE Column stats: COMPLETE
                  Filter Operator
                    predicate: i_item_sk is not null (type: boolean)
                    Statistics: Num rows: 462000 Data size: 86856000 Basic stats: COMPLETE Column stats: COMPLETE
                    Select Operator
                      expressions: i_item_sk (type: int), i_item_desc (type: string)
                      outputColumnNames: _col0, _col1
                      Statistics: Num rows: 462000 Data size: 86856000 Basic stats: COMPLETE Column stats: COMPLETE
                      Reduce Output Operator
                        key expressions: _col0 (type: int)
                        sort order: +
                        Map-reduce partition columns: _col0 (type: int)
                        Statistics: Num rows: 462000 Data size: 86856000 Basic stats: COMPLETE Column stats: COMPLETE
                        value expressions: _col1 (type: string)
            Execution mode: vectorized
        Map 17 
            Map Operator Tree:
                TableScan
                  alias: catalog_returns
                  filterExpr: cr_item_sk is not null (type: boolean)
                  Statistics: Num rows: 28798881 Data size: 230391048 Basic stats: COMPLETE Column stats: COMPLETE
                  Filter Operator
                    predicate: cr_item_sk is not null (type: boolean)
                    Statistics: Num rows: 28798881 Data size: 230391048 Basic stats: COMPLETE Column stats: COMPLETE
                    Select Operator
                      expressions: cr_item_sk (type: int), cr_order_number (type: int)
                      outputColumnNames: _col0, _col1
                      Statistics: Num rows: 28798881 Data size: 230391048 Basic stats: COMPLETE Column stats: COMPLETE
                      Reduce Output Operator
                        key expressions: _col0 (type: int), _col1 (type: int)
                        sort order: ++
                        Map-reduce partition columns: _col0 (type: int), _col1 (type: int)
                        Statistics: Num rows: 28798881 Data size: 230391048 Basic stats: COMPLETE Column stats: COMPLETE
            Execution mode: vectorized
        Map 7 
            Map Operator Tree:
                TableScan
                  alias: catalog_sales
                  filterExpr: (cs_item_sk is not null and cs_bill_cdemo_sk is not null and cs_bill_hdemo_sk is not null and cs_sold_date_sk is not null and cs_ship_date_sk is not null) (type: boolean)
                  Statistics: Num rows: 287989836 Data size: 9181123640 Basic stats: COMPLETE Column stats: COMPLETE
                  Filter Operator
                    predicate: (cs_bill_cdemo_sk is not null and cs_bill_hdemo_sk is not null and cs_item_sk is not null and cs_ship_date_sk is not null and cs_sold_date_sk is not null) (type: boolean)
                    Statistics: Num rows: 282274763 Data size: 8998926960 Basic stats: COMPLETE Column stats: COMPLETE
                    Select Operator
                      expressions: cs_sold_date_sk (type: int), cs_ship_date_sk (type: int), cs_bill_cdemo_sk (type: int), cs_bill_hdemo_sk (type: int), cs_item_sk (type: int), cs_promo_sk (type: int), cs_order_number (type: int), cs_quantity (type: int)
                      outputColumnNames: _col0, _col1, _col2, _col3, _col4, _col5, _col6, _col7
                      Statistics: Num rows: 282274763 Data size: 8998926960 Basic stats: COMPLETE Column stats: COMPLETE
                      Map Join Operator
                        condition map:
                             Inner Join 0 to 1
                        keys:
                          0 _col0 (type: int)
                          1 _col0 (type: int)
                        outputColumnNames: _col1, _col2, _col3, _col4, _col5, _col6, _col7, _col9, _col10
                        input vertices:
                          1 Map 10
                        Statistics: Num rows: 100076475 Data size: 12581416510 Basic stats: COMPLETE Column stats: COMPLETE
                        Reduce Output Operator
                          key expressions: _col2 (type: int)
                          sort order: +
                          Map-reduce partition columns: _col2 (type: int)
                          Statistics: Num rows: 100076475 Data size: 12581416510 Basic stats: COMPLETE Column stats: COMPLETE
                          value expressions: _col1 (type: int), _col3 (type: int), _col4 (type: int), _col5 (type: int), _col6 (type: int), _col7 (type: int), _col9 (type: string), _col10 (type: int)
            Execution mode: vectorized
            Local Work:
              Map Reduce Local Work
        Reducer 2 
            Local Work:
              Map Reduce Local Work
            Reduce Operator Tree:
              Join Operator
                condition map:
                     Inner Join 0 to 1
                keys:
                  0 _col1 (type: int)
                  1 _col8 (type: int)
                outputColumnNames: _col0, _col3, _col5, _col9, _col14, _col16, _col17, _col20, _col26
                Statistics: Num rows: 1637843460 Data size: 510986849992 Basic stats: COMPLETE Column stats: COMPLETE
                Filter Operator
                  predicate: (_col3 < _col17) (type: boolean)
                  Statistics: Num rows: 545947820 Data size: 170328950004 Basic stats: COMPLETE Column stats: COMPLETE
                  Map Join Operator
                    condition map:
                         Inner Join 0 to 1
                    keys:
                      0 _col0 (type: int), _col20 (type: int)
                      1 _col0 (type: int), _col1 (type: int)
                    outputColumnNames: _col5, _col9, _col14, _col16, _col20, _col26
                    input vertices:
                      1 Map 16
                    Statistics: Num rows: 610435044 Data size: 183126878084 Basic stats: COMPLETE Column stats: COMPLETE
                    Select Operator
                      expressions: _col14 (type: int), _col16 (type: int), _col5 (type: string), _col9 (type: string), _col20 (type: int), _col26 (type: int)
                      outputColumnNames: _col4, _col6, _col13, _col15, _col22, _col28
                      Statistics: Num rows: 610435044 Data size: 183126878084 Basic stats: COMPLETE Column stats: COMPLETE
                      Reduce Output Operator
                        key expressions: _col4 (type: int), _col6 (type: int)
                        sort order: ++
                        Map-reduce partition columns: _col4 (type: int), _col6 (type: int)
                        Statistics: Num rows: 610435044 Data size: 183126878084 Basic stats: COMPLETE Column stats: COMPLETE
                        value expressions: _col13 (type: string), _col15 (type: string), _col22 (type: int), _col28 (type: int)
        Reducer 3 
            Reduce Operator Tree:
              Join Operator
                condition map:
                     Left Outer Join 0 to 1
                keys:
                  0 _col4 (type: int), _col6 (type: int)
                  1 _col0 (type: int), _col1 (type: int)
                outputColumnNames: _col13, _col15, _col22, _col28
                Statistics: Num rows: 963870346 Data size: 281446505916 Basic stats: COMPLETE Column stats: COMPLETE
                Select Operator
                  expressions: _col15 (type: string), _col13 (type: string), _col22 (type: int), CASE WHEN (_col28 is null) THEN (1) ELSE (0) END (type: int), CASE WHEN (_col28 is not null) THEN (1) ELSE (0) END (type: int)
                  outputColumnNames: _col0, _col1, _col2, _col3, _col4
                  Statistics: Num rows: 963870346 Data size: 281446505916 Basic stats: COMPLETE Column stats: COMPLETE
                  Group By Operator
                    aggregations: count(_col3), count(_col4), count()
                    keys: _col0 (type: string), _col1 (type: string), _col2 (type: int)
                    mode: hash
                    outputColumnNames: _col0, _col1, _col2, _col3, _col4, _col5
                    Statistics: Num rows: 963870346 Data size: 300727547952 Basic stats: COMPLETE Column stats: COMPLETE
                    Reduce Output Operator
                      key expressions: _col0 (type: string), _col1 (type: string), _col2 (type: int)
                      sort order: +++
                      Map-reduce partition columns: _col0 (type: string), _col1 (type: string), _col2 (type: int)
                      Statistics: Num rows: 963870346 Data size: 300727547952 Basic stats: COMPLETE Column stats: COMPLETE
                      value expressions: _col3 (type: bigint), _col4 (type: bigint), _col5 (type: bigint)
        Reducer 4 
            Execution mode: vectorized
            Reduce Operator Tree:
              Group By Operator
                aggregations: count(VALUE._col0), count(VALUE._col1), count(VALUE._col2)
                keys: KEY._col0 (type: string), KEY._col1 (type: string), KEY._col2 (type: int)
                mode: mergepartial
                outputColumnNames: _col0, _col1, _col2, _col3, _col4, _col5
                Statistics: Num rows: 71169210 Data size: 22204793520 Basic stats: COMPLETE Column stats: COMPLETE
                Reduce Output Operator
                  key expressions: _col5 (type: bigint), _col0 (type: string), _col1 (type: string), _col2 (type: int)
                  sort order: -+++
                  Statistics: Num rows: 71169210 Data size: 22204793520 Basic stats: COMPLETE Column stats: COMPLETE
                  TopN Hash Memory Usage: 0.1
                  value expressions: _col3 (type: bigint), _col4 (type: bigint)
        Reducer 5 
            Execution mode: vectorized
            Reduce Operator Tree:
              Select Operator
                expressions: KEY.reducesinkkey1 (type: string), KEY.reducesinkkey2 (type: string), KEY.reducesinkkey3 (type: int), VALUE._col0 (type: bigint), VALUE._col1 (type: bigint), KEY.reducesinkkey0 (type: bigint)
                outputColumnNames: _col0, _col1, _col2, _col3, _col4, _col5
                Statistics: Num rows: 71169210 Data size: 22204793520 Basic stats: COMPLETE Column stats: COMPLETE
                Limit
                  Number of rows: 100
                  Statistics: Num rows: 100 Data size: 31200 Basic stats: COMPLETE Column stats: COMPLETE
                  File Output Operator
                    compressed: false
                    Statistics: Num rows: 100 Data size: 31200 Basic stats: COMPLETE Column stats: COMPLETE
                    table:
                        input format: org.apache.hadoop.mapred.SequenceFileInputFormat
                        output format: org.apache.hadoop.hive.ql.io.HiveSequenceFileOutputFormat
                        serde: org.apache.hadoop.hive.serde2.lazy.LazySimpleSerDe
        Reducer 8 
            Local Work:
              Map Reduce Local Work
            Reduce Operator Tree:
              Join Operator
                condition map:
                     Inner Join 0 to 1
                keys:
                  0 _col2 (type: int)
                  1 _col0 (type: int)
                outputColumnNames: _col1, _col3, _col4, _col5, _col6, _col7, _col9, _col10
                Statistics: Num rows: 40895108 Data size: 4966629896 Basic stats: COMPLETE Column stats: COMPLETE
                Map Join Operator
                  condition map:
                       Inner Join 0 to 1
                  keys:
                    0 _col3 (type: int)
                    1 _col0 (type: int)
                  outputColumnNames: _col1, _col4, _col5, _col6, _col7, _col9, _col10
                  input vertices:
                    1 Map 12
                  Statistics: Num rows: 8179022 Data size: 948189328 Basic stats: COMPLETE Column stats: COMPLETE
                  Map Join Operator
                    condition map:
                         Left Outer Join 0 to 1
                    keys:
                      0 _col5 (type: int)
                      1 _col0 (type: int)
                    outputColumnNames: _col1, _col4, _col6, _col7, _col9, _col10, _col16
                    input vertices:
                      1 Map 13
                    Statistics: Num rows: 8179022 Data size: 921119528 Basic stats: COMPLETE Column stats: COMPLETE
                    Reduce Output Operator
                      key expressions: _col4 (type: int)
                      sort order: +
                      Map-reduce partition columns: _col4 (type: int)
                      Statistics: Num rows: 8179022 Data size: 921119528 Basic stats: COMPLETE Column stats: COMPLETE
                      value expressions: _col1 (type: int), _col6 (type: int), _col7 (type: int), _col9 (type: string), _col10 (type: int), _col16 (type: int)
        Reducer 9 
            Local Work:
              Map Reduce Local Work
            Reduce Operator Tree:
              Join Operator
                condition map:
                     Inner Join 0 to 1
                keys:
                  0 _col4 (type: int)
                  1 _col0 (type: int)
                outputColumnNames: _col1, _col4, _col6, _col7, _col9, _col10, _col16, _col18
                Statistics: Num rows: 8179022 Data size: 2426059576 Basic stats: COMPLETE Column stats: COMPLETE
                Map Join Operator
                  condition map:
                       Inner Join 0 to 1
                  keys:
                    0 _col1 (type: int)
                    1 _col0 (type: int)
                  outputColumnNames: _col4, _col6, _col7, _col9, _col10, _col16, _col18, _col20
                  input vertices:
                    1 Map 15
                  Statistics: Num rows: 8179022 Data size: 3167816688 Basic stats: COMPLETE Column stats: COMPLETE
                  Filter Operator
                    predicate: (UDFToDouble(_col20) > (UDFToDouble(_col9) + 5.0D)) (type: boolean)
                    Statistics: Num rows: 2726340 Data size: 1055938644 Basic stats: COMPLETE Column stats: COMPLETE
                    Select Operator
                      expressions: _col18 (type: string), _col4 (type: int), _col6 (type: int), _col7 (type: int), _col10 (type: int), _col16 (type: int)
                      outputColumnNames: _col3, _col8, _col10, _col11, _col14, _col20
                      Statistics: Num rows: 2726340 Data size: 1055938644 Basic stats: COMPLETE Column stats: COMPLETE
                      Reduce Output Operator
                        key expressions: _col8 (type: int)
                        sort order: +
                        Map-reduce partition columns: _col8 (type: int)
                        Statistics: Num rows: 2726340 Data size: 1055938644 Basic stats: COMPLETE Column stats: COMPLETE
                        value expressions: _col3 (type: string), _col10 (type: int), _col11 (type: int), _col14 (type: int), _col20 (type: int)

  Stage: Stage-0
    Fetch Operator
      limit: 100
      Processor Tree:
        ListSink

