PREHOOK: query: explain
select  dt.d_year 
       ,item.i_brand_id brand_id 
       ,item.i_brand brand
       ,sum(ss_ext_sales_price) sum_agg
 from  date_dim dt 
      ,store_sales
      ,item
 where dt.d_date_sk = store_sales.ss_sold_date_sk
   and store_sales.ss_item_sk = item.i_item_sk
   and item.i_manufact_id = 436
   and dt.d_moy=12
 group by dt.d_year
      ,item.i_brand
      ,item.i_brand_id
 order by dt.d_year
         ,sum_agg desc
         ,brand_id
 limit 100
PREHOOK: type: QUERY
POSTHOOK: query: explain
select  dt.d_year 
       ,item.i_brand_id brand_id 
       ,item.i_brand brand
       ,sum(ss_ext_sales_price) sum_agg
 from  date_dim dt 
      ,store_sales
      ,item
 where dt.d_date_sk = store_sales.ss_sold_date_sk
   and store_sales.ss_item_sk = item.i_item_sk
   and item.i_manufact_id = 436
   and dt.d_moy=12
 group by dt.d_year
      ,item.i_brand
      ,item.i_brand_id
 order by dt.d_year
         ,sum_agg desc
         ,brand_id
 limit 100
POSTHOOK: type: QUERY
STAGE DEPENDENCIES:
  Stage-1 is a root stage
  Stage-0 depends on stages: Stage-1

STAGE PLANS:
  Stage: Stage-1
    Spark
      Edges:
        Reducer 11 <- Map 10 (GROUP, 2)
        Reducer 2 <- Map 1 (GROUP, 397)
        Reducer 3 <- Reducer 2 (PARTITION-LEVEL SORT, 200), Reducer 9 (PARTITION-LEVEL SORT, 200)
        Reducer 4 <- Reducer 3 (GROUP, 219)
        Reducer 5 <- Reducer 11 (PARTITION-LEVEL SORT, 110), Reducer 4 (PARTITION-LEVEL SORT, 110)
        Reducer 6 <- Reducer 5 (GROUP, 121)
        Reducer 7 <- Reducer 6 (SORT, 1)
        Reducer 9 <- Map 8 (GROUP, 3)
#### A masked pattern was here ####
      Vertices:
        Map 1 
            Map Operator Tree:
                TableScan
                  alias: store_sales
                  filterExpr: (ss_sold_date_sk is not null and ss_item_sk is not null) (type: boolean)
                  Statistics: Num rows: 575995635 Data size: 50814502088 Basic stats: COMPLETE Column stats: NONE
                  Filter Operator
                    predicate: (ss_item_sk is not null and ss_sold_date_sk is not null) (type: boolean)
                    Statistics: Num rows: 575995635 Data size: 50814502088 Basic stats: COMPLETE Column stats: NONE
                    Select Operator
                      expressions: ss_sold_date_sk (type: int), ss_item_sk (type: int), ss_ext_sales_price (type: decimal(7,2))
                      outputColumnNames: _col0, _col1, _col2
                      Statistics: Num rows: 575995635 Data size: 50814502088 Basic stats: COMPLETE Column stats: NONE
                      Group By Operator
                        aggregations: sum(_col2)
                        keys: _col1 (type: int), _col0 (type: int)
                        mode: hash
                        outputColumnNames: _col0, _col1, _col2
                        Statistics: Num rows: 575995635 Data size: 50814502088 Basic stats: COMPLETE Column stats: NONE
                        Reduce Output Operator
                          key expressions: _col0 (type: int), _col1 (type: int)
                          sort order: ++
                          Map-reduce partition columns: _col0 (type: int), _col1 (type: int)
                          Statistics: Num rows: 575995635 Data size: 50814502088 Basic stats: COMPLETE Column stats: NONE
                          value expressions: _col2 (type: decimal(17,2))
            Execution mode: vectorized
        Map 10 
            Map Operator Tree:
                TableScan
                  alias: dt
                  filterExpr: ((d_moy = 12) and d_date_sk is not null) (type: boolean)
                  Statistics: Num rows: 73049 Data size: 81741831 Basic stats: COMPLETE Column stats: NONE
                  Filter Operator
                    predicate: ((d_moy = 12) and d_date_sk is not null) (type: boolean)
                    Statistics: Num rows: 36524 Data size: 40870356 Basic stats: COMPLETE Column stats: NONE
                    Select Operator
                      expressions: d_date_sk (type: int), d_year (type: int)
                      outputColumnNames: _col0, _col1
                      Statistics: Num rows: 36524 Data size: 40870356 Basic stats: COMPLETE Column stats: NONE
                      Group By Operator
                        aggregations: count()
                        keys: _col0 (type: int), _col1 (type: int)
                        mode: hash
                        outputColumnNames: _col0, _col1, _col2
                        Statistics: Num rows: 36524 Data size: 40870356 Basic stats: COMPLETE Column stats: NONE
                        Reduce Output Operator
                          key expressions: _col0 (type: int), _col1 (type: int)
                          sort order: ++
                          Map-reduce partition columns: _col0 (type: int), _col1 (type: int)
                          Statistics: Num rows: 36524 Data size: 40870356 Basic stats: COMPLETE Column stats: NONE
                          value expressions: _col2 (type: bigint)
            Execution mode: vectorized
        Map 8 
            Map Operator Tree:
                TableScan
                  alias: item
                  filterExpr: ((i_manufact_id = 436) and i_item_sk is not null) (type: boolean)
                  Statistics: Num rows: 462000 Data size: 663560457 Basic stats: COMPLETE Column stats: NONE
                  Filter Operator
                    predicate: ((i_manufact_id = 436) and i_item_sk is not null) (type: boolean)
                    Statistics: Num rows: 231000 Data size: 331780228 Basic stats: COMPLETE Column stats: NONE
                    Select Operator
                      expressions: i_item_sk (type: int), i_brand_id (type: int), i_brand (type: string)
                      outputColumnNames: _col0, _col1, _col2
                      Statistics: Num rows: 231000 Data size: 331780228 Basic stats: COMPLETE Column stats: NONE
                      Group By Operator
                        aggregations: count()
                        keys: _col0 (type: int), _col1 (type: int), _col2 (type: string)
                        mode: hash
                        outputColumnNames: _col0, _col1, _col2, _col3
                        Statistics: Num rows: 231000 Data size: 331780228 Basic stats: COMPLETE Column stats: NONE
                        Reduce Output Operator
                          key expressions: _col0 (type: int), _col1 (type: int), _col2 (type: string)
                          sort order: +++
                          Map-reduce partition columns: _col0 (type: int), _col1 (type: int), _col2 (type: string)
                          Statistics: Num rows: 231000 Data size: 331780228 Basic stats: COMPLETE Column stats: NONE
                          value expressions: _col3 (type: bigint)
            Execution mode: vectorized
        Reducer 11 
            Execution mode: vectorized
            Reduce Operator Tree:
              Group By Operator
                aggregations: count(VALUE._col0)
                keys: KEY._col0 (type: int), KEY._col1 (type: int)
                mode: mergepartial
                outputColumnNames: _col0, _col1, _col2
                Statistics: Num rows: 18262 Data size: 20435178 Basic stats: COMPLETE Column stats: NONE
                Reduce Output Operator
                  key expressions: _col0 (type: int)
                  sort order: +
                  Map-reduce partition columns: _col0 (type: int)
                  Statistics: Num rows: 18262 Data size: 20435178 Basic stats: COMPLETE Column stats: NONE
                  value expressions: _col1 (type: int), _col2 (type: bigint)
        Reducer 2 
            Execution mode: vectorized
            Reduce Operator Tree:
              Group By Operator
                aggregations: sum(VALUE._col0)
                keys: KEY._col0 (type: int), KEY._col1 (type: int)
                mode: mergepartial
                outputColumnNames: _col0, _col1, _col2
                Statistics: Num rows: 287997817 Data size: 25407250999 Basic stats: COMPLETE Column stats: NONE
                Select Operator
                  expressions: _col1 (type: int), _col0 (type: int), _col2 (type: decimal(17,2))
                  outputColumnNames: _col0, _col1, _col2
                  Statistics: Num rows: 287997817 Data size: 25407250999 Basic stats: COMPLETE Column stats: NONE
                  Reduce Output Operator
                    key expressions: _col1 (type: int)
                    sort order: +
                    Map-reduce partition columns: _col1 (type: int)
                    Statistics: Num rows: 287997817 Data size: 25407250999 Basic stats: COMPLETE Column stats: NONE
                    value expressions: _col0 (type: int), _col2 (type: decimal(17,2))
        Reducer 3 
            Reduce Operator Tree:
              Join Operator
                condition map:
                     Inner Join 0 to 1
                keys:
                  0 _col1 (type: int)
                  1 _col0 (type: int)
                outputColumnNames: _col0, _col2, _col4, _col5, _col6
                Statistics: Num rows: 316797605 Data size: 27947976704 Basic stats: COMPLETE Column stats: NONE
                Select Operator
                  expressions: _col0 (type: int), _col4 (type: int), _col5 (type: string), CAST( (_col2 * _col6) AS decimal(17,2)) (type: decimal(17,2))
                  outputColumnNames: _col0, _col4, _col5, _col7
                  Statistics: Num rows: 316797605 Data size: 27947976704 Basic stats: COMPLETE Column stats: NONE
                  Group By Operator
                    aggregations: sum(_col7)
                    keys: _col0 (type: int), _col4 (type: int), _col5 (type: string)
                    mode: hash
                    outputColumnNames: _col0, _col1, _col2, _col3
                    Statistics: Num rows: 316797605 Data size: 27947976704 Basic stats: COMPLETE Column stats: NONE
                    Reduce Output Operator
                      key expressions: _col0 (type: int), _col1 (type: int), _col2 (type: string)
                      sort order: +++
                      Map-reduce partition columns: _col0 (type: int), _col1 (type: int), _col2 (type: string)
                      Statistics: Num rows: 316797605 Data size: 27947976704 Basic stats: COMPLETE Column stats: NONE
                      value expressions: _col3 (type: decimal(27,2))
        Reducer 4 
            Execution mode: vectorized
            Reduce Operator Tree:
              Group By Operator
                aggregations: sum(VALUE._col0)
                keys: KEY._col0 (type: int), KEY._col1 (type: int), KEY._col2 (type: string)
                mode: mergepartial
                outputColumnNames: _col0, _col1, _col2, _col3
                Statistics: Num rows: 158398802 Data size: 13973988307 Basic stats: COMPLETE Column stats: NONE
                Reduce Output Operator
                  key expressions: _col0 (type: int)
                  sort order: +
                  Map-reduce partition columns: _col0 (type: int)
                  Statistics: Num rows: 158398802 Data size: 13973988307 Basic stats: COMPLETE Column stats: NONE
                  value expressions: _col1 (type: int), _col2 (type: string), _col3 (type: decimal(27,2))
        Reducer 5 
            Reduce Operator Tree:
              Join Operator
                condition map:
                     Inner Join 0 to 1
                keys:
                  0 _col0 (type: int)
                  1 _col0 (type: int)
                outputColumnNames: _col1, _col2, _col3, _col5, _col6
                Statistics: Num rows: 174238685 Data size: 15371387470 Basic stats: COMPLETE Column stats: NONE
                Select Operator
                  expressions: _col1 (type: int), _col2 (type: string), _col5 (type: int), CAST( (_col3 * _col6) AS decimal(17,2)) (type: decimal(17,2))
                  outputColumnNames: _col1, _col2, _col5, _col7
                  Statistics: Num rows: 174238685 Data size: 15371387470 Basic stats: COMPLETE Column stats: NONE
                  Group By Operator
                    aggregations: sum(_col7)
                    keys: _col5 (type: int), _col1 (type: int), _col2 (type: string)
                    mode: hash
                    outputColumnNames: _col0, _col1, _col2, _col3
                    Statistics: Num rows: 174238685 Data size: 15371387470 Basic stats: COMPLETE Column stats: NONE
                    Reduce Output Operator
                      key expressions: _col0 (type: int), _col1 (type: int), _col2 (type: string)
                      sort order: +++
                      Map-reduce partition columns: _col0 (type: int), _col1 (type: int), _col2 (type: string)
                      Statistics: Num rows: 174238685 Data size: 15371387470 Basic stats: COMPLETE Column stats: NONE
                      value expressions: _col3 (type: decimal(27,2))
        Reducer 6 
            Execution mode: vectorized
            Reduce Operator Tree:
              Group By Operator
                aggregations: sum(VALUE._col0)
                keys: KEY._col0 (type: int), KEY._col1 (type: int), KEY._col2 (type: string)
                mode: mergepartial
                outputColumnNames: _col0, _col1, _col2, _col3
                Statistics: Num rows: 87119342 Data size: 7685693690 Basic stats: COMPLETE Column stats: NONE
                Reduce Output Operator
                  key expressions: _col0 (type: int), _col3 (type: decimal(27,2)), _col1 (type: int)
                  sort order: +-+
                  Statistics: Num rows: 87119342 Data size: 7685693690 Basic stats: COMPLETE Column stats: NONE
                  TopN Hash Memory Usage: 0.1
                  value expressions: _col2 (type: string)
        Reducer 7 
            Execution mode: vectorized
            Reduce Operator Tree:
              Select Operator
                expressions: KEY.reducesinkkey0 (type: int), KEY.reducesinkkey2 (type: int), VALUE._col0 (type: string), KEY.reducesinkkey1 (type: decimal(27,2))
                outputColumnNames: _col0, _col1, _col2, _col3
                Statistics: Num rows: 87119342 Data size: 7685693690 Basic stats: COMPLETE Column stats: NONE
                Limit
                  Number of rows: 100
                  Statistics: Num rows: 100 Data size: 8800 Basic stats: COMPLETE Column stats: NONE
                  File Output Operator
                    compressed: false
                    Statistics: Num rows: 100 Data size: 8800 Basic stats: COMPLETE Column stats: NONE
                    table:
                        input format: org.apache.hadoop.mapred.SequenceFileInputFormat
                        output format: org.apache.hadoop.hive.ql.io.HiveSequenceFileOutputFormat
                        serde: org.apache.hadoop.hive.serde2.lazy.LazySimpleSerDe
        Reducer 9 
            Execution mode: vectorized
            Reduce Operator Tree:
              Group By Operator
                aggregations: count(VALUE._col0)
                keys: KEY._col0 (type: int), KEY._col1 (type: int), KEY._col2 (type: string)
                mode: mergepartial
                outputColumnNames: _col0, _col1, _col2, _col3
                Statistics: Num rows: 115500 Data size: 165890114 Basic stats: COMPLETE Column stats: NONE
                Reduce Output Operator
                  key expressions: _col0 (type: int)
                  sort order: +
                  Map-reduce partition columns: _col0 (type: int)
                  Statistics: Num rows: 115500 Data size: 165890114 Basic stats: COMPLETE Column stats: NONE
                  value expressions: _col1 (type: int), _col2 (type: string), _col3 (type: bigint)

  Stage: Stage-0
    Fetch Operator
      limit: 100
      Processor Tree:
        ListSink

