PREHOOK: query: explain
select 
  c_last_name,c_first_name,substr(s_city,1,30),ss_ticket_number,amt,profit
  from
   (select ss_ticket_number
          ,ss_customer_sk
          ,store.s_city
          ,sum(ss_coupon_amt) amt
          ,sum(ss_net_profit) profit
    from store_sales,date_dim,store,household_demographics
    where store_sales.ss_sold_date_sk = date_dim.d_date_sk
    and store_sales.ss_store_sk = store.s_store_sk  
    and store_sales.ss_hdemo_sk = household_demographics.hd_demo_sk
    and (household_demographics.hd_dep_count = 8 or household_demographics.hd_vehicle_count > 0)
    and date_dim.d_dow = 1
    and date_dim.d_year in (1998,1998+1,1998+2) 
    and store.s_number_employees between 200 and 295
    group by ss_ticket_number,ss_customer_sk,ss_addr_sk,store.s_city) ms,customer
    where ss_customer_sk = c_customer_sk
 order by c_last_name,c_first_name,substr(s_city,1,30), profit
limit 100
PREHOOK: type: QUERY
POSTHOOK: query: explain
select 
  c_last_name,c_first_name,substr(s_city,1,30),ss_ticket_number,amt,profit
  from
   (select ss_ticket_number
          ,ss_customer_sk
          ,store.s_city
          ,sum(ss_coupon_amt) amt
          ,sum(ss_net_profit) profit
    from store_sales,date_dim,store,household_demographics
    where store_sales.ss_sold_date_sk = date_dim.d_date_sk
    and store_sales.ss_store_sk = store.s_store_sk  
    and store_sales.ss_hdemo_sk = household_demographics.hd_demo_sk
    and (household_demographics.hd_dep_count = 8 or household_demographics.hd_vehicle_count > 0)
    and date_dim.d_dow = 1
    and date_dim.d_year in (1998,1998+1,1998+2) 
    and store.s_number_employees between 200 and 295
    group by ss_ticket_number,ss_customer_sk,ss_addr_sk,store.s_city) ms,customer
    where ss_customer_sk = c_customer_sk
 order by c_last_name,c_first_name,substr(s_city,1,30), profit
limit 100
POSTHOOK: type: QUERY
STAGE DEPENDENCIES:
  Stage-2 is a root stage
  Stage-1 depends on stages: Stage-2
  Stage-0 depends on stages: Stage-1

STAGE PLANS:
  Stage: Stage-2
    Spark
#### A masked pattern was here ####
      Vertices:
        Map 6 
            Map Operator Tree:
                TableScan
                  alias: date_dim
                  filterExpr: ((d_year) IN (1998, 1999, 2000) and (d_dow = 1) and d_date_sk is not null) (type: boolean)
                  Statistics: Num rows: 73049 Data size: 876588 Basic stats: COMPLETE Column stats: COMPLETE
                  Filter Operator
                    predicate: ((d_dow = 1) and (d_year) IN (1998, 1999, 2000) and d_date_sk is not null) (type: boolean)
                    Statistics: Num rows: 391 Data size: 4692 Basic stats: COMPLETE Column stats: COMPLETE
                    Select Operator
                      expressions: d_date_sk (type: int)
                      outputColumnNames: _col0
                      Statistics: Num rows: 391 Data size: 4692 Basic stats: COMPLETE Column stats: COMPLETE
                      Spark HashTable Sink Operator
                        keys:
                          0 _col0 (type: int)
                          1 _col0 (type: int)
            Execution mode: vectorized
            Local Work:
              Map Reduce Local Work
        Map 7 
            Map Operator Tree:
                TableScan
                  alias: store
                  filterExpr: (s_number_employees BETWEEN 200 AND 295 and s_store_sk is not null) (type: boolean)
                  Statistics: Num rows: 1704 Data size: 172056 Basic stats: COMPLETE Column stats: COMPLETE
                  Filter Operator
                    predicate: (s_number_employees BETWEEN 200 AND 295 and s_store_sk is not null) (type: boolean)
                    Statistics: Num rows: 568 Data size: 57356 Basic stats: COMPLETE Column stats: COMPLETE
                    Select Operator
                      expressions: s_store_sk (type: int), s_city (type: string)
                      outputColumnNames: _col0, _col2
                      Statistics: Num rows: 568 Data size: 57356 Basic stats: COMPLETE Column stats: COMPLETE
                      Spark HashTable Sink Operator
                        keys:
                          0 _col4 (type: int)
                          1 _col0 (type: int)
            Execution mode: vectorized
            Local Work:
              Map Reduce Local Work
        Map 8 
            Map Operator Tree:
                TableScan
                  alias: household_demographics
                  filterExpr: (((hd_dep_count = 8) or (hd_vehicle_count > 0)) and hd_demo_sk is not null) (type: boolean)
                  Statistics: Num rows: 7200 Data size: 86400 Basic stats: COMPLETE Column stats: COMPLETE
                  Filter Operator
                    predicate: (((hd_dep_count = 8) or (hd_vehicle_count > 0)) and hd_demo_sk is not null) (type: boolean)
                    Statistics: Num rows: 3055 Data size: 36660 Basic stats: COMPLETE Column stats: COMPLETE
                    Select Operator
                      expressions: hd_demo_sk (type: int)
                      outputColumnNames: _col0
                      Statistics: Num rows: 3055 Data size: 36660 Basic stats: COMPLETE Column stats: COMPLETE
                      Spark HashTable Sink Operator
                        keys:
                          0 _col2 (type: int)
                          1 _col0 (type: int)
            Execution mode: vectorized
            Local Work:
              Map Reduce Local Work

  Stage: Stage-1
    Spark
      Edges:
        Reducer 2 <- Map 1 (PARTITION-LEVEL SORT, 152), Reducer 5 (PARTITION-LEVEL SORT, 152)
        Reducer 3 <- Reducer 2 (SORT, 1)
        Reducer 5 <- Map 4 (GROUP, 37)
#### A masked pattern was here ####
      Vertices:
        Map 1 
            Map Operator Tree:
                TableScan
                  alias: customer
                  filterExpr: c_customer_sk is not null (type: boolean)
                  Statistics: Num rows: 80000000 Data size: 14720000000 Basic stats: COMPLETE Column stats: COMPLETE
                  Filter Operator
                    predicate: c_customer_sk is not null (type: boolean)
                    Statistics: Num rows: 80000000 Data size: 14720000000 Basic stats: COMPLETE Column stats: COMPLETE
                    Select Operator
                      expressions: c_customer_sk (type: int), c_first_name (type: string), c_last_name (type: string)
                      outputColumnNames: _col0, _col1, _col2
                      Statistics: Num rows: 80000000 Data size: 14720000000 Basic stats: COMPLETE Column stats: COMPLETE
                      Reduce Output Operator
                        key expressions: _col0 (type: int)
                        sort order: +
                        Map-reduce partition columns: _col0 (type: int)
                        Statistics: Num rows: 80000000 Data size: 14720000000 Basic stats: COMPLETE Column stats: COMPLETE
                        value expressions: _col1 (type: string), _col2 (type: string)
            Execution mode: vectorized
        Map 4 
            Map Operator Tree:
                TableScan
                  alias: store_sales
                  filterExpr: (ss_sold_date_sk is not null and ss_store_sk is not null and ss_hdemo_sk is not null and ss_customer_sk is not null) (type: boolean)
                  Statistics: Num rows: 575995635 Data size: 136523505560 Basic stats: COMPLETE Column stats: COMPLETE
                  Filter Operator
                    predicate: (ss_customer_sk is not null and ss_hdemo_sk is not null and ss_sold_date_sk is not null and ss_store_sk is not null) (type: boolean)
                    Statistics: Num rows: 479121995 Data size: 113562343880 Basic stats: COMPLETE Column stats: COMPLETE
                    Select Operator
                      expressions: ss_sold_date_sk (type: int), ss_customer_sk (type: int), ss_hdemo_sk (type: int), ss_addr_sk (type: int), ss_store_sk (type: int), ss_ticket_number (type: int), ss_coupon_amt (type: decimal(7,2)), ss_net_profit (type: decimal(7,2))
                      outputColumnNames: _col0, _col1, _col2, _col3, _col4, _col5, _col6, _col7
                      Statistics: Num rows: 479121995 Data size: 113562343880 Basic stats: COMPLETE Column stats: COMPLETE
                      Map Join Operator
                        condition map:
                             Inner Join 0 to 1
                        keys:
                          0 _col0 (type: int)
                          1 _col0 (type: int)
                        outputColumnNames: _col1, _col2, _col3, _col4, _col5, _col6, _col7
                        input vertices:
                          1 Map 6
                        Statistics: Num rows: 102592623 Data size: 19858928684 Basic stats: COMPLETE Column stats: COMPLETE
                        Map Join Operator
                          condition map:
                               Inner Join 0 to 1
                          keys:
                            0 _col4 (type: int)
                            1 _col0 (type: int)
                          outputColumnNames: _col1, _col2, _col3, _col5, _col6, _col7, _col13
                          input vertices:
                            1 Map 7
                          Statistics: Num rows: 34197543 Data size: 6300328799 Basic stats: COMPLETE Column stats: COMPLETE
                          Map Join Operator
                            condition map:
                                 Inner Join 0 to 1
                            keys:
                              0 _col2 (type: int)
                              1 _col0 (type: int)
                            outputColumnNames: _col1, _col3, _col5, _col6, _col7, _col13
                            input vertices:
                              1 Map 8
                            Statistics: Num rows: 14510208 Data size: 1407490408 Basic stats: COMPLETE Column stats: COMPLETE
                            Group By Operator
                              aggregations: sum(_col6), sum(_col7)
                              keys: _col1 (type: int), _col3 (type: int), _col5 (type: int), _col13 (type: string)
                              mode: hash
                              outputColumnNames: _col0, _col1, _col2, _col3, _col4, _col5
                              Statistics: Num rows: 14510208 Data size: 4657776776 Basic stats: COMPLETE Column stats: COMPLETE
                              Reduce Output Operator
                                key expressions: _col0 (type: int), _col1 (type: int), _col2 (type: int), _col3 (type: string)
                                sort order: ++++
                                Map-reduce partition columns: _col0 (type: int), _col1 (type: int), _col2 (type: int), _col3 (type: string)
                                Statistics: Num rows: 14510208 Data size: 4657776776 Basic stats: COMPLETE Column stats: COMPLETE
                                value expressions: _col4 (type: decimal(17,2)), _col5 (type: decimal(17,2))
            Execution mode: vectorized
            Local Work:
              Map Reduce Local Work
        Reducer 2 
            Reduce Operator Tree:
              Join Operator
                condition map:
                     Inner Join 0 to 1
                keys:
                  0 _col0 (type: int)
                  1 _col1 (type: int)
                outputColumnNames: _col1, _col2, _col3, _col5, _col6, _col7
                Statistics: Num rows: 14510208 Data size: 7269614208 Basic stats: COMPLETE Column stats: COMPLETE
                Select Operator
                  expressions: _col2 (type: string), _col1 (type: string), _col3 (type: int), _col6 (type: decimal(17,2)), _col7 (type: decimal(17,2)), substr(_col5, 1, 30) (type: string)
                  outputColumnNames: _col0, _col1, _col3, _col4, _col5, _col6
                  Statistics: Num rows: 14510208 Data size: 11259921408 Basic stats: COMPLETE Column stats: COMPLETE
                  Reduce Output Operator
                    key expressions: _col0 (type: string), _col1 (type: string), _col6 (type: string), _col5 (type: decimal(17,2))
                    sort order: ++++
                    Statistics: Num rows: 14510208 Data size: 11259921408 Basic stats: COMPLETE Column stats: COMPLETE
                    TopN Hash Memory Usage: 0.1
                    value expressions: _col3 (type: int), _col4 (type: decimal(17,2))
        Reducer 3 
            Execution mode: vectorized
            Reduce Operator Tree:
              Select Operator
                expressions: KEY.reducesinkkey0 (type: string), KEY.reducesinkkey1 (type: string), KEY.reducesinkkey2 (type: string), VALUE._col0 (type: int), VALUE._col1 (type: decimal(17,2)), KEY.reducesinkkey3 (type: decimal(17,2))
                outputColumnNames: _col0, _col1, _col2, _col3, _col4, _col5
                Statistics: Num rows: 14510208 Data size: 11259921408 Basic stats: COMPLETE Column stats: COMPLETE
                Limit
                  Number of rows: 100
                  Statistics: Num rows: 100 Data size: 77600 Basic stats: COMPLETE Column stats: COMPLETE
                  File Output Operator
                    compressed: false
                    Statistics: Num rows: 100 Data size: 77600 Basic stats: COMPLETE Column stats: COMPLETE
                    table:
                        input format: org.apache.hadoop.mapred.SequenceFileInputFormat
                        output format: org.apache.hadoop.hive.ql.io.HiveSequenceFileOutputFormat
                        serde: org.apache.hadoop.hive.serde2.lazy.LazySimpleSerDe
        Reducer 5 
            Execution mode: vectorized
            Reduce Operator Tree:
              Group By Operator
                aggregations: sum(VALUE._col0), sum(VALUE._col1)
                keys: KEY._col0 (type: int), KEY._col1 (type: int), KEY._col2 (type: int), KEY._col3 (type: string)
                mode: mergepartial
                outputColumnNames: _col0, _col1, _col2, _col3, _col4, _col5
                Statistics: Num rows: 14510208 Data size: 4657776776 Basic stats: COMPLETE Column stats: COMPLETE
                Select Operator
                  expressions: _col2 (type: int), _col0 (type: int), _col3 (type: string), _col4 (type: decimal(17,2)), _col5 (type: decimal(17,2))
                  outputColumnNames: _col0, _col1, _col2, _col3, _col4
                  Statistics: Num rows: 14510208 Data size: 4657776772 Basic stats: COMPLETE Column stats: COMPLETE
                  Reduce Output Operator
                    key expressions: _col1 (type: int)
                    sort order: +
                    Map-reduce partition columns: _col1 (type: int)
                    Statistics: Num rows: 14510208 Data size: 4657776772 Basic stats: COMPLETE Column stats: COMPLETE
                    value expressions: _col0 (type: int), _col2 (type: string), _col3 (type: decimal(17,2)), _col4 (type: decimal(17,2))

  Stage: Stage-0
    Fetch Operator
      limit: -1
      Processor Tree:
        ListSink

