PREHOOK: query: explain
select  i_item_id
       ,i_item_desc
       ,s_state
       ,count(ss_quantity) as store_sales_quantitycount
       ,avg(ss_quantity) as store_sales_quantityave
       ,stddev_samp(ss_quantity) as store_sales_quantitystdev
       ,stddev_samp(ss_quantity)/avg(ss_quantity) as store_sales_quantitycov
       ,count(sr_return_quantity) as_store_returns_quantitycount
       ,avg(sr_return_quantity) as_store_returns_quantityave
       ,stddev_samp(sr_return_quantity) as_store_returns_quantitystdev
       ,stddev_samp(sr_return_quantity)/avg(sr_return_quantity) as store_returns_quantitycov
       ,count(cs_quantity) as catalog_sales_quantitycount ,avg(cs_quantity) as catalog_sales_quantityave
       ,stddev_samp(cs_quantity)/avg(cs_quantity) as catalog_sales_quantitystdev
       ,stddev_samp(cs_quantity)/avg(cs_quantity) as catalog_sales_quantitycov
 from store_sales
     ,store_returns
     ,catalog_sales
     ,date_dim d1
     ,date_dim d2
     ,date_dim d3
     ,store
     ,item
 where d1.d_quarter_name = '2000Q1'
   and d1.d_date_sk = ss_sold_date_sk
   and i_item_sk = ss_item_sk
   and s_store_sk = ss_store_sk
   and ss_customer_sk = sr_customer_sk
   and ss_item_sk = sr_item_sk
   and ss_ticket_number = sr_ticket_number
   and sr_returned_date_sk = d2.d_date_sk
   and d2.d_quarter_name in ('2000Q1','2000Q2','2000Q3')
   and sr_customer_sk = cs_bill_customer_sk
   and sr_item_sk = cs_item_sk
   and cs_sold_date_sk = d3.d_date_sk
   and d3.d_quarter_name in ('2000Q1','2000Q2','2000Q3')
 group by i_item_id
         ,i_item_desc
         ,s_state
 order by i_item_id
         ,i_item_desc
         ,s_state
limit 100
PREHOOK: type: QUERY
POSTHOOK: query: explain
select  i_item_id
       ,i_item_desc
       ,s_state
       ,count(ss_quantity) as store_sales_quantitycount
       ,avg(ss_quantity) as store_sales_quantityave
       ,stddev_samp(ss_quantity) as store_sales_quantitystdev
       ,stddev_samp(ss_quantity)/avg(ss_quantity) as store_sales_quantitycov
       ,count(sr_return_quantity) as_store_returns_quantitycount
       ,avg(sr_return_quantity) as_store_returns_quantityave
       ,stddev_samp(sr_return_quantity) as_store_returns_quantitystdev
       ,stddev_samp(sr_return_quantity)/avg(sr_return_quantity) as store_returns_quantitycov
       ,count(cs_quantity) as catalog_sales_quantitycount ,avg(cs_quantity) as catalog_sales_quantityave
       ,stddev_samp(cs_quantity)/avg(cs_quantity) as catalog_sales_quantitystdev
       ,stddev_samp(cs_quantity)/avg(cs_quantity) as catalog_sales_quantitycov
 from store_sales
     ,store_returns
     ,catalog_sales
     ,date_dim d1
     ,date_dim d2
     ,date_dim d3
     ,store
     ,item
 where d1.d_quarter_name = '2000Q1'
   and d1.d_date_sk = ss_sold_date_sk
   and i_item_sk = ss_item_sk
   and s_store_sk = ss_store_sk
   and ss_customer_sk = sr_customer_sk
   and ss_item_sk = sr_item_sk
   and ss_ticket_number = sr_ticket_number
   and sr_returned_date_sk = d2.d_date_sk
   and d2.d_quarter_name in ('2000Q1','2000Q2','2000Q3')
   and sr_customer_sk = cs_bill_customer_sk
   and sr_item_sk = cs_item_sk
   and cs_sold_date_sk = d3.d_date_sk
   and d3.d_quarter_name in ('2000Q1','2000Q2','2000Q3')
 group by i_item_id
         ,i_item_desc
         ,s_state
 order by i_item_id
         ,i_item_desc
         ,s_state
limit 100
POSTHOOK: type: QUERY
STAGE DEPENDENCIES:
  Stage-2 is a root stage
  Stage-3 depends on stages: Stage-2
  Stage-4 depends on stages: Stage-3
  Stage-5 depends on stages: Stage-4
  Stage-1 depends on stages: Stage-5
  Stage-0 depends on stages: Stage-1

STAGE PLANS:
  Stage: Stage-2
    Spark
#### A masked pattern was here ####
      Vertices:
        Map 13 
            Map Operator Tree:
                TableScan
                  alias: store
                  filterExpr: s_store_sk is not null (type: boolean)
                  Statistics: Num rows: 1704 Data size: 153360 Basic stats: COMPLETE Column stats: COMPLETE
                  Filter Operator
                    predicate: s_store_sk is not null (type: boolean)
                    Statistics: Num rows: 1704 Data size: 153360 Basic stats: COMPLETE Column stats: COMPLETE
                    Select Operator
                      expressions: s_store_sk (type: int), s_state (type: string)
                      outputColumnNames: _col0, _col1
                      Statistics: Num rows: 1704 Data size: 153360 Basic stats: COMPLETE Column stats: COMPLETE
                      Spark HashTable Sink Operator
                        keys:
                          0 _col3 (type: int)
                          1 _col0 (type: int)
            Execution mode: vectorized
            Local Work:
              Map Reduce Local Work

  Stage: Stage-3
    Spark
#### A masked pattern was here ####
      Vertices:
        Map 6 
            Map Operator Tree:
                TableScan
                  alias: d1
                  filterExpr: ((d_quarter_name = '2000Q1') and d_date_sk is not null) (type: boolean)
                  Statistics: Num rows: 73049 Data size: 6866606 Basic stats: COMPLETE Column stats: COMPLETE
                  Filter Operator
                    predicate: ((d_quarter_name = '2000Q1') and d_date_sk is not null) (type: boolean)
                    Statistics: Num rows: 101 Data size: 9494 Basic stats: COMPLETE Column stats: COMPLETE
                    Select Operator
                      expressions: d_date_sk (type: int)
                      outputColumnNames: _col0
                      Statistics: Num rows: 101 Data size: 9494 Basic stats: COMPLETE Column stats: COMPLETE
                      Spark HashTable Sink Operator
                        keys:
                          0 _col0 (type: int)
                          1 _col0 (type: int)
            Execution mode: vectorized
            Local Work:
              Map Reduce Local Work

  Stage: Stage-4
    Spark
#### A masked pattern was here ####
      Vertices:
        Map 10 
            Map Operator Tree:
                TableScan
                  alias: d3
                  filterExpr: ((d_quarter_name) IN ('2000Q1', '2000Q2', '2000Q3') and d_date_sk is not null) (type: boolean)
                  Statistics: Num rows: 73049 Data size: 6866606 Basic stats: COMPLETE Column stats: COMPLETE
                  Filter Operator
                    predicate: ((d_quarter_name) IN ('2000Q1', '2000Q2', '2000Q3') and d_date_sk is not null) (type: boolean)
                    Statistics: Num rows: 3652 Data size: 343288 Basic stats: COMPLETE Column stats: COMPLETE
                    Select Operator
                      expressions: d_date_sk (type: int)
                      outputColumnNames: _col0
                      Statistics: Num rows: 3652 Data size: 343288 Basic stats: COMPLETE Column stats: COMPLETE
                      Spark HashTable Sink Operator
                        keys:
                          0 _col0 (type: int)
                          1 _col0 (type: int)
            Execution mode: vectorized
            Local Work:
              Map Reduce Local Work

  Stage: Stage-5
    Spark
#### A masked pattern was here ####
      Vertices:
        Map 12 
            Map Operator Tree:
                TableScan
                  alias: d2
                  filterExpr: ((d_quarter_name) IN ('2000Q1', '2000Q2', '2000Q3') and d_date_sk is not null) (type: boolean)
                  Statistics: Num rows: 73049 Data size: 6866606 Basic stats: COMPLETE Column stats: COMPLETE
                  Filter Operator
                    predicate: ((d_quarter_name) IN ('2000Q1', '2000Q2', '2000Q3') and d_date_sk is not null) (type: boolean)
                    Statistics: Num rows: 3652 Data size: 343288 Basic stats: COMPLETE Column stats: COMPLETE
                    Select Operator
                      expressions: d_date_sk (type: int)
                      outputColumnNames: _col0
                      Statistics: Num rows: 3652 Data size: 343288 Basic stats: COMPLETE Column stats: COMPLETE
                      Spark HashTable Sink Operator
                        keys:
                          0 _col0 (type: int)
                          1 _col0 (type: int)
            Execution mode: vectorized
            Local Work:
              Map Reduce Local Work

  Stage: Stage-1
    Spark
      Edges:
        Reducer 2 <- Map 1 (PARTITION-LEVEL SORT, 4), Map 7 (PARTITION-LEVEL SORT, 4)
        Reducer 3 <- Reducer 2 (PARTITION-LEVEL SORT, 149), Reducer 9 (PARTITION-LEVEL SORT, 149)
        Reducer 4 <- Reducer 3 (GROUP, 1009)
        Reducer 5 <- Reducer 4 (SORT, 1)
        Reducer 9 <- Map 11 (PARTITION-LEVEL SORT, 2), Map 8 (PARTITION-LEVEL SORT, 2)
#### A masked pattern was here ####
      Vertices:
        Map 1 
            Map Operator Tree:
                TableScan
                  alias: store_sales
                  filterExpr: (ss_customer_sk is not null and ss_item_sk is not null and ss_ticket_number is not null and ss_sold_date_sk is not null and ss_store_sk is not null) (type: boolean)
                  Statistics: Num rows: 575995635 Data size: 13409244716 Basic stats: COMPLETE Column stats: COMPLETE
                  Filter Operator
                    predicate: (ss_customer_sk is not null and ss_item_sk is not null and ss_sold_date_sk is not null and ss_store_sk is not null and ss_ticket_number is not null) (type: boolean)
                    Statistics: Num rows: 501694138 Data size: 11679497312 Basic stats: COMPLETE Column stats: COMPLETE
                    Select Operator
                      expressions: ss_sold_date_sk (type: int), ss_item_sk (type: int), ss_customer_sk (type: int), ss_store_sk (type: int), ss_ticket_number (type: int), ss_quantity (type: int)
                      outputColumnNames: _col0, _col1, _col2, _col3, _col4, _col5
                      Statistics: Num rows: 501694138 Data size: 11679497312 Basic stats: COMPLETE Column stats: COMPLETE
                      Map Join Operator
                        condition map:
                             Inner Join 0 to 1
                        keys:
                          0 _col0 (type: int)
                          1 _col0 (type: int)
                        outputColumnNames: _col1, _col2, _col3, _col4, _col5
                        input vertices:
                          1 Map 6
                        Statistics: Num rows: 27749405 Data size: 284128524 Basic stats: COMPLETE Column stats: COMPLETE
                        Reduce Output Operator
                          key expressions: _col1 (type: int)
                          sort order: +
                          Map-reduce partition columns: _col1 (type: int)
                          Statistics: Num rows: 27749405 Data size: 284128524 Basic stats: COMPLETE Column stats: COMPLETE
                          value expressions: _col2 (type: int), _col3 (type: int), _col4 (type: int), _col5 (type: int)
            Execution mode: vectorized
            Local Work:
              Map Reduce Local Work
        Map 11 
            Map Operator Tree:
                TableScan
                  alias: store_returns
                  filterExpr: (sr_customer_sk is not null and sr_item_sk is not null and sr_ticket_number is not null and sr_returned_date_sk is not null) (type: boolean)
                  Statistics: Num rows: 57591150 Data size: 1127638720 Basic stats: COMPLETE Column stats: COMPLETE
                  Filter Operator
                    predicate: (sr_customer_sk is not null and sr_item_sk is not null and sr_returned_date_sk is not null and sr_ticket_number is not null) (type: boolean)
                    Statistics: Num rows: 53632139 Data size: 1050121008 Basic stats: COMPLETE Column stats: COMPLETE
                    Select Operator
                      expressions: sr_returned_date_sk (type: int), sr_item_sk (type: int), sr_customer_sk (type: int), sr_ticket_number (type: int), sr_return_quantity (type: int)
                      outputColumnNames: _col0, _col1, _col2, _col3, _col4
                      Statistics: Num rows: 53632139 Data size: 1050121008 Basic stats: COMPLETE Column stats: COMPLETE
                      Map Join Operator
                        condition map:
                             Inner Join 0 to 1
                        keys:
                          0 _col0 (type: int)
                          1 _col0 (type: int)
                        outputColumnNames: _col1, _col2, _col3, _col4
                        input vertices:
                          1 Map 12
                        Statistics: Num rows: 2681277 Data size: 27877676 Basic stats: COMPLETE Column stats: COMPLETE
                        Reduce Output Operator
                          key expressions: _col1 (type: int), _col2 (type: int)
                          sort order: ++
                          Map-reduce partition columns: _col1 (type: int), _col2 (type: int)
                          Statistics: Num rows: 2681277 Data size: 27877676 Basic stats: COMPLETE Column stats: COMPLETE
                          value expressions: _col3 (type: int), _col4 (type: int)
            Execution mode: vectorized
            Local Work:
              Map Reduce Local Work
        Map 7 
            Map Operator Tree:
                TableScan
                  alias: item
                  filterExpr: i_item_sk is not null (type: boolean)
                  Statistics: Num rows: 462000 Data size: 133056000 Basic stats: COMPLETE Column stats: COMPLETE
                  Filter Operator
                    predicate: i_item_sk is not null (type: boolean)
                    Statistics: Num rows: 462000 Data size: 133056000 Basic stats: COMPLETE Column stats: COMPLETE
                    Select Operator
                      expressions: i_item_sk (type: int), i_item_id (type: string), i_item_desc (type: string)
                      outputColumnNames: _col0, _col1, _col2
                      Statistics: Num rows: 462000 Data size: 133056000 Basic stats: COMPLETE Column stats: COMPLETE
                      Reduce Output Operator
                        key expressions: _col0 (type: int)
                        sort order: +
                        Map-reduce partition columns: _col0 (type: int)
                        Statistics: Num rows: 462000 Data size: 133056000 Basic stats: COMPLETE Column stats: COMPLETE
                        value expressions: _col1 (type: string), _col2 (type: string)
            Execution mode: vectorized
        Map 8 
            Map Operator Tree:
                TableScan
                  alias: catalog_sales
                  filterExpr: (cs_bill_customer_sk is not null and cs_item_sk is not null and cs_sold_date_sk is not null) (type: boolean)
                  Statistics: Num rows: 287989836 Data size: 4590562460 Basic stats: COMPLETE Column stats: COMPLETE
                  Filter Operator
                    predicate: (cs_bill_customer_sk is not null and cs_item_sk is not null and cs_sold_date_sk is not null) (type: boolean)
                    Statistics: Num rows: 285117831 Data size: 4544782656 Basic stats: COMPLETE Column stats: COMPLETE
                    Select Operator
                      expressions: cs_sold_date_sk (type: int), cs_bill_customer_sk (type: int), cs_item_sk (type: int), cs_quantity (type: int)
                      outputColumnNames: _col0, _col1, _col2, _col3
                      Statistics: Num rows: 285117831 Data size: 4544782656 Basic stats: COMPLETE Column stats: COMPLETE
                      Map Join Operator
                        condition map:
                             Inner Join 0 to 1
                        keys:
                          0 _col0 (type: int)
                          1 _col0 (type: int)
                        outputColumnNames: _col1, _col2, _col3
                        input vertices:
                          1 Map 10
                        Statistics: Num rows: 14254135 Data size: 159649964 Basic stats: COMPLETE Column stats: COMPLETE
                        Reduce Output Operator
                          key expressions: _col2 (type: int), _col1 (type: int)
                          sort order: ++
                          Map-reduce partition columns: _col2 (type: int), _col1 (type: int)
                          Statistics: Num rows: 14254135 Data size: 159649964 Basic stats: COMPLETE Column stats: COMPLETE
                          value expressions: _col3 (type: int)
            Execution mode: vectorized
            Local Work:
              Map Reduce Local Work
        Reducer 2 
            Reduce Operator Tree:
              Join Operator
                condition map:
                     Inner Join 0 to 1
                keys:
                  0 _col1 (type: int)
                  1 _col0 (type: int)
                outputColumnNames: _col1, _col2, _col3, _col4, _col5, _col9, _col10
                Statistics: Num rows: 27749405 Data size: 8164959544 Basic stats: COMPLETE Column stats: COMPLETE
                Reduce Output Operator
                  key expressions: _col1 (type: int), _col2 (type: int), _col4 (type: int)
                  sort order: +++
                  Map-reduce partition columns: _col1 (type: int), _col2 (type: int), _col4 (type: int)
                  Statistics: Num rows: 27749405 Data size: 8164959544 Basic stats: COMPLETE Column stats: COMPLETE
                  value expressions: _col3 (type: int), _col5 (type: int), _col9 (type: string), _col10 (type: string)
        Reducer 3 
            Local Work:
              Map Reduce Local Work
            Reduce Operator Tree:
              Join Operator
                condition map:
                     Inner Join 0 to 1
                keys:
                  0 _col1 (type: int), _col2 (type: int), _col4 (type: int)
                  1 _col7 (type: int), _col8 (type: int), _col9 (type: int)
                outputColumnNames: _col3, _col5, _col9, _col10, _col14, _col21
                Statistics: Num rows: 4815969644 Data size: 1444597110452 Basic stats: COMPLETE Column stats: COMPLETE
                Map Join Operator
                  condition map:
                       Inner Join 0 to 1
                  keys:
                    0 _col3 (type: int)
                    1 _col0 (type: int)
                  outputColumnNames: _col5, _col9, _col10, _col14, _col21, _col25
                  input vertices:
                    1 Map 13
                  Statistics: Num rows: 4815969644 Data size: 1839596901436 Basic stats: COMPLETE Column stats: COMPLETE
                  Select Operator
                    expressions: _col9 (type: string), _col10 (type: string), _col25 (type: string), _col5 (type: int), _col21 (type: int), _col14 (type: int), UDFToDouble(_col5) (type: double), (UDFToDouble(_col5) * UDFToDouble(_col5)) (type: double), UDFToDouble(_col21) (type: double), (UDFToDouble(_col21) * UDFToDouble(_col21)) (type: double), UDFToDouble(_col14) (type: double), (UDFToDouble(_col14) * UDFToDouble(_col14)) (type: double)
                    outputColumnNames: _col0, _col1, _col2, _col3, _col4, _col5, _col6, _col7, _col8, _col9, _col10, _col11
                    Statistics: Num rows: 4815969644 Data size: 1839596901436 Basic stats: COMPLETE Column stats: COMPLETE
                    Group By Operator
                      aggregations: count(_col3), sum(_col3), sum(_col7), sum(_col6), count(_col4), sum(_col4), sum(_col9), sum(_col8), count(_col5), sum(_col5), sum(_col11), sum(_col10)
                      keys: _col0 (type: string), _col1 (type: string), _col2 (type: string)
                      mode: hash
                      outputColumnNames: _col0, _col1, _col2, _col3, _col4, _col5, _col6, _col7, _col8, _col9, _col10, _col11, _col12, _col13, _col14
                      Statistics: Num rows: 4815969644 Data size: 2244241854104 Basic stats: COMPLETE Column stats: COMPLETE
                      Reduce Output Operator
                        key expressions: _col0 (type: string), _col1 (type: string), _col2 (type: string)
                        sort order: +++
                        Map-reduce partition columns: _col0 (type: string), _col1 (type: string), _col2 (type: string)
                        Statistics: Num rows: 4815969644 Data size: 2244241854104 Basic stats: COMPLETE Column stats: COMPLETE
                        TopN Hash Memory Usage: 0.1
                        value expressions: _col3 (type: bigint), _col4 (type: bigint), _col5 (type: double), _col6 (type: double), _col7 (type: bigint), _col8 (type: bigint), _col9 (type: double), _col10 (type: double), _col11 (type: bigint), _col12 (type: bigint), _col13 (type: double), _col14 (type: double)
        Reducer 4 
            Execution mode: vectorized
            Reduce Operator Tree:
              Group By Operator
                aggregations: count(VALUE._col0), sum(VALUE._col1), sum(VALUE._col2), sum(VALUE._col3), count(VALUE._col4), sum(VALUE._col5), sum(VALUE._col6), sum(VALUE._col7), count(VALUE._col8), sum(VALUE._col9), sum(VALUE._col10), sum(VALUE._col11)
                keys: KEY._col0 (type: string), KEY._col1 (type: string), KEY._col2 (type: string)
                mode: mergepartial
                outputColumnNames: _col0, _col1, _col2, _col3, _col4, _col5, _col6, _col7, _col8, _col9, _col10, _col11, _col12, _col13, _col14
                Statistics: Num rows: 4815969644 Data size: 2244241854104 Basic stats: COMPLETE Column stats: COMPLETE
                Select Operator
                  expressions: _col0 (type: string), _col1 (type: string), _col2 (type: string), _col3 (type: bigint), (UDFToDouble(_col4) / _col3) (type: double), power(((_col5 - ((_col6 * _col6) / _col3)) / CASE WHEN ((_col3 = 1L)) THEN (null) ELSE ((_col3 - 1)) END), 0.5) (type: double), (power(((_col5 - ((_col6 * _col6) / _col3)) / CASE WHEN ((_col3 = 1L)) THEN (null) ELSE ((_col3 - 1)) END), 0.5) / (UDFToDouble(_col4) / _col3)) (type: double), _col7 (type: bigint), (UDFToDouble(_col8) / _col7) (type: double), power(((_col9 - ((_col10 * _col10) / _col7)) / CASE WHEN ((_col7 = 1L)) THEN (null) ELSE ((_col7 - 1)) END), 0.5) (type: double), (power(((_col9 - ((_col10 * _col10) / _col7)) / CASE WHEN ((_col7 = 1L)) THEN (null) ELSE ((_col7 - 1)) END), 0.5) / (UDFToDouble(_col8) / _col7)) (type: double), _col11 (type: bigint), (UDFToDouble(_col12) / _col11) (type: double), (power(((_col13 - ((_col14 * _col14) / _col11)) / CASE WHEN ((_col11 = 1L)) THEN (null) ELSE ((_col11 - 1)) END), 0.5) / (UDFToDouble(_col12) / _col11)) (type: double)
                  outputColumnNames: _col0, _col1, _col2, _col3, _col4, _col5, _col6, _col7, _col8, _col9, _col10, _col11, _col12, _col13
                  Statistics: Num rows: 4815969644 Data size: 2244241854104 Basic stats: COMPLETE Column stats: COMPLETE
                  Reduce Output Operator
                    key expressions: _col0 (type: string), _col1 (type: string), _col2 (type: string)
                    sort order: +++
                    Statistics: Num rows: 4815969644 Data size: 2244241854104 Basic stats: COMPLETE Column stats: COMPLETE
                    TopN Hash Memory Usage: 0.1
                    value expressions: _col3 (type: bigint), _col4 (type: double), _col5 (type: double), _col6 (type: double), _col7 (type: bigint), _col8 (type: double), _col9 (type: double), _col10 (type: double), _col11 (type: bigint), _col12 (type: double), _col13 (type: double)
        Reducer 5 
            Execution mode: vectorized
            Reduce Operator Tree:
              Select Operator
                expressions: KEY.reducesinkkey0 (type: string), KEY.reducesinkkey1 (type: string), KEY.reducesinkkey2 (type: string), VALUE._col0 (type: bigint), VALUE._col1 (type: double), VALUE._col2 (type: double), VALUE._col3 (type: double), VALUE._col4 (type: bigint), VALUE._col5 (type: double), VALUE._col6 (type: double), VALUE._col7 (type: double), VALUE._col8 (type: bigint), VALUE._col9 (type: double), VALUE._col10 (type: double), VALUE._col10 (type: double)
                outputColumnNames: _col0, _col1, _col2, _col3, _col4, _col5, _col6, _col7, _col8, _col9, _col10, _col11, _col12, _col13, _col14
                Statistics: Num rows: 4815969644 Data size: 2244241854104 Basic stats: COMPLETE Column stats: COMPLETE
                Limit
                  Number of rows: 100
                  Statistics: Num rows: 100 Data size: 46600 Basic stats: COMPLETE Column stats: COMPLETE
                  File Output Operator
                    compressed: false
                    Statistics: Num rows: 100 Data size: 46600 Basic stats: COMPLETE Column stats: COMPLETE
                    table:
                        input format: org.apache.hadoop.mapred.SequenceFileInputFormat
                        output format: org.apache.hadoop.hive.ql.io.HiveSequenceFileOutputFormat
                        serde: org.apache.hadoop.hive.serde2.lazy.LazySimpleSerDe
        Reducer 9 
            Reduce Operator Tree:
              Join Operator
                condition map:
                     Inner Join 0 to 1
                keys:
                  0 _col2 (type: int), _col1 (type: int)
                  1 _col1 (type: int), _col2 (type: int)
                outputColumnNames: _col3, _col7, _col8, _col9, _col10
                Statistics: Num rows: 540026342 Data size: 10779803388 Basic stats: COMPLETE Column stats: COMPLETE
                Reduce Output Operator
                  key expressions: _col7 (type: int), _col8 (type: int), _col9 (type: int)
                  sort order: +++
                  Map-reduce partition columns: _col7 (type: int), _col8 (type: int), _col9 (type: int)
                  Statistics: Num rows: 540026342 Data size: 10779803388 Basic stats: COMPLETE Column stats: COMPLETE
                  value expressions: _col3 (type: int), _col10 (type: int)

  Stage: Stage-0
    Fetch Operator
      limit: 100
      Processor Tree:
        ListSink

