Warning: Map Join MAPJOIN[104][bigTable=?] in task 'Stage-1:MAPRED' is a cross product
PREHOOK: query: explain
with ssales as
(select c_last_name
      ,c_first_name
      ,s_store_name
      ,ca_state
      ,s_state
      ,i_color
      ,i_current_price
      ,i_manager_id
      ,i_units
      ,i_size
      ,sum(ss_sales_price) netpaid
from store_sales
    ,store_returns
    ,store
    ,item
    ,customer
    ,customer_address
where ss_ticket_number = sr_ticket_number
  and ss_item_sk = sr_item_sk
  and ss_customer_sk = c_customer_sk
  and ss_item_sk = i_item_sk
  and ss_store_sk = s_store_sk
  and c_birth_country = upper(ca_country)
  and s_zip = ca_zip
and s_market_id=7
group by c_last_name
        ,c_first_name
        ,s_store_name
        ,ca_state
        ,s_state
        ,i_color
        ,i_current_price
        ,i_manager_id
        ,i_units
        ,i_size)
select c_last_name
      ,c_first_name
      ,s_store_name
      ,sum(netpaid) paid
from ssales
where i_color = 'orchid'
group by c_last_name
        ,c_first_name
        ,s_store_name
having sum(netpaid) > (select 0.05*avg(netpaid)
                                 from ssales)
PREHOOK: type: QUERY
POSTHOOK: query: explain
with ssales as
(select c_last_name
      ,c_first_name
      ,s_store_name
      ,ca_state
      ,s_state
      ,i_color
      ,i_current_price
      ,i_manager_id
      ,i_units
      ,i_size
      ,sum(ss_sales_price) netpaid
from store_sales
    ,store_returns
    ,store
    ,item
    ,customer
    ,customer_address
where ss_ticket_number = sr_ticket_number
  and ss_item_sk = sr_item_sk
  and ss_customer_sk = c_customer_sk
  and ss_item_sk = i_item_sk
  and ss_store_sk = s_store_sk
  and c_birth_country = upper(ca_country)
  and s_zip = ca_zip
and s_market_id=7
group by c_last_name
        ,c_first_name
        ,s_store_name
        ,ca_state
        ,s_state
        ,i_color
        ,i_current_price
        ,i_manager_id
        ,i_units
        ,i_size)
select c_last_name
      ,c_first_name
      ,s_store_name
      ,sum(netpaid) paid
from ssales
where i_color = 'orchid'
group by c_last_name
        ,c_first_name
        ,s_store_name
having sum(netpaid) > (select 0.05*avg(netpaid)
                                 from ssales)
POSTHOOK: type: QUERY
STAGE DEPENDENCIES:
  Stage-3 is a root stage
  Stage-2 depends on stages: Stage-3
  Stage-4 depends on stages: Stage-2
  Stage-1 depends on stages: Stage-4
  Stage-0 depends on stages: Stage-1

STAGE PLANS:
  Stage: Stage-3
    Spark
#### A masked pattern was here ####
      Vertices:
        Map 18 
            Map Operator Tree:
                TableScan
                  alias: store
                  filterExpr: ((s_market_id = 7) and s_store_sk is not null and s_zip is not null) (type: boolean)
                  Statistics: Num rows: 1704 Data size: 461728 Basic stats: COMPLETE Column stats: COMPLETE
                  Filter Operator
                    predicate: ((s_market_id = 7) and s_store_sk is not null and s_zip is not null) (type: boolean)
                    Statistics: Num rows: 155 Data size: 42005 Basic stats: COMPLETE Column stats: COMPLETE
                    Select Operator
                      expressions: s_store_sk (type: int), s_store_name (type: string), s_state (type: string), s_zip (type: string)
                      outputColumnNames: _col0, _col1, _col3, _col4
                      Statistics: Num rows: 155 Data size: 42005 Basic stats: COMPLETE Column stats: COMPLETE
                      Spark HashTable Sink Operator
                        keys:
                          0 _col2 (type: int)
                          1 _col0 (type: int)
            Execution mode: vectorized
            Local Work:
              Map Reduce Local Work

  Stage: Stage-2
    Spark
      Edges:
        Reducer 12 <- Map 11 (PARTITION-LEVEL SORT, 1009), Map 19 (PARTITION-LEVEL SORT, 1009)
        Reducer 13 <- Map 20 (PARTITION-LEVEL SORT, 1009), Reducer 12 (PARTITION-LEVEL SORT, 1009)
        Reducer 14 <- Map 21 (PARTITION-LEVEL SORT, 1009), Reducer 13 (PARTITION-LEVEL SORT, 1009)
        Reducer 15 <- Map 22 (PARTITION-LEVEL SORT, 1009), Reducer 14 (PARTITION-LEVEL SORT, 1009)
        Reducer 16 <- Reducer 15 (GROUP, 1009)
        Reducer 17 <- Reducer 16 (GROUP, 1)
#### A masked pattern was here ####
      Vertices:
        Map 11 
            Map Operator Tree:
                TableScan
                  alias: store_sales
                  filterExpr: (ss_ticket_number is not null and ss_item_sk is not null and ss_store_sk is not null and ss_customer_sk is not null) (type: boolean)
                  Statistics: Num rows: 575995635 Data size: 70617009244 Basic stats: COMPLETE Column stats: COMPLETE
                  Filter Operator
                    predicate: (ss_customer_sk is not null and ss_item_sk is not null and ss_store_sk is not null and ss_ticket_number is not null) (type: boolean)
                    Statistics: Num rows: 525333486 Data size: 64405834696 Basic stats: COMPLETE Column stats: COMPLETE
                    Select Operator
                      expressions: ss_item_sk (type: int), ss_customer_sk (type: int), ss_store_sk (type: int), ss_ticket_number (type: int), ss_sales_price (type: decimal(7,2))
                      outputColumnNames: _col0, _col1, _col2, _col3, _col4
                      Statistics: Num rows: 525333486 Data size: 64405834696 Basic stats: COMPLETE Column stats: COMPLETE
                      Map Join Operator
                        condition map:
                             Inner Join 0 to 1
                        keys:
                          0 _col2 (type: int)
                          1 _col0 (type: int)
                        outputColumnNames: _col0, _col1, _col3, _col4, _col6, _col8, _col9
                        input vertices:
                          1 Map 18
                        Statistics: Num rows: 385681992 Data size: 146516613484 Basic stats: COMPLETE Column stats: COMPLETE
                        Reduce Output Operator
                          key expressions: _col1 (type: int)
                          sort order: +
                          Map-reduce partition columns: _col1 (type: int)
                          Statistics: Num rows: 385681992 Data size: 146516613484 Basic stats: COMPLETE Column stats: COMPLETE
                          value expressions: _col0 (type: int), _col3 (type: int), _col4 (type: decimal(7,2)), _col6 (type: string), _col8 (type: string), _col9 (type: string)
            Execution mode: vectorized
            Local Work:
              Map Reduce Local Work
        Map 19 
            Map Operator Tree:
                TableScan
                  alias: customer
                  filterExpr: (c_customer_sk is not null and c_birth_country is not null) (type: boolean)
                  Statistics: Num rows: 80000000 Data size: 22080000000 Basic stats: COMPLETE Column stats: COMPLETE
                  Filter Operator
                    predicate: (c_birth_country is not null and c_customer_sk is not null) (type: boolean)
                    Statistics: Num rows: 80000000 Data size: 22080000000 Basic stats: COMPLETE Column stats: COMPLETE
                    Select Operator
                      expressions: c_customer_sk (type: int), c_first_name (type: string), c_last_name (type: string), c_birth_country (type: string)
                      outputColumnNames: _col0, _col1, _col2, _col3
                      Statistics: Num rows: 80000000 Data size: 22080000000 Basic stats: COMPLETE Column stats: COMPLETE
                      Reduce Output Operator
                        key expressions: _col0 (type: int)
                        sort order: +
                        Map-reduce partition columns: _col0 (type: int)
                        Statistics: Num rows: 80000000 Data size: 22080000000 Basic stats: COMPLETE Column stats: COMPLETE
                        value expressions: _col1 (type: string), _col2 (type: string), _col3 (type: string)
            Execution mode: vectorized
        Map 20 
            Map Operator Tree:
                TableScan
                  alias: item
                  filterExpr: i_item_sk is not null (type: boolean)
                  Statistics: Num rows: 462000 Data size: 177734916 Basic stats: COMPLETE Column stats: COMPLETE
                  Filter Operator
                    predicate: i_item_sk is not null (type: boolean)
                    Statistics: Num rows: 462000 Data size: 177734916 Basic stats: COMPLETE Column stats: COMPLETE
                    Select Operator
                      expressions: i_item_sk (type: int), i_current_price (type: decimal(7,2)), i_size (type: string), i_color (type: string), i_units (type: string), i_manager_id (type: int)
                      outputColumnNames: _col0, _col1, _col2, _col3, _col4, _col5
                      Statistics: Num rows: 462000 Data size: 177734916 Basic stats: COMPLETE Column stats: COMPLETE
                      Reduce Output Operator
                        key expressions: _col0 (type: int)
                        sort order: +
                        Map-reduce partition columns: _col0 (type: int)
                        Statistics: Num rows: 462000 Data size: 177734916 Basic stats: COMPLETE Column stats: COMPLETE
                        value expressions: _col1 (type: decimal(7,2)), _col2 (type: string), _col3 (type: string), _col4 (type: string), _col5 (type: int)
            Execution mode: vectorized
        Map 21 
            Map Operator Tree:
                TableScan
                  alias: store_returns
                  filterExpr: (sr_ticket_number is not null and sr_item_sk is not null) (type: boolean)
                  Statistics: Num rows: 57591150 Data size: 460729200 Basic stats: COMPLETE Column stats: COMPLETE
                  Filter Operator
                    predicate: (sr_item_sk is not null and sr_ticket_number is not null) (type: boolean)
                    Statistics: Num rows: 57591150 Data size: 460729200 Basic stats: COMPLETE Column stats: COMPLETE
                    Select Operator
                      expressions: sr_item_sk (type: int), sr_ticket_number (type: int)
                      outputColumnNames: _col0, _col1
                      Statistics: Num rows: 57591150 Data size: 460729200 Basic stats: COMPLETE Column stats: COMPLETE
                      Reduce Output Operator
                        key expressions: _col0 (type: int), _col1 (type: int)
                        sort order: ++
                        Map-reduce partition columns: _col0 (type: int), _col1 (type: int)
                        Statistics: Num rows: 57591150 Data size: 460729200 Basic stats: COMPLETE Column stats: COMPLETE
            Execution mode: vectorized
        Map 22 
            Map Operator Tree:
                TableScan
                  alias: customer_address
                  filterExpr: (upper(ca_country) is not null and ca_zip is not null) (type: boolean)
                  Statistics: Num rows: 40000000 Data size: 10880000000 Basic stats: COMPLETE Column stats: COMPLETE
                  Filter Operator
                    predicate: (ca_zip is not null and upper(ca_country) is not null) (type: boolean)
                    Statistics: Num rows: 40000000 Data size: 10880000000 Basic stats: COMPLETE Column stats: COMPLETE
                    Select Operator
                      expressions: ca_state (type: string), ca_zip (type: string), ca_country (type: string)
                      outputColumnNames: _col0, _col1, _col2
                      Statistics: Num rows: 40000000 Data size: 10880000000 Basic stats: COMPLETE Column stats: COMPLETE
                      Reduce Output Operator
                        key expressions: _col1 (type: string), upper(_col2) (type: string)
                        sort order: ++
                        Map-reduce partition columns: _col1 (type: string), upper(_col2) (type: string)
                        Statistics: Num rows: 40000000 Data size: 10880000000 Basic stats: COMPLETE Column stats: COMPLETE
                        value expressions: _col0 (type: string)
            Execution mode: vectorized
        Reducer 12 
            Reduce Operator Tree:
              Join Operator
                condition map:
                     Inner Join 0 to 1
                keys:
                  0 _col1 (type: int)
                  1 _col0 (type: int)
                outputColumnNames: _col0, _col3, _col4, _col6, _col8, _col9, _col11, _col12, _col13
                Statistics: Num rows: 385681992 Data size: 249973931016 Basic stats: COMPLETE Column stats: COMPLETE
                Reduce Output Operator
                  key expressions: _col0 (type: int)
                  sort order: +
                  Map-reduce partition columns: _col0 (type: int)
                  Statistics: Num rows: 385681992 Data size: 249973931016 Basic stats: COMPLETE Column stats: COMPLETE
                  value expressions: _col3 (type: int), _col4 (type: decimal(7,2)), _col6 (type: string), _col8 (type: string), _col9 (type: string), _col11 (type: string), _col12 (type: string), _col13 (type: string)
        Reducer 13 
            Reduce Operator Tree:
              Join Operator
                condition map:
                     Inner Join 0 to 1
                keys:
                  0 _col0 (type: int)
                  1 _col0 (type: int)
                outputColumnNames: _col0, _col3, _col4, _col6, _col8, _col9, _col11, _col12, _col13, _col15, _col16, _col17, _col18, _col19
                Statistics: Num rows: 385681992 Data size: 396918634884 Basic stats: COMPLETE Column stats: COMPLETE
                Reduce Output Operator
                  key expressions: _col0 (type: int), _col3 (type: int)
                  sort order: ++
                  Map-reduce partition columns: _col0 (type: int), _col3 (type: int)
                  Statistics: Num rows: 385681992 Data size: 396918634884 Basic stats: COMPLETE Column stats: COMPLETE
                  value expressions: _col4 (type: decimal(7,2)), _col6 (type: string), _col8 (type: string), _col9 (type: string), _col11 (type: string), _col12 (type: string), _col13 (type: string), _col15 (type: decimal(7,2)), _col16 (type: string), _col17 (type: string), _col18 (type: string), _col19 (type: int)
        Reducer 14 
            Reduce Operator Tree:
              Join Operator
                condition map:
                     Inner Join 0 to 1
                keys:
                  0 _col0 (type: int), _col3 (type: int)
                  1 _col0 (type: int), _col1 (type: int)
                outputColumnNames: _col4, _col6, _col8, _col9, _col11, _col12, _col13, _col15, _col16, _col17, _col18, _col19
                Statistics: Num rows: 537799796 Data size: 550210281460 Basic stats: COMPLETE Column stats: COMPLETE
                Reduce Output Operator
                  key expressions: _col9 (type: string), _col13 (type: string)
                  sort order: ++
                  Map-reduce partition columns: _col9 (type: string), _col13 (type: string)
                  Statistics: Num rows: 537799796 Data size: 550210281460 Basic stats: COMPLETE Column stats: COMPLETE
                  value expressions: _col4 (type: decimal(7,2)), _col6 (type: string), _col8 (type: string), _col11 (type: string), _col12 (type: string), _col15 (type: decimal(7,2)), _col16 (type: string), _col17 (type: string), _col18 (type: string), _col19 (type: int)
        Reducer 15 
            Reduce Operator Tree:
              Join Operator
                condition map:
                     Inner Join 0 to 1
                keys:
                  0 _col9 (type: string), _col13 (type: string)
                  1 _col1 (type: string), upper(_col2) (type: string)
                outputColumnNames: _col4, _col6, _col8, _col11, _col12, _col15, _col16, _col17, _col18, _col19, _col22
                Statistics: Num rows: 2121289008973 Data size: 1979159997462981 Basic stats: COMPLETE Column stats: COMPLETE
                Group By Operator
                  aggregations: sum(_col4)
                  keys: _col11 (type: string), _col12 (type: string), _col6 (type: string), _col8 (type: string), _col15 (type: decimal(7,2)), _col16 (type: string), _col17 (type: string), _col18 (type: string), _col19 (type: int), _col22 (type: string)
                  mode: hash
                  outputColumnNames: _col0, _col1, _col2, _col3, _col4, _col5, _col6, _col7, _col8, _col9, _col10
                  Statistics: Num rows: 2121289008973 Data size: 1979162645236725 Basic stats: COMPLETE Column stats: COMPLETE
                  Reduce Output Operator
                    key expressions: _col0 (type: string), _col1 (type: string), _col2 (type: string), _col3 (type: string), _col4 (type: decimal(7,2)), _col5 (type: string), _col6 (type: string), _col7 (type: string), _col8 (type: int), _col9 (type: string)
                    sort order: ++++++++++
                    Map-reduce partition columns: _col0 (type: string), _col1 (type: string), _col2 (type: string), _col3 (type: string), _col4 (type: decimal(7,2)), _col5 (type: string), _col6 (type: string), _col7 (type: string), _col8 (type: int), _col9 (type: string)
                    Statistics: Num rows: 2121289008973 Data size: 1979162645236725 Basic stats: COMPLETE Column stats: COMPLETE
                    value expressions: _col10 (type: decimal(17,2))
        Reducer 16 
            Execution mode: vectorized
            Reduce Operator Tree:
              Group By Operator
                aggregations: sum(VALUE._col0)
                keys: KEY._col0 (type: string), KEY._col1 (type: string), KEY._col2 (type: string), KEY._col3 (type: string), KEY._col4 (type: decimal(7,2)), KEY._col5 (type: string), KEY._col6 (type: string), KEY._col7 (type: string), KEY._col8 (type: int), KEY._col9 (type: string)
                mode: mergepartial
                outputColumnNames: _col0, _col1, _col2, _col3, _col4, _col5, _col6, _col7, _col8, _col9, _col10
                Statistics: Num rows: 2121289008973 Data size: 1979162645236725 Basic stats: COMPLETE Column stats: COMPLETE
                Select Operator
                  expressions: _col10 (type: decimal(17,2))
                  outputColumnNames: _col10
                  Statistics: Num rows: 2121289008973 Data size: 1979162645236725 Basic stats: COMPLETE Column stats: COMPLETE
                  Group By Operator
                    aggregations: sum(_col10), count(_col10)
                    mode: hash
                    outputColumnNames: _col0, _col1
                    Statistics: Num rows: 1 Data size: 120 Basic stats: COMPLETE Column stats: COMPLETE
                    Reduce Output Operator
                      sort order: 
                      Statistics: Num rows: 1 Data size: 120 Basic stats: COMPLETE Column stats: COMPLETE
                      value expressions: _col0 (type: decimal(27,2)), _col1 (type: bigint)
        Reducer 17 
            Execution mode: vectorized
            Local Work:
              Map Reduce Local Work
            Reduce Operator Tree:
              Group By Operator
                aggregations: sum(VALUE._col0), count(VALUE._col1)
                mode: mergepartial
                outputColumnNames: _col0, _col1
                Statistics: Num rows: 1 Data size: 120 Basic stats: COMPLETE Column stats: COMPLETE
                Select Operator
                  expressions: (0.05 * (_col0 / _col1)) (type: decimal(38,12))
                  outputColumnNames: _col0
                  Statistics: Num rows: 1 Data size: 112 Basic stats: COMPLETE Column stats: COMPLETE
                  Spark HashTable Sink Operator
                    keys:
                      0 
                      1 

  Stage: Stage-4
    Spark
#### A masked pattern was here ####
      Vertices:
        Map 6 
            Map Operator Tree:
                TableScan
                  alias: item
                  filterExpr: ((i_color = 'orchid') and i_item_sk is not null) (type: boolean)
                  Statistics: Num rows: 462000 Data size: 177734916 Basic stats: COMPLETE Column stats: COMPLETE
                  Filter Operator
                    predicate: ((i_color = 'orchid') and i_item_sk is not null) (type: boolean)
                    Statistics: Num rows: 7000 Data size: 2693032 Basic stats: COMPLETE Column stats: COMPLETE
                    Select Operator
                      expressions: i_item_sk (type: int), i_current_price (type: decimal(7,2)), i_size (type: string), i_units (type: string), i_manager_id (type: int)
                      outputColumnNames: _col0, _col1, _col2, _col4, _col5
                      Statistics: Num rows: 7000 Data size: 2700032 Basic stats: COMPLETE Column stats: COMPLETE
                      Spark HashTable Sink Operator
                        keys:
                          0 _col0 (type: int)
                          1 _col0 (type: int)
            Execution mode: vectorized
            Local Work:
              Map Reduce Local Work
        Map 7 
            Map Operator Tree:
                TableScan
                  alias: store
                  filterExpr: ((s_market_id = 7) and s_store_sk is not null and s_zip is not null) (type: boolean)
                  Statistics: Num rows: 1704 Data size: 461728 Basic stats: COMPLETE Column stats: COMPLETE
                  Filter Operator
                    predicate: ((s_market_id = 7) and s_store_sk is not null and s_zip is not null) (type: boolean)
                    Statistics: Num rows: 155 Data size: 42005 Basic stats: COMPLETE Column stats: COMPLETE
                    Select Operator
                      expressions: s_store_sk (type: int), s_store_name (type: string), s_state (type: string), s_zip (type: string)
                      outputColumnNames: _col0, _col1, _col3, _col4
                      Statistics: Num rows: 155 Data size: 42005 Basic stats: COMPLETE Column stats: COMPLETE
                      Spark HashTable Sink Operator
                        keys:
                          0 _col2 (type: int)
                          1 _col0 (type: int)
            Execution mode: vectorized
            Local Work:
              Map Reduce Local Work

  Stage: Stage-1
    Spark
      Edges:
        Reducer 2 <- Map 1 (PARTITION-LEVEL SORT, 450), Map 8 (PARTITION-LEVEL SORT, 450)
        Reducer 3 <- Map 9 (PARTITION-LEVEL SORT, 400), Reducer 2 (PARTITION-LEVEL SORT, 400)
        Reducer 4 <- Map 10 (PARTITION-LEVEL SORT, 745), Reducer 3 (PARTITION-LEVEL SORT, 745)
        Reducer 5 <- Reducer 4 (GROUP PARTITION-LEVEL SORT, 1009)
#### A masked pattern was here ####
      Vertices:
        Map 1 
            Map Operator Tree:
                TableScan
                  alias: store_sales
                  filterExpr: (ss_ticket_number is not null and ss_item_sk is not null and ss_store_sk is not null and ss_customer_sk is not null) (type: boolean)
                  Statistics: Num rows: 575995635 Data size: 70617009244 Basic stats: COMPLETE Column stats: COMPLETE
                  Filter Operator
                    predicate: (ss_customer_sk is not null and ss_item_sk is not null and ss_store_sk is not null and ss_ticket_number is not null) (type: boolean)
                    Statistics: Num rows: 525333486 Data size: 64405834696 Basic stats: COMPLETE Column stats: COMPLETE
                    Select Operator
                      expressions: ss_item_sk (type: int), ss_customer_sk (type: int), ss_store_sk (type: int), ss_ticket_number (type: int), ss_sales_price (type: decimal(7,2))
                      outputColumnNames: _col0, _col1, _col2, _col3, _col4
                      Statistics: Num rows: 525333486 Data size: 64405834696 Basic stats: COMPLETE Column stats: COMPLETE
                      Map Join Operator
                        condition map:
                             Inner Join 0 to 1
                        keys:
                          0 _col0 (type: int)
                          1 _col0 (type: int)
                        outputColumnNames: _col0, _col1, _col2, _col3, _col4, _col6, _col7, _col9, _col10
                        input vertices:
                          1 Map 6
                        Statistics: Num rows: 76612563 Data size: 29340422980 Basic stats: COMPLETE Column stats: COMPLETE
                        Map Join Operator
                          condition map:
                               Inner Join 0 to 1
                          keys:
                            0 _col2 (type: int)
                            1 _col0 (type: int)
                          outputColumnNames: _col0, _col1, _col3, _col4, _col6, _col7, _col9, _col10, _col12, _col14, _col15
                          input vertices:
                            1 Map 7
                          Statistics: Num rows: 56246341 Data size: 35448946151 Basic stats: COMPLETE Column stats: COMPLETE
                          Reduce Output Operator
                            key expressions: _col1 (type: int)
                            sort order: +
                            Map-reduce partition columns: _col1 (type: int)
                            Statistics: Num rows: 56246341 Data size: 35448946151 Basic stats: COMPLETE Column stats: COMPLETE
                            value expressions: _col0 (type: int), _col3 (type: int), _col4 (type: decimal(7,2)), _col6 (type: decimal(7,2)), _col7 (type: string), _col9 (type: string), _col10 (type: int), _col12 (type: string), _col14 (type: string), _col15 (type: string)
            Execution mode: vectorized
            Local Work:
              Map Reduce Local Work
        Map 10 
            Map Operator Tree:
                TableScan
                  alias: customer_address
                  filterExpr: (upper(ca_country) is not null and ca_zip is not null) (type: boolean)
                  Statistics: Num rows: 40000000 Data size: 10880000000 Basic stats: COMPLETE Column stats: COMPLETE
                  Filter Operator
                    predicate: (ca_zip is not null and upper(ca_country) is not null) (type: boolean)
                    Statistics: Num rows: 40000000 Data size: 10880000000 Basic stats: COMPLETE Column stats: COMPLETE
                    Select Operator
                      expressions: ca_state (type: string), ca_zip (type: string), ca_country (type: string)
                      outputColumnNames: _col0, _col1, _col2
                      Statistics: Num rows: 40000000 Data size: 10880000000 Basic stats: COMPLETE Column stats: COMPLETE
                      Reduce Output Operator
                        key expressions: _col1 (type: string), upper(_col2) (type: string)
                        sort order: ++
                        Map-reduce partition columns: _col1 (type: string), upper(_col2) (type: string)
                        Statistics: Num rows: 40000000 Data size: 10880000000 Basic stats: COMPLETE Column stats: COMPLETE
                        value expressions: _col0 (type: string)
            Execution mode: vectorized
        Map 8 
            Map Operator Tree:
                TableScan
                  alias: customer
                  filterExpr: (c_customer_sk is not null and c_birth_country is not null) (type: boolean)
                  Statistics: Num rows: 80000000 Data size: 22080000000 Basic stats: COMPLETE Column stats: COMPLETE
                  Filter Operator
                    predicate: (c_birth_country is not null and c_customer_sk is not null) (type: boolean)
                    Statistics: Num rows: 80000000 Data size: 22080000000 Basic stats: COMPLETE Column stats: COMPLETE
                    Select Operator
                      expressions: c_customer_sk (type: int), c_first_name (type: string), c_last_name (type: string), c_birth_country (type: string)
                      outputColumnNames: _col0, _col1, _col2, _col3
                      Statistics: Num rows: 80000000 Data size: 22080000000 Basic stats: COMPLETE Column stats: COMPLETE
                      Reduce Output Operator
                        key expressions: _col0 (type: int)
                        sort order: +
                        Map-reduce partition columns: _col0 (type: int)
                        Statistics: Num rows: 80000000 Data size: 22080000000 Basic stats: COMPLETE Column stats: COMPLETE
                        value expressions: _col1 (type: string), _col2 (type: string), _col3 (type: string)
            Execution mode: vectorized
        Map 9 
            Map Operator Tree:
                TableScan
                  alias: store_returns
                  filterExpr: (sr_ticket_number is not null and sr_item_sk is not null) (type: boolean)
                  Statistics: Num rows: 57591150 Data size: 460729200 Basic stats: COMPLETE Column stats: COMPLETE
                  Filter Operator
                    predicate: (sr_item_sk is not null and sr_ticket_number is not null) (type: boolean)
                    Statistics: Num rows: 57591150 Data size: 460729200 Basic stats: COMPLETE Column stats: COMPLETE
                    Select Operator
                      expressions: sr_item_sk (type: int), sr_ticket_number (type: int)
                      outputColumnNames: _col0, _col1
                      Statistics: Num rows: 57591150 Data size: 460729200 Basic stats: COMPLETE Column stats: COMPLETE
                      Reduce Output Operator
                        key expressions: _col0 (type: int), _col1 (type: int)
                        sort order: ++
                        Map-reduce partition columns: _col0 (type: int), _col1 (type: int)
                        Statistics: Num rows: 57591150 Data size: 460729200 Basic stats: COMPLETE Column stats: COMPLETE
            Execution mode: vectorized
        Reducer 2 
            Reduce Operator Tree:
              Join Operator
                condition map:
                     Inner Join 0 to 1
                keys:
                  0 _col1 (type: int)
                  1 _col0 (type: int)
                outputColumnNames: _col0, _col3, _col4, _col6, _col7, _col9, _col10, _col12, _col14, _col15, _col17, _col18, _col19
                Statistics: Num rows: 56246341 Data size: 50617509215 Basic stats: COMPLETE Column stats: COMPLETE
                Reduce Output Operator
                  key expressions: _col0 (type: int), _col3 (type: int)
                  sort order: ++
                  Map-reduce partition columns: _col0 (type: int), _col3 (type: int)
                  Statistics: Num rows: 56246341 Data size: 50617509215 Basic stats: COMPLETE Column stats: COMPLETE
                  value expressions: _col4 (type: decimal(7,2)), _col6 (type: decimal(7,2)), _col7 (type: string), _col9 (type: string), _col10 (type: int), _col12 (type: string), _col14 (type: string), _col15 (type: string), _col17 (type: string), _col18 (type: string), _col19 (type: string)
        Reducer 3 
            Reduce Operator Tree:
              Join Operator
                condition map:
                     Inner Join 0 to 1
                keys:
                  0 _col0 (type: int), _col3 (type: int)
                  1 _col0 (type: int), _col1 (type: int)
                outputColumnNames: _col4, _col6, _col7, _col9, _col10, _col12, _col14, _col15, _col17, _col18, _col19
                Statistics: Num rows: 92733777 Data size: 84429240891 Basic stats: COMPLETE Column stats: COMPLETE
                Reduce Output Operator
                  key expressions: _col15 (type: string), _col19 (type: string)
                  sort order: ++
                  Map-reduce partition columns: _col15 (type: string), _col19 (type: string)
                  Statistics: Num rows: 92733777 Data size: 84429240891 Basic stats: COMPLETE Column stats: COMPLETE
                  value expressions: _col4 (type: decimal(7,2)), _col6 (type: decimal(7,2)), _col7 (type: string), _col9 (type: string), _col10 (type: int), _col12 (type: string), _col14 (type: string), _col17 (type: string), _col18 (type: string)
        Reducer 4 
            Reduce Operator Tree:
              Join Operator
                condition map:
                     Inner Join 0 to 1
                keys:
                  0 _col15 (type: string), _col19 (type: string)
                  1 _col1 (type: string), upper(_col2) (type: string)
                outputColumnNames: _col4, _col6, _col7, _col9, _col10, _col12, _col14, _col17, _col18, _col22
                Statistics: Num rows: 365777643230 Data size: 308713683110408 Basic stats: COMPLETE Column stats: COMPLETE
                Group By Operator
                  aggregations: sum(_col4)
                  keys: _col17 (type: string), _col18 (type: string), _col12 (type: string), _col22 (type: string), _col6 (type: decimal(7,2)), _col7 (type: string), _col9 (type: string), _col10 (type: int), _col14 (type: string)
                  mode: hash
                  outputColumnNames: _col0, _col1, _col2, _col3, _col4, _col5, _col6, _col7, _col8, _col9
                  Statistics: Num rows: 365777643230 Data size: 308716330884152 Basic stats: COMPLETE Column stats: COMPLETE
                  Reduce Output Operator
                    key expressions: _col0 (type: string), _col1 (type: string), _col2 (type: string), _col3 (type: string), _col4 (type: decimal(7,2)), _col5 (type: string), _col6 (type: string), _col7 (type: int), _col8 (type: string)
                    sort order: +++++++++
                    Map-reduce partition columns: _col0 (type: string), _col1 (type: string), _col2 (type: string)
                    Statistics: Num rows: 365777643230 Data size: 308716330884152 Basic stats: COMPLETE Column stats: COMPLETE
                    value expressions: _col9 (type: decimal(17,2))
        Reducer 5 
            Execution mode: vectorized
            Local Work:
              Map Reduce Local Work
            Reduce Operator Tree:
              Group By Operator
                aggregations: sum(VALUE._col0)
                keys: KEY._col0 (type: string), KEY._col1 (type: string), KEY._col2 (type: string), KEY._col3 (type: string), KEY._col4 (type: decimal(7,2)), KEY._col5 (type: string), KEY._col6 (type: string), KEY._col7 (type: int), KEY._col8 (type: string)
                mode: mergepartial
                outputColumnNames: _col0, _col1, _col2, _col3, _col4, _col5, _col6, _col7, _col8, _col9
                Statistics: Num rows: 365777643230 Data size: 308716330884152 Basic stats: COMPLETE Column stats: COMPLETE
                Select Operator
                  expressions: _col0 (type: string), _col1 (type: string), _col2 (type: string), _col9 (type: decimal(17,2))
                  outputColumnNames: _col1, _col2, _col7, _col9
                  Statistics: Num rows: 365777643230 Data size: 308716330884152 Basic stats: COMPLETE Column stats: COMPLETE
                  Group By Operator
                    aggregations: sum(_col9)
                    keys: _col1 (type: string), _col2 (type: string), _col7 (type: string)
                    mode: complete
                    outputColumnNames: _col0, _col1, _col2, _col3
                    Statistics: Num rows: 235181232 Data size: 89368868160 Basic stats: COMPLETE Column stats: COMPLETE
                    Select Operator
                      expressions: _col1 (type: string), _col0 (type: string), _col2 (type: string), _col3 (type: decimal(27,2))
                      outputColumnNames: _col0, _col1, _col2, _col3
                      Statistics: Num rows: 235181232 Data size: 89368868160 Basic stats: COMPLETE Column stats: COMPLETE
                      Map Join Operator
                        condition map:
                             Inner Join 0 to 1
                        keys:
                          0 
                          1 
                        outputColumnNames: _col0, _col1, _col2, _col3, _col4
                        input vertices:
                          1 Reducer 17
                        Statistics: Num rows: 235181232 Data size: 115709166144 Basic stats: COMPLETE Column stats: COMPLETE
                        Filter Operator
                          predicate: (_col3 > _col4) (type: boolean)
                          Statistics: Num rows: 78393744 Data size: 38569722048 Basic stats: COMPLETE Column stats: COMPLETE
                          Select Operator
                            expressions: _col0 (type: string), _col1 (type: string), _col2 (type: string), _col3 (type: decimal(27,2))
                            outputColumnNames: _col0, _col1, _col2, _col3
                            Statistics: Num rows: 78393744 Data size: 29789622720 Basic stats: COMPLETE Column stats: COMPLETE
                            File Output Operator
                              compressed: false
                              Statistics: Num rows: 78393744 Data size: 29789622720 Basic stats: COMPLETE Column stats: COMPLETE
                              table:
                                  input format: org.apache.hadoop.mapred.SequenceFileInputFormat
                                  output format: org.apache.hadoop.hive.ql.io.HiveSequenceFileOutputFormat
                                  serde: org.apache.hadoop.hive.serde2.lazy.LazySimpleSerDe

  Stage: Stage-0
    Fetch Operator
      limit: -1
      Processor Tree:
        ListSink

