PREHOOK: query: explain
with customer_total_return as
 (select wr_returning_customer_sk as ctr_customer_sk
        ,ca_state as ctr_state, 
 	sum(wr_return_amt) as ctr_total_return
 from web_returns
     ,date_dim
     ,customer_address
 where wr_returned_date_sk = d_date_sk 
   and d_year =2002
   and wr_returning_addr_sk = ca_address_sk 
 group by wr_returning_customer_sk
         ,ca_state)
  select  c_customer_id,c_salutation,c_first_name,c_last_name,c_preferred_cust_flag
       ,c_birth_day,c_birth_month,c_birth_year,c_birth_country,c_login,c_email_address
       ,c_last_review_date,ctr_total_return
 from customer_total_return ctr1
     ,customer_address
     ,customer
 where ctr1.ctr_total_return > (select avg(ctr_total_return)*1.2
 			  from customer_total_return ctr2 
                  	  where ctr1.ctr_state = ctr2.ctr_state)
       and ca_address_sk = c_current_addr_sk
       and ca_state = 'IL'
       and ctr1.ctr_customer_sk = c_customer_sk
 order by c_customer_id,c_salutation,c_first_name,c_last_name,c_preferred_cust_flag
                  ,c_birth_day,c_birth_month,c_birth_year,c_birth_country,c_login,c_email_address
                  ,c_last_review_date,ctr_total_return
limit 100
PREHOOK: type: QUERY
POSTHOOK: query: explain
with customer_total_return as
 (select wr_returning_customer_sk as ctr_customer_sk
        ,ca_state as ctr_state, 
 	sum(wr_return_amt) as ctr_total_return
 from web_returns
     ,date_dim
     ,customer_address
 where wr_returned_date_sk = d_date_sk 
   and d_year =2002
   and wr_returning_addr_sk = ca_address_sk 
 group by wr_returning_customer_sk
         ,ca_state)
  select  c_customer_id,c_salutation,c_first_name,c_last_name,c_preferred_cust_flag
       ,c_birth_day,c_birth_month,c_birth_year,c_birth_country,c_login,c_email_address
       ,c_last_review_date,ctr_total_return
 from customer_total_return ctr1
     ,customer_address
     ,customer
 where ctr1.ctr_total_return > (select avg(ctr_total_return)*1.2
 			  from customer_total_return ctr2 
                  	  where ctr1.ctr_state = ctr2.ctr_state)
       and ca_address_sk = c_current_addr_sk
       and ca_state = 'IL'
       and ctr1.ctr_customer_sk = c_customer_sk
 order by c_customer_id,c_salutation,c_first_name,c_last_name,c_preferred_cust_flag
                  ,c_birth_day,c_birth_month,c_birth_year,c_birth_country,c_login,c_email_address
                  ,c_last_review_date,ctr_total_return
limit 100
POSTHOOK: type: QUERY
STAGE DEPENDENCIES:
  Stage-3 is a root stage
  Stage-2 depends on stages: Stage-3
  Stage-4 depends on stages: Stage-2
  Stage-1 depends on stages: Stage-4
  Stage-0 depends on stages: Stage-1

STAGE PLANS:
  Stage: Stage-3
    Spark
#### A masked pattern was here ####
      Vertices:
        Map 14 
            Map Operator Tree:
                TableScan
                  alias: date_dim
                  filterExpr: ((d_year = 2002) and d_date_sk is not null) (type: boolean)
                  Statistics: Num rows: 73049 Data size: 584392 Basic stats: COMPLETE Column stats: COMPLETE
                  Filter Operator
                    predicate: ((d_year = 2002) and d_date_sk is not null) (type: boolean)
                    Statistics: Num rows: 652 Data size: 5216 Basic stats: COMPLETE Column stats: COMPLETE
                    Select Operator
                      expressions: d_date_sk (type: int)
                      outputColumnNames: _col0
                      Statistics: Num rows: 652 Data size: 5216 Basic stats: COMPLETE Column stats: COMPLETE
                      Spark HashTable Sink Operator
                        keys:
                          0 _col0 (type: int)
                          1 _col0 (type: int)
            Execution mode: vectorized
            Local Work:
              Map Reduce Local Work

  Stage: Stage-2
    Spark
      Edges:
        Reducer 12 <- Map 11 (PARTITION-LEVEL SORT, 32), Map 15 (PARTITION-LEVEL SORT, 32)
        Reducer 13 <- Reducer 12 (GROUP PARTITION-LEVEL SORT, 4)
#### A masked pattern was here ####
      Vertices:
        Map 11 
            Map Operator Tree:
                TableScan
                  alias: web_returns
                  filterExpr: (wr_returned_date_sk is not null and wr_returning_addr_sk is not null) (type: boolean)
                  Statistics: Num rows: 14398467 Data size: 1705036196 Basic stats: COMPLETE Column stats: COMPLETE
                  Filter Operator
                    predicate: (wr_returned_date_sk is not null and wr_returning_addr_sk is not null) (type: boolean)
                    Statistics: Num rows: 13130761 Data size: 1554917120 Basic stats: COMPLETE Column stats: COMPLETE
                    Select Operator
                      expressions: wr_returned_date_sk (type: int), wr_returning_customer_sk (type: int), wr_returning_addr_sk (type: int), wr_return_amt (type: decimal(7,2))
                      outputColumnNames: _col0, _col1, _col2, _col3
                      Statistics: Num rows: 13130761 Data size: 1554917120 Basic stats: COMPLETE Column stats: COMPLETE
                      Map Join Operator
                        condition map:
                             Inner Join 0 to 1
                        keys:
                          0 _col0 (type: int)
                          1 _col0 (type: int)
                        outputColumnNames: _col1, _col2, _col3
                        input vertices:
                          1 Map 14
                        Statistics: Num rows: 3923529 Data size: 399892396 Basic stats: COMPLETE Column stats: COMPLETE
                        Reduce Output Operator
                          key expressions: _col2 (type: int)
                          sort order: +
                          Map-reduce partition columns: _col2 (type: int)
                          Statistics: Num rows: 3923529 Data size: 399892396 Basic stats: COMPLETE Column stats: COMPLETE
                          value expressions: _col1 (type: int), _col3 (type: decimal(7,2))
            Execution mode: vectorized
            Local Work:
              Map Reduce Local Work
        Map 15 
            Map Operator Tree:
                TableScan
                  alias: customer_address
                  filterExpr: (ca_address_sk is not null and ca_state is not null) (type: boolean)
                  Statistics: Num rows: 40000000 Data size: 3600000000 Basic stats: COMPLETE Column stats: COMPLETE
                  Filter Operator
                    predicate: (ca_address_sk is not null and ca_state is not null) (type: boolean)
                    Statistics: Num rows: 40000000 Data size: 3600000000 Basic stats: COMPLETE Column stats: COMPLETE
                    Select Operator
                      expressions: ca_address_sk (type: int), ca_state (type: string)
                      outputColumnNames: _col0, _col1
                      Statistics: Num rows: 40000000 Data size: 3600000000 Basic stats: COMPLETE Column stats: COMPLETE
                      Reduce Output Operator
                        key expressions: _col0 (type: int)
                        sort order: +
                        Map-reduce partition columns: _col0 (type: int)
                        Statistics: Num rows: 40000000 Data size: 3600000000 Basic stats: COMPLETE Column stats: COMPLETE
                        value expressions: _col1 (type: string)
            Execution mode: vectorized
        Reducer 12 
            Reduce Operator Tree:
              Join Operator
                condition map:
                     Inner Join 0 to 1
                keys:
                  0 _col2 (type: int)
                  1 _col0 (type: int)
                outputColumnNames: _col1, _col3, _col7
                Statistics: Num rows: 3923529 Data size: 723986502 Basic stats: COMPLETE Column stats: COMPLETE
                Group By Operator
                  aggregations: sum(_col3)
                  keys: _col7 (type: string), _col1 (type: int)
                  mode: hash
                  outputColumnNames: _col0, _col1, _col2
                  Statistics: Num rows: 1961764 Data size: 395093240 Basic stats: COMPLETE Column stats: COMPLETE
                  Reduce Output Operator
                    key expressions: _col0 (type: string), _col1 (type: int)
                    sort order: ++
                    Map-reduce partition columns: _col0 (type: string)
                    Statistics: Num rows: 1961764 Data size: 395093240 Basic stats: COMPLETE Column stats: COMPLETE
                    value expressions: _col2 (type: decimal(17,2))
        Reducer 13 
            Execution mode: vectorized
            Local Work:
              Map Reduce Local Work
            Reduce Operator Tree:
              Group By Operator
                aggregations: sum(VALUE._col0)
                keys: KEY._col0 (type: string), KEY._col1 (type: int)
                mode: mergepartial
                outputColumnNames: _col0, _col1, _col2
                Statistics: Num rows: 1961764 Data size: 395093240 Basic stats: COMPLETE Column stats: COMPLETE
                Select Operator
                  expressions: _col0 (type: string), _col2 (type: decimal(17,2))
                  outputColumnNames: _col0, _col2
                  Statistics: Num rows: 1961764 Data size: 395093240 Basic stats: COMPLETE Column stats: COMPLETE
                  Group By Operator
                    aggregations: sum(_col2), count(_col2)
                    keys: _col0 (type: string)
                    mode: complete
                    outputColumnNames: _col0, _col1, _col2
                    Statistics: Num rows: 6 Data size: 1236 Basic stats: COMPLETE Column stats: COMPLETE
                    Select Operator
                      expressions: ((_col1 / _col2) * 1.2) (type: decimal(38,11)), _col0 (type: string)
                      outputColumnNames: _col0, _col1
                      Statistics: Num rows: 6 Data size: 1188 Basic stats: COMPLETE Column stats: COMPLETE
                      Spark HashTable Sink Operator
                        keys:
                          0 _col1 (type: string)
                          1 _col1 (type: string)

  Stage: Stage-4
    Spark
#### A masked pattern was here ####
      Vertices:
        Map 9 
            Map Operator Tree:
                TableScan
                  alias: date_dim
                  filterExpr: ((d_year = 2002) and d_date_sk is not null) (type: boolean)
                  Statistics: Num rows: 73049 Data size: 584392 Basic stats: COMPLETE Column stats: COMPLETE
                  Filter Operator
                    predicate: ((d_year = 2002) and d_date_sk is not null) (type: boolean)
                    Statistics: Num rows: 652 Data size: 5216 Basic stats: COMPLETE Column stats: COMPLETE
                    Select Operator
                      expressions: d_date_sk (type: int)
                      outputColumnNames: _col0
                      Statistics: Num rows: 652 Data size: 5216 Basic stats: COMPLETE Column stats: COMPLETE
                      Spark HashTable Sink Operator
                        keys:
                          0 _col0 (type: int)
                          1 _col0 (type: int)
            Execution mode: vectorized
            Local Work:
              Map Reduce Local Work

  Stage: Stage-1
    Spark
      Edges:
        Reducer 2 <- Map 1 (PARTITION-LEVEL SORT, 532), Map 5 (PARTITION-LEVEL SORT, 532)
        Reducer 3 <- Reducer 2 (PARTITION-LEVEL SORT, 12), Reducer 8 (PARTITION-LEVEL SORT, 12)
        Reducer 4 <- Reducer 3 (SORT, 1)
        Reducer 7 <- Map 10 (PARTITION-LEVEL SORT, 32), Map 6 (PARTITION-LEVEL SORT, 32)
        Reducer 8 <- Reducer 7 (GROUP, 3)
#### A masked pattern was here ####
      Vertices:
        Map 1 
            Map Operator Tree:
                TableScan
                  alias: customer
                  filterExpr: (c_current_addr_sk is not null and c_customer_sk is not null) (type: boolean)
                  Statistics: Num rows: 80000000 Data size: 67966407276 Basic stats: COMPLETE Column stats: COMPLETE
                  Filter Operator
                    predicate: (c_current_addr_sk is not null and c_customer_sk is not null) (type: boolean)
                    Statistics: Num rows: 80000000 Data size: 67966407276 Basic stats: COMPLETE Column stats: COMPLETE
                    Select Operator
                      expressions: c_customer_sk (type: int), c_customer_id (type: string), c_current_addr_sk (type: int), c_salutation (type: string), c_first_name (type: string), c_last_name (type: string), c_preferred_cust_flag (type: string), c_birth_day (type: int), c_birth_month (type: int), c_birth_year (type: int), c_birth_country (type: string), c_login (type: string), c_email_address (type: string), c_last_review_date (type: string)
                      outputColumnNames: _col0, _col1, _col2, _col3, _col4, _col5, _col6, _col7, _col8, _col9, _col10, _col11, _col12, _col13
                      Statistics: Num rows: 80000000 Data size: 67966407276 Basic stats: COMPLETE Column stats: COMPLETE
                      Reduce Output Operator
                        key expressions: _col2 (type: int)
                        sort order: +
                        Map-reduce partition columns: _col2 (type: int)
                        Statistics: Num rows: 80000000 Data size: 67966407276 Basic stats: COMPLETE Column stats: COMPLETE
                        value expressions: _col0 (type: int), _col1 (type: string), _col3 (type: string), _col4 (type: string), _col5 (type: string), _col6 (type: string), _col7 (type: int), _col8 (type: int), _col9 (type: int), _col10 (type: string), _col11 (type: string), _col12 (type: string), _col13 (type: string)
            Execution mode: vectorized
        Map 10 
            Map Operator Tree:
                TableScan
                  alias: customer_address
                  filterExpr: (ca_address_sk is not null and ca_state is not null) (type: boolean)
                  Statistics: Num rows: 40000000 Data size: 3600000000 Basic stats: COMPLETE Column stats: COMPLETE
                  Filter Operator
                    predicate: (ca_address_sk is not null and ca_state is not null) (type: boolean)
                    Statistics: Num rows: 40000000 Data size: 3600000000 Basic stats: COMPLETE Column stats: COMPLETE
                    Select Operator
                      expressions: ca_address_sk (type: int), ca_state (type: string)
                      outputColumnNames: _col0, _col1
                      Statistics: Num rows: 40000000 Data size: 3600000000 Basic stats: COMPLETE Column stats: COMPLETE
                      Reduce Output Operator
                        key expressions: _col0 (type: int)
                        sort order: +
                        Map-reduce partition columns: _col0 (type: int)
                        Statistics: Num rows: 40000000 Data size: 3600000000 Basic stats: COMPLETE Column stats: COMPLETE
                        value expressions: _col1 (type: string)
            Execution mode: vectorized
        Map 5 
            Map Operator Tree:
                TableScan
                  alias: customer_address
                  filterExpr: ((ca_state = 'IL') and ca_address_sk is not null) (type: boolean)
                  Statistics: Num rows: 40000000 Data size: 3600000000 Basic stats: COMPLETE Column stats: COMPLETE
                  Filter Operator
                    predicate: ((ca_state = 'IL') and ca_address_sk is not null) (type: boolean)
                    Statistics: Num rows: 784314 Data size: 70588260 Basic stats: COMPLETE Column stats: COMPLETE
                    Select Operator
                      expressions: ca_address_sk (type: int)
                      outputColumnNames: _col0
                      Statistics: Num rows: 784314 Data size: 70588260 Basic stats: COMPLETE Column stats: COMPLETE
                      Reduce Output Operator
                        key expressions: _col0 (type: int)
                        sort order: +
                        Map-reduce partition columns: _col0 (type: int)
                        Statistics: Num rows: 784314 Data size: 70588260 Basic stats: COMPLETE Column stats: COMPLETE
            Execution mode: vectorized
        Map 6 
            Map Operator Tree:
                TableScan
                  alias: web_returns
                  filterExpr: (wr_returned_date_sk is not null and wr_returning_addr_sk is not null and wr_returning_customer_sk is not null) (type: boolean)
                  Statistics: Num rows: 14398467 Data size: 1705036196 Basic stats: COMPLETE Column stats: COMPLETE
                  Filter Operator
                    predicate: (wr_returned_date_sk is not null and wr_returning_addr_sk is not null and wr_returning_customer_sk is not null) (type: boolean)
                    Statistics: Num rows: 12539215 Data size: 1484867476 Basic stats: COMPLETE Column stats: COMPLETE
                    Select Operator
                      expressions: wr_returned_date_sk (type: int), wr_returning_customer_sk (type: int), wr_returning_addr_sk (type: int), wr_return_amt (type: decimal(7,2))
                      outputColumnNames: _col0, _col1, _col2, _col3
                      Statistics: Num rows: 12539215 Data size: 1484867476 Basic stats: COMPLETE Column stats: COMPLETE
                      Map Join Operator
                        condition map:
                             Inner Join 0 to 1
                        keys:
                          0 _col0 (type: int)
                          1 _col0 (type: int)
                        outputColumnNames: _col1, _col2, _col3
                        input vertices:
                          1 Map 9
                        Statistics: Num rows: 3746772 Data size: 381877020 Basic stats: COMPLETE Column stats: COMPLETE
                        Reduce Output Operator
                          key expressions: _col2 (type: int)
                          sort order: +
                          Map-reduce partition columns: _col2 (type: int)
                          Statistics: Num rows: 3746772 Data size: 381877020 Basic stats: COMPLETE Column stats: COMPLETE
                          value expressions: _col1 (type: int), _col3 (type: decimal(7,2))
            Execution mode: vectorized
            Local Work:
              Map Reduce Local Work
        Reducer 2 
            Reduce Operator Tree:
              Join Operator
                condition map:
                     Inner Join 0 to 1
                keys:
                  0 _col2 (type: int)
                  1 _col0 (type: int)
                outputColumnNames: _col0, _col1, _col3, _col4, _col5, _col6, _col7, _col8, _col9, _col10, _col11, _col12, _col13
                Statistics: Num rows: 1568628 Data size: 1308235764 Basic stats: COMPLETE Column stats: COMPLETE
                Reduce Output Operator
                  key expressions: _col0 (type: int)
                  sort order: +
                  Map-reduce partition columns: _col0 (type: int)
                  Statistics: Num rows: 1568628 Data size: 1308235764 Basic stats: COMPLETE Column stats: COMPLETE
                  value expressions: _col1 (type: string), _col3 (type: string), _col4 (type: string), _col5 (type: string), _col6 (type: string), _col7 (type: int), _col8 (type: int), _col9 (type: int), _col10 (type: string), _col11 (type: string), _col12 (type: string), _col13 (type: string)
        Reducer 3 
            Reduce Operator Tree:
              Join Operator
                condition map:
                     Inner Join 0 to 1
                keys:
                  0 _col0 (type: int)
                  1 _col0 (type: int)
                outputColumnNames: _col1, _col3, _col4, _col5, _col6, _col7, _col8, _col9, _col10, _col11, _col12, _col13, _col18
                Statistics: Num rows: 601923 Data size: 567011478 Basic stats: COMPLETE Column stats: COMPLETE
                Select Operator
                  expressions: _col1 (type: string), _col3 (type: string), _col4 (type: string), _col5 (type: string), _col6 (type: string), _col7 (type: int), _col8 (type: int), _col9 (type: int), _col10 (type: string), _col11 (type: string), _col12 (type: string), _col13 (type: string), _col18 (type: decimal(17,2))
                  outputColumnNames: _col0, _col1, _col2, _col3, _col4, _col5, _col6, _col7, _col8, _col9, _col10, _col11, _col12
                  Statistics: Num rows: 601923 Data size: 567011478 Basic stats: COMPLETE Column stats: COMPLETE
                  Reduce Output Operator
                    key expressions: _col0 (type: string), _col1 (type: string), _col2 (type: string), _col3 (type: string), _col4 (type: string), _col5 (type: int), _col6 (type: int), _col7 (type: int), _col8 (type: string), _col9 (type: string), _col10 (type: string), _col11 (type: string), _col12 (type: decimal(17,2))
                    sort order: +++++++++++++
                    Statistics: Num rows: 601923 Data size: 567011478 Basic stats: COMPLETE Column stats: COMPLETE
                    TopN Hash Memory Usage: 0.1
        Reducer 4 
            Execution mode: vectorized
            Reduce Operator Tree:
              Select Operator
                expressions: KEY.reducesinkkey0 (type: string), KEY.reducesinkkey1 (type: string), KEY.reducesinkkey2 (type: string), KEY.reducesinkkey3 (type: string), KEY.reducesinkkey4 (type: string), KEY.reducesinkkey5 (type: int), KEY.reducesinkkey6 (type: int), KEY.reducesinkkey7 (type: int), KEY.reducesinkkey8 (type: string), KEY.reducesinkkey9 (type: string), KEY.reducesinkkey10 (type: string), KEY.reducesinkkey11 (type: string), KEY.reducesinkkey12 (type: decimal(17,2))
                outputColumnNames: _col0, _col1, _col2, _col3, _col4, _col5, _col6, _col7, _col8, _col9, _col10, _col11, _col12
                Statistics: Num rows: 601923 Data size: 567011478 Basic stats: COMPLETE Column stats: COMPLETE
                Limit
                  Number of rows: 100
                  Statistics: Num rows: 100 Data size: 94212 Basic stats: COMPLETE Column stats: COMPLETE
                  File Output Operator
                    compressed: false
                    Statistics: Num rows: 100 Data size: 94212 Basic stats: COMPLETE Column stats: COMPLETE
                    table:
                        input format: org.apache.hadoop.mapred.SequenceFileInputFormat
                        output format: org.apache.hadoop.hive.ql.io.HiveSequenceFileOutputFormat
                        serde: org.apache.hadoop.hive.serde2.lazy.LazySimpleSerDe
        Reducer 7 
            Reduce Operator Tree:
              Join Operator
                condition map:
                     Inner Join 0 to 1
                keys:
                  0 _col2 (type: int)
                  1 _col0 (type: int)
                outputColumnNames: _col1, _col3, _col7
                Statistics: Num rows: 3746772 Data size: 691370520 Basic stats: COMPLETE Column stats: COMPLETE
                Group By Operator
                  aggregations: sum(_col3)
                  keys: _col7 (type: string), _col1 (type: int)
                  mode: hash
                  outputColumnNames: _col0, _col1, _col2
                  Statistics: Num rows: 1873386 Data size: 377294180 Basic stats: COMPLETE Column stats: COMPLETE
                  Reduce Output Operator
                    key expressions: _col0 (type: string), _col1 (type: int)
                    sort order: ++
                    Map-reduce partition columns: _col0 (type: string), _col1 (type: int)
                    Statistics: Num rows: 1873386 Data size: 377294180 Basic stats: COMPLETE Column stats: COMPLETE
                    value expressions: _col2 (type: decimal(17,2))
        Reducer 8 
            Execution mode: vectorized
            Local Work:
              Map Reduce Local Work
            Reduce Operator Tree:
              Group By Operator
                aggregations: sum(VALUE._col0)
                keys: KEY._col0 (type: string), KEY._col1 (type: int)
                mode: mergepartial
                outputColumnNames: _col0, _col1, _col2
                Statistics: Num rows: 1841880 Data size: 370948968 Basic stats: COMPLETE Column stats: COMPLETE
                Select Operator
                  expressions: _col1 (type: int), _col0 (type: string), _col2 (type: decimal(17,2))
                  outputColumnNames: _col0, _col1, _col2
                  Statistics: Num rows: 1841880 Data size: 370948968 Basic stats: COMPLETE Column stats: COMPLETE
                  Map Join Operator
                    condition map:
                         Inner Join 0 to 1
                    keys:
                      0 _col1 (type: string)
                      1 _col1 (type: string)
                    outputColumnNames: _col0, _col2, _col3
                    input vertices:
                      1 Reducer 13
                    Statistics: Num rows: 1841880 Data size: 418837848 Basic stats: COMPLETE Column stats: COMPLETE
                    Filter Operator
                      predicate: (_col2 > _col3) (type: boolean)
                      Statistics: Num rows: 613960 Data size: 139612620 Basic stats: COMPLETE Column stats: COMPLETE
                      Select Operator
                        expressions: _col0 (type: int), _col2 (type: decimal(17,2))
                        outputColumnNames: _col0, _col2
                        Statistics: Num rows: 613960 Data size: 139612620 Basic stats: COMPLETE Column stats: COMPLETE
                        Reduce Output Operator
                          key expressions: _col0 (type: int)
                          sort order: +
                          Map-reduce partition columns: _col0 (type: int)
                          Statistics: Num rows: 613960 Data size: 139612620 Basic stats: COMPLETE Column stats: COMPLETE
                          value expressions: _col2 (type: decimal(17,2))

  Stage: Stage-0
    Fetch Operator
      limit: 100
      Processor Tree:
        ListSink

