PREHOOK: query: explain
with ss as
 (select ca_county,d_qoy, d_year,sum(ss_ext_sales_price) as store_sales
 from store_sales,date_dim,customer_address
 where ss_sold_date_sk = d_date_sk
  and ss_addr_sk=ca_address_sk
 group by ca_county,d_qoy, d_year),
 ws as
 (select ca_county,d_qoy, d_year,sum(ws_ext_sales_price) as web_sales
 from web_sales,date_dim,customer_address
 where ws_sold_date_sk = d_date_sk
  and ws_bill_addr_sk=ca_address_sk
 group by ca_county,d_qoy, d_year)
 select /* tt */
        ss1.ca_county
       ,ss1.d_year
       ,ws2.web_sales/ws1.web_sales web_q1_q2_increase
       ,ss2.store_sales/ss1.store_sales store_q1_q2_increase
       ,ws3.web_sales/ws2.web_sales web_q2_q3_increase
       ,ss3.store_sales/ss2.store_sales store_q2_q3_increase
 from
        ss ss1
       ,ss ss2
       ,ss ss3
       ,ws ws1
       ,ws ws2
       ,ws ws3
 where
    ss1.d_qoy = 1
    and ss1.d_year = 2000
    and ss1.ca_county = ss2.ca_county
    and ss2.d_qoy = 2
    and ss2.d_year = 2000
 and ss2.ca_county = ss3.ca_county
    and ss3.d_qoy = 3
    and ss3.d_year = 2000
    and ss1.ca_county = ws1.ca_county
    and ws1.d_qoy = 1
    and ws1.d_year = 2000
    and ws1.ca_county = ws2.ca_county
    and ws2.d_qoy = 2
    and ws2.d_year = 2000
    and ws1.ca_county = ws3.ca_county
    and ws3.d_qoy = 3
    and ws3.d_year =2000
    and case when ws1.web_sales > 0 then ws2.web_sales/ws1.web_sales else null end 
       > case when ss1.store_sales > 0 then ss2.store_sales/ss1.store_sales else null end
    and case when ws2.web_sales > 0 then ws3.web_sales/ws2.web_sales else null end
       > case when ss2.store_sales > 0 then ss3.store_sales/ss2.store_sales else null end
 order by ss1.d_year
PREHOOK: type: QUERY
POSTHOOK: query: explain
with ss as
 (select ca_county,d_qoy, d_year,sum(ss_ext_sales_price) as store_sales
 from store_sales,date_dim,customer_address
 where ss_sold_date_sk = d_date_sk
  and ss_addr_sk=ca_address_sk
 group by ca_county,d_qoy, d_year),
 ws as
 (select ca_county,d_qoy, d_year,sum(ws_ext_sales_price) as web_sales
 from web_sales,date_dim,customer_address
 where ws_sold_date_sk = d_date_sk
  and ws_bill_addr_sk=ca_address_sk
 group by ca_county,d_qoy, d_year)
 select /* tt */
        ss1.ca_county
       ,ss1.d_year
       ,ws2.web_sales/ws1.web_sales web_q1_q2_increase
       ,ss2.store_sales/ss1.store_sales store_q1_q2_increase
       ,ws3.web_sales/ws2.web_sales web_q2_q3_increase
       ,ss3.store_sales/ss2.store_sales store_q2_q3_increase
 from
        ss ss1
       ,ss ss2
       ,ss ss3
       ,ws ws1
       ,ws ws2
       ,ws ws3
 where
    ss1.d_qoy = 1
    and ss1.d_year = 2000
    and ss1.ca_county = ss2.ca_county
    and ss2.d_qoy = 2
    and ss2.d_year = 2000
 and ss2.ca_county = ss3.ca_county
    and ss3.d_qoy = 3
    and ss3.d_year = 2000
    and ss1.ca_county = ws1.ca_county
    and ws1.d_qoy = 1
    and ws1.d_year = 2000
    and ws1.ca_county = ws2.ca_county
    and ws2.d_qoy = 2
    and ws2.d_year = 2000
    and ws1.ca_county = ws3.ca_county
    and ws3.d_qoy = 3
    and ws3.d_year =2000
    and case when ws1.web_sales > 0 then ws2.web_sales/ws1.web_sales else null end 
       > case when ss1.store_sales > 0 then ss2.store_sales/ss1.store_sales else null end
    and case when ws2.web_sales > 0 then ws3.web_sales/ws2.web_sales else null end
       > case when ss2.store_sales > 0 then ss3.store_sales/ss2.store_sales else null end
 order by ss1.d_year
POSTHOOK: type: QUERY
STAGE DEPENDENCIES:
  Stage-3 is a root stage
  Stage-2 depends on stages: Stage-3, Stage-4, Stage-5, Stage-8
  Stage-9 depends on stages: Stage-2
  Stage-1 depends on stages: Stage-9
  Stage-4 is a root stage
  Stage-6 is a root stage
  Stage-5 depends on stages: Stage-6, Stage-7
  Stage-7 is a root stage
  Stage-8 is a root stage
  Stage-0 depends on stages: Stage-1

STAGE PLANS:
  Stage: Stage-3
    Spark
#### A masked pattern was here ####
      Vertices:
        Map 9 
            Map Operator Tree:
                TableScan
                  alias: date_dim
                  filterExpr: ((d_qoy = 1) and (d_year = 2000) and d_date_sk is not null) (type: boolean)
                  Statistics: Num rows: 73049 Data size: 876588 Basic stats: COMPLETE Column stats: COMPLETE
                  Filter Operator
                    predicate: ((d_qoy = 1) and (d_year = 2000) and d_date_sk is not null) (type: boolean)
                    Statistics: Num rows: 130 Data size: 1560 Basic stats: COMPLETE Column stats: COMPLETE
                    Select Operator
                      expressions: d_date_sk (type: int)
                      outputColumnNames: _col0
                      Statistics: Num rows: 130 Data size: 1560 Basic stats: COMPLETE Column stats: COMPLETE
                      Spark HashTable Sink Operator
                        keys:
                          0 _col0 (type: int)
                          1 _col0 (type: int)
            Execution mode: vectorized
            Local Work:
              Map Reduce Local Work

  Stage: Stage-2
    Spark
      Edges:
        Reducer 12 <- Map 11 (PARTITION-LEVEL SORT, 45), Map 15 (PARTITION-LEVEL SORT, 45)
        Reducer 13 <- Reducer 12 (GROUP, 2)
        Reducer 17 <- Map 16 (PARTITION-LEVEL SORT, 42), Map 20 (PARTITION-LEVEL SORT, 42)
        Reducer 18 <- Reducer 17 (GROUP, 2)
        Reducer 7 <- Map 10 (PARTITION-LEVEL SORT, 45), Map 6 (PARTITION-LEVEL SORT, 45)
        Reducer 8 <- Reducer 7 (GROUP, 2)
#### A masked pattern was here ####
      Vertices:
        Map 10 
            Map Operator Tree:
                TableScan
                  alias: customer_address
                  filterExpr: (ca_address_sk is not null and ca_county is not null) (type: boolean)
                  Statistics: Num rows: 40000000 Data size: 4080000000 Basic stats: COMPLETE Column stats: COMPLETE
                  Filter Operator
                    predicate: (ca_address_sk is not null and ca_county is not null) (type: boolean)
                    Statistics: Num rows: 40000000 Data size: 4080000000 Basic stats: COMPLETE Column stats: COMPLETE
                    Select Operator
                      expressions: ca_address_sk (type: int), ca_county (type: string)
                      outputColumnNames: _col0, _col1
                      Statistics: Num rows: 40000000 Data size: 4080000000 Basic stats: COMPLETE Column stats: COMPLETE
                      Reduce Output Operator
                        key expressions: _col0 (type: int)
                        sort order: +
                        Map-reduce partition columns: _col0 (type: int)
                        Statistics: Num rows: 40000000 Data size: 4080000000 Basic stats: COMPLETE Column stats: COMPLETE
                        value expressions: _col1 (type: string)
            Execution mode: vectorized
        Map 11 
            Map Operator Tree:
                TableScan
                  alias: store_sales
                  filterExpr: (ss_sold_date_sk is not null and ss_addr_sk is not null) (type: boolean)
                  Statistics: Num rows: 575995635 Data size: 66009205624 Basic stats: COMPLETE Column stats: COMPLETE
                  Filter Operator
                    predicate: (ss_addr_sk is not null and ss_sold_date_sk is not null) (type: boolean)
                    Statistics: Num rows: 525327191 Data size: 60202592680 Basic stats: COMPLETE Column stats: COMPLETE
                    Select Operator
                      expressions: ss_sold_date_sk (type: int), ss_addr_sk (type: int), ss_ext_sales_price (type: decimal(7,2))
                      outputColumnNames: _col0, _col1, _col2
                      Statistics: Num rows: 525327191 Data size: 60202592680 Basic stats: COMPLETE Column stats: COMPLETE
                      Map Join Operator
                        condition map:
                             Inner Join 0 to 1
                        keys:
                          0 _col0 (type: int)
                          1 _col0 (type: int)
                        outputColumnNames: _col1, _col2
                        input vertices:
                          1 Map 14
                        Statistics: Num rows: 37399561 Data size: 1596235092 Basic stats: COMPLETE Column stats: COMPLETE
                        Reduce Output Operator
                          key expressions: _col1 (type: int)
                          sort order: +
                          Map-reduce partition columns: _col1 (type: int)
                          Statistics: Num rows: 37399561 Data size: 1596235092 Basic stats: COMPLETE Column stats: COMPLETE
                          value expressions: _col2 (type: decimal(7,2))
            Execution mode: vectorized
            Local Work:
              Map Reduce Local Work
        Map 15 
            Map Operator Tree:
                TableScan
                  alias: customer_address
                  filterExpr: (ca_address_sk is not null and ca_county is not null) (type: boolean)
                  Statistics: Num rows: 40000000 Data size: 4080000000 Basic stats: COMPLETE Column stats: COMPLETE
                  Filter Operator
                    predicate: (ca_address_sk is not null and ca_county is not null) (type: boolean)
                    Statistics: Num rows: 40000000 Data size: 4080000000 Basic stats: COMPLETE Column stats: COMPLETE
                    Select Operator
                      expressions: ca_address_sk (type: int), ca_county (type: string)
                      outputColumnNames: _col0, _col1
                      Statistics: Num rows: 40000000 Data size: 4080000000 Basic stats: COMPLETE Column stats: COMPLETE
                      Reduce Output Operator
                        key expressions: _col0 (type: int)
                        sort order: +
                        Map-reduce partition columns: _col0 (type: int)
                        Statistics: Num rows: 40000000 Data size: 4080000000 Basic stats: COMPLETE Column stats: COMPLETE
                        value expressions: _col1 (type: string)
            Execution mode: vectorized
        Map 16 
            Map Operator Tree:
                TableScan
                  alias: web_sales
                  filterExpr: (ws_sold_date_sk is not null and ws_bill_addr_sk is not null) (type: boolean)
                  Statistics: Num rows: 144002668 Data size: 17276008716 Basic stats: COMPLETE Column stats: COMPLETE
                  Filter Operator
                    predicate: (ws_bill_addr_sk is not null and ws_sold_date_sk is not null) (type: boolean)
                    Statistics: Num rows: 143931246 Data size: 17267440236 Basic stats: COMPLETE Column stats: COMPLETE
                    Select Operator
                      expressions: ws_sold_date_sk (type: int), ws_bill_addr_sk (type: int), ws_ext_sales_price (type: decimal(7,2))
                      outputColumnNames: _col0, _col1, _col2
                      Statistics: Num rows: 143931246 Data size: 17267440236 Basic stats: COMPLETE Column stats: COMPLETE
                      Map Join Operator
                        condition map:
                             Inner Join 0 to 1
                        keys:
                          0 _col0 (type: int)
                          1 _col0 (type: int)
                        outputColumnNames: _col1, _col2
                        input vertices:
                          1 Map 19
                        Statistics: Num rows: 10246882 Data size: 1184472168 Basic stats: COMPLETE Column stats: COMPLETE
                        Reduce Output Operator
                          key expressions: _col1 (type: int)
                          sort order: +
                          Map-reduce partition columns: _col1 (type: int)
                          Statistics: Num rows: 10246882 Data size: 1184472168 Basic stats: COMPLETE Column stats: COMPLETE
                          value expressions: _col2 (type: decimal(7,2))
            Execution mode: vectorized
            Local Work:
              Map Reduce Local Work
        Map 20 
            Map Operator Tree:
                TableScan
                  alias: customer_address
                  filterExpr: (ca_address_sk is not null and ca_county is not null) (type: boolean)
                  Statistics: Num rows: 40000000 Data size: 4080000000 Basic stats: COMPLETE Column stats: COMPLETE
                  Filter Operator
                    predicate: (ca_address_sk is not null and ca_county is not null) (type: boolean)
                    Statistics: Num rows: 40000000 Data size: 4080000000 Basic stats: COMPLETE Column stats: COMPLETE
                    Select Operator
                      expressions: ca_address_sk (type: int), ca_county (type: string)
                      outputColumnNames: _col0, _col1
                      Statistics: Num rows: 40000000 Data size: 4080000000 Basic stats: COMPLETE Column stats: COMPLETE
                      Reduce Output Operator
                        key expressions: _col0 (type: int)
                        sort order: +
                        Map-reduce partition columns: _col0 (type: int)
                        Statistics: Num rows: 40000000 Data size: 4080000000 Basic stats: COMPLETE Column stats: COMPLETE
                        value expressions: _col1 (type: string)
            Execution mode: vectorized
        Map 6 
            Map Operator Tree:
                TableScan
                  alias: store_sales
                  filterExpr: (ss_sold_date_sk is not null and ss_addr_sk is not null) (type: boolean)
                  Statistics: Num rows: 575995635 Data size: 66009205624 Basic stats: COMPLETE Column stats: COMPLETE
                  Filter Operator
                    predicate: (ss_addr_sk is not null and ss_sold_date_sk is not null) (type: boolean)
                    Statistics: Num rows: 525327191 Data size: 60202592680 Basic stats: COMPLETE Column stats: COMPLETE
                    Select Operator
                      expressions: ss_sold_date_sk (type: int), ss_addr_sk (type: int), ss_ext_sales_price (type: decimal(7,2))
                      outputColumnNames: _col0, _col1, _col2
                      Statistics: Num rows: 525327191 Data size: 60202592680 Basic stats: COMPLETE Column stats: COMPLETE
                      Map Join Operator
                        condition map:
                             Inner Join 0 to 1
                        keys:
                          0 _col0 (type: int)
                          1 _col0 (type: int)
                        outputColumnNames: _col1, _col2
                        input vertices:
                          1 Map 9
                        Statistics: Num rows: 37399561 Data size: 1596235092 Basic stats: COMPLETE Column stats: COMPLETE
                        Reduce Output Operator
                          key expressions: _col1 (type: int)
                          sort order: +
                          Map-reduce partition columns: _col1 (type: int)
                          Statistics: Num rows: 37399561 Data size: 1596235092 Basic stats: COMPLETE Column stats: COMPLETE
                          value expressions: _col2 (type: decimal(7,2))
            Execution mode: vectorized
            Local Work:
              Map Reduce Local Work
        Reducer 12 
            Reduce Operator Tree:
              Join Operator
                condition map:
                     Inner Join 0 to 1
                keys:
                  0 _col1 (type: int)
                  1 _col0 (type: int)
                outputColumnNames: _col2, _col7
                Statistics: Num rows: 37399561 Data size: 5206337122 Basic stats: COMPLETE Column stats: COMPLETE
                Group By Operator
                  aggregations: sum(_col2)
                  keys: _col7 (type: string)
                  mode: hash
                  outputColumnNames: _col0, _col1
                  Statistics: Num rows: 33705 Data size: 7078050 Basic stats: COMPLETE Column stats: COMPLETE
                  Reduce Output Operator
                    key expressions: _col0 (type: string)
                    sort order: +
                    Map-reduce partition columns: _col0 (type: string)
                    Statistics: Num rows: 33705 Data size: 7078050 Basic stats: COMPLETE Column stats: COMPLETE
                    value expressions: _col1 (type: decimal(17,2))
        Reducer 13 
            Execution mode: vectorized
            Local Work:
              Map Reduce Local Work
            Reduce Operator Tree:
              Group By Operator
                aggregations: sum(VALUE._col0)
                keys: KEY._col0 (type: string)
                mode: mergepartial
                outputColumnNames: _col0, _col1
                Statistics: Num rows: 1605 Data size: 337050 Basic stats: COMPLETE Column stats: COMPLETE
                Spark HashTable Sink Operator
                  keys:
                    0 _col0 (type: string)
                    1 _col0 (type: string)
                    2 _col0 (type: string)
                    3 _col0 (type: string)
        Reducer 17 
            Reduce Operator Tree:
              Join Operator
                condition map:
                     Inner Join 0 to 1
                keys:
                  0 _col1 (type: int)
                  1 _col0 (type: int)
                outputColumnNames: _col2, _col7
                Statistics: Num rows: 10246882 Data size: 2147821508 Basic stats: COMPLETE Column stats: COMPLETE
                Group By Operator
                  aggregations: sum(_col2)
                  keys: _col7 (type: string)
                  mode: hash
                  outputColumnNames: _col0, _col1
                  Statistics: Num rows: 3960 Data size: 831600 Basic stats: COMPLETE Column stats: COMPLETE
                  Reduce Output Operator
                    key expressions: _col0 (type: string)
                    sort order: +
                    Map-reduce partition columns: _col0 (type: string)
                    Statistics: Num rows: 3960 Data size: 831600 Basic stats: COMPLETE Column stats: COMPLETE
                    value expressions: _col1 (type: decimal(17,2))
        Reducer 18 
            Execution mode: vectorized
            Local Work:
              Map Reduce Local Work
            Reduce Operator Tree:
              Group By Operator
                aggregations: sum(VALUE._col0)
                keys: KEY._col0 (type: string)
                mode: mergepartial
                outputColumnNames: _col0, _col1
                Statistics: Num rows: 440 Data size: 92400 Basic stats: COMPLETE Column stats: COMPLETE
                Map Join Operator
                  condition map:
                       Inner Join 0 to 1
                       Inner Join 0 to 2
                  keys:
                    0 _col0 (type: string)
                    1 _col0 (type: string)
                    2 _col0 (type: string)
                  outputColumnNames: _col0, _col1, _col3, _col5
                  input vertices:
                    1 Reducer 23
                    2 Reducer 28
                  Statistics: Num rows: 440 Data size: 190960 Basic stats: COMPLETE Column stats: COMPLETE
                  Spark HashTable Sink Operator
                    keys:
                      0 _col0 (type: string)
                      1 _col0 (type: string)
                      2 _col0 (type: string)
                      3 _col0 (type: string)
        Reducer 7 
            Reduce Operator Tree:
              Join Operator
                condition map:
                     Inner Join 0 to 1
                keys:
                  0 _col1 (type: int)
                  1 _col0 (type: int)
                outputColumnNames: _col2, _col7
                Statistics: Num rows: 37399561 Data size: 5206337122 Basic stats: COMPLETE Column stats: COMPLETE
                Group By Operator
                  aggregations: sum(_col2)
                  keys: _col7 (type: string)
                  mode: hash
                  outputColumnNames: _col0, _col1
                  Statistics: Num rows: 33705 Data size: 7078050 Basic stats: COMPLETE Column stats: COMPLETE
                  Reduce Output Operator
                    key expressions: _col0 (type: string)
                    sort order: +
                    Map-reduce partition columns: _col0 (type: string)
                    Statistics: Num rows: 33705 Data size: 7078050 Basic stats: COMPLETE Column stats: COMPLETE
                    value expressions: _col1 (type: decimal(17,2))
        Reducer 8 
            Execution mode: vectorized
            Local Work:
              Map Reduce Local Work
            Reduce Operator Tree:
              Group By Operator
                aggregations: sum(VALUE._col0)
                keys: KEY._col0 (type: string)
                mode: mergepartial
                outputColumnNames: _col0, _col1
                Statistics: Num rows: 1605 Data size: 337050 Basic stats: COMPLETE Column stats: COMPLETE
                Spark HashTable Sink Operator
                  keys:
                    0 _col0 (type: string)
                    1 _col0 (type: string)
                    2 _col0 (type: string)
                    3 _col0 (type: string)

  Stage: Stage-9
    Spark
#### A masked pattern was here ####
      Vertices:
        Map 4 
            Map Operator Tree:
                TableScan
                  alias: date_dim
                  filterExpr: ((d_qoy = 2) and (d_year = 2000) and d_date_sk is not null) (type: boolean)
                  Statistics: Num rows: 73049 Data size: 876588 Basic stats: COMPLETE Column stats: COMPLETE
                  Filter Operator
                    predicate: ((d_qoy = 2) and (d_year = 2000) and d_date_sk is not null) (type: boolean)
                    Statistics: Num rows: 130 Data size: 1560 Basic stats: COMPLETE Column stats: COMPLETE
                    Select Operator
                      expressions: d_date_sk (type: int)
                      outputColumnNames: _col0
                      Statistics: Num rows: 130 Data size: 1560 Basic stats: COMPLETE Column stats: COMPLETE
                      Spark HashTable Sink Operator
                        keys:
                          0 _col0 (type: int)
                          1 _col0 (type: int)
            Execution mode: vectorized
            Local Work:
              Map Reduce Local Work

  Stage: Stage-1
    Spark
      Edges:
        Reducer 2 <- Map 1 (PARTITION-LEVEL SORT, 45), Map 5 (PARTITION-LEVEL SORT, 45)
        Reducer 3 <- Reducer 2 (GROUP, 2)
#### A masked pattern was here ####
      Vertices:
        Map 1 
            Map Operator Tree:
                TableScan
                  alias: store_sales
                  filterExpr: (ss_sold_date_sk is not null and ss_addr_sk is not null) (type: boolean)
                  Statistics: Num rows: 575995635 Data size: 66009205624 Basic stats: COMPLETE Column stats: COMPLETE
                  Filter Operator
                    predicate: (ss_addr_sk is not null and ss_sold_date_sk is not null) (type: boolean)
                    Statistics: Num rows: 525327191 Data size: 60202592680 Basic stats: COMPLETE Column stats: COMPLETE
                    Select Operator
                      expressions: ss_sold_date_sk (type: int), ss_addr_sk (type: int), ss_ext_sales_price (type: decimal(7,2))
                      outputColumnNames: _col0, _col1, _col2
                      Statistics: Num rows: 525327191 Data size: 60202592680 Basic stats: COMPLETE Column stats: COMPLETE
                      Map Join Operator
                        condition map:
                             Inner Join 0 to 1
                        keys:
                          0 _col0 (type: int)
                          1 _col0 (type: int)
                        outputColumnNames: _col1, _col2
                        input vertices:
                          1 Map 4
                        Statistics: Num rows: 37399561 Data size: 1596235092 Basic stats: COMPLETE Column stats: COMPLETE
                        Reduce Output Operator
                          key expressions: _col1 (type: int)
                          sort order: +
                          Map-reduce partition columns: _col1 (type: int)
                          Statistics: Num rows: 37399561 Data size: 1596235092 Basic stats: COMPLETE Column stats: COMPLETE
                          value expressions: _col2 (type: decimal(7,2))
            Execution mode: vectorized
            Local Work:
              Map Reduce Local Work
        Map 5 
            Map Operator Tree:
                TableScan
                  alias: customer_address
                  filterExpr: (ca_address_sk is not null and ca_county is not null) (type: boolean)
                  Statistics: Num rows: 40000000 Data size: 4080000000 Basic stats: COMPLETE Column stats: COMPLETE
                  Filter Operator
                    predicate: (ca_address_sk is not null and ca_county is not null) (type: boolean)
                    Statistics: Num rows: 40000000 Data size: 4080000000 Basic stats: COMPLETE Column stats: COMPLETE
                    Select Operator
                      expressions: ca_address_sk (type: int), ca_county (type: string)
                      outputColumnNames: _col0, _col1
                      Statistics: Num rows: 40000000 Data size: 4080000000 Basic stats: COMPLETE Column stats: COMPLETE
                      Reduce Output Operator
                        key expressions: _col0 (type: int)
                        sort order: +
                        Map-reduce partition columns: _col0 (type: int)
                        Statistics: Num rows: 40000000 Data size: 4080000000 Basic stats: COMPLETE Column stats: COMPLETE
                        value expressions: _col1 (type: string)
            Execution mode: vectorized
        Reducer 2 
            Reduce Operator Tree:
              Join Operator
                condition map:
                     Inner Join 0 to 1
                keys:
                  0 _col1 (type: int)
                  1 _col0 (type: int)
                outputColumnNames: _col2, _col7
                Statistics: Num rows: 37399561 Data size: 5206337122 Basic stats: COMPLETE Column stats: COMPLETE
                Group By Operator
                  aggregations: sum(_col2)
                  keys: _col7 (type: string)
                  mode: hash
                  outputColumnNames: _col0, _col1
                  Statistics: Num rows: 33705 Data size: 7078050 Basic stats: COMPLETE Column stats: COMPLETE
                  Reduce Output Operator
                    key expressions: _col0 (type: string)
                    sort order: +
                    Map-reduce partition columns: _col0 (type: string)
                    Statistics: Num rows: 33705 Data size: 7078050 Basic stats: COMPLETE Column stats: COMPLETE
                    value expressions: _col1 (type: decimal(17,2))
        Reducer 3 
            Execution mode: vectorized
            Local Work:
              Map Reduce Local Work
            Reduce Operator Tree:
              Group By Operator
                aggregations: sum(VALUE._col0)
                keys: KEY._col0 (type: string)
                mode: mergepartial
                outputColumnNames: _col0, _col1
                Statistics: Num rows: 1605 Data size: 337050 Basic stats: COMPLETE Column stats: COMPLETE
                Map Join Operator
                  condition map:
                       Inner Join 0 to 1
                       Inner Join 0 to 2
                       Inner Join 0 to 3
                  keys:
                    0 _col0 (type: string)
                    1 _col0 (type: string)
                    2 _col0 (type: string)
                    3 _col0 (type: string)
                  outputColumnNames: _col0, _col1, _col3, _col5, _col7, _col9, _col11
                  input vertices:
                    1 Reducer 8
                    2 Reducer 13
                    3 Reducer 18
                  Statistics: Num rows: 440 Data size: 338800 Basic stats: COMPLETE Column stats: COMPLETE
                  Filter Operator
                    predicate: (CASE WHEN ((_col1 > 0)) THEN (CASE WHEN ((_col9 > 0)) THEN (((_col11 / _col9) > (_col5 / _col1))) ELSE ((null > (_col5 / _col1))) END) ELSE (CASE WHEN ((_col9 > 0)) THEN (((_col11 / _col9) > null)) ELSE (null) END) END and CASE WHEN ((_col3 > 0)) THEN (CASE WHEN ((_col7 > 0)) THEN (((_col9 / _col7) > (_col1 / _col3))) ELSE ((null > (_col1 / _col3))) END) ELSE (CASE WHEN ((_col7 > 0)) THEN (((_col9 / _col7) > null)) ELSE (null) END) END) (type: boolean)
                    Statistics: Num rows: 110 Data size: 84700 Basic stats: COMPLETE Column stats: COMPLETE
                    Select Operator
                      expressions: _col0 (type: string), 2000 (type: int), (_col9 / _col7) (type: decimal(37,20)), (_col1 / _col3) (type: decimal(37,20)), (_col11 / _col9) (type: decimal(37,20)), (_col5 / _col1) (type: decimal(37,20))
                      outputColumnNames: _col0, _col1, _col2, _col3, _col4, _col5
                      Statistics: Num rows: 110 Data size: 60500 Basic stats: COMPLETE Column stats: COMPLETE
                      File Output Operator
                        compressed: false
                        Statistics: Num rows: 110 Data size: 60500 Basic stats: COMPLETE Column stats: COMPLETE
                        table:
                            input format: org.apache.hadoop.mapred.SequenceFileInputFormat
                            output format: org.apache.hadoop.hive.ql.io.HiveSequenceFileOutputFormat
                            serde: org.apache.hadoop.hive.serde2.lazy.LazySimpleSerDe

  Stage: Stage-4
    Spark
#### A masked pattern was here ####
      Vertices:
        Map 14 
            Map Operator Tree:
                TableScan
                  alias: date_dim
                  filterExpr: ((d_qoy = 3) and (d_year = 2000) and d_date_sk is not null) (type: boolean)
                  Statistics: Num rows: 73049 Data size: 876588 Basic stats: COMPLETE Column stats: COMPLETE
                  Filter Operator
                    predicate: ((d_qoy = 3) and (d_year = 2000) and d_date_sk is not null) (type: boolean)
                    Statistics: Num rows: 130 Data size: 1560 Basic stats: COMPLETE Column stats: COMPLETE
                    Select Operator
                      expressions: d_date_sk (type: int)
                      outputColumnNames: _col0
                      Statistics: Num rows: 130 Data size: 1560 Basic stats: COMPLETE Column stats: COMPLETE
                      Spark HashTable Sink Operator
                        keys:
                          0 _col0 (type: int)
                          1 _col0 (type: int)
            Execution mode: vectorized
            Local Work:
              Map Reduce Local Work

  Stage: Stage-6
    Spark
#### A masked pattern was here ####
      Vertices:
        Map 24 
            Map Operator Tree:
                TableScan
                  alias: date_dim
                  filterExpr: ((d_qoy = 2) and (d_year = 2000) and d_date_sk is not null) (type: boolean)
                  Statistics: Num rows: 73049 Data size: 876588 Basic stats: COMPLETE Column stats: COMPLETE
                  Filter Operator
                    predicate: ((d_qoy = 2) and (d_year = 2000) and d_date_sk is not null) (type: boolean)
                    Statistics: Num rows: 130 Data size: 1560 Basic stats: COMPLETE Column stats: COMPLETE
                    Select Operator
                      expressions: d_date_sk (type: int)
                      outputColumnNames: _col0
                      Statistics: Num rows: 130 Data size: 1560 Basic stats: COMPLETE Column stats: COMPLETE
                      Spark HashTable Sink Operator
                        keys:
                          0 _col0 (type: int)
                          1 _col0 (type: int)
            Execution mode: vectorized
            Local Work:
              Map Reduce Local Work

  Stage: Stage-5
    Spark
      Edges:
        Reducer 22 <- Map 21 (PARTITION-LEVEL SORT, 42), Map 25 (PARTITION-LEVEL SORT, 42)
        Reducer 23 <- Reducer 22 (GROUP, 2)
        Reducer 27 <- Map 26 (PARTITION-LEVEL SORT, 42), Map 30 (PARTITION-LEVEL SORT, 42)
        Reducer 28 <- Reducer 27 (GROUP, 2)
#### A masked pattern was here ####
      Vertices:
        Map 21 
            Map Operator Tree:
                TableScan
                  alias: web_sales
                  filterExpr: (ws_sold_date_sk is not null and ws_bill_addr_sk is not null) (type: boolean)
                  Statistics: Num rows: 144002668 Data size: 17276008716 Basic stats: COMPLETE Column stats: COMPLETE
                  Filter Operator
                    predicate: (ws_bill_addr_sk is not null and ws_sold_date_sk is not null) (type: boolean)
                    Statistics: Num rows: 143931246 Data size: 17267440236 Basic stats: COMPLETE Column stats: COMPLETE
                    Select Operator
                      expressions: ws_sold_date_sk (type: int), ws_bill_addr_sk (type: int), ws_ext_sales_price (type: decimal(7,2))
                      outputColumnNames: _col0, _col1, _col2
                      Statistics: Num rows: 143931246 Data size: 17267440236 Basic stats: COMPLETE Column stats: COMPLETE
                      Map Join Operator
                        condition map:
                             Inner Join 0 to 1
                        keys:
                          0 _col0 (type: int)
                          1 _col0 (type: int)
                        outputColumnNames: _col1, _col2
                        input vertices:
                          1 Map 24
                        Statistics: Num rows: 10246882 Data size: 1184472168 Basic stats: COMPLETE Column stats: COMPLETE
                        Reduce Output Operator
                          key expressions: _col1 (type: int)
                          sort order: +
                          Map-reduce partition columns: _col1 (type: int)
                          Statistics: Num rows: 10246882 Data size: 1184472168 Basic stats: COMPLETE Column stats: COMPLETE
                          value expressions: _col2 (type: decimal(7,2))
            Execution mode: vectorized
            Local Work:
              Map Reduce Local Work
        Map 25 
            Map Operator Tree:
                TableScan
                  alias: customer_address
                  filterExpr: (ca_address_sk is not null and ca_county is not null) (type: boolean)
                  Statistics: Num rows: 40000000 Data size: 4080000000 Basic stats: COMPLETE Column stats: COMPLETE
                  Filter Operator
                    predicate: (ca_address_sk is not null and ca_county is not null) (type: boolean)
                    Statistics: Num rows: 40000000 Data size: 4080000000 Basic stats: COMPLETE Column stats: COMPLETE
                    Select Operator
                      expressions: ca_address_sk (type: int), ca_county (type: string)
                      outputColumnNames: _col0, _col1
                      Statistics: Num rows: 40000000 Data size: 4080000000 Basic stats: COMPLETE Column stats: COMPLETE
                      Reduce Output Operator
                        key expressions: _col0 (type: int)
                        sort order: +
                        Map-reduce partition columns: _col0 (type: int)
                        Statistics: Num rows: 40000000 Data size: 4080000000 Basic stats: COMPLETE Column stats: COMPLETE
                        value expressions: _col1 (type: string)
            Execution mode: vectorized
        Map 26 
            Map Operator Tree:
                TableScan
                  alias: web_sales
                  filterExpr: (ws_sold_date_sk is not null and ws_bill_addr_sk is not null) (type: boolean)
                  Statistics: Num rows: 144002668 Data size: 17276008716 Basic stats: COMPLETE Column stats: COMPLETE
                  Filter Operator
                    predicate: (ws_bill_addr_sk is not null and ws_sold_date_sk is not null) (type: boolean)
                    Statistics: Num rows: 143931246 Data size: 17267440236 Basic stats: COMPLETE Column stats: COMPLETE
                    Select Operator
                      expressions: ws_sold_date_sk (type: int), ws_bill_addr_sk (type: int), ws_ext_sales_price (type: decimal(7,2))
                      outputColumnNames: _col0, _col1, _col2
                      Statistics: Num rows: 143931246 Data size: 17267440236 Basic stats: COMPLETE Column stats: COMPLETE
                      Map Join Operator
                        condition map:
                             Inner Join 0 to 1
                        keys:
                          0 _col0 (type: int)
                          1 _col0 (type: int)
                        outputColumnNames: _col1, _col2
                        input vertices:
                          1 Map 29
                        Statistics: Num rows: 10246882 Data size: 1184472168 Basic stats: COMPLETE Column stats: COMPLETE
                        Reduce Output Operator
                          key expressions: _col1 (type: int)
                          sort order: +
                          Map-reduce partition columns: _col1 (type: int)
                          Statistics: Num rows: 10246882 Data size: 1184472168 Basic stats: COMPLETE Column stats: COMPLETE
                          value expressions: _col2 (type: decimal(7,2))
            Execution mode: vectorized
            Local Work:
              Map Reduce Local Work
        Map 30 
            Map Operator Tree:
                TableScan
                  alias: customer_address
                  filterExpr: (ca_address_sk is not null and ca_county is not null) (type: boolean)
                  Statistics: Num rows: 40000000 Data size: 4080000000 Basic stats: COMPLETE Column stats: COMPLETE
                  Filter Operator
                    predicate: (ca_address_sk is not null and ca_county is not null) (type: boolean)
                    Statistics: Num rows: 40000000 Data size: 4080000000 Basic stats: COMPLETE Column stats: COMPLETE
                    Select Operator
                      expressions: ca_address_sk (type: int), ca_county (type: string)
                      outputColumnNames: _col0, _col1
                      Statistics: Num rows: 40000000 Data size: 4080000000 Basic stats: COMPLETE Column stats: COMPLETE
                      Reduce Output Operator
                        key expressions: _col0 (type: int)
                        sort order: +
                        Map-reduce partition columns: _col0 (type: int)
                        Statistics: Num rows: 40000000 Data size: 4080000000 Basic stats: COMPLETE Column stats: COMPLETE
                        value expressions: _col1 (type: string)
            Execution mode: vectorized
        Reducer 22 
            Reduce Operator Tree:
              Join Operator
                condition map:
                     Inner Join 0 to 1
                keys:
                  0 _col1 (type: int)
                  1 _col0 (type: int)
                outputColumnNames: _col2, _col7
                Statistics: Num rows: 10246882 Data size: 2147821508 Basic stats: COMPLETE Column stats: COMPLETE
                Group By Operator
                  aggregations: sum(_col2)
                  keys: _col7 (type: string)
                  mode: hash
                  outputColumnNames: _col0, _col1
                  Statistics: Num rows: 3960 Data size: 831600 Basic stats: COMPLETE Column stats: COMPLETE
                  Reduce Output Operator
                    key expressions: _col0 (type: string)
                    sort order: +
                    Map-reduce partition columns: _col0 (type: string)
                    Statistics: Num rows: 3960 Data size: 831600 Basic stats: COMPLETE Column stats: COMPLETE
                    value expressions: _col1 (type: decimal(17,2))
        Reducer 23 
            Execution mode: vectorized
            Local Work:
              Map Reduce Local Work
            Reduce Operator Tree:
              Group By Operator
                aggregations: sum(VALUE._col0)
                keys: KEY._col0 (type: string)
                mode: mergepartial
                outputColumnNames: _col0, _col1
                Statistics: Num rows: 440 Data size: 92400 Basic stats: COMPLETE Column stats: COMPLETE
                Spark HashTable Sink Operator
                  keys:
                    0 _col0 (type: string)
                    1 _col0 (type: string)
                    2 _col0 (type: string)
        Reducer 27 
            Reduce Operator Tree:
              Join Operator
                condition map:
                     Inner Join 0 to 1
                keys:
                  0 _col1 (type: int)
                  1 _col0 (type: int)
                outputColumnNames: _col2, _col7
                Statistics: Num rows: 10246882 Data size: 2147821508 Basic stats: COMPLETE Column stats: COMPLETE
                Group By Operator
                  aggregations: sum(_col2)
                  keys: _col7 (type: string)
                  mode: hash
                  outputColumnNames: _col0, _col1
                  Statistics: Num rows: 3960 Data size: 831600 Basic stats: COMPLETE Column stats: COMPLETE
                  Reduce Output Operator
                    key expressions: _col0 (type: string)
                    sort order: +
                    Map-reduce partition columns: _col0 (type: string)
                    Statistics: Num rows: 3960 Data size: 831600 Basic stats: COMPLETE Column stats: COMPLETE
                    value expressions: _col1 (type: decimal(17,2))
        Reducer 28 
            Execution mode: vectorized
            Local Work:
              Map Reduce Local Work
            Reduce Operator Tree:
              Group By Operator
                aggregations: sum(VALUE._col0)
                keys: KEY._col0 (type: string)
                mode: mergepartial
                outputColumnNames: _col0, _col1
                Statistics: Num rows: 440 Data size: 92400 Basic stats: COMPLETE Column stats: COMPLETE
                Spark HashTable Sink Operator
                  keys:
                    0 _col0 (type: string)
                    1 _col0 (type: string)
                    2 _col0 (type: string)

  Stage: Stage-7
    Spark
#### A masked pattern was here ####
      Vertices:
        Map 29 
            Map Operator Tree:
                TableScan
                  alias: date_dim
                  filterExpr: ((d_qoy = 3) and (d_year = 2000) and d_date_sk is not null) (type: boolean)
                  Statistics: Num rows: 73049 Data size: 876588 Basic stats: COMPLETE Column stats: COMPLETE
                  Filter Operator
                    predicate: ((d_qoy = 3) and (d_year = 2000) and d_date_sk is not null) (type: boolean)
                    Statistics: Num rows: 130 Data size: 1560 Basic stats: COMPLETE Column stats: COMPLETE
                    Select Operator
                      expressions: d_date_sk (type: int)
                      outputColumnNames: _col0
                      Statistics: Num rows: 130 Data size: 1560 Basic stats: COMPLETE Column stats: COMPLETE
                      Spark HashTable Sink Operator
                        keys:
                          0 _col0 (type: int)
                          1 _col0 (type: int)
            Execution mode: vectorized
            Local Work:
              Map Reduce Local Work

  Stage: Stage-8
    Spark
#### A masked pattern was here ####
      Vertices:
        Map 19 
            Map Operator Tree:
                TableScan
                  alias: date_dim
                  filterExpr: ((d_qoy = 1) and (d_year = 2000) and d_date_sk is not null) (type: boolean)
                  Statistics: Num rows: 73049 Data size: 876588 Basic stats: COMPLETE Column stats: COMPLETE
                  Filter Operator
                    predicate: ((d_qoy = 1) and (d_year = 2000) and d_date_sk is not null) (type: boolean)
                    Statistics: Num rows: 130 Data size: 1560 Basic stats: COMPLETE Column stats: COMPLETE
                    Select Operator
                      expressions: d_date_sk (type: int)
                      outputColumnNames: _col0
                      Statistics: Num rows: 130 Data size: 1560 Basic stats: COMPLETE Column stats: COMPLETE
                      Spark HashTable Sink Operator
                        keys:
                          0 _col0 (type: int)
                          1 _col0 (type: int)
            Execution mode: vectorized
            Local Work:
              Map Reduce Local Work

  Stage: Stage-0
    Fetch Operator
      limit: -1
      Processor Tree:
        ListSink

