PREHOOK: query: -- MATH AND STRING functions

explain
SELECT `__time`
FROM druid_table_alltypesorc
WHERE (`__time` BETWEEN '1968-01-01 00:00:00' AND '1970-01-01 00:00:00')
    OR (`__time` BETWEEN '1968-02-01 00:00:00' AND '1970-04-01 00:00:00') ORDER BY `__time` ASC LIMIT 10
PREHOOK: type: QUERY
PREHOOK: Input: default@druid_table_alltypesorc
PREHOOK: Output: hdfs://### HDFS PATH ###
POSTHOOK: query: -- MATH AND STRING functions

explain
SELECT `__time`
FROM druid_table_alltypesorc
WHERE (`__time` BETWEEN '1968-01-01 00:00:00' AND '1970-01-01 00:00:00')
    OR (`__time` BETWEEN '1968-02-01 00:00:00' AND '1970-04-01 00:00:00') ORDER BY `__time` ASC LIMIT 10
POSTHOOK: type: QUERY
POSTHOOK: Input: default@druid_table_alltypesorc
POSTHOOK: Output: hdfs://### HDFS PATH ###
STAGE DEPENDENCIES:
  Stage-1 is a root stage
  Stage-0 depends on stages: Stage-1

STAGE PLANS:
  Stage: Stage-1
    Tez
#### A masked pattern was here ####
      Edges:
        Reducer 2 <- Map 1 (SIMPLE_EDGE)
#### A masked pattern was here ####
      Vertices:
        Map 1 
            Map Operator Tree:
                TableScan
                  alias: druid_table_alltypesorc
                  properties:
                    druid.fieldNames vc
                    druid.fieldTypes timestamp with local time zone
                    druid.query.json {"queryType":"scan","dataSource":"default.druid_table_alltypesorc","intervals":["1968-01-01T08:00:00.000Z/1970-04-01T08:00:00.001Z"],"virtualColumns":[{"type":"expression","name":"vc","expression":"\"__time\"","outputType":"LONG"}],"columns":["vc"],"resultFormat":"compactedList"}
                    druid.query.type scan
                  Statistics: Num rows: 9173 Data size: 348640 Basic stats: COMPLETE Column stats: NONE
                  Select Operator
                    expressions: vc (type: timestamp with local time zone)
                    outputColumnNames: _col0
                    Statistics: Num rows: 9173 Data size: 348640 Basic stats: COMPLETE Column stats: NONE
                    Reduce Output Operator
                      key expressions: _col0 (type: timestamp with local time zone)
                      sort order: +
                      Statistics: Num rows: 9173 Data size: 348640 Basic stats: COMPLETE Column stats: NONE
                      TopN Hash Memory Usage: 0.1
            Execution mode: llap
            LLAP IO: no inputs
        Reducer 2 
            Execution mode: llap
            Reduce Operator Tree:
              Select Operator
                expressions: KEY.reducesinkkey0 (type: timestamp with local time zone)
                outputColumnNames: _col0
                Statistics: Num rows: 9173 Data size: 348640 Basic stats: COMPLETE Column stats: NONE
                Limit
                  Number of rows: 10
                  Statistics: Num rows: 10 Data size: 380 Basic stats: COMPLETE Column stats: NONE
                  File Output Operator
                    compressed: false
                    Statistics: Num rows: 10 Data size: 380 Basic stats: COMPLETE Column stats: NONE
                    table:
                        input format: org.apache.hadoop.mapred.SequenceFileInputFormat
                        output format: org.apache.hadoop.hive.ql.io.HiveSequenceFileOutputFormat
                        serde: org.apache.hadoop.hive.serde2.lazy.LazySimpleSerDe

  Stage: Stage-0
    Fetch Operator
      limit: 10
      Processor Tree:
        ListSink

PREHOOK: query: SELECT `__time`
FROM druid_table_alltypesorc
WHERE (`__time` BETWEEN '1968-01-01 00:00:00' AND '1970-01-01 00:00:00')
    OR (`__time` BETWEEN '1968-02-01 00:00:00' AND '1970-04-01 00:00:00') ORDER BY `__time` ASC LIMIT 10
PREHOOK: type: QUERY
PREHOOK: Input: default@druid_table_alltypesorc
PREHOOK: Output: hdfs://### HDFS PATH ###
POSTHOOK: query: SELECT `__time`
FROM druid_table_alltypesorc
WHERE (`__time` BETWEEN '1968-01-01 00:00:00' AND '1970-01-01 00:00:00')
    OR (`__time` BETWEEN '1968-02-01 00:00:00' AND '1970-04-01 00:00:00') ORDER BY `__time` ASC LIMIT 10
POSTHOOK: type: QUERY
POSTHOOK: Input: default@druid_table_alltypesorc
POSTHOOK: Output: hdfs://### HDFS PATH ###
1969-12-31 15:59:00.0 US/Pacific
1969-12-31 15:59:00.0 US/Pacific
1969-12-31 15:59:00.0 US/Pacific
1969-12-31 15:59:00.0 US/Pacific
1969-12-31 15:59:00.0 US/Pacific
1969-12-31 15:59:00.0 US/Pacific
1969-12-31 15:59:00.0 US/Pacific
1969-12-31 15:59:00.0 US/Pacific
1969-12-31 15:59:00.0 US/Pacific
1969-12-31 15:59:00.0 US/Pacific
PREHOOK: query: explain
SELECT `__time`
FROM druid_table_alltypesorc
WHERE ('1968-01-01 00:00:00' <= `__time` AND `__time` <= '1970-01-01 00:00:00')
    OR ('1968-02-01 00:00:00' <= `__time` AND `__time` <= '1970-04-01 00:00:00') ORDER BY `__time` ASC LIMIT 10
PREHOOK: type: QUERY
PREHOOK: Input: default@druid_table_alltypesorc
PREHOOK: Output: hdfs://### HDFS PATH ###
POSTHOOK: query: explain
SELECT `__time`
FROM druid_table_alltypesorc
WHERE ('1968-01-01 00:00:00' <= `__time` AND `__time` <= '1970-01-01 00:00:00')
    OR ('1968-02-01 00:00:00' <= `__time` AND `__time` <= '1970-04-01 00:00:00') ORDER BY `__time` ASC LIMIT 10
POSTHOOK: type: QUERY
POSTHOOK: Input: default@druid_table_alltypesorc
POSTHOOK: Output: hdfs://### HDFS PATH ###
STAGE DEPENDENCIES:
  Stage-1 is a root stage
  Stage-0 depends on stages: Stage-1

STAGE PLANS:
  Stage: Stage-1
    Tez
#### A masked pattern was here ####
      Edges:
        Reducer 2 <- Map 1 (SIMPLE_EDGE)
#### A masked pattern was here ####
      Vertices:
        Map 1 
            Map Operator Tree:
                TableScan
                  alias: druid_table_alltypesorc
                  properties:
                    druid.fieldNames vc
                    druid.fieldTypes timestamp with local time zone
                    druid.query.json {"queryType":"scan","dataSource":"default.druid_table_alltypesorc","intervals":["1968-01-01T08:00:00.000Z/1970-04-01T08:00:00.001Z"],"virtualColumns":[{"type":"expression","name":"vc","expression":"\"__time\"","outputType":"LONG"}],"columns":["vc"],"resultFormat":"compactedList"}
                    druid.query.type scan
                  Statistics: Num rows: 9173 Data size: 348640 Basic stats: COMPLETE Column stats: NONE
                  Select Operator
                    expressions: vc (type: timestamp with local time zone)
                    outputColumnNames: _col0
                    Statistics: Num rows: 9173 Data size: 348640 Basic stats: COMPLETE Column stats: NONE
                    Reduce Output Operator
                      key expressions: _col0 (type: timestamp with local time zone)
                      sort order: +
                      Statistics: Num rows: 9173 Data size: 348640 Basic stats: COMPLETE Column stats: NONE
                      TopN Hash Memory Usage: 0.1
            Execution mode: llap
            LLAP IO: no inputs
        Reducer 2 
            Execution mode: llap
            Reduce Operator Tree:
              Select Operator
                expressions: KEY.reducesinkkey0 (type: timestamp with local time zone)
                outputColumnNames: _col0
                Statistics: Num rows: 9173 Data size: 348640 Basic stats: COMPLETE Column stats: NONE
                Limit
                  Number of rows: 10
                  Statistics: Num rows: 10 Data size: 380 Basic stats: COMPLETE Column stats: NONE
                  File Output Operator
                    compressed: false
                    Statistics: Num rows: 10 Data size: 380 Basic stats: COMPLETE Column stats: NONE
                    table:
                        input format: org.apache.hadoop.mapred.SequenceFileInputFormat
                        output format: org.apache.hadoop.hive.ql.io.HiveSequenceFileOutputFormat
                        serde: org.apache.hadoop.hive.serde2.lazy.LazySimpleSerDe

  Stage: Stage-0
    Fetch Operator
      limit: 10
      Processor Tree:
        ListSink

PREHOOK: query: SELECT `__time`
FROM druid_table_alltypesorc
WHERE ('1968-01-01 00:00:00' <= `__time` AND `__time` <= '1970-01-01 00:00:00')
    OR ('1968-02-01 00:00:00' <= `__time` AND `__time` <= '1970-04-01 00:00:00') ORDER BY `__time` ASC LIMIT 10
PREHOOK: type: QUERY
PREHOOK: Input: default@druid_table_alltypesorc
PREHOOK: Output: hdfs://### HDFS PATH ###
POSTHOOK: query: SELECT `__time`
FROM druid_table_alltypesorc
WHERE ('1968-01-01 00:00:00' <= `__time` AND `__time` <= '1970-01-01 00:00:00')
    OR ('1968-02-01 00:00:00' <= `__time` AND `__time` <= '1970-04-01 00:00:00') ORDER BY `__time` ASC LIMIT 10
POSTHOOK: type: QUERY
POSTHOOK: Input: default@druid_table_alltypesorc
POSTHOOK: Output: hdfs://### HDFS PATH ###
1969-12-31 15:59:00.0 US/Pacific
1969-12-31 15:59:00.0 US/Pacific
1969-12-31 15:59:00.0 US/Pacific
1969-12-31 15:59:00.0 US/Pacific
1969-12-31 15:59:00.0 US/Pacific
1969-12-31 15:59:00.0 US/Pacific
1969-12-31 15:59:00.0 US/Pacific
1969-12-31 15:59:00.0 US/Pacific
1969-12-31 15:59:00.0 US/Pacific
1969-12-31 15:59:00.0 US/Pacific
